🚀 V15: CatBoost Deep Tuning (Hyperparams + Decay)

🚀 Optuna 튜닝 시작 (50 Trials)...
[I 2026-03-10 22:21:50,685] A new study created in memory with name: no-name-ab0d2c96-45f8-4038-860a-69c44cbe81e7
[I 2026-03-10 22:21:59,825] Trial 0 finished with value: 0.17132075896542392 and parameters: {'decay': 0.5845954076573335, 'noise_scale': 0.033318040640400184, 'iterations': 1541, 'learning_rate': 0.008688536943008357, 'depth': 5, 'l2_leaf_reg': 10.929259533779485, 'subsample': 0.8904515759114672, 'colsample_bylevel': 0.6021791613110469}. Best is trial 0 with value: 0.17132075896542392.
[I 2026-03-10 22:22:27,322] Trial 1 finished with value: 0.17549950341435622 and parameters: {'decay': 0.6545314371700767, 'noise_scale': 0.03934765270326397, 'iterations': 1847, 'learning_rate': 0.025086883169826428, 'depth': 7, 'l2_leaf_reg': 14.215829003140652, 'subsample': 0.8941996954578004, 'colsample_bylevel': 0.7756790949232348}. Best is trial 0 with value: 0.17132075896542392.
[I 2026-03-10 22:22:33,166] Trial 2 finished with value: 0.17936223037606033 and parameters: {'decay': 0.545569340287314, 'noise_scale': 0.032377892284198774, 'iterations': 1295, 'learning_rate': 0.03629626482366317, 'depth': 4, 'l2_leaf_reg': 11.014139038224338, 'subsample': 0.7825272293095085, 'colsample_bylevel': 0.6745234460228194}. Best is trial 0 with value: 0.17132075896542392.
[I 2026-03-10 22:22:39,540] Trial 3 finished with value: 0.1740367648785505 and parameters: {'decay': 0.7477777111665292, 'noise_scale': 0.027034435833548465, 'iterations': 1372, 'learning_rate': 0.026868121512481302, 'depth': 4, 'l2_leaf_reg': 14.47604447992973, 'subsample': 0.7890844426170733, 'colsample_bylevel': 0.7316985228254133}. Best is trial 0 with value: 0.17132075896542392.
[I 2026-03-10 22:23:10,519] Trial 4 finished with value: 0.17435982929706037 and parameters: {'decay': 0.5973975218755784, 'noise_scale': 0.02232721836325451, 'iterations': 1873, 'learning_rate': 0.011393725035130503, 'depth': 7, 'l2_leaf_reg': 7.35671165608697, 'subsample': 0.8786019141204027, 'colsample_bylevel': 0.6996185427151076}. Best is trial 0 with value: 0.17132075896542392.
[I 2026-03-10 22:23:15,640] Trial 5 finished with value: 0.17037145096540443 and parameters: {'decay': 0.6625993194425837, 'noise_scale': 0.0258041957227741, 'iterations': 812, 'learning_rate': 0.010573883030784001, 'depth': 5, 'l2_leaf_reg': 13.549276638421116, 'subsample': 0.776429530342505, 'colsample_bylevel': 0.7686891178758013}. Best is trial 5 with value: 0.17037145096540443.
[I 2026-03-10 22:23:38,889] Trial 6 finished with value: 0.17306626519323548 and parameters: {'decay': 0.6362786775896265, 'noise_scale': 0.041378585268867465, 'iterations': 1579, 'learning_rate': 0.010104405954364577, 'depth': 7, 'l2_leaf_reg': 4.0992428894805215, 'subsample': 0.616015032418842, 'colsample_bylevel': 0.7954541492448339}. Best is trial 5 with value: 0.17037145096540443.
[I 2026-03-10 22:23:45,427] Trial 7 finished with value: 0.17292410449552584 and parameters: {'decay': 0.7482721695014873, 'noise_scale': 0.028491797600357614, 'iterations': 1074, 'learning_rate': 0.02105692399241398, 'depth': 5, 'l2_leaf_reg': 3.142491896106048, 'subsample': 0.6838153233558238, 'colsample_bylevel': 0.7714692767669171}. Best is trial 5 with value: 0.17037145096540443.
[I 2026-03-10 22:23:51,216] Trial 8 finished with value: 0.17585383294214577 and parameters: {'decay': 0.6340008249800206, 'noise_scale': 0.018204870443213787, 'iterations': 1285, 'learning_rate': 0.024685376966074535, 'depth': 4, 'l2_leaf_reg': 14.258751875151022, 'subsample': 0.7585445715274263, 'colsample_bylevel': 0.7199806777237546}. Best is trial 5 with value: 0.17037145096540443.
[I 2026-03-10 22:24:01,184] Trial 9 finished with value: 0.1732352468688465 and parameters: {'decay': 0.6493353653568638, 'noise_scale': 0.017659819419833515, 'iterations': 1627, 'learning_rate': 0.012207914179393388, 'depth': 5, 'l2_leaf_reg': 5.963885769998418, 'subsample': 0.6653803529699729, 'colsample_bylevel': 0.753446592188414}. Best is trial 5 with value: 0.17037145096540443.
[I 2026-03-10 22:24:08,981] Trial 10 finished with value: 0.1734443060618242 and parameters: {'decay': 0.4512073423509302, 'noise_scale': 0.023470415649245596, 'iterations': 841, 'learning_rate': 0.01497329846926487, 'depth': 6, 'l2_leaf_reg': 10.669429504853536, 'subsample': 0.8245169995746813, 'colsample_bylevel': 0.8871445975008632}. Best is trial 5 with value: 0.17037145096540443.
[I 2026-03-10 22:24:14,396] Trial 11 finished with value: 0.171320971246877 and parameters: {'decay': 0.5583179526846733, 'noise_scale': 0.03443409998769427, 'iterations': 890, 'learning_rate': 0.008380401348664844, 'depth': 5, 'l2_leaf_reg': 10.930505087587266, 'subsample': 0.8401861553459388, 'colsample_bylevel': 0.6084587787972727}. Best is trial 5 with value: 0.17037145096540443.
[I 2026-03-10 22:24:28,849] Trial 12 finished with value: 0.17067165074221702 and parameters: {'decay': 0.6929281442690235, 'noise_scale': 0.03482341105549422, 'iterations': 1575, 'learning_rate': 0.008110848785517247, 'depth': 6, 'l2_leaf_reg': 12.003949114890528, 'subsample': 0.7152708800353578, 'colsample_bylevel': 0.8401955597680002}. Best is trial 5 with value: 0.17037145096540443.
[I 2026-03-10 22:24:38,466] Trial 13 finished with value: 0.17151912695374222 and parameters: {'decay': 0.6985084209041074, 'noise_scale': 0.03824296231588017, 'iterations': 1044, 'learning_rate': 0.014930679377856802, 'depth': 6, 'l2_leaf_reg': 12.797099967367467, 'subsample': 0.7164722153194757, 'colsample_bylevel': 0.8376094594759964}. Best is trial 5 with value: 0.17037145096540443.
[I 2026-03-10 22:24:54,276] Trial 14 finished with value: 0.17199388851320765 and parameters: {'decay': 0.6979603986790018, 'noise_scale': 0.043869469781258524, 'iterations': 1702, 'learning_rate': 0.008273905876702087, 'depth': 6, 'l2_leaf_reg': 8.900722561798363, 'subsample': 0.7240058797660041, 'colsample_bylevel': 0.831560722894049}. Best is trial 5 with value: 0.17037145096540443.
[I 2026-03-10 22:25:04,772] Trial 15 finished with value: 0.1726061523211051 and parameters: {'decay': 0.6943220643366678, 'noise_scale': 0.024841896856837832, 'iterations': 1145, 'learning_rate': 0.014538597190394829, 'depth': 6, 'l2_leaf_reg': 12.119856839699462, 'subsample': 0.6552506543939581, 'colsample_bylevel': 0.8928770179563087}. Best is trial 5 with value: 0.17037145096540443.
[I 2026-03-10 22:25:22,900] Trial 16 finished with value: 0.1737947087345699 and parameters: {'decay': 0.6790732172113172, 'noise_scale': 0.03606902325194201, 'iterations': 1971, 'learning_rate': 0.010539673904521409, 'depth': 6, 'l2_leaf_reg': 8.501334282476948, 'subsample': 0.7256191413897396, 'colsample_bylevel': 0.8290718202485319}. Best is trial 5 with value: 0.17037145096540443.
[I 2026-03-10 22:25:32,059] Trial 17 finished with value: 0.17202426772875962 and parameters: {'decay': 0.7236882587180568, 'noise_scale': 0.029637608799533158, 'iterations': 1469, 'learning_rate': 0.013243664237452102, 'depth': 5, 'l2_leaf_reg': 12.730779470303776, 'subsample': 0.8226116553874101, 'colsample_bylevel': 0.8577773481589626}. Best is trial 5 with value: 0.17037145096540443.
[I 2026-03-10 22:25:42,587] Trial 18 finished with value: 0.17644936785455645 and parameters: {'decay': 0.4726048235424104, 'noise_scale': 0.015142973349720302, 'iterations': 1695, 'learning_rate': 0.017755438986348297, 'depth': 5, 'l2_leaf_reg': 9.560402916682257, 'subsample': 0.7622551712030351, 'colsample_bylevel': 0.7982788582448862}. Best is trial 5 with value: 0.17037145096540443.
[I 2026-03-10 22:25:53,637] Trial 19 finished with value: 0.17435837281851244 and parameters: {'decay': 0.5170738048108213, 'noise_scale': 0.03175705649839343, 'iterations': 1232, 'learning_rate': 0.009643150662062356, 'depth': 6, 'l2_leaf_reg': 14.99616650184691, 'subsample': 0.6144617682884812, 'colsample_bylevel': 0.6511872968439789}. Best is trial 5 with value: 0.17037145096540443.
[I 2026-03-10 22:26:08,326] Trial 20 finished with value: 0.1732739948041404 and parameters: {'decay': 0.6146770769466301, 'noise_scale': 0.021132521392852464, 'iterations': 960, 'learning_rate': 0.01828366762418078, 'depth': 7, 'l2_leaf_reg': 6.937452814043381, 'subsample': 0.6964123799227949, 'colsample_bylevel': 0.8595410767880995}. Best is trial 5 with value: 0.17037145096540443.
[I 2026-03-10 22:26:17,291] Trial 21 finished with value: 0.17255958935893925 and parameters: {'decay': 0.5917114039042335, 'noise_scale': 0.03441026049333481, 'iterations': 1491, 'learning_rate': 0.009077306312912743, 'depth': 5, 'l2_leaf_reg': 12.50170171961284, 'subsample': 0.863961597577645, 'colsample_bylevel': 0.6004659340969918}. Best is trial 5 with value: 0.17037145096540443.
[I 2026-03-10 22:26:26,635] Trial 22 finished with value: 0.17279281268837512 and parameters: {'decay': 0.5746791916656117, 'noise_scale': 0.026576319732143465, 'iterations': 1532, 'learning_rate': 0.008275778390702994, 'depth': 5, 'l2_leaf_reg': 11.379474848326058, 'subsample': 0.8009277387809453, 'colsample_bylevel': 0.6487702595944824}. Best is trial 5 with value: 0.17037145096540443.
[I 2026-03-10 22:26:33,069] Trial 23 finished with value: 0.17204175634616378 and parameters: {'decay': 0.66488939347002, 'noise_scale': 0.031357694933471604, 'iterations': 1412, 'learning_rate': 0.011045436602490844, 'depth': 4, 'l2_leaf_reg': 13.532493993069274, 'subsample': 0.8549612316955197, 'colsample_bylevel': 0.6989710085629887}. Best is trial 5 with value: 0.17037145096540443.
[I 2026-03-10 22:26:43,834] Trial 24 finished with value: 0.1722932519041314 and parameters: {'decay': 0.6200423312081134, 'noise_scale': 0.0370338730109634, 'iterations': 1742, 'learning_rate': 0.009350653564499819, 'depth': 5, 'l2_leaf_reg': 10.195805241435728, 'subsample': 0.741621934869175, 'colsample_bylevel': 0.8106366339525778}. Best is trial 5 with value: 0.17037145096540443.
[I 2026-03-10 22:26:56,322] Trial 25 finished with value: 0.17229337862583335 and parameters: {'decay': 0.5015948042604242, 'noise_scale': 0.03412596366443908, 'iterations': 1395, 'learning_rate': 0.008052318706596616, 'depth': 6, 'l2_leaf_reg': 11.743428604514735, 'subsample': 0.6456019295742127, 'colsample_bylevel': 0.7624392081906859}. Best is trial 5 with value: 0.17037145096540443.
[I 2026-03-10 22:27:06,204] Trial 26 finished with value: 0.17146537919195448 and parameters: {'decay': 0.7170472813336252, 'noise_scale': 0.04057842119959607, 'iterations': 1618, 'learning_rate': 0.009539363588586293, 'depth': 5, 'l2_leaf_reg': 13.502779092095889, 'subsample': 0.6909941354381749, 'colsample_bylevel': 0.7301278023738167}. Best is trial 5 with value: 0.17037145096540443.
[I 2026-03-10 22:27:14,179] Trial 27 finished with value: 0.17272399078963202 and parameters: {'decay': 0.6740134787685589, 'noise_scale': 0.02759977512710853, 'iterations': 1806, 'learning_rate': 0.011971250794500494, 'depth': 4, 'l2_leaf_reg': 9.597398906226559, 'subsample': 0.8094514206302589, 'colsample_bylevel': 0.6300773096064648}. Best is trial 5 with value: 0.17037145096540443.
[I 2026-03-10 22:27:24,703] Trial 28 finished with value: 0.17388511717940497 and parameters: {'decay': 0.5762712680896581, 'noise_scale': 0.030507037243506015, 'iterations': 1138, 'learning_rate': 0.012929940387779056, 'depth': 6, 'l2_leaf_reg': 13.367923148350968, 'subsample': 0.7710318565391959, 'colsample_bylevel': 0.8705477291670282}. Best is trial 5 with value: 0.17037145096540443.
[I 2026-03-10 22:27:54,721] Trial 29 finished with value: 0.17300522805821525 and parameters: {'decay': 0.653508277628396, 'noise_scale': 0.024693629812977333, 'iterations': 1855, 'learning_rate': 0.010174426320697219, 'depth': 7, 'l2_leaf_reg': 9.77101833383308, 'subsample': 0.8913933472130992, 'colsample_bylevel': 0.778554326875942}. Best is trial 5 with value: 0.17037145096540443.
[I 2026-03-10 22:28:03,923] Trial 30 finished with value: 0.17282921000909846 and parameters: {'decay': 0.5306112545832457, 'noise_scale': 0.03952855672070718, 'iterations': 1514, 'learning_rate': 0.008857417946453, 'depth': 5, 'l2_leaf_reg': 11.938367445580232, 'subsample': 0.7329122289609239, 'colsample_bylevel': 0.6805240375513}. Best is trial 5 with value: 0.17037145096540443.
[I 2026-03-10 22:28:09,154] Trial 31 finished with value: 0.17194130163238563 and parameters: {'decay': 0.5577037056365869, 'noise_scale': 0.03425205790517646, 'iterations': 853, 'learning_rate': 0.008710132920876069, 'depth': 5, 'l2_leaf_reg': 10.905268302525466, 'subsample': 0.8431089149595263, 'colsample_bylevel': 0.6027900941552152}. Best is trial 5 with value: 0.17037145096540443.
[I 2026-03-10 22:28:14,848] Trial 32 finished with value: 0.17171745802544564 and parameters: {'decay': 0.5560774754790323, 'noise_scale': 0.035723672724367245, 'iterations': 924, 'learning_rate': 0.00800519448272141, 'depth': 5, 'l2_leaf_reg': 10.600200404906943, 'subsample': 0.888365378435154, 'colsample_bylevel': 0.6264830219870828}. Best is trial 5 with value: 0.17037145096540443.
[I 2026-03-10 22:28:18,937] Trial 33 finished with value: 0.17639748101011993 and parameters: {'decay': 0.5733150878371204, 'noise_scale': 0.03336784600190344, 'iterations': 910, 'learning_rate': 0.03100013298348536, 'depth': 4, 'l2_leaf_reg': 13.499790688200711, 'subsample': 0.8682822645997946, 'colsample_bylevel': 0.618825472713598}. Best is trial 5 with value: 0.17037145096540443.
[I 2026-03-10 22:28:24,034] Trial 34 finished with value: 0.1726482159486215 and parameters: {'decay': 0.612262561156509, 'noise_scale': 0.032392894792577974, 'iterations': 818, 'learning_rate': 0.010840281213619933, 'depth': 5, 'l2_leaf_reg': 7.609389810124602, 'subsample': 0.8997688087630257, 'colsample_bylevel': 0.6617356457437704}. Best is trial 5 with value: 0.17037145096540443.
[I 2026-03-10 22:28:28,557] Trial 35 finished with value: 0.17221367860879805 and parameters: {'decay': 0.5327307622926447, 'noise_scale': 0.029209814093017962, 'iterations': 992, 'learning_rate': 0.009070305939067614, 'depth': 4, 'l2_leaf_reg': 11.49861445550492, 'subsample': 0.8432544159601136, 'colsample_bylevel': 0.7052850675219985}. Best is trial 5 with value: 0.17037145096540443.
[I 2026-03-10 22:28:40,798] Trial 36 finished with value: 0.1706581029981564 and parameters: {'decay': 0.7297284635255494, 'noise_scale': 0.03765094342918543, 'iterations': 1333, 'learning_rate': 0.009894022872247233, 'depth': 6, 'l2_leaf_reg': 14.82115505323915, 'subsample': 0.8303164850029593, 'colsample_bylevel': 0.6753869066716799}. Best is trial 5 with value: 0.17037145096540443.
[I 2026-03-10 22:28:53,138] Trial 37 finished with value: 0.17554443739066605 and parameters: {'decay': 0.7250319425953173, 'noise_scale': 0.04413799290594116, 'iterations': 1336, 'learning_rate': 0.03745222333837989, 'depth': 6, 'l2_leaf_reg': 14.74665836480699, 'subsample': 0.7757948864172498, 'colsample_bylevel': 0.6791922721730822}. Best is trial 5 with value: 0.17037145096540443.
[I 2026-03-10 22:29:04,471] Trial 38 finished with value: 0.17135529063129043 and parameters: {'decay': 0.7339283842489177, 'noise_scale': 0.03844497360538847, 'iterations': 1233, 'learning_rate': 0.01174295247424948, 'depth': 6, 'l2_leaf_reg': 14.089879431709898, 'subsample': 0.792540826962759, 'colsample_bylevel': 0.785904346494382}. Best is trial 5 with value: 0.17037145096540443.
[I 2026-03-10 22:29:31,379] Trial 39 finished with value: 0.17272045265962546 and parameters: {'decay': 0.7094372187227552, 'noise_scale': 0.0371234504458088, 'iterations': 1660, 'learning_rate': 0.010098229174558536, 'depth': 7, 'l2_leaf_reg': 14.221969305597638, 'subsample': 0.7518996786056289, 'colsample_bylevel': 0.7394654087370405}. Best is trial 5 with value: 0.17037145096540443.
[I 2026-03-10 22:29:46,043] Trial 40 finished with value: 0.1746950264438302 and parameters: {'decay': 0.637204178868141, 'noise_scale': 0.04125535943905078, 'iterations': 1568, 'learning_rate': 0.012855541274589094, 'depth': 6, 'l2_leaf_reg': 5.046372403457916, 'subsample': 0.7103365778520432, 'colsample_bylevel': 0.7154256498096343}. Best is trial 5 with value: 0.17037145096540443.
[I 2026-03-10 22:29:52,652] Trial 41 finished with value: 0.17021678162138396 and parameters: {'decay': 0.7388049170947886, 'noise_scale': 0.03545766284600043, 'iterations': 1083, 'learning_rate': 0.009651047752484867, 'depth': 5, 'l2_leaf_reg': 12.770064125297852, 'subsample': 0.8214080211651505, 'colsample_bylevel': 0.6429152359395616}. Best is trial 41 with value: 0.17021678162138396.
[I 2026-03-10 22:29:59,468] Trial 42 finished with value: 0.1706774852734587 and parameters: {'decay': 0.7466993165481627, 'noise_scale': 0.035871455917138154, 'iterations': 1121, 'learning_rate': 0.01096047156257142, 'depth': 5, 'l2_leaf_reg': 12.412289332173422, 'subsample': 0.8192616078266065, 'colsample_bylevel': 0.6427916780612427}. Best is trial 41 with value: 0.17021678162138396.
[I 2026-03-10 22:30:09,901] Trial 43 finished with value: 0.17167609977841072 and parameters: {'decay': 0.7489300422053798, 'noise_scale': 0.042539465334745424, 'iterations': 1129, 'learning_rate': 0.011154067587691073, 'depth': 6, 'l2_leaf_reg': 12.994094192714995, 'subsample': 0.8177206695407698, 'colsample_bylevel': 0.6459151855294758}. Best is trial 41 with value: 0.17021678162138396.
[I 2026-03-10 22:30:16,444] Trial 44 finished with value: 0.16984726600939676 and parameters: {'decay': 0.7342073678124774, 'noise_scale': 0.035664605089408136, 'iterations': 1056, 'learning_rate': 0.009801984521258019, 'depth': 5, 'l2_leaf_reg': 14.120095113820362, 'subsample': 0.7886628972694452, 'colsample_bylevel': 0.6896383881064295}. Best is trial 44 with value: 0.16984726600939676.
[I 2026-03-10 22:30:24,010] Trial 45 finished with value: 0.1701380495674367 and parameters: {'decay': 0.6849178245567614, 'noise_scale': 0.039770492902294174, 'iterations': 1227, 'learning_rate': 0.009859502658902885, 'depth': 5, 'l2_leaf_reg': 13.96880900847718, 'subsample': 0.7868629294404832, 'colsample_bylevel': 0.6633468926159636}. Best is trial 44 with value: 0.16984726600939676.
[I 2026-03-10 22:30:31,434] Trial 46 finished with value: 0.17006898478517818 and parameters: {'decay': 0.734194594803295, 'noise_scale': 0.039502953299392615, 'iterations': 1209, 'learning_rate': 0.010006866986300034, 'depth': 5, 'l2_leaf_reg': 14.023100176762759, 'subsample': 0.7872380138126908, 'colsample_bylevel': 0.6742766750288649}. Best is trial 44 with value: 0.16984726600939676.
[I 2026-03-10 22:30:39,056] Trial 47 finished with value: 0.17236985864480253 and parameters: {'decay': 0.7080076008493918, 'noise_scale': 0.04237767649024404, 'iterations': 1221, 'learning_rate': 0.014044942398092593, 'depth': 5, 'l2_leaf_reg': 13.944671192396719, 'subsample': 0.7883925214161321, 'colsample_bylevel': 0.689577467833123}. Best is trial 44 with value: 0.16984726600939676.
[I 2026-03-10 22:30:43,843] Trial 48 finished with value: 0.171124667488486 and parameters: {'decay': 0.6839062548792663, 'noise_scale': 0.03998836187535274, 'iterations': 1052, 'learning_rate': 0.012115097854457456, 'depth': 4, 'l2_leaf_reg': 14.170823589820417, 'subsample': 0.804644249273261, 'colsample_bylevel': 0.6671212884861205}. Best is trial 44 with value: 0.16984726600939676.
[I 2026-03-10 22:30:49,935] Trial 49 finished with value: 0.17275052346632377 and parameters: {'decay': 0.7374824716751315, 'noise_scale': 0.03883304165247099, 'iterations': 998, 'learning_rate': 0.01740009065124376, 'depth': 5, 'l2_leaf_reg': 13.735272823539116, 'subsample': 0.7672543139347633, 'colsample_bylevel': 0.6635497308438048}. Best is trial 44 with value: 0.16984726600939676.

============================================================
🎯 Best Brier Score found: 0.16985
🎯 Best Parameters:
   - decay: 0.7342073678124774
   - noise_scale: 0.035664605089408136
   - iterations: 1056
   - learning_rate: 0.009801984521258019
   - depth: 5
   - l2_leaf_reg: 14.120095113820362
   - subsample: 0.7886628972694452
   - colsample_bylevel: 0.6896383881064295

🚀 베스트 조합으로 전 기간(2013-2025) 최종 평가...
| 2013 | 0.1669 |
| 2014 | 0.1636 |
| 2015 | 0.1388 |
| 2016 | 0.1824 |
| 2017 | 0.1427 |
| 2018 | 0.1689 |
| 2019 | 0.1610 |
| 2021 | 0.1620 |
| 2022 | 0.1847 |
| 2023 | 0.2041 |
| 2024 | 0.1669 |
| 2025 | 0.1309 |
------------------------------------------------------------
🎯 최종 V15 (최적화 완료) 평균 Brier Score: 0.1644
⏱️ 총 소요 시간: 9.4분
------------------------------------------------------------
