
🔥 V23: CatBoost Deep Tuning w/ Advanced MoE & Full Augmentation (Silent Mode)
🎯 Target Validation Seasons: [2025] (Fast Tuning Mode)

🚀 Starting CatBoost Optuna Deep Tuning (30 Trials)...
[I 2026-03-11 16:37:21,462] A new study created in memory with name: no-name-eebce038-b853-4542-b850-c6a99b4afbbc
[I 2026-03-11 16:38:45,099] Trial 0 finished with value: 0.11420729807529421 and parameters: {'iterations': 1712, 'learning_rate': 0.006191656761494123, 'depth': 4, 'l2_leaf_reg': 13.073832937092087, 'subsample': 0.6699626374106812, 'random_strength': 4.4121348957676085, 'bagging_temperature': 0.8401671846840891, 'border_count': 128, 'noise_scale': 0.041089281995083236, 'decay': 0.5030936548103051}. Best is trial 0 with value: 0.11420729807529421.
[I 2026-03-11 16:39:35,583] Trial 1 finished with value: 0.11901805342641913 and parameters: {'iterations': 1826, 'learning_rate': 0.012347611653428495, 'depth': 4, 'l2_leaf_reg': 15.788842015119604, 'subsample': 0.645507541728836, 'random_strength': 2.371704796375264, 'bagging_temperature': 0.5388691770863695, 'border_count': 254, 'noise_scale': 0.01506227631239472, 'decay': 0.5794750195699048}. Best is trial 0 with value: 0.11420729807529421.
[I 2026-03-11 16:40:41,096] Trial 2 finished with value: 0.11707945351308546 and parameters: {'iterations': 1759, 'learning_rate': 0.015728709141719657, 'depth': 8, 'l2_leaf_reg': 8.313050759843614, 'subsample': 0.8231182567947737, 'random_strength': 1.7194550263374546, 'bagging_temperature': 0.8532031303325777, 'border_count': 254, 'noise_scale': 0.05882073314086102, 'decay': 0.6483880359586138}. Best is trial 0 with value: 0.11420729807529421.
[I 2026-03-11 16:42:21,121] Trial 3 finished with value: 0.11651962018658564 and parameters: {'iterations': 1186, 'learning_rate': 0.008134456163010038, 'depth': 8, 'l2_leaf_reg': 13.519802438153883, 'subsample': 0.8664050100256371, 'random_strength': 1.1703583563521833, 'bagging_temperature': 0.6251539732413298, 'border_count': 254, 'noise_scale': 0.025586431674299248, 'decay': 0.7066492182147729}. Best is trial 0 with value: 0.11420729807529421.
[I 2026-03-11 16:43:03,450] Trial 4 finished with value: 0.11094721418824278 and parameters: {'iterations': 813, 'learning_rate': 0.03699276343407929, 'depth': 4, 'l2_leaf_reg': 23.866960837979533, 'subsample': 0.7840316563250459, 'random_strength': 2.9815783829166222, 'bagging_temperature': 0.5538831598369307, 'border_count': 128, 'noise_scale': 0.01781845378082221, 'decay': 0.738552184291041}. Best is trial 4 with value: 0.11094721418824278.
[I 2026-03-11 16:44:10,717] Trial 5 finished with value: 0.11424034824209324 and parameters: {'iterations': 1030, 'learning_rate': 0.024085388408745904, 'depth': 8, 'l2_leaf_reg': 3.459031488272543, 'subsample': 0.9742790706269829, 'random_strength': 3.511662789070375, 'bagging_temperature': 0.6384552770377018, 'border_count': 128, 'noise_scale': 0.010534668153288542, 'decay': 0.5889191017382706}. Best is trial 4 with value: 0.11094721418824278.
[I 2026-03-11 16:44:57,046] Trial 6 finished with value: 0.11271592386597484 and parameters: {'iterations': 1434, 'learning_rate': 0.014320577208038233, 'depth': 6, 'l2_leaf_reg': 16.224816705104573, 'subsample': 0.7746393923348126, 'random_strength': 1.1333245639817435, 'bagging_temperature': 0.060935412057202654, 'border_count': 254, 'noise_scale': 0.032388049145583034, 'decay': 0.7735253073814098}. Best is trial 4 with value: 0.11094721418824278.
[I 2026-03-11 16:46:09,091] Trial 7 finished with value: 0.11901615713095712 and parameters: {'iterations': 1037, 'learning_rate': 0.007029818663760737, 'depth': 6, 'l2_leaf_reg': 13.439833125358529, 'subsample': 0.6920031198980524, 'random_strength': 0.3389770661867591, 'bagging_temperature': 0.06945403881866652, 'border_count': 254, 'noise_scale': 0.035236542625220205, 'decay': 0.5297183937393004}. Best is trial 4 with value: 0.11094721418824278.
[I 2026-03-11 16:46:39,280] Trial 8 finished with value: 0.12328191491823673 and parameters: {'iterations': 975, 'learning_rate': 0.036192544919009154, 'depth': 5, 'l2_leaf_reg': 20.350839545252796, 'subsample': 0.7110210180093537, 'random_strength': 1.7520398286371617, 'bagging_temperature': 0.9110218186275538, 'border_count': 254, 'noise_scale': 0.04629391596097437, 'decay': 0.5195998693961521}. Best is trial 4 with value: 0.11094721418824278.
[I 2026-03-11 16:48:09,168] Trial 9 finished with value: 0.11375972095701734 and parameters: {'iterations': 1295, 'learning_rate': 0.01147878858364138, 'depth': 8, 'l2_leaf_reg': 22.19657350482367, 'subsample': 0.73711046890134, 'random_strength': 2.9161854091402017, 'bagging_temperature': 0.23166583841324562, 'border_count': 254, 'noise_scale': 0.05254457556896793, 'decay': 0.5372473053505752}. Best is trial 4 with value: 0.11094721418824278.
[I 2026-03-11 16:48:42,904] Trial 10 finished with value: 0.11603493195297321 and parameters: {'iterations': 855, 'learning_rate': 0.04579956573125083, 'depth': 5, 'l2_leaf_reg': 24.521334914795016, 'subsample': 0.9031134553243049, 'random_strength': 4.9783812033170545, 'bagging_temperature': 0.3217697606984024, 'border_count': 128, 'noise_scale': 0.02137725910353451, 'decay': 0.791438407627768}. Best is trial 4 with value: 0.11094721418824278.
[I 2026-03-11 16:49:28,864] Trial 11 finished with value: 0.11163708949566734 and parameters: {'iterations': 1513, 'learning_rate': 0.02491442043286692, 'depth': 6, 'l2_leaf_reg': 19.391196184172053, 'subsample': 0.7809122495117841, 'random_strength': 0.24604336046880437, 'bagging_temperature': 0.36361732688336895, 'border_count': 128, 'noise_scale': 0.028911981443303526, 'decay': 0.7889246376570631}. Best is trial 4 with value: 0.11094721418824278.
[I 2026-03-11 16:50:47,531] Trial 12 finished with value: 0.1139565584838 and parameters: {'iterations': 1543, 'learning_rate': 0.025230414210366894, 'depth': 7, 'l2_leaf_reg': 19.216901977860697, 'subsample': 0.8098690941121466, 'random_strength': 3.398261856701273, 'bagging_temperature': 0.37552831369642936, 'border_count': 128, 'noise_scale': 0.024039056565228145, 'decay': 0.7282035308796049}. Best is trial 4 with value: 0.11094721418824278.
[I 2026-03-11 16:52:00,060] Trial 13 finished with value: 0.1152441070121674 and parameters: {'iterations': 1525, 'learning_rate': 0.02473068111355886, 'depth': 5, 'l2_leaf_reg': 22.331489887274667, 'subsample': 0.7614373774718948, 'random_strength': 0.5151583869124869, 'bagging_temperature': 0.42078302415350033, 'border_count': 128, 'noise_scale': 0.0181170762489111, 'decay': 0.7399949137604437}. Best is trial 4 with value: 0.11094721418824278.
[I 2026-03-11 16:52:40,874] Trial 14 finished with value: 0.11742368241025723 and parameters: {'iterations': 1248, 'learning_rate': 0.03279524865262625, 'depth': 7, 'l2_leaf_reg': 24.899441896995288, 'subsample': 0.8720845761825051, 'random_strength': 2.3868444910334525, 'bagging_temperature': 0.7106485985678725, 'border_count': 128, 'noise_scale': 0.03013589532510727, 'decay': 0.6866431714274955}. Best is trial 4 with value: 0.11094721418824278.
[I 2026-03-11 16:53:07,986] Trial 15 finished with value: 0.11761294448817496 and parameters: {'iterations': 1960, 'learning_rate': 0.048628400596729425, 'depth': 4, 'l2_leaf_reg': 18.474774539023056, 'subsample': 0.6045836658516295, 'random_strength': 4.127120160792247, 'bagging_temperature': 0.21171540227832264, 'border_count': 128, 'noise_scale': 0.03858341650961754, 'decay': 0.7650887043278757}. Best is trial 4 with value: 0.11094721418824278.
[I 2026-03-11 16:54:33,032] Trial 16 finished with value: 0.11909672421322225 and parameters: {'iterations': 1629, 'learning_rate': 0.021308888559219367, 'depth': 7, 'l2_leaf_reg': 21.77403748261564, 'subsample': 0.9488775983845552, 'random_strength': 3.1181956682879535, 'bagging_temperature': 0.4837469886554171, 'border_count': 128, 'noise_scale': 0.010989920145565314, 'decay': 0.6699590284100316}. Best is trial 4 with value: 0.11094721418824278.
[I 2026-03-11 16:55:06,949] Trial 17 finished with value: 0.11293821179655944 and parameters: {'iterations': 1401, 'learning_rate': 0.03420568076031143, 'depth': 5, 'l2_leaf_reg': 17.154769162235763, 'subsample': 0.8266749164014405, 'random_strength': 1.9301049332031426, 'bagging_temperature': 0.24795162202192694, 'border_count': 128, 'noise_scale': 0.027541449055937833, 'decay': 0.7961521600126028}. Best is trial 4 with value: 0.11094721418824278.
[I 2026-03-11 16:56:07,106] Trial 18 finished with value: 0.11652003098261617 and parameters: {'iterations': 865, 'learning_rate': 0.01994657025698926, 'depth': 6, 'l2_leaf_reg': 9.185460375216554, 'subsample': 0.7450361322896994, 'random_strength': 1.012669245504508, 'bagging_temperature': 0.7347532431171615, 'border_count': 128, 'noise_scale': 0.019607914015622372, 'decay': 0.7449098908042109}. Best is trial 4 with value: 0.11094721418824278.
[I 2026-03-11 16:56:54,456] Trial 19 finished with value: 0.12077011983136288 and parameters: {'iterations': 1307, 'learning_rate': 0.02909962658727511, 'depth': 6, 'l2_leaf_reg': 23.45714971055206, 'subsample': 0.8596574576431946, 'random_strength': 3.890377973538397, 'bagging_temperature': 0.5284379192528628, 'border_count': 128, 'noise_scale': 0.016413837993822945, 'decay': 0.6333919769902873}. Best is trial 4 with value: 0.11094721418824278.
[I 2026-03-11 16:57:28,657] Trial 20 finished with value: 0.11207099348557226 and parameters: {'iterations': 1140, 'learning_rate': 0.040174080709589104, 'depth': 4, 'l2_leaf_reg': 20.491245116465443, 'subsample': 0.7962784407310844, 'random_strength': 2.5016565597765568, 'bagging_temperature': 0.16113915938451584, 'border_count': 128, 'noise_scale': 0.04255264384173861, 'decay': 0.7073763090390972}. Best is trial 4 with value: 0.11094721418824278.
[I 2026-03-11 16:57:58,978] Trial 21 finished with value: 0.115478780749167 and parameters: {'iterations': 1128, 'learning_rate': 0.04148045781186124, 'depth': 4, 'l2_leaf_reg': 20.242433891582213, 'subsample': 0.7855677881983847, 'random_strength': 2.8086743585580027, 'bagging_temperature': 0.15974751265341441, 'border_count': 128, 'noise_scale': 0.04496660635569512, 'decay': 0.7157510615915321}. Best is trial 4 with value: 0.11094721418824278.
[I 2026-03-11 16:58:37,347] Trial 22 finished with value: 0.11247264752511568 and parameters: {'iterations': 814, 'learning_rate': 0.03871241541645002, 'depth': 4, 'l2_leaf_reg': 20.935943743282955, 'subsample': 0.7278982904233489, 'random_strength': 2.202176653933108, 'bagging_temperature': 0.36010394344534014, 'border_count': 128, 'noise_scale': 0.035872053936805856, 'decay': 0.7593708682417234}. Best is trial 4 with value: 0.11094721418824278.
[I 2026-03-11 16:59:15,394] Trial 23 finished with value: 0.10782193160246349 and parameters: {'iterations': 1122, 'learning_rate': 0.02986559228607137, 'depth': 5, 'l2_leaf_reg': 18.054083748193168, 'subsample': 0.7913278460338706, 'random_strength': 0.7687291860659833, 'bagging_temperature': 0.1278767978350464, 'border_count': 128, 'noise_scale': 0.0479900615823627, 'decay': 0.685401867235346}. Best is trial 23 with value: 0.10782193160246349.
[I 2026-03-11 17:00:00,708] Trial 24 finished with value: 0.11195162081367027 and parameters: {'iterations': 945, 'learning_rate': 0.019584442396063138, 'depth': 5, 'l2_leaf_reg': 17.98149080993059, 'subsample': 0.8414378462382333, 'random_strength': 0.10708499030916618, 'bagging_temperature': 0.007793503146683034, 'border_count': 128, 'noise_scale': 0.05103757546837918, 'decay': 0.6173394391558996}. Best is trial 23 with value: 0.10782193160246349.
[I 2026-03-11 17:00:38,911] Trial 25 finished with value: 0.11265291747747114 and parameters: {'iterations': 1497, 'learning_rate': 0.0291924352069055, 'depth': 5, 'l2_leaf_reg': 15.913371055453695, 'subsample': 0.9044215445181476, 'random_strength': 0.7289762587256624, 'bagging_temperature': 0.46775051432063014, 'border_count': 128, 'noise_scale': 0.05992394880724343, 'decay': 0.682233868624849}. Best is trial 23 with value: 0.10782193160246349.
[I 2026-03-11 17:01:22,226] Trial 26 finished with value: 0.11217535166206637 and parameters: {'iterations': 1336, 'learning_rate': 0.017943027630978773, 'depth': 5, 'l2_leaf_reg': 23.434992408684113, 'subsample': 0.7717974642383799, 'random_strength': 1.323487939018558, 'bagging_temperature': 0.3019775383890352, 'border_count': 128, 'noise_scale': 0.03143284945881821, 'decay': 0.7763100695554185}. Best is trial 23 with value: 0.10782193160246349.
[I 2026-03-11 17:02:00,041] Trial 27 finished with value: 0.10510981872425527 and parameters: {'iterations': 1037, 'learning_rate': 0.02915193182673359, 'depth': 6, 'l2_leaf_reg': 10.093072111873084, 'subsample': 0.8979514760770057, 'random_strength': 0.7544393157968364, 'bagging_temperature': 0.6139652434386567, 'border_count': 128, 'noise_scale': 0.05445781545377077, 'decay': 0.7402552168913131}. Best is trial 27 with value: 0.10510981872425527.
[I 2026-03-11 17:02:43,877] Trial 28 finished with value: 0.11686936817108762 and parameters: {'iterations': 944, 'learning_rate': 0.030677823154471543, 'depth': 7, 'l2_leaf_reg': 10.713440637595529, 'subsample': 0.9986766870306146, 'random_strength': 1.4265488423759258, 'bagging_temperature': 0.5975557791622994, 'border_count': 128, 'noise_scale': 0.05402722588886201, 'decay': 0.667921697981152}. Best is trial 27 with value: 0.10510981872425527.
[I 2026-03-11 17:04:06,095] Trial 29 finished with value: 0.10919131532932275 and parameters: {'iterations': 1072, 'learning_rate': 0.009521275528665496, 'depth': 4, 'l2_leaf_reg': 11.743238429735584, 'subsample': 0.9063835921016926, 'random_strength': 0.7284994671924984, 'bagging_temperature': 0.7520779734561385, 'border_count': 128, 'noise_scale': 0.0490112156214718, 'decay': 0.6939783802329152}. Best is trial 27 with value: 0.10510981872425527.
--------------------------------------------------
🏆 Best Trial Brier Score: 0.10511
🥇 Best Parameters:
    'iterations': 1037,
    'learning_rate': 0.02915193182673359,
    'depth': 6,
    'l2_leaf_reg': 10.093072111873084,
    'subsample': 0.8979514760770057,
    'random_strength': 0.7544393157968364,
    'bagging_temperature': 0.6139652434386567,
    'border_count': 128,
    'noise_scale': 0.05445781545377077,
    'decay': 0.7402552168913131,
--------------------------------------------------
⏱️ Total Tuning Time: 27.1 min
