[I 2026-03-12 08:19:07,047] Trial 85 finished with value: 0.13993712772858766 and parameters: {'n_estimators': 2014, 'learning_rate': 0.0011849650406119741, 'num_leaves': 217, 'max_depth': 5, 'min_data_in_leaf': 124, 'feature_fraction': 0.41811351223190846, 'bagging_fraction': 0.4966378686290478, 'bagging_freq': 3, 'lambda_l1': 0.003381032876171367, 'lambda_l2': 8.194409150751087}. Best is trial 78 with value: 0.13629598981868857.
[W 2026-03-12 08:19:07,048] The parameter `n_estimators` in Trial#86 is sampled independently using `RandomSampler` instead of `TPESampler`, potentially degrading the optimization performance. This fallback happend because dynamic search space is not supported for `multivariate=True`. You can suppress this warning by setting `warn_independent_sampling` to `False` in the constructor of `TPESampler` if this independent sampling is intended behavior.
[W 2026-03-12 08:19:07,049] The parameter `num_leaves` in Trial#86 is sampled independently using `RandomSampler` instead of `TPESampler`, potentially degrading the optimization performance. This fallback happend because dynamic search space is not supported for `multivariate=True`. You can suppress this warning by setting `warn_independent_sampling` to `False` in the constructor of `TPESampler` if this independent sampling is intended behavior.
[W 2026-03-12 08:19:07,050] The parameter `max_depth` in Trial#86 is sampled independently using `RandomSampler` instead of `TPESampler`, potentially degrading the optimization performance. This fallback happend because dynamic search space is not supported for `multivariate=True`. You can suppress this warning by setting `warn_independent_sampling` to `False` in the constructor of `TPESampler` if this independent sampling is intended behavior.
[W 2026-03-12 08:19:07,051] The parameter `min_data_in_leaf` in Trial#86 is sampled independently using `RandomSampler` instead of `TPESampler`, potentially degrading the optimization performance. This fallback happend because dynamic search space is not supported for `multivariate=True`. You can suppress this warning by setting `warn_independent_sampling` to `False` in the constructor of `TPESampler` if this independent sampling is intended behavior.
[W 2026-03-12 08:19:07,052] The parameter `feature_fraction` in Trial#86 is sampled independently using `RandomSampler` instead of `TPESampler`, potentially degrading the optimization performance. This fallback happend because dynamic search space is not supported for `multivariate=True`. You can suppress this warning by setting `warn_independent_sampling` to `False` in the constructor of `TPESampler` if this independent sampling is intended behavior.
[W 2026-03-12 08:19:07,052] The parameter `bagging_fraction` in Trial#86 is sampled independently using `RandomSampler` instead of `TPESampler`, potentially degrading the optimization performance. This fallback happend because dynamic search space is not supported for `multivariate=True`. You can suppress this warning by setting `warn_independent_sampling` to `False` in the constructor of `TPESampler` if this independent sampling is intended behavior.
[W 2026-03-12 08:19:07,053] The parameter `bagging_freq` in Trial#86 is sampled independently using `RandomSampler` instead of `TPESampler`, potentially degrading the optimization performance. This fallback happend because dynamic search space is not supported for `multivariate=True`. You can suppress this warning by setting `warn_independent_sampling` to `False` in the constructor of `TPESampler` if this independent sampling is intended behavior.
[W 2026-03-12 08:19:07,054] The parameter `lambda_l1` in Trial#86 is sampled independently using `RandomSampler` instead of `TPESampler`, potentially degrading the optimization performance. This fallback happend because dynamic search space is not supported for `multivariate=True`. You can suppress this warning by setting `warn_independent_sampling` to `False` in the constructor of `TPESampler` if this independent sampling is intended behavior.
[W 2026-03-12 08:19:07,055] The parameter `lambda_l2` in Trial#86 is sampled independently using `RandomSampler` instead of `TPESampler`, potentially degrading the optimization performance. This fallback happend because dynamic search space is not supported for `multivariate=True`. You can suppress this warning by setting `warn_independent_sampling` to `False` in the constructor of `TPESampler` if this independent sampling is intended behavior.
[I 2026-03-12 08:19:37,044] Trial 86 finished with value: 0.13883243341903337 and parameters: {'n_estimators': 2089, 'learning_rate': 0.005206916094080633, 'num_leaves': 221, 'max_depth': 5, 'min_data_in_leaf': 131, 'feature_fraction': 0.48075110200390675, 'bagging_fraction': 0.404048847183478, 'bagging_freq': 3, 'lambda_l1': 0.5133126848204779, 'lambda_l2': 9.059736101970541}. Best is trial 78 with value: 0.13629598981868857.
[W 2026-03-12 08:19:37,045] The parameter `n_estimators` in Trial#87 is sampled independently using `RandomSampler` instead of `TPESampler`, potentially degrading the optimization performance. This fallback happend because dynamic search space is not supported for `multivariate=True`. You can suppress this warning by setting `warn_independent_sampling` to `False` in the constructor of `TPESampler` if this independent sampling is intended behavior.
[W 2026-03-12 08:19:37,046] The parameter `num_leaves` in Trial#87 is sampled independently using `RandomSampler` instead of `TPESampler`, potentially degrading the optimization performance. This fallback happend because dynamic search space is not supported for `multivariate=True`. You can suppress this warning by setting `warn_independent_sampling` to `False` in the constructor of `TPESampler` if this independent sampling is intended behavior.
[W 2026-03-12 08:19:37,047] The parameter `max_depth` in Trial#87 is sampled independently using `RandomSampler` instead of `TPESampler`, potentially degrading the optimization performance. This fallback happend because dynamic search space is not supported for `multivariate=True`. You can suppress this warning by setting `warn_independent_sampling` to `False` in the constructor of `TPESampler` if this independent sampling is intended behavior.
[W 2026-03-12 08:19:37,048] The parameter `min_data_in_leaf` in Trial#87 is sampled independently using `RandomSampler` instead of `TPESampler`, potentially degrading the optimization performance. This fallback happend because dynamic search space is not supported for `multivariate=True`. You can suppress this warning by setting `warn_independent_sampling` to `False` in the constructor of `TPESampler` if this independent sampling is intended behavior.
[W 2026-03-12 08:19:37,049] The parameter `feature_fraction` in Trial#87 is sampled independently using `RandomSampler` instead of `TPESampler`, potentially degrading the optimization performance. This fallback happend because dynamic search space is not supported for `multivariate=True`. You can suppress this warning by setting `warn_independent_sampling` to `False` in the constructor of `TPESampler` if this independent sampling is intended behavior.
[W 2026-03-12 08:19:37,049] The parameter `bagging_fraction` in Trial#87 is sampled independently using `RandomSampler` instead of `TPESampler`, potentially degrading the optimization performance. This fallback happend because dynamic search space is not supported for `multivariate=True`. You can suppress this warning by setting `warn_independent_sampling` to `False` in the constructor of `TPESampler` if this independent sampling is intended behavior.
[W 2026-03-12 08:19:37,050] The parameter `bagging_freq` in Trial#87 is sampled independently using `RandomSampler` instead of `TPESampler`, potentially degrading the optimization performance. This fallback happend because dynamic search space is not supported for `multivariate=True`. You can suppress this warning by setting `warn_independent_sampling` to `False` in the constructor of `TPESampler` if this independent sampling is intended behavior.
[W 2026-03-12 08:19:37,050] The parameter `lambda_l1` in Trial#87 is sampled independently using `RandomSampler` instead of `TPESampler`, potentially degrading the optimization performance. This fallback happend because dynamic search space is not supported for `multivariate=True`. You can suppress this warning by setting `warn_independent_sampling` to `False` in the constructor of `TPESampler` if this independent sampling is intended behavior.
[W 2026-03-12 08:19:37,051] The parameter `lambda_l2` in Trial#87 is sampled independently using `RandomSampler` instead of `TPESampler`, potentially degrading the optimization performance. This fallback happend because dynamic search space is not supported for `multivariate=True`. You can suppress this warning by setting `warn_independent_sampling` to `False` in the constructor of `TPESampler` if this independent sampling is intended behavior.
[I 2026-03-12 08:20:10,939] Trial 87 finished with value: 0.13683393029683574 and parameters: {'n_estimators': 2102, 'learning_rate': 0.0015305995050438205, 'num_leaves': 220, 'max_depth': 6, 'min_data_in_leaf': 163, 'feature_fraction': 0.5257405369725986, 'bagging_fraction': 0.5548445793851435, 'bagging_freq': 2, 'lambda_l1': 0.016772972354751017, 'lambda_l2': 3.643521592811624}. Best is trial 78 with value: 0.13629598981868857.
[W 2026-03-12 08:20:10,939] The parameter `n_estimators` in Trial#88 is sampled independently using `RandomSampler` instead of `TPESampler`, potentially degrading the optimization performance. This fallback happend because dynamic search space is not supported for `multivariate=True`. You can suppress this warning by setting `warn_independent_sampling` to `False` in the constructor of `TPESampler` if this independent sampling is intended behavior.
[W 2026-03-12 08:20:10,941] The parameter `num_leaves` in Trial#88 is sampled independently using `RandomSampler` instead of `TPESampler`, potentially degrading the optimization performance. This fallback happend because dynamic search space is not supported for `multivariate=True`. You can suppress this warning by setting `warn_independent_sampling` to `False` in the constructor of `TPESampler` if this independent sampling is intended behavior.
[W 2026-03-12 08:20:10,942] The parameter `max_depth` in Trial#88 is sampled independently using `RandomSampler` instead of `TPESampler`, potentially degrading the optimization performance. This fallback happend because dynamic search space is not supported for `multivariate=True`. You can suppress this warning by setting `warn_independent_sampling` to `False` in the constructor of `TPESampler` if this independent sampling is intended behavior.
[W 2026-03-12 08:20:10,942] The parameter `min_data_in_leaf` in Trial#88 is sampled independently using `RandomSampler` instead of `TPESampler`, potentially degrading the optimization performance. This fallback happend because dynamic search space is not supported for `multivariate=True`. You can suppress this warning by setting `warn_independent_sampling` to `False` in the constructor of `TPESampler` if this independent sampling is intended behavior.
[W 2026-03-12 08:20:10,943] The parameter `feature_fraction` in Trial#88 is sampled independently using `RandomSampler` instead of `TPESampler`, potentially degrading the optimization performance. This fallback happend because dynamic search space is not supported for `multivariate=True`. You can suppress this warning by setting `warn_independent_sampling` to `False` in the constructor of `TPESampler` if this independent sampling is intended behavior.
[W 2026-03-12 08:20:10,943] The parameter `bagging_fraction` in Trial#88 is sampled independently using `RandomSampler` instead of `TPESampler`, potentially degrading the optimization performance. This fallback happend because dynamic search space is not supported for `multivariate=True`. You can suppress this warning by setting `warn_independent_sampling` to `False` in the constructor of `TPESampler` if this independent sampling is intended behavior.
[W 2026-03-12 08:20:10,944] The parameter `bagging_freq` in Trial#88 is sampled independently using `RandomSampler` instead of `TPESampler`, potentially degrading the optimization performance. This fallback happend because dynamic search space is not supported for `multivariate=True`. You can suppress this warning by setting `warn_independent_sampling` to `False` in the constructor of `TPESampler` if this independent sampling is intended behavior.
[W 2026-03-12 08:20:10,944] The parameter `lambda_l1` in Trial#88 is sampled independently using `RandomSampler` instead of `TPESampler`, potentially degrading the optimization performance. This fallback happend because dynamic search space is not supported for `multivariate=True`. You can suppress this warning by setting `warn_independent_sampling` to `False` in the constructor of `TPESampler` if this independent sampling is intended behavior.
[W 2026-03-12 08:20:10,945] The parameter `lambda_l2` in Trial#88 is sampled independently using `RandomSampler` instead of `TPESampler`, potentially degrading the optimization performance. This fallback happend because dynamic search space is not supported for `multivariate=True`. You can suppress this warning by setting `warn_independent_sampling` to `False` in the constructor of `TPESampler` if this independent sampling is intended behavior.
[I 2026-03-12 08:20:36,950] Trial 88 finished with value: 0.15441002139530885 and parameters: {'n_estimators': 1701, 'learning_rate': 0.0006202973985192521, 'num_leaves': 166, 'max_depth': 7, 'min_data_in_leaf': 177, 'feature_fraction': 0.5863198327646086, 'bagging_fraction': 0.5767208606192461, 'bagging_freq': 1, 'lambda_l1': 0.07536275860632918, 'lambda_l2': 0.492179286987603}. Best is trial 78 with value: 0.13629598981868857.
[W 2026-03-12 08:20:36,951] The parameter `n_estimators` in Trial#89 is sampled independently using `RandomSampler` instead of `TPESampler`, potentially degrading the optimization performance. This fallback happend because dynamic search space is not supported for `multivariate=True`. You can suppress this warning by setting `warn_independent_sampling` to `False` in the constructor of `TPESampler` if this independent sampling is intended behavior.
[W 2026-03-12 08:20:36,952] The parameter `num_leaves` in Trial#89 is sampled independently using `RandomSampler` instead of `TPESampler`, potentially degrading the optimization performance. This fallback happend because dynamic search space is not supported for `multivariate=True`. You can suppress this warning by setting `warn_independent_sampling` to `False` in the constructor of `TPESampler` if this independent sampling is intended behavior.
[W 2026-03-12 08:20:36,953] The parameter `max_depth` in Trial#89 is sampled independently using `RandomSampler` instead of `TPESampler`, potentially degrading the optimization performance. This fallback happend because dynamic search space is not supported for `multivariate=True`. You can suppress this warning by setting `warn_independent_sampling` to `False` in the constructor of `TPESampler` if this independent sampling is intended behavior.
[W 2026-03-12 08:20:36,953] The parameter `min_data_in_leaf` in Trial#89 is sampled independently using `RandomSampler` instead of `TPESampler`, potentially degrading the optimization performance. This fallback happend because dynamic search space is not supported for `multivariate=True`. You can suppress this warning by setting `warn_independent_sampling` to `False` in the constructor of `TPESampler` if this independent sampling is intended behavior.
[W 2026-03-12 08:20:36,954] The parameter `feature_fraction` in Trial#89 is sampled independently using `RandomSampler` instead of `TPESampler`, potentially degrading the optimization performance. This fallback happend because dynamic search space is not supported for `multivariate=True`. You can suppress this warning by setting `warn_independent_sampling` to `False` in the constructor of `TPESampler` if this independent sampling is intended behavior.
[W 2026-03-12 08:20:36,955] The parameter `bagging_fraction` in Trial#89 is sampled independently using `RandomSampler` instead of `TPESampler`, potentially degrading the optimization performance. This fallback happend because dynamic search space is not supported for `multivariate=True`. You can suppress this warning by setting `warn_independent_sampling` to `False` in the constructor of `TPESampler` if this independent sampling is intended behavior.
[W 2026-03-12 08:20:36,955] The parameter `bagging_freq` in Trial#89 is sampled independently using `RandomSampler` instead of `TPESampler`, potentially degrading the optimization performance. This fallback happend because dynamic search space is not supported for `multivariate=True`. You can suppress this warning by setting `warn_independent_sampling` to `False` in the constructor of `TPESampler` if this independent sampling is intended behavior.
[W 2026-03-12 08:20:36,956] The parameter `lambda_l1` in Trial#89 is sampled independently using `RandomSampler` instead of `TPESampler`, potentially degrading the optimization performance. This fallback happend because dynamic search space is not supported for `multivariate=True`. You can suppress this warning by setting `warn_independent_sampling` to `False` in the constructor of `TPESampler` if this independent sampling is intended behavior.
[W 2026-03-12 08:20:36,957] The parameter `lambda_l2` in Trial#89 is sampled independently using `RandomSampler` instead of `TPESampler`, potentially degrading the optimization performance. This fallback happend because dynamic search space is not supported for `multivariate=True`. You can suppress this warning by setting `warn_independent_sampling` to `False` in the constructor of `TPESampler` if this independent sampling is intended behavior.
