[I 2026-03-12 00:58:26,860] Trial 27 finished with value: 0.13838504656517198 and parameters: {'iterations': 1633, 'learning_rate': 0.010851710781090772, 'depth': 7, 'l2_leaf_reg': 20.77593532861617, 'subsample': 0.6308159921568163, 'random_strength': 1.0869664185103987, 'bagging_temperature': 0.3495390106948076, 'border_count': 115}. Best is trial 14 with value: 0.1359896580285576.
[I 2026-03-12 00:58:41,222] Trial 28 finished with value: 0.13679864327686622 and parameters: {'iterations': 1891, 'learning_rate': 0.0037585782481694644, 'depth': 5, 'l2_leaf_reg': 13.021400833966016, 'subsample': 0.6792099401131415, 'random_strength': 4.781669028804128, 'bagging_temperature': 0.5143777555647376, 'border_count': 152}. Best is trial 14 with value: 0.1359896580285576.
[I 2026-03-12 00:58:51,844] Trial 29 finished with value: 0.14072452912700814 and parameters: {'iterations': 1742, 'learning_rate': 0.023526701041813883, 'depth': 4, 'l2_leaf_reg': 21.599352880895495, 'subsample': 0.6205353779079136, 'random_strength': 8.285133762074299, 'bagging_temperature': 0.19511111857054297, 'border_count': 181}. Best is trial 14 with value: 0.1359896580285576.
Best Brier: 0.13599
--- Women XGBoost ---
[I 2026-03-12 00:58:51,845] A new study created in memory with name: no-name-31f34401-f1a2-4e57-ae11-36db7fe3afc1
[I 2026-03-12 00:59:01,177] Trial 0 finished with value: 0.13952834818190196 and parameters: {'n_estimators': 1900, 'learning_rate': 0.029132036915400967, 'max_depth': 6, 'min_child_weight': 4, 'subsample': 0.9525758026541689, 'colsample_bytree': 0.6289933537042198, 'gamma': 1.7675787137652637}. Best is trial 0 with value: 0.13952834818190196.
[I 2026-03-12 00:59:04,582] Trial 1 finished with value: 0.1395838310213876 and parameters: {'n_estimators': 726, 'learning_rate': 0.07321972527610779, 'max_depth': 4, 'min_child_weight': 6, 'subsample': 0.6465333330698232, 'colsample_bytree': 0.64870269880928, 'gamma': 4.989584896430177}. Best is trial 0 with value: 0.13952834818190196.
[I 2026-03-12 00:59:14,234] Trial 2 finished with value: 0.14387168212304566 and parameters: {'n_estimators': 540, 'learning_rate': 0.020956227204860258, 'max_depth': 5, 'min_child_weight': 6, 'subsample': 0.5263430698095478, 'colsample_bytree': 0.5530422497910598, 'gamma': 0.09379016524107164}. Best is trial 0 with value: 0.13952834818190196.
[I 2026-03-12 00:59:25,429] Trial 3 finished with value: 0.14546454358388924 and parameters: {'n_estimators': 1899, 'learning_rate': 0.03133776783735656, 'max_depth': 7, 'min_child_weight': 8, 'subsample': 0.9098015252500888, 'colsample_bytree': 0.9830527552673709, 'gamma': 0.4438843120934849}. Best is trial 0 with value: 0.13952834818190196.
[I 2026-03-12 00:59:30,348] Trial 4 finished with value: 0.13661266195480395 and parameters: {'n_estimators': 969, 'learning_rate': 0.08609077185094388, 'max_depth': 6, 'min_child_weight': 5, 'subsample': 0.8569797869884419, 'colsample_bytree': 0.9530147513023977, 'gamma': 1.285636588011942}. Best is trial 4 with value: 0.13661266195480395.
[I 2026-03-12 00:59:40,181] Trial 5 finished with value: 0.14134727676805128 and parameters: {'n_estimators': 1902, 'learning_rate': 0.055153123589544814, 'max_depth': 5, 'min_child_weight': 3, 'subsample': 0.5846656029183837, 'colsample_bytree': 0.9633106890444146, 'gamma': 0.9046122447928462}. Best is trial 4 with value: 0.13661266195480395.
[I 2026-03-12 00:59:49,104] Trial 6 finished with value: 0.1387171382190251 and parameters: {'n_estimators': 1757, 'learning_rate': 0.021147220239446894, 'max_depth': 7, 'min_child_weight': 3, 'subsample': 0.9554185357916443, 'colsample_bytree': 0.7138253898784812, 'gamma': 1.8895018293689665}. Best is trial 4 with value: 0.13661266195480395.
[I 2026-03-12 00:59:56,396] Trial 7 finished with value: 0.14057249429410518 and parameters: {'n_estimators': 1426, 'learning_rate': 0.06265491596171076, 'max_depth': 7, 'min_child_weight': 4, 'subsample': 0.7975776676340443, 'colsample_bytree': 0.6702025781167281, 'gamma': 0.7788405876364479}. Best is trial 4 with value: 0.13661266195480395.
[I 2026-03-12 01:00:08,202] Trial 8 finished with value: 0.13856147827276363 and parameters: {'n_estimators': 1626, 'learning_rate': 0.0029062469560777963, 'max_depth': 9, 'min_child_weight': 10, 'subsample': 0.5342145583312162, 'colsample_bytree': 0.6082104273466613, 'gamma': 2.818008267920737}. Best is trial 4 with value: 0.13661266195480395.
[I 2026-03-12 01:00:18,951] Trial 9 finished with value: 0.1411188329731271 and parameters: {'n_estimators': 989, 'learning_rate': 0.002295185214279548, 'max_depth': 8, 'min_child_weight': 2, 'subsample': 0.9875720055822286, 'colsample_bytree': 0.6975877375979521, 'gamma': 2.7086610502320037}. Best is trial 4 with value: 0.13661266195480395.
[I 2026-03-12 01:00:25,866] Trial 10 finished with value: 0.13903269236379623 and parameters: {'n_estimators': 1115, 'learning_rate': 0.006129772932147575, 'max_depth': 3, 'min_child_weight': 1, 'subsample': 0.8211641702414054, 'colsample_bytree': 0.8459057557314513, 'gamma': 3.868215193036657}. Best is trial 4 with value: 0.13661266195480395.
[I 2026-03-12 01:00:42,007] Trial 11 finished with value: 0.14439216635719776 and parameters: {'n_estimators': 1457, 'learning_rate': 0.0011529415256044321, 'max_depth': 9, 'min_child_weight': 10, 'subsample': 0.6794308129881901, 'colsample_bytree': 0.8232989406980197, 'gamma': 2.8723184490574774}. Best is trial 4 with value: 0.13661266195480395.
[I 2026-03-12 01:00:51,057] Trial 12 finished with value: 0.13889818664796214 and parameters: {'n_estimators': 1524, 'learning_rate': 0.005138055491093441, 'max_depth': 9, 'min_child_weight': 8, 'subsample': 0.7313902112916286, 'colsample_bytree': 0.535154508238427, 'gamma': 3.444975296274858}. Best is trial 4 with value: 0.13661266195480395.
[I 2026-03-12 01:01:03,832] Trial 13 finished with value: 0.13829632923384924 and parameters: {'n_estimators': 942, 'learning_rate': 0.0031034897445144853, 'max_depth': 6, 'min_child_weight': 10, 'subsample': 0.8629555279675817, 'colsample_bytree': 0.8148531166635344, 'gamma': 1.720936723588122}. Best is trial 4 with value: 0.13661266195480395.
[I 2026-03-12 01:01:10,049] Trial 14 finished with value: 0.13927177043785338 and parameters: {'n_estimators': 806, 'learning_rate': 0.012384049958514566, 'max_depth': 6, 'min_child_weight': 8, 'subsample': 0.8613047227570493, 'colsample_bytree': 0.8843270347825181, 'gamma': 1.528631809200561}. Best is trial 4 with value: 0.13661266195480395.
[I 2026-03-12 01:01:32,189] Trial 15 finished with value: 0.14899069492089032 and parameters: {'n_estimators': 1229, 'learning_rate': 0.001050169553797073, 'max_depth': 5, 'min_child_weight': 5, 'subsample': 0.8878527059058792, 'colsample_bytree': 0.9326622018200144, 'gamma': 1.3239832936384195}. Best is trial 4 with value: 0.13661266195480395.
[I 2026-03-12 01:01:38,487] Trial 16 finished with value: 0.1385788721869935 and parameters: {'n_estimators': 935, 'learning_rate': 0.00898203580702561, 'max_depth': 4, 'min_child_weight': 7, 'subsample': 0.7648034002270282, 'colsample_bytree': 0.7996918992061508, 'gamma': 2.225430678358027}. Best is trial 4 with value: 0.13661266195480395.
[I 2026-03-12 01:01:57,303] Trial 17 finished with value: 0.14113663041337027 and parameters: {'n_estimators': 1244, 'learning_rate': 0.002732753940910028, 'max_depth': 6, 'min_child_weight': 9, 'subsample': 0.8450062778419503, 'colsample_bytree': 0.7592007326509729, 'gamma': 1.2093054189925647}. Best is trial 4 with value: 0.13661266195480395.
[I 2026-03-12 01:02:03,487] Trial 18 finished with value: 0.1388264979372509 and parameters: {'n_estimators': 520, 'learning_rate': 0.004932032740298302, 'max_depth': 8, 'min_child_weight': 5, 'subsample': 0.7448622864515646, 'colsample_bytree': 0.899270506510847, 'gamma': 2.2970808885098}. Best is trial 4 with value: 0.13661266195480395.
[I 2026-03-12 01:02:11,589] Trial 19 finished with value: 0.1512167528766433 and parameters: {'n_estimators': 1056, 'learning_rate': 0.09864925948807207, 'max_depth': 4, 'min_child_weight': 7, 'subsample': 0.9161627084842349, 'colsample_bytree': 0.7748046940394709, 'gamma': 0.0697851649605683}. Best is trial 4 with value: 0.13661266195480395.
[I 2026-03-12 01:02:19,646] Trial 20 finished with value: 0.1496392699446932 and parameters: {'n_estimators': 752, 'learning_rate': 0.0017075772399662047, 'max_depth': 7, 'min_child_weight': 7, 'subsample': 0.8007179850616458, 'colsample_bytree': 0.8713749751527556, 'gamma': 4.003134546791029}. Best is trial 4 with value: 0.13661266195480395.
[I 2026-03-12 01:02:30,995] Trial 21 finished with value: 0.1390288733809662 and parameters: {'n_estimators': 1678, 'learning_rate': 0.003012411454892238, 'max_depth': 8, 'min_child_weight': 10, 'subsample': 0.5011342559438534, 'colsample_bytree': 0.5922755771110225, 'gamma': 3.0694363596013634}. Best is trial 4 with value: 0.13661266195480395.
[I 2026-03-12 01:02:40,141] Trial 22 finished with value: 0.1389197939578593 and parameters: {'n_estimators': 872, 'learning_rate': 0.0037454055720137318, 'max_depth': 5, 'min_child_weight': 9, 'subsample': 0.6621063897387478, 'colsample_bytree': 0.7263142471202609, 'gamma': 2.0691235196128064}. Best is trial 4 with value: 0.13661266195480395.
[I 2026-03-12 01:02:47,654] Trial 23 finished with value: 0.1374593292357971 and parameters: {'n_estimators': 1339, 'learning_rate': 0.00916161160103649, 'max_depth': 6, 'min_child_weight': 10, 'subsample': 0.5777786192106124, 'colsample_bytree': 0.507213872068266, 'gamma': 2.539399282867388}. Best is trial 4 with value: 0.13661266195480395.
[I 2026-03-12 01:02:57,667] Trial 24 finished with value: 0.1388161730842596 and parameters: {'n_estimators': 1355, 'learning_rate': 0.010550705102986448, 'max_depth': 6, 'min_child_weight': 9, 'subsample': 0.6062187755757769, 'colsample_bytree': 0.5104705439642518, 'gamma': 1.005443947421296}. Best is trial 4 with value: 0.13661266195480395.
[I 2026-03-12 01:03:06,795] Trial 25 finished with value: 0.13760490003004924 and parameters: {'n_estimators': 1137, 'learning_rate': 0.008096452672164143, 'max_depth': 6, 'min_child_weight': 9, 'subsample': 0.710902157474783, 'colsample_bytree': 0.9197646936642585, 'gamma': 1.52828809880521}. Best is trial 4 with value: 0.13661266195480395.
[I 2026-03-12 01:03:14,595] Trial 26 finished with value: 0.137004252504886 and parameters: {'n_estimators': 1220, 'learning_rate': 0.00738681287263301, 'max_depth': 5, 'min_child_weight': 9, 'subsample': 0.7126902918461084, 'colsample_bytree': 0.9396695203042136, 'gamma': 2.5510355066588253}. Best is trial 4 with value: 0.13661266195480395.
[I 2026-03-12 01:03:21,216] Trial 27 finished with value: 0.13850338065507345 and parameters: {'n_estimators': 1341, 'learning_rate': 0.01832522054729555, 'max_depth': 3, 'min_child_weight': 6, 'subsample': 0.5888439898819327, 'colsample_bytree': 0.9929161839743534, 'gamma': 3.2527065654049268}. Best is trial 4 with value: 0.13661266195480395.
[I 2026-03-12 01:03:27,506] Trial 28 finished with value: 0.1392559549758206 and parameters: {'n_estimators': 1227, 'learning_rate': 0.01512806962304819, 'max_depth': 5, 'min_child_weight': 4, 'subsample': 0.7007072571254858, 'colsample_bytree': 0.9501419965589261, 'gamma': 3.7197834005672474}. Best is trial 4 with value: 0.13661266195480395.
[I 2026-03-12 01:03:30,982] Trial 29 finished with value: 0.1375713191629583 and parameters: {'n_estimators': 637, 'learning_rate': 0.032019222889233805, 'max_depth': 4, 'min_child_weight': 5, 'subsample': 0.6258872487152047, 'colsample_bytree': 0.8580243065694023, 'gamma': 2.537095716636902}. Best is trial 4 with value: 0.13661266195480395.
Best Brier: 0.13661
--- Women LightGBM ---
[I 2026-03-12 01:03:30,982] A new study created in memory with name: no-name-e57a782a-4bb1-4226-8f37-86413889a63b
[I 2026-03-12 01:03:42,733] Trial 0 finished with value: 0.138891389807994 and parameters: {'n_estimators': 684, 'learning_rate': 0.009109868067122452, 'num_leaves': 49, 'max_depth': 4, 'min_data_in_leaf': 79, 'feature_fraction': 0.552806166493834, 'bagging_fraction': 0.9339060664110183, 'bagging_freq': 4}. Best is trial 0 with value: 0.138891389807994.
[I 2026-03-12 01:04:00,257] Trial 1 finished with value: 0.1588139810078989 and parameters: {'n_estimators': 756, 'learning_rate': 0.05666544717257935, 'num_leaves': 62, 'max_depth': 6, 'min_data_in_leaf': 86, 'feature_fraction': 0.6857975480816264, 'bagging_fraction': 0.6854137176014345, 'bagging_freq': 7}. Best is trial 0 with value: 0.138891389807994.
[I 2026-03-12 01:04:16,499] Trial 2 finished with value: 0.14062432025283408 and parameters: {'n_estimators': 502, 'learning_rate': 0.009743403272835873, 'num_leaves': 111, 'max_depth': 5, 'min_data_in_leaf': 7, 'feature_fraction': 0.9727165292393587, 'bagging_fraction': 0.531168860746174, 'bagging_freq': 4}. Best is trial 0 with value: 0.138891389807994.
[I 2026-03-12 01:06:18,879] Trial 3 finished with value: 0.15763544999804782 and parameters: {'n_estimators': 1633, 'learning_rate': 0.0645725827844755, 'num_leaves': 113, 'max_depth': 11, 'min_data_in_leaf': 22, 'feature_fraction': 0.5421243958866778, 'bagging_fraction': 0.6664674410617168, 'bagging_freq': 5}. Best is trial 0 with value: 0.138891389807994.
[I 2026-03-12 01:06:30,608] Trial 4 finished with value: 0.13785549065432287 and parameters: {'n_estimators': 980, 'learning_rate': 0.004578718546161248, 'num_leaves': 53, 'max_depth': 3, 'min_data_in_leaf': 83, 'feature_fraction': 0.6763590690770476, 'bagging_fraction': 0.8819483228660614, 'bagging_freq': 2}. Best is trial 4 with value: 0.13785549065432287.
[I 2026-03-12 01:06:53,732] Trial 5 finished with value: 0.14896235715563394 and parameters: {'n_estimators': 721, 'learning_rate': 0.0277365509146391, 'num_leaves': 102, 'max_depth': 6, 'min_data_in_leaf': 36, 'feature_fraction': 0.7263423374645255, 'bagging_fraction': 0.5188166828277285, 'bagging_freq': 3}. Best is trial 4 with value: 0.13785549065432287.
[I 2026-03-12 01:07:25,255] Trial 6 finished with value: 0.1627847738211144 and parameters: {'n_estimators': 1564, 'learning_rate': 0.06489171952695291, 'num_leaves': 29, 'max_depth': 6, 'min_data_in_leaf': 100, 'feature_fraction': 0.8309433165484598, 'bagging_fraction': 0.594747827681923, 'bagging_freq': 3}. Best is trial 4 with value: 0.13785549065432287.
[I 2026-03-12 01:08:03,212] Trial 7 finished with value: 0.14184732493101007 and parameters: {'n_estimators': 730, 'learning_rate': 0.0026690979360428765, 'num_leaves': 125, 'max_depth': 8, 'min_data_in_leaf': 50, 'feature_fraction': 0.9189070947199975, 'bagging_fraction': 0.7305512389812321, 'bagging_freq': 5}. Best is trial 4 with value: 0.13785549065432287.
[I 2026-03-12 01:09:05,454] Trial 8 finished with value: 0.14030708685870721 and parameters: {'n_estimators': 1824, 'learning_rate': 0.002856873284226578, 'num_leaves': 73, 'max_depth': 10, 'min_data_in_leaf': 80, 'feature_fraction': 0.650088691635033, 'bagging_fraction': 0.7402036535827977, 'bagging_freq': 2}. Best is trial 4 with value: 0.13785549065432287.
[I 2026-03-12 01:09:51,365] Trial 9 finished with value: 0.15845491548951374 and parameters: {'n_estimators': 1081, 'learning_rate': 0.05426849244693181, 'num_leaves': 115, 'max_depth': 12, 'min_data_in_leaf': 52, 'feature_fraction': 0.9253628346316947, 'bagging_fraction': 0.6158443878824124, 'bagging_freq': 7}. Best is trial 4 with value: 0.13785549065432287.
[I 2026-03-12 01:10:06,886] Trial 10 finished with value: 0.1490299297882182 and parameters: {'n_estimators': 1161, 'learning_rate': 0.0011450374592590115, 'num_leaves': 18, 'max_depth': 3, 'min_data_in_leaf': 67, 'feature_fraction': 0.809414660347455, 'bagging_fraction': 0.8899699977354717, 'bagging_freq': 1}. Best is trial 4 with value: 0.13785549065432287.
[I 2026-03-12 01:10:18,832] Trial 11 finished with value: 0.14134922426093105 and parameters: {'n_estimators': 995, 'learning_rate': 0.01003358066202079, 'num_leaves': 50, 'max_depth': 3, 'min_data_in_leaf': 71, 'feature_fraction': 0.519974061671675, 'bagging_fraction': 0.9709085128621814, 'bagging_freq': 1}. Best is trial 4 with value: 0.13785549065432287.
[I 2026-03-12 01:10:34,011] Trial 12 finished with value: 0.14057427373908718 and parameters: {'n_estimators': 925, 'learning_rate': 0.008984965820741082, 'num_leaves': 45, 'max_depth': 4, 'min_data_in_leaf': 100, 'feature_fraction': 0.6129666925933133, 'bagging_fraction': 0.8468642464097346, 'bagging_freq': 3}. Best is trial 4 with value: 0.13785549065432287.
[I 2026-03-12 01:10:57,463] Trial 13 finished with value: 0.13730149816878995 and parameters: {'n_estimators': 1392, 'learning_rate': 0.004258506469801288, 'num_leaves': 82, 'max_depth': 4, 'min_data_in_leaf': 84, 'feature_fraction': 0.5864174374249501, 'bagging_fraction': 0.8520521715574665, 'bagging_freq': 5}. Best is trial 13 with value: 0.13730149816878995.
[I 2026-03-12 01:11:52,290] Trial 14 finished with value: 0.14167049662308057 and parameters: {'n_estimators': 1361, 'learning_rate': 0.0038071616011855166, 'num_leaves': 81, 'max_depth': 8, 'min_data_in_leaf': 63, 'feature_fraction': 0.6055847678130172, 'bagging_fraction': 0.8208496226958272, 'bagging_freq': 6}. Best is trial 13 with value: 0.13730149816878995.
[I 2026-03-12 01:12:08,462] Trial 15 finished with value: 0.14405366328102642 and parameters: {'n_estimators': 1335, 'learning_rate': 0.0012327880826430479, 'num_leaves': 88, 'max_depth': 3, 'min_data_in_leaf': 89, 'feature_fraction': 0.7697119827283929, 'bagging_fraction': 0.813452527726851, 'bagging_freq': 5}. Best is trial 13 with value: 0.13730149816878995.
[I 2026-03-12 01:12:45,664] Trial 16 finished with value: 0.14113743202994475 and parameters: {'n_estimators': 1500, 'learning_rate': 0.004929927719243441, 'num_leaves': 95, 'max_depth': 5, 'min_data_in_leaf': 61, 'feature_fraction': 0.6971916379515123, 'bagging_fraction': 0.8884032983232698, 'bagging_freq': 2}. Best is trial 13 with value: 0.13730149816878995.
[I 2026-03-12 01:13:35,469] Trial 17 finished with value: 0.15308956289145545 and parameters: {'n_estimators': 1857, 'learning_rate': 0.017706259312895805, 'num_leaves': 61, 'max_depth': 7, 'min_data_in_leaf': 91, 'feature_fraction': 0.5923595904020226, 'bagging_fraction': 0.9913290639451995, 'bagging_freq': 6}. Best is trial 13 with value: 0.13730149816878995.
[I 2026-03-12 01:14:53,213] Trial 18 finished with value: 0.14188876164088687 and parameters: {'n_estimators': 1218, 'learning_rate': 0.0017569106805752084, 'num_leaves': 69, 'max_depth': 9, 'min_data_in_leaf': 43, 'feature_fraction': 0.6540002811764669, 'bagging_fraction': 0.7926652917149402, 'bagging_freq': 4}. Best is trial 13 with value: 0.13730149816878995.
[I 2026-03-12 01:15:17,273] Trial 19 finished with value: 0.1386311788666691 and parameters: {'n_estimators': 1373, 'learning_rate': 0.005598585193231477, 'num_leaves': 33, 'max_depth': 4, 'min_data_in_leaf': 70, 'feature_fraction': 0.7617597446030989, 'bagging_fraction': 0.9031068855851947, 'bagging_freq': 2}. Best is trial 13 with value: 0.13730149816878995.
[I 2026-03-12 01:15:35,884] Trial 20 finished with value: 0.14429652775485413 and parameters: {'n_estimators': 898, 'learning_rate': 0.023042911934120676, 'num_leaves': 80, 'max_depth': 5, 'min_data_in_leaf': 79, 'feature_fraction': 0.5104222733644675, 'bagging_fraction': 0.7739986373885679, 'bagging_freq': 6}. Best is trial 13 with value: 0.13730149816878995.
[I 2026-03-12 01:16:00,270] Trial 21 finished with value: 0.14118689540165302 and parameters: {'n_estimators': 1418, 'learning_rate': 0.005638638163669218, 'num_leaves': 35, 'max_depth': 4, 'min_data_in_leaf': 73, 'feature_fraction': 0.755613754189389, 'bagging_fraction': 0.8880680198284808, 'bagging_freq': 2}. Best is trial 13 with value: 0.13730149816878995.
[I 2026-03-12 01:16:29,675] Trial 22 finished with value: 0.1422153106658418 and parameters: {'n_estimators': 1667, 'learning_rate': 0.0056816867569038825, 'num_leaves': 36, 'max_depth': 4, 'min_data_in_leaf': 59, 'feature_fraction': 0.810231312129567, 'bagging_fraction': 0.9340984819336079, 'bagging_freq': 1}. Best is trial 13 with value: 0.13730149816878995.
[I 2026-03-12 01:16:45,367] Trial 23 finished with value: 0.1368833977493145 and parameters: {'n_estimators': 1279, 'learning_rate': 0.0023733414324589885, 'num_leaves': 16, 'max_depth': 3, 'min_data_in_leaf': 93, 'feature_fraction': 0.8611022769443997, 'bagging_fraction': 0.8554494224812066, 'bagging_freq': 2}. Best is trial 23 with value: 0.1368833977493145.
[I 2026-03-12 01:16:58,736] Trial 24 finished with value: 0.14056815580784465 and parameters: {'n_estimators': 1093, 'learning_rate': 0.0019467740246932497, 'num_leaves': 17, 'max_depth': 3, 'min_data_in_leaf': 93, 'feature_fraction': 0.8716355794474672, 'bagging_fraction': 0.8433501955938719, 'bagging_freq': 3}. Best is trial 23 with value: 0.1368833977493145.
[I 2026-03-12 01:17:14,060] Trial 25 finished with value: 0.13772341394321744 and parameters: {'n_estimators': 1274, 'learning_rate': 0.0032176193053645922, 'num_leaves': 59, 'max_depth': 3, 'min_data_in_leaf': 86, 'feature_fraction': 0.5731602257119319, 'bagging_fraction': 0.8514626278238844, 'bagging_freq': 2}. Best is trial 23 with value: 0.1368833977493145.
[I 2026-03-12 01:17:43,812] Trial 26 finished with value: 0.1388366625482153 and parameters: {'n_estimators': 1262, 'learning_rate': 0.002711311138549196, 'num_leaves': 98, 'max_depth': 5, 'min_data_in_leaf': 94, 'feature_fraction': 0.5698076586894156, 'bagging_fraction': 0.7736102231055165, 'bagging_freq': 5}. Best is trial 23 with value: 0.1368833977493145.
[I 2026-03-12 01:19:04,092] Trial 27 finished with value: 0.14023993276190272 and parameters: {'n_estimators': 1991, 'learning_rate': 0.0016998520685584737, 'num_leaves': 88, 'max_depth': 7, 'min_data_in_leaf': 75, 'feature_fraction': 0.9973377829660234, 'bagging_fraction': 0.9446738883762074, 'bagging_freq': 3}. Best is trial 23 with value: 0.1368833977493145.
