[I 2026-03-12 05:12:57,604] Trial 39 finished with value: 0.18625252505876733 and parameters: {'n_estimators': 1400, 'learning_rate': 0.004914706203708115, 'num_leaves': 54, 'max_depth': 5, 'min_data_in_leaf': 40, 'feature_fraction': 0.4611172073910567, 'bagging_fraction': 0.5475714366357494, 'bagging_freq': 3, 'lambda_l1': 0.014709903748934177, 'lambda_l2': 1.77477738290701e-06}. Best is trial 23 with value: 0.18588626641206452.
[W 2026-03-12 05:12:57,605] The parameter `n_estimators` in Trial#40 is sampled independently using `RandomSampler` instead of `TPESampler`, potentially degrading the optimization performance. This fallback happend because dynamic search space is not supported for `multivariate=True`. You can suppress this warning by setting `warn_independent_sampling` to `False` in the constructor of `TPESampler` if this independent sampling is intended behavior.
[W 2026-03-12 05:12:57,606] The parameter `num_leaves` in Trial#40 is sampled independently using `RandomSampler` instead of `TPESampler`, potentially degrading the optimization performance. This fallback happend because dynamic search space is not supported for `multivariate=True`. You can suppress this warning by setting `warn_independent_sampling` to `False` in the constructor of `TPESampler` if this independent sampling is intended behavior.
[W 2026-03-12 05:12:57,607] The parameter `max_depth` in Trial#40 is sampled independently using `RandomSampler` instead of `TPESampler`, potentially degrading the optimization performance. This fallback happend because dynamic search space is not supported for `multivariate=True`. You can suppress this warning by setting `warn_independent_sampling` to `False` in the constructor of `TPESampler` if this independent sampling is intended behavior.
[W 2026-03-12 05:12:57,608] The parameter `min_data_in_leaf` in Trial#40 is sampled independently using `RandomSampler` instead of `TPESampler`, potentially degrading the optimization performance. This fallback happend because dynamic search space is not supported for `multivariate=True`. You can suppress this warning by setting `warn_independent_sampling` to `False` in the constructor of `TPESampler` if this independent sampling is intended behavior.
[W 2026-03-12 05:12:57,608] The parameter `feature_fraction` in Trial#40 is sampled independently using `RandomSampler` instead of `TPESampler`, potentially degrading the optimization performance. This fallback happend because dynamic search space is not supported for `multivariate=True`. You can suppress this warning by setting `warn_independent_sampling` to `False` in the constructor of `TPESampler` if this independent sampling is intended behavior.
[W 2026-03-12 05:12:57,609] The parameter `bagging_fraction` in Trial#40 is sampled independently using `RandomSampler` instead of `TPESampler`, potentially degrading the optimization performance. This fallback happend because dynamic search space is not supported for `multivariate=True`. You can suppress this warning by setting `warn_independent_sampling` to `False` in the constructor of `TPESampler` if this independent sampling is intended behavior.
[W 2026-03-12 05:12:57,609] The parameter `bagging_freq` in Trial#40 is sampled independently using `RandomSampler` instead of `TPESampler`, potentially degrading the optimization performance. This fallback happend because dynamic search space is not supported for `multivariate=True`. You can suppress this warning by setting `warn_independent_sampling` to `False` in the constructor of `TPESampler` if this independent sampling is intended behavior.
[W 2026-03-12 05:12:57,610] The parameter `lambda_l1` in Trial#40 is sampled independently using `RandomSampler` instead of `TPESampler`, potentially degrading the optimization performance. This fallback happend because dynamic search space is not supported for `multivariate=True`. You can suppress this warning by setting `warn_independent_sampling` to `False` in the constructor of `TPESampler` if this independent sampling is intended behavior.
[W 2026-03-12 05:12:57,610] The parameter `lambda_l2` in Trial#40 is sampled independently using `RandomSampler` instead of `TPESampler`, potentially degrading the optimization performance. This fallback happend because dynamic search space is not supported for `multivariate=True`. You can suppress this warning by setting `warn_independent_sampling` to `False` in the constructor of `TPESampler` if this independent sampling is intended behavior.
[I 2026-03-12 05:13:57,477] Trial 40 finished with value: 0.1875669974668218 and parameters: {'n_estimators': 1815, 'learning_rate': 0.005169942387807578, 'num_leaves': 125, 'max_depth': 8, 'min_data_in_leaf': 125, 'feature_fraction': 0.6731230660595288, 'bagging_fraction': 0.6191120132076063, 'bagging_freq': 3, 'lambda_l1': 3.285872941923036e-06, 'lambda_l2': 6.150815083328747}. Best is trial 23 with value: 0.18588626641206452.
[W 2026-03-12 05:13:57,478] The parameter `n_estimators` in Trial#41 is sampled independently using `RandomSampler` instead of `TPESampler`, potentially degrading the optimization performance. This fallback happend because dynamic search space is not supported for `multivariate=True`. You can suppress this warning by setting `warn_independent_sampling` to `False` in the constructor of `TPESampler` if this independent sampling is intended behavior.
[W 2026-03-12 05:13:57,479] The parameter `num_leaves` in Trial#41 is sampled independently using `RandomSampler` instead of `TPESampler`, potentially degrading the optimization performance. This fallback happend because dynamic search space is not supported for `multivariate=True`. You can suppress this warning by setting `warn_independent_sampling` to `False` in the constructor of `TPESampler` if this independent sampling is intended behavior.
[W 2026-03-12 05:13:57,480] The parameter `max_depth` in Trial#41 is sampled independently using `RandomSampler` instead of `TPESampler`, potentially degrading the optimization performance. This fallback happend because dynamic search space is not supported for `multivariate=True`. You can suppress this warning by setting `warn_independent_sampling` to `False` in the constructor of `TPESampler` if this independent sampling is intended behavior.
[W 2026-03-12 05:13:57,480] The parameter `min_data_in_leaf` in Trial#41 is sampled independently using `RandomSampler` instead of `TPESampler`, potentially degrading the optimization performance. This fallback happend because dynamic search space is not supported for `multivariate=True`. You can suppress this warning by setting `warn_independent_sampling` to `False` in the constructor of `TPESampler` if this independent sampling is intended behavior.
[W 2026-03-12 05:13:57,481] The parameter `feature_fraction` in Trial#41 is sampled independently using `RandomSampler` instead of `TPESampler`, potentially degrading the optimization performance. This fallback happend because dynamic search space is not supported for `multivariate=True`. You can suppress this warning by setting `warn_independent_sampling` to `False` in the constructor of `TPESampler` if this independent sampling is intended behavior.
[W 2026-03-12 05:13:57,481] The parameter `bagging_fraction` in Trial#41 is sampled independently using `RandomSampler` instead of `TPESampler`, potentially degrading the optimization performance. This fallback happend because dynamic search space is not supported for `multivariate=True`. You can suppress this warning by setting `warn_independent_sampling` to `False` in the constructor of `TPESampler` if this independent sampling is intended behavior.
[W 2026-03-12 05:13:57,482] The parameter `bagging_freq` in Trial#41 is sampled independently using `RandomSampler` instead of `TPESampler`, potentially degrading the optimization performance. This fallback happend because dynamic search space is not supported for `multivariate=True`. You can suppress this warning by setting `warn_independent_sampling` to `False` in the constructor of `TPESampler` if this independent sampling is intended behavior.
[W 2026-03-12 05:13:57,482] The parameter `lambda_l1` in Trial#41 is sampled independently using `RandomSampler` instead of `TPESampler`, potentially degrading the optimization performance. This fallback happend because dynamic search space is not supported for `multivariate=True`. You can suppress this warning by setting `warn_independent_sampling` to `False` in the constructor of `TPESampler` if this independent sampling is intended behavior.
[W 2026-03-12 05:13:57,484] The parameter `lambda_l2` in Trial#41 is sampled independently using `RandomSampler` instead of `TPESampler`, potentially degrading the optimization performance. This fallback happend because dynamic search space is not supported for `multivariate=True`. You can suppress this warning by setting `warn_independent_sampling` to `False` in the constructor of `TPESampler` if this independent sampling is intended behavior.
[I 2026-03-12 05:14:45,829] Trial 41 finished with value: 0.1874014643802779 and parameters: {'n_estimators': 1333, 'learning_rate': 0.0048429352502105255, 'num_leaves': 47, 'max_depth': 5, 'min_data_in_leaf': 22, 'feature_fraction': 0.4382819196704275, 'bagging_fraction': 0.5436261957045744, 'bagging_freq': 3, 'lambda_l1': 0.04836789245108559, 'lambda_l2': 1.4356976746288837e-06}. Best is trial 23 with value: 0.18588626641206452.
[W 2026-03-12 05:14:45,830] The parameter `n_estimators` in Trial#42 is sampled independently using `RandomSampler` instead of `TPESampler`, potentially degrading the optimization performance. This fallback happend because dynamic search space is not supported for `multivariate=True`. You can suppress this warning by setting `warn_independent_sampling` to `False` in the constructor of `TPESampler` if this independent sampling is intended behavior.
[W 2026-03-12 05:14:45,831] The parameter `num_leaves` in Trial#42 is sampled independently using `RandomSampler` instead of `TPESampler`, potentially degrading the optimization performance. This fallback happend because dynamic search space is not supported for `multivariate=True`. You can suppress this warning by setting `warn_independent_sampling` to `False` in the constructor of `TPESampler` if this independent sampling is intended behavior.
[W 2026-03-12 05:14:45,832] The parameter `max_depth` in Trial#42 is sampled independently using `RandomSampler` instead of `TPESampler`, potentially degrading the optimization performance. This fallback happend because dynamic search space is not supported for `multivariate=True`. You can suppress this warning by setting `warn_independent_sampling` to `False` in the constructor of `TPESampler` if this independent sampling is intended behavior.
[W 2026-03-12 05:14:45,833] The parameter `min_data_in_leaf` in Trial#42 is sampled independently using `RandomSampler` instead of `TPESampler`, potentially degrading the optimization performance. This fallback happend because dynamic search space is not supported for `multivariate=True`. You can suppress this warning by setting `warn_independent_sampling` to `False` in the constructor of `TPESampler` if this independent sampling is intended behavior.
[W 2026-03-12 05:14:45,833] The parameter `feature_fraction` in Trial#42 is sampled independently using `RandomSampler` instead of `TPESampler`, potentially degrading the optimization performance. This fallback happend because dynamic search space is not supported for `multivariate=True`. You can suppress this warning by setting `warn_independent_sampling` to `False` in the constructor of `TPESampler` if this independent sampling is intended behavior.
[W 2026-03-12 05:14:45,834] The parameter `bagging_fraction` in Trial#42 is sampled independently using `RandomSampler` instead of `TPESampler`, potentially degrading the optimization performance. This fallback happend because dynamic search space is not supported for `multivariate=True`. You can suppress this warning by setting `warn_independent_sampling` to `False` in the constructor of `TPESampler` if this independent sampling is intended behavior.
[W 2026-03-12 05:14:45,834] The parameter `bagging_freq` in Trial#42 is sampled independently using `RandomSampler` instead of `TPESampler`, potentially degrading the optimization performance. This fallback happend because dynamic search space is not supported for `multivariate=True`. You can suppress this warning by setting `warn_independent_sampling` to `False` in the constructor of `TPESampler` if this independent sampling is intended behavior.
[W 2026-03-12 05:14:45,835] The parameter `lambda_l1` in Trial#42 is sampled independently using `RandomSampler` instead of `TPESampler`, potentially degrading the optimization performance. This fallback happend because dynamic search space is not supported for `multivariate=True`. You can suppress this warning by setting `warn_independent_sampling` to `False` in the constructor of `TPESampler` if this independent sampling is intended behavior.
[W 2026-03-12 05:14:45,835] The parameter `lambda_l2` in Trial#42 is sampled independently using `RandomSampler` instead of `TPESampler`, potentially degrading the optimization performance. This fallback happend because dynamic search space is not supported for `multivariate=True`. You can suppress this warning by setting `warn_independent_sampling` to `False` in the constructor of `TPESampler` if this independent sampling is intended behavior.
[I 2026-03-12 05:15:27,507] Trial 42 finished with value: 0.18650038276141265 and parameters: {'n_estimators': 1258, 'learning_rate': 0.004310100078410405, 'num_leaves': 57, 'max_depth': 5, 'min_data_in_leaf': 39, 'feature_fraction': 0.4989816854245897, 'bagging_fraction': 0.5311818341677861, 'bagging_freq': 3, 'lambda_l1': 0.02319657492833288, 'lambda_l2': 2.3289601339905167e-06}. Best is trial 23 with value: 0.18588626641206452.
[W 2026-03-12 05:15:27,508] The parameter `n_estimators` in Trial#43 is sampled independently using `RandomSampler` instead of `TPESampler`, potentially degrading the optimization performance. This fallback happend because dynamic search space is not supported for `multivariate=True`. You can suppress this warning by setting `warn_independent_sampling` to `False` in the constructor of `TPESampler` if this independent sampling is intended behavior.
[W 2026-03-12 05:15:27,509] The parameter `num_leaves` in Trial#43 is sampled independently using `RandomSampler` instead of `TPESampler`, potentially degrading the optimization performance. This fallback happend because dynamic search space is not supported for `multivariate=True`. You can suppress this warning by setting `warn_independent_sampling` to `False` in the constructor of `TPESampler` if this independent sampling is intended behavior.
[W 2026-03-12 05:15:27,510] The parameter `max_depth` in Trial#43 is sampled independently using `RandomSampler` instead of `TPESampler`, potentially degrading the optimization performance. This fallback happend because dynamic search space is not supported for `multivariate=True`. You can suppress this warning by setting `warn_independent_sampling` to `False` in the constructor of `TPESampler` if this independent sampling is intended behavior.
[W 2026-03-12 05:15:27,510] The parameter `min_data_in_leaf` in Trial#43 is sampled independently using `RandomSampler` instead of `TPESampler`, potentially degrading the optimization performance. This fallback happend because dynamic search space is not supported for `multivariate=True`. You can suppress this warning by setting `warn_independent_sampling` to `False` in the constructor of `TPESampler` if this independent sampling is intended behavior.
[W 2026-03-12 05:15:27,511] The parameter `feature_fraction` in Trial#43 is sampled independently using `RandomSampler` instead of `TPESampler`, potentially degrading the optimization performance. This fallback happend because dynamic search space is not supported for `multivariate=True`. You can suppress this warning by setting `warn_independent_sampling` to `False` in the constructor of `TPESampler` if this independent sampling is intended behavior.
[W 2026-03-12 05:15:27,512] The parameter `bagging_fraction` in Trial#43 is sampled independently using `RandomSampler` instead of `TPESampler`, potentially degrading the optimization performance. This fallback happend because dynamic search space is not supported for `multivariate=True`. You can suppress this warning by setting `warn_independent_sampling` to `False` in the constructor of `TPESampler` if this independent sampling is intended behavior.
[W 2026-03-12 05:15:27,512] The parameter `bagging_freq` in Trial#43 is sampled independently using `RandomSampler` instead of `TPESampler`, potentially degrading the optimization performance. This fallback happend because dynamic search space is not supported for `multivariate=True`. You can suppress this warning by setting `warn_independent_sampling` to `False` in the constructor of `TPESampler` if this independent sampling is intended behavior.
[W 2026-03-12 05:15:27,513] The parameter `lambda_l1` in Trial#43 is sampled independently using `RandomSampler` instead of `TPESampler`, potentially degrading the optimization performance. This fallback happend because dynamic search space is not supported for `multivariate=True`. You can suppress this warning by setting `warn_independent_sampling` to `False` in the constructor of `TPESampler` if this independent sampling is intended behavior.
[W 2026-03-12 05:15:27,513] The parameter `lambda_l2` in Trial#43 is sampled independently using `RandomSampler` instead of `TPESampler`, potentially degrading the optimization performance. This fallback happend because dynamic search space is not supported for `multivariate=True`. You can suppress this warning by setting `warn_independent_sampling` to `False` in the constructor of `TPESampler` if this independent sampling is intended behavior.
