[I 2026-03-12 08:26:01,229] Trial 97 finished with value: 0.13909115614615286 and parameters: {'n_estimators': 2206, 'learning_rate': 0.0010565016184598014, 'num_leaves': 228, 'max_depth': 4, 'min_data_in_leaf': 161, 'feature_fraction': 0.45506590703883076, 'bagging_fraction': 0.7272576206641816, 'bagging_freq': 4, 'lambda_l1': 0.021578936653473286, 'lambda_l2': 0.06256837079601428}. Best is trial 78 with value: 0.13629598981868857.
[W 2026-03-12 08:26:01,229] The parameter `n_estimators` in Trial#98 is sampled independently using `RandomSampler` instead of `TPESampler`, potentially degrading the optimization performance. This fallback happend because dynamic search space is not supported for `multivariate=True`. You can suppress this warning by setting `warn_independent_sampling` to `False` in the constructor of `TPESampler` if this independent sampling is intended behavior.
[W 2026-03-12 08:26:01,231] The parameter `num_leaves` in Trial#98 is sampled independently using `RandomSampler` instead of `TPESampler`, potentially degrading the optimization performance. This fallback happend because dynamic search space is not supported for `multivariate=True`. You can suppress this warning by setting `warn_independent_sampling` to `False` in the constructor of `TPESampler` if this independent sampling is intended behavior.
[W 2026-03-12 08:26:01,232] The parameter `max_depth` in Trial#98 is sampled independently using `RandomSampler` instead of `TPESampler`, potentially degrading the optimization performance. This fallback happend because dynamic search space is not supported for `multivariate=True`. You can suppress this warning by setting `warn_independent_sampling` to `False` in the constructor of `TPESampler` if this independent sampling is intended behavior.
[W 2026-03-12 08:26:01,233] The parameter `min_data_in_leaf` in Trial#98 is sampled independently using `RandomSampler` instead of `TPESampler`, potentially degrading the optimization performance. This fallback happend because dynamic search space is not supported for `multivariate=True`. You can suppress this warning by setting `warn_independent_sampling` to `False` in the constructor of `TPESampler` if this independent sampling is intended behavior.
[W 2026-03-12 08:26:01,234] The parameter `feature_fraction` in Trial#98 is sampled independently using `RandomSampler` instead of `TPESampler`, potentially degrading the optimization performance. This fallback happend because dynamic search space is not supported for `multivariate=True`. You can suppress this warning by setting `warn_independent_sampling` to `False` in the constructor of `TPESampler` if this independent sampling is intended behavior.
[W 2026-03-12 08:26:01,234] The parameter `bagging_fraction` in Trial#98 is sampled independently using `RandomSampler` instead of `TPESampler`, potentially degrading the optimization performance. This fallback happend because dynamic search space is not supported for `multivariate=True`. You can suppress this warning by setting `warn_independent_sampling` to `False` in the constructor of `TPESampler` if this independent sampling is intended behavior.
[W 2026-03-12 08:26:01,235] The parameter `bagging_freq` in Trial#98 is sampled independently using `RandomSampler` instead of `TPESampler`, potentially degrading the optimization performance. This fallback happend because dynamic search space is not supported for `multivariate=True`. You can suppress this warning by setting `warn_independent_sampling` to `False` in the constructor of `TPESampler` if this independent sampling is intended behavior.
[W 2026-03-12 08:26:01,236] The parameter `lambda_l1` in Trial#98 is sampled independently using `RandomSampler` instead of `TPESampler`, potentially degrading the optimization performance. This fallback happend because dynamic search space is not supported for `multivariate=True`. You can suppress this warning by setting `warn_independent_sampling` to `False` in the constructor of `TPESampler` if this independent sampling is intended behavior.
[W 2026-03-12 08:26:01,236] The parameter `lambda_l2` in Trial#98 is sampled independently using `RandomSampler` instead of `TPESampler`, potentially degrading the optimization performance. This fallback happend because dynamic search space is not supported for `multivariate=True`. You can suppress this warning by setting `warn_independent_sampling` to `False` in the constructor of `TPESampler` if this independent sampling is intended behavior.
[I 2026-03-12 08:26:42,231] Trial 98 finished with value: 0.1385263114086335 and parameters: {'n_estimators': 1899, 'learning_rate': 0.0034204156878460228, 'num_leaves': 254, 'max_depth': 5, 'min_data_in_leaf': 127, 'feature_fraction': 0.5358683561985659, 'bagging_fraction': 0.7216815641398254, 'bagging_freq': 2, 'lambda_l1': 3.490194321417766e-05, 'lambda_l2': 1.7968934716026108e-06}. Best is trial 78 with value: 0.13629598981868857.
[W 2026-03-12 08:26:42,232] The parameter `n_estimators` in Trial#99 is sampled independently using `RandomSampler` instead of `TPESampler`, potentially degrading the optimization performance. This fallback happend because dynamic search space is not supported for `multivariate=True`. You can suppress this warning by setting `warn_independent_sampling` to `False` in the constructor of `TPESampler` if this independent sampling is intended behavior.
[W 2026-03-12 08:26:42,234] The parameter `num_leaves` in Trial#99 is sampled independently using `RandomSampler` instead of `TPESampler`, potentially degrading the optimization performance. This fallback happend because dynamic search space is not supported for `multivariate=True`. You can suppress this warning by setting `warn_independent_sampling` to `False` in the constructor of `TPESampler` if this independent sampling is intended behavior.
[W 2026-03-12 08:26:42,234] The parameter `max_depth` in Trial#99 is sampled independently using `RandomSampler` instead of `TPESampler`, potentially degrading the optimization performance. This fallback happend because dynamic search space is not supported for `multivariate=True`. You can suppress this warning by setting `warn_independent_sampling` to `False` in the constructor of `TPESampler` if this independent sampling is intended behavior.
[W 2026-03-12 08:26:42,235] The parameter `min_data_in_leaf` in Trial#99 is sampled independently using `RandomSampler` instead of `TPESampler`, potentially degrading the optimization performance. This fallback happend because dynamic search space is not supported for `multivariate=True`. You can suppress this warning by setting `warn_independent_sampling` to `False` in the constructor of `TPESampler` if this independent sampling is intended behavior.
[W 2026-03-12 08:26:42,236] The parameter `feature_fraction` in Trial#99 is sampled independently using `RandomSampler` instead of `TPESampler`, potentially degrading the optimization performance. This fallback happend because dynamic search space is not supported for `multivariate=True`. You can suppress this warning by setting `warn_independent_sampling` to `False` in the constructor of `TPESampler` if this independent sampling is intended behavior.
[W 2026-03-12 08:26:42,237] The parameter `bagging_fraction` in Trial#99 is sampled independently using `RandomSampler` instead of `TPESampler`, potentially degrading the optimization performance. This fallback happend because dynamic search space is not supported for `multivariate=True`. You can suppress this warning by setting `warn_independent_sampling` to `False` in the constructor of `TPESampler` if this independent sampling is intended behavior.
[W 2026-03-12 08:26:42,237] The parameter `bagging_freq` in Trial#99 is sampled independently using `RandomSampler` instead of `TPESampler`, potentially degrading the optimization performance. This fallback happend because dynamic search space is not supported for `multivariate=True`. You can suppress this warning by setting `warn_independent_sampling` to `False` in the constructor of `TPESampler` if this independent sampling is intended behavior.
[W 2026-03-12 08:26:42,238] The parameter `lambda_l1` in Trial#99 is sampled independently using `RandomSampler` instead of `TPESampler`, potentially degrading the optimization performance. This fallback happend because dynamic search space is not supported for `multivariate=True`. You can suppress this warning by setting `warn_independent_sampling` to `False` in the constructor of `TPESampler` if this independent sampling is intended behavior.
[W 2026-03-12 08:26:42,238] The parameter `lambda_l2` in Trial#99 is sampled independently using `RandomSampler` instead of `TPESampler`, potentially degrading the optimization performance. This fallback happend because dynamic search space is not supported for `multivariate=True`. You can suppress this warning by setting `warn_independent_sampling` to `False` in the constructor of `TPESampler` if this independent sampling is intended behavior.
[I 2026-03-12 08:27:26,183] Trial 99 finished with value: 0.15430544714538405 and parameters: {'n_estimators': 2228, 'learning_rate': 0.0004903101615902494, 'num_leaves': 184, 'max_depth': 4, 'min_data_in_leaf': 81, 'feature_fraction': 0.40715017985766827, 'bagging_fraction': 0.40646643318449505, 'bagging_freq': 3, 'lambda_l1': 0.0012060627251955227, 'lambda_l2': 0.0031747589409719477}. Best is trial 78 with value: 0.13629598981868857.
Best Brier: 0.13630

✅ V47 Deep Tuning Complete. Global best parameters saved to v47_deep_optuna_results.json
⏱️ Total Time: 398.2 minutes
