[I 2026-03-12 02:37:29,089] Trial 56 finished with value: 0.1868636143338313 and parameters: {'iterations': 1485, 'learning_rate': 0.004663977384038868, 'depth': 8, 'l2_leaf_reg': 21.831449780477083, 'subsample': 0.4893416685869475, 'random_strength': 0.9804441065118574, 'bagging_temperature': 0.2318172070894201, 'border_count': 48}. Best is trial 39 with value: 0.18370229313367764.
[I 2026-03-12 02:38:28,679] Trial 57 finished with value: 0.1872539691309391 and parameters: {'iterations': 1516, 'learning_rate': 0.045281648921958524, 'depth': 10, 'l2_leaf_reg': 12.207881524914542, 'subsample': 0.59803570760525, 'random_strength': 0.3241273226625907, 'bagging_temperature': 1.6569534000192574, 'border_count': 67}. Best is trial 39 with value: 0.18370229313367764.
[I 2026-03-12 02:39:57,750] Trial 58 finished with value: 0.18826465594917247 and parameters: {'iterations': 1773, 'learning_rate': 0.04751460538614181, 'depth': 10, 'l2_leaf_reg': 0.10757759032798486, 'subsample': 0.6007979843591238, 'random_strength': 1.3468883574202737, 'bagging_temperature': 0.35181701608504784, 'border_count': 93}. Best is trial 39 with value: 0.18370229313367764.
[I 2026-03-12 02:41:24,283] Trial 59 finished with value: 0.18656163364352452 and parameters: {'iterations': 1436, 'learning_rate': 0.010748133984285056, 'depth': 10, 'l2_leaf_reg': 22.688940758050435, 'subsample': 0.46192072955203, 'random_strength': 3.629270070206136, 'bagging_temperature': 0.592625367863036, 'border_count': 118}. Best is trial 39 with value: 0.18370229313367764.
[I 2026-03-12 02:41:33,959] Trial 60 finished with value: 0.20576746765390416 and parameters: {'iterations': 1138, 'learning_rate': 0.11248055039507628, 'depth': 5, 'l2_leaf_reg': 0.12084549358023927, 'subsample': 0.6188058160757635, 'random_strength': 18.853546382930354, 'bagging_temperature': 4.598482300597748, 'border_count': 117}. Best is trial 39 with value: 0.18370229313367764.
[I 2026-03-12 02:42:11,198] Trial 61 finished with value: 0.2023599833707918 and parameters: {'iterations': 2425, 'learning_rate': 0.15266540149142185, 'depth': 8, 'l2_leaf_reg': 0.2676747168735511, 'subsample': 0.6193383267238096, 'random_strength': 2.9627365506703285, 'bagging_temperature': 2.176101312610897, 'border_count': 52}. Best is trial 39 with value: 0.18370229313367764.
[I 2026-03-12 02:42:29,518] Trial 62 finished with value: 0.1865066872445829 and parameters: {'iterations': 914, 'learning_rate': 0.01023885891038894, 'depth': 7, 'l2_leaf_reg': 5.801626765582495, 'subsample': 0.42994888318696917, 'random_strength': 1.0695760956046838, 'bagging_temperature': 2.907743039766067, 'border_count': 196}. Best is trial 39 with value: 0.18370229313367764.
[I 2026-03-12 02:42:34,387] Trial 63 finished with value: 0.2196611676539342 and parameters: {'iterations': 876, 'learning_rate': 0.000544705307276878, 'depth': 3, 'l2_leaf_reg': 20.926083223837868, 'subsample': 0.6147273185959357, 'random_strength': 1.3947025005756135, 'bagging_temperature': 1.6048679233131957, 'border_count': 182}. Best is trial 39 with value: 0.18370229313367764.
[I 2026-03-12 02:43:59,674] Trial 64 finished with value: 0.20182690063576297 and parameters: {'iterations': 1287, 'learning_rate': 0.00078927648652585, 'depth': 10, 'l2_leaf_reg': 0.6467245629578559, 'subsample': 0.46698483138262886, 'random_strength': 4.663212707540065, 'bagging_temperature': 2.8785006674639213, 'border_count': 133}. Best is trial 39 with value: 0.18370229313367764.
[I 2026-03-12 02:44:20,559] Trial 65 finished with value: 0.21295775211364795 and parameters: {'iterations': 581, 'learning_rate': 0.001578630967046659, 'depth': 8, 'l2_leaf_reg': 30.697384552523676, 'subsample': 0.7283748857545769, 'random_strength': 8.623309599034222, 'bagging_temperature': 1.1940158059165733, 'border_count': 215}. Best is trial 39 with value: 0.18370229313367764.
[I 2026-03-12 02:44:47,196] Trial 66 finished with value: 0.23838701623114744 and parameters: {'iterations': 1099, 'learning_rate': 0.00013124146675692807, 'depth': 8, 'l2_leaf_reg': 0.4086260701804535, 'subsample': 0.5584157550869067, 'random_strength': 18.378984255831533, 'bagging_temperature': 1.3838855101453988, 'border_count': 128}. Best is trial 39 with value: 0.18370229313367764.
[I 2026-03-12 02:45:04,924] Trial 67 finished with value: 0.19301091592208586 and parameters: {'iterations': 1680, 'learning_rate': 0.0014853134009735383, 'depth': 5, 'l2_leaf_reg': 20.959531221760084, 'subsample': 0.6446457690396155, 'random_strength': 16.648934538833664, 'bagging_temperature': 1.0975922496053991, 'border_count': 232}. Best is trial 39 with value: 0.18370229313367764.
[I 2026-03-12 02:45:53,508] Trial 68 finished with value: 0.19056031867968296 and parameters: {'iterations': 2457, 'learning_rate': 0.04539985544337132, 'depth': 9, 'l2_leaf_reg': 0.1575193590309242, 'subsample': 0.7730100214916356, 'random_strength': 1.172151057417763, 'bagging_temperature': 1.0372975883339972, 'border_count': 38}. Best is trial 39 with value: 0.18370229313367764.
[I 2026-03-12 02:48:10,431] Trial 69 finished with value: 0.20001802675819141 and parameters: {'iterations': 2194, 'learning_rate': 0.136972674437446, 'depth': 9, 'l2_leaf_reg': 3.6449386055617663, 'subsample': 0.7334483175680713, 'random_strength': 19.91626923082959, 'bagging_temperature': 1.529601220175808, 'border_count': 207}. Best is trial 39 with value: 0.18370229313367764.
[I 2026-03-12 02:49:33,813] Trial 70 finished with value: 0.18543509414721052 and parameters: {'iterations': 1899, 'learning_rate': 0.005196650286798732, 'depth': 10, 'l2_leaf_reg': 1.31016760633991, 'subsample': 0.6484381336259059, 'random_strength': 0.02206168432268174, 'bagging_temperature': 0.46998681591214553, 'border_count': 78}. Best is trial 39 with value: 0.18370229313367764.
[I 2026-03-12 02:51:33,220] Trial 71 finished with value: 0.18580074462253984 and parameters: {'iterations': 2144, 'learning_rate': 0.0041206658554388724, 'depth': 9, 'l2_leaf_reg': 2.5781523031375775, 'subsample': 0.6639174268456858, 'random_strength': 5.817979602767531, 'bagging_temperature': 0.06493381606671955, 'border_count': 173}. Best is trial 39 with value: 0.18370229313367764.
[I 2026-03-12 02:52:32,989] Trial 72 finished with value: 0.18654408917243942 and parameters: {'iterations': 1125, 'learning_rate': 0.009483292097125971, 'depth': 9, 'l2_leaf_reg': 0.7116758676456055, 'subsample': 0.47139640405320593, 'random_strength': 0.8083285239925946, 'bagging_temperature': 2.335463144168323, 'border_count': 165}. Best is trial 39 with value: 0.18370229313367764.
[I 2026-03-12 02:53:23,265] Trial 73 finished with value: 0.1871677647617925 and parameters: {'iterations': 2005, 'learning_rate': 0.012254842961334037, 'depth': 8, 'l2_leaf_reg': 2.656059421999989, 'subsample': 0.4254566309812996, 'random_strength': 5.5891740959572624, 'bagging_temperature': 1.386948529740287, 'border_count': 120}. Best is trial 39 with value: 0.18370229313367764.
[I 2026-03-12 02:54:26,969] Trial 74 finished with value: 0.21599014153152726 and parameters: {'iterations': 1684, 'learning_rate': 0.0006470185895058608, 'depth': 9, 'l2_leaf_reg': 58.3950309895159, 'subsample': 0.48875772775348575, 'random_strength': 7.008162328803196, 'bagging_temperature': 1.8243583327066557, 'border_count': 107}. Best is trial 39 with value: 0.18370229313367764.
[I 2026-03-12 02:55:50,295] Trial 75 finished with value: 0.18528380651603074 and parameters: {'iterations': 1765, 'learning_rate': 0.005528331606661813, 'depth': 10, 'l2_leaf_reg': 0.9180322653152954, 'subsample': 0.6540174974765569, 'random_strength': 1.740908528098171, 'bagging_temperature': 2.1131964412205333, 'border_count': 77}. Best is trial 39 with value: 0.18370229313367764.
[I 2026-03-12 02:56:01,343] Trial 76 finished with value: 0.1906257878808744 and parameters: {'iterations': 1215, 'learning_rate': 0.002679009568809856, 'depth': 4, 'l2_leaf_reg': 10.011535656980199, 'subsample': 0.9719314586880017, 'random_strength': 15.230283429488289, 'bagging_temperature': 3.157198882004889, 'border_count': 177}. Best is trial 39 with value: 0.18370229313367764.
[I 2026-03-12 02:56:36,016] Trial 77 finished with value: 0.18682739872014079 and parameters: {'iterations': 1719, 'learning_rate': 0.01189890281745663, 'depth': 9, 'l2_leaf_reg': 3.768346332636794, 'subsample': 0.5624856340014033, 'random_strength': 1.6554673336905135, 'bagging_temperature': 3.268092195674102, 'border_count': 35}. Best is trial 39 with value: 0.18370229313367764.
[I 2026-03-12 02:58:17,919] Trial 78 finished with value: 0.18797519526136958 and parameters: {'iterations': 2419, 'learning_rate': 0.02541969250966745, 'depth': 10, 'l2_leaf_reg': 0.33907105498710066, 'subsample': 0.6306351009207205, 'random_strength': 3.1179755972415113, 'bagging_temperature': 0.5369053555082319, 'border_count': 66}. Best is trial 39 with value: 0.18370229313367764.
[I 2026-03-12 02:58:56,380] Trial 79 finished with value: 0.1853400677681956 and parameters: {'iterations': 1977, 'learning_rate': 0.005437855521499788, 'depth': 8, 'l2_leaf_reg': 3.691635090209143, 'subsample': 0.669634988116133, 'random_strength': 0.18574825818213725, 'bagging_temperature': 1.9776505196959957, 'border_count': 68}. Best is trial 39 with value: 0.18370229313367764.
[I 2026-03-12 02:59:35,920] Trial 80 finished with value: 0.18879797096237388 and parameters: {'iterations': 918, 'learning_rate': 0.0035175186347048185, 'depth': 10, 'l2_leaf_reg': 2.4906557114347816, 'subsample': 0.7332332798888139, 'random_strength': 6.71741906083167, 'bagging_temperature': 3.5332644005648612, 'border_count': 68}. Best is trial 39 with value: 0.18370229313367764.
[I 2026-03-12 03:01:27,346] Trial 81 finished with value: 0.18491719282092156 and parameters: {'iterations': 1906, 'learning_rate': 0.005545089993654144, 'depth': 10, 'l2_leaf_reg': 0.7232891269696679, 'subsample': 0.729621854520127, 'random_strength': 2.6483069226721367, 'bagging_temperature': 2.6224310073909662, 'border_count': 100}. Best is trial 39 with value: 0.18370229313367764.
[I 2026-03-12 03:03:20,404] Trial 82 finished with value: 0.18558716106122425 and parameters: {'iterations': 1911, 'learning_rate': 0.004088747980736351, 'depth': 10, 'l2_leaf_reg': 0.9170132690132257, 'subsample': 0.657798161237062, 'random_strength': 6.293481556490896, 'bagging_temperature': 1.882290764664984, 'border_count': 103}. Best is trial 39 with value: 0.18370229313367764.
[I 2026-03-12 03:05:37,159] Trial 83 finished with value: 0.18555288068482603 and parameters: {'iterations': 1759, 'learning_rate': 0.0070390170543408815, 'depth': 10, 'l2_leaf_reg': 0.9842457220475307, 'subsample': 0.6939553880237777, 'random_strength': 2.049638222095249, 'bagging_temperature': 3.594827230722255, 'border_count': 142}. Best is trial 39 with value: 0.18370229313367764.
[I 2026-03-12 03:06:51,530] Trial 84 finished with value: 0.18549942081440912 and parameters: {'iterations': 1729, 'learning_rate': 0.006684598037732272, 'depth': 10, 'l2_leaf_reg': 4.820753552334616, 'subsample': 0.7998309103552905, 'random_strength': 1.9736113299828648, 'bagging_temperature': 2.7412267174803184, 'border_count': 66}. Best is trial 39 with value: 0.18370229313367764.
[I 2026-03-12 03:08:54,442] Trial 85 finished with value: 0.20788444907801285 and parameters: {'iterations': 1833, 'learning_rate': 0.00038489163322436037, 'depth': 10, 'l2_leaf_reg': 0.10172015373487346, 'subsample': 0.783718841860224, 'random_strength': 2.521526153680126, 'bagging_temperature': 2.7097912740987007, 'border_count': 119}. Best is trial 39 with value: 0.18370229313367764.
[I 2026-03-12 03:10:00,294] Trial 86 finished with value: 0.18899022745904034 and parameters: {'iterations': 1912, 'learning_rate': 0.07351069047135711, 'depth': 9, 'l2_leaf_reg': 0.6852675184544623, 'subsample': 0.7841531990272881, 'random_strength': 5.081078794127964, 'bagging_temperature': 4.001531069501989, 'border_count': 86}. Best is trial 39 with value: 0.18370229313367764.
[I 2026-03-12 03:11:04,092] Trial 87 finished with value: 0.18695573353953313 and parameters: {'iterations': 1299, 'learning_rate': 0.005584820377851287, 'depth': 10, 'l2_leaf_reg': 4.510979764575936, 'subsample': 0.49393521275671715, 'random_strength': 5.287571679679332, 'bagging_temperature': 2.012745825173078, 'border_count': 84}. Best is trial 39 with value: 0.18370229313367764.
[I 2026-03-12 03:11:16,866] Trial 88 finished with value: 0.18786013787908695 and parameters: {'iterations': 963, 'learning_rate': 0.029087376113311247, 'depth': 7, 'l2_leaf_reg': 1.711466703636008, 'subsample': 0.4048391297730344, 'random_strength': 1.7684271741282411, 'bagging_temperature': 2.514448647521055, 'border_count': 70}. Best is trial 39 with value: 0.18370229313367764.
[I 2026-03-12 03:12:30,266] Trial 89 finished with value: 0.19122833740705503 and parameters: {'iterations': 1878, 'learning_rate': 0.0010250398370617439, 'depth': 10, 'l2_leaf_reg': 1.0206313206655708, 'subsample': 0.7205715723605406, 'random_strength': 2.031631439503634, 'bagging_temperature': 2.9058473892833283, 'border_count': 60}. Best is trial 39 with value: 0.18370229313367764.
[I 2026-03-12 03:13:14,002] Trial 90 finished with value: 0.18446260944921186 and parameters: {'iterations': 1633, 'learning_rate': 0.007587908943023907, 'depth': 10, 'l2_leaf_reg': 0.25730066665832224, 'subsample': 0.6775901473208498, 'random_strength': 7.678266750711135, 'bagging_temperature': 2.751113888791969, 'border_count': 33}. Best is trial 39 with value: 0.18370229313367764.
[I 2026-03-12 03:15:42,284] Trial 91 finished with value: 0.1864097607395454 and parameters: {'iterations': 2142, 'learning_rate': 0.011260813667348258, 'depth': 10, 'l2_leaf_reg': 1.0516045828713327, 'subsample': 0.7764705019384027, 'random_strength': 2.2387582552296648, 'bagging_temperature': 2.320191922382543, 'border_count': 122}. Best is trial 39 with value: 0.18370229313367764.
[I 2026-03-12 03:16:22,599] Trial 92 finished with value: 0.18860837483201448 and parameters: {'iterations': 1608, 'learning_rate': 0.02075122688965032, 'depth': 9, 'l2_leaf_reg': 1.036596397838847, 'subsample': 0.7053737806129877, 'random_strength': 10.260749405602901, 'bagging_temperature': 2.4414374175499827, 'border_count': 51}. Best is trial 39 with value: 0.18370229313367764.
[I 2026-03-12 03:18:03,970] Trial 93 finished with value: 0.18750169991902504 and parameters: {'iterations': 1731, 'learning_rate': 0.017757129509926438, 'depth': 10, 'l2_leaf_reg': 0.22128207380430462, 'subsample': 0.6323076790126276, 'random_strength': 2.5078785496992153, 'bagging_temperature': 2.198950964840367, 'border_count': 101}. Best is trial 39 with value: 0.18370229313367764.
[I 2026-03-12 03:19:06,577] Trial 94 finished with value: 0.1845194066935041 and parameters: {'iterations': 1682, 'learning_rate': 0.012583259111763789, 'depth': 10, 'l2_leaf_reg': 0.2832908008550843, 'subsample': 0.7500431263510189, 'random_strength': 4.510520524380354, 'bagging_temperature': 3.869934525267018, 'border_count': 54}. Best is trial 39 with value: 0.18370229313367764.
[I 2026-03-12 03:21:17,199] Trial 95 finished with value: 0.21011869278590156 and parameters: {'iterations': 1707, 'learning_rate': 0.0006046005770164842, 'depth': 9, 'l2_leaf_reg': 15.050746457556654, 'subsample': 0.5007181562080312, 'random_strength': 17.50501113474207, 'bagging_temperature': 4.382384774760701, 'border_count': 241}. Best is trial 39 with value: 0.18370229313367764.
[I 2026-03-12 03:22:18,369] Trial 96 finished with value: 0.18655703931910633 and parameters: {'iterations': 1325, 'learning_rate': 0.002855939658535775, 'depth': 10, 'l2_leaf_reg': 0.1147941667648911, 'subsample': 0.5972642227072703, 'random_strength': 5.9655079161647215, 'bagging_temperature': 3.956511946214288, 'border_count': 74}. Best is trial 39 with value: 0.18370229313367764.
[I 2026-03-12 03:23:29,387] Trial 97 finished with value: 0.18549329970263392 and parameters: {'iterations': 1672, 'learning_rate': 0.012335846853384572, 'depth': 10, 'l2_leaf_reg': 0.26031804666123703, 'subsample': 0.6857164438028884, 'random_strength': 6.530594458212226, 'bagging_temperature': 4.052882150763563, 'border_count': 63}. Best is trial 39 with value: 0.18370229313367764.
[I 2026-03-12 03:24:49,210] Trial 98 finished with value: 0.18566172147049415 and parameters: {'iterations': 1992, 'learning_rate': 0.004942249393242757, 'depth': 9, 'l2_leaf_reg': 0.4744399035216781, 'subsample': 0.9445042463073839, 'random_strength': 1.2945544435389957, 'bagging_temperature': 4.672428818038092, 'border_count': 106}. Best is trial 39 with value: 0.18370229313367764.
[I 2026-03-12 03:25:43,421] Trial 99 finished with value: 0.1864606170718644 and parameters: {'iterations': 2185, 'learning_rate': 0.0022745450173704586, 'depth': 9, 'l2_leaf_reg': 0.1638659466647418, 'subsample': 0.5511079461895491, 'random_strength': 11.830464617350074, 'bagging_temperature': 1.5943972429939226, 'border_count': 55}. Best is trial 39 with value: 0.18370229313367764.
Best Brier: 0.18370
--- Men XGBoost ---
[I 2026-03-12 03:25:43,421] A new study created in memory with name: no-name-5b4c9e49-d4bf-4973-bd97-d7c98827a044
[I 2026-03-12 03:25:55,641] Trial 0 finished with value: 0.19658449134236497 and parameters: {'n_estimators': 2227, 'learning_rate': 0.011416311570442633, 'max_depth': 5, 'min_child_weight': 2, 'subsample': 0.5865893930293974, 'colsample_bytree': 0.5951099932160483, 'gamma': 14.59212356676128}. Best is trial 0 with value: 0.19658449134236497.
[I 2026-03-12 03:26:05,003] Trial 1 finished with value: 0.193663279432795 and parameters: {'n_estimators': 1775, 'learning_rate': 0.08486251057078473, 'max_depth': 6, 'min_child_weight': 3, 'subsample': 0.827946872333797, 'colsample_bytree': 0.8564710291701385, 'gamma': 11.225543951389925}. Best is trial 1 with value: 0.193663279432795.
[I 2026-03-12 03:26:49,453] Trial 2 finished with value: 0.1865594838582335 and parameters: {'n_estimators': 2042, 'learning_rate': 0.004266129901139967, 'max_depth': 7, 'min_child_weight': 9, 'subsample': 0.4152514760464571, 'colsample_bytree': 0.4647348561959827, 'gamma': 0.628583713734685}. Best is trial 2 with value: 0.1865594838582335.
[I 2026-03-12 03:27:04,817] Trial 3 finished with value: 0.19912110086004572 and parameters: {'n_estimators': 1773, 'learning_rate': 0.0010906829468078163, 'max_depth': 7, 'min_child_weight': 19, 'subsample': 0.549575337489325, 'colsample_bytree': 0.6462297538213778, 'gamma': 15.111022770860973}. Best is trial 2 with value: 0.1865594838582335.
[I 2026-03-12 03:27:17,164] Trial 4 finished with value: 0.2338460745759408 and parameters: {'n_estimators': 957, 'learning_rate': 0.00017952006276141663, 'max_depth': 5, 'min_child_weight': 4, 'subsample': 0.9578185914055438, 'colsample_bytree': 0.8848722277386502, 'gamma': 12.66807513020847}. Best is trial 2 with value: 0.1865594838582335.
[I 2026-03-12 03:27:28,999] Trial 5 finished with value: 0.19681974034685587 and parameters: {'n_estimators': 2243, 'learning_rate': 0.044972355239108246, 'max_depth': 4, 'min_child_weight': 18, 'subsample': 0.7236053451493905, 'colsample_bytree': 0.8844640930984375, 'gamma': 17.921825998469863}. Best is trial 2 with value: 0.1865594838582335.
[I 2026-03-12 03:27:50,085] Trial 6 finished with value: 0.22602472332537496 and parameters: {'n_estimators': 1136, 'learning_rate': 0.0002308259884291957, 'max_depth': 4, 'min_child_weight': 9, 'subsample': 0.8908088595534959, 'colsample_bytree': 0.916438349953806, 'gamma': 0.13904261062381407}. Best is trial 2 with value: 0.1865594838582335.
[I 2026-03-12 03:28:03,282] Trial 7 finished with value: 0.19258701713831497 and parameters: {'n_estimators': 1522, 'learning_rate': 0.0023871859070921284, 'max_depth': 4, 'min_child_weight': 3, 'subsample': 0.6025691028421768, 'colsample_bytree': 0.9657458223475115, 'gamma': 6.464058640415105}. Best is trial 2 with value: 0.1865594838582335.
[I 2026-03-12 03:28:11,753] Trial 8 finished with value: 0.19450008927192006 and parameters: {'n_estimators': 1538, 'learning_rate': 0.02092602167554226, 'max_depth': 5, 'min_child_weight': 20, 'subsample': 0.9774683769652668, 'colsample_bytree': 0.5510693774952186, 'gamma': 9.94497011784771}. Best is trial 2 with value: 0.1865594838582335.
