[I 2026-03-12 06:31:16,749] Trial 95 finished with value: 0.18833908343733632 and parameters: {'n_estimators': 2193, 'learning_rate': 0.01203315414681752, 'num_leaves': 34, 'max_depth': 5, 'min_data_in_leaf': 81, 'feature_fraction': 0.40346406446072336, 'bagging_fraction': 0.6192751088231782, 'bagging_freq': 4, 'lambda_l1': 0.4536574975100161, 'lambda_l2': 4.1097686203696265e-05}. Best is trial 63 with value: 0.18545264175830806.
[W 2026-03-12 06:31:16,750] The parameter `n_estimators` in Trial#96 is sampled independently using `RandomSampler` instead of `TPESampler`, potentially degrading the optimization performance. This fallback happend because dynamic search space is not supported for `multivariate=True`. You can suppress this warning by setting `warn_independent_sampling` to `False` in the constructor of `TPESampler` if this independent sampling is intended behavior.
[W 2026-03-12 06:31:16,751] The parameter `num_leaves` in Trial#96 is sampled independently using `RandomSampler` instead of `TPESampler`, potentially degrading the optimization performance. This fallback happend because dynamic search space is not supported for `multivariate=True`. You can suppress this warning by setting `warn_independent_sampling` to `False` in the constructor of `TPESampler` if this independent sampling is intended behavior.
[W 2026-03-12 06:31:16,753] The parameter `max_depth` in Trial#96 is sampled independently using `RandomSampler` instead of `TPESampler`, potentially degrading the optimization performance. This fallback happend because dynamic search space is not supported for `multivariate=True`. You can suppress this warning by setting `warn_independent_sampling` to `False` in the constructor of `TPESampler` if this independent sampling is intended behavior.
[W 2026-03-12 06:31:16,753] The parameter `min_data_in_leaf` in Trial#96 is sampled independently using `RandomSampler` instead of `TPESampler`, potentially degrading the optimization performance. This fallback happend because dynamic search space is not supported for `multivariate=True`. You can suppress this warning by setting `warn_independent_sampling` to `False` in the constructor of `TPESampler` if this independent sampling is intended behavior.
[W 2026-03-12 06:31:16,754] The parameter `feature_fraction` in Trial#96 is sampled independently using `RandomSampler` instead of `TPESampler`, potentially degrading the optimization performance. This fallback happend because dynamic search space is not supported for `multivariate=True`. You can suppress this warning by setting `warn_independent_sampling` to `False` in the constructor of `TPESampler` if this independent sampling is intended behavior.
[W 2026-03-12 06:31:16,755] The parameter `bagging_fraction` in Trial#96 is sampled independently using `RandomSampler` instead of `TPESampler`, potentially degrading the optimization performance. This fallback happend because dynamic search space is not supported for `multivariate=True`. You can suppress this warning by setting `warn_independent_sampling` to `False` in the constructor of `TPESampler` if this independent sampling is intended behavior.
[W 2026-03-12 06:31:16,755] The parameter `bagging_freq` in Trial#96 is sampled independently using `RandomSampler` instead of `TPESampler`, potentially degrading the optimization performance. This fallback happend because dynamic search space is not supported for `multivariate=True`. You can suppress this warning by setting `warn_independent_sampling` to `False` in the constructor of `TPESampler` if this independent sampling is intended behavior.
[W 2026-03-12 06:31:16,756] The parameter `lambda_l1` in Trial#96 is sampled independently using `RandomSampler` instead of `TPESampler`, potentially degrading the optimization performance. This fallback happend because dynamic search space is not supported for `multivariate=True`. You can suppress this warning by setting `warn_independent_sampling` to `False` in the constructor of `TPESampler` if this independent sampling is intended behavior.
[W 2026-03-12 06:31:16,756] The parameter `lambda_l2` in Trial#96 is sampled independently using `RandomSampler` instead of `TPESampler`, potentially degrading the optimization performance. This fallback happend because dynamic search space is not supported for `multivariate=True`. You can suppress this warning by setting `warn_independent_sampling` to `False` in the constructor of `TPESampler` if this independent sampling is intended behavior.
[I 2026-03-12 06:32:02,125] Trial 96 finished with value: 0.18646990667246546 and parameters: {'n_estimators': 1986, 'learning_rate': 0.0023819635539061167, 'num_leaves': 36, 'max_depth': 4, 'min_data_in_leaf': 43, 'feature_fraction': 0.48403874813320524, 'bagging_fraction': 0.6067042818105174, 'bagging_freq': 2, 'lambda_l1': 0.0021212197945662, 'lambda_l2': 1.539538538721043e-05}. Best is trial 63 with value: 0.18545264175830806.
[W 2026-03-12 06:32:02,126] The parameter `n_estimators` in Trial#97 is sampled independently using `RandomSampler` instead of `TPESampler`, potentially degrading the optimization performance. This fallback happend because dynamic search space is not supported for `multivariate=True`. You can suppress this warning by setting `warn_independent_sampling` to `False` in the constructor of `TPESampler` if this independent sampling is intended behavior.
[W 2026-03-12 06:32:02,128] The parameter `num_leaves` in Trial#97 is sampled independently using `RandomSampler` instead of `TPESampler`, potentially degrading the optimization performance. This fallback happend because dynamic search space is not supported for `multivariate=True`. You can suppress this warning by setting `warn_independent_sampling` to `False` in the constructor of `TPESampler` if this independent sampling is intended behavior.
[W 2026-03-12 06:32:02,129] The parameter `max_depth` in Trial#97 is sampled independently using `RandomSampler` instead of `TPESampler`, potentially degrading the optimization performance. This fallback happend because dynamic search space is not supported for `multivariate=True`. You can suppress this warning by setting `warn_independent_sampling` to `False` in the constructor of `TPESampler` if this independent sampling is intended behavior.
[W 2026-03-12 06:32:02,129] The parameter `min_data_in_leaf` in Trial#97 is sampled independently using `RandomSampler` instead of `TPESampler`, potentially degrading the optimization performance. This fallback happend because dynamic search space is not supported for `multivariate=True`. You can suppress this warning by setting `warn_independent_sampling` to `False` in the constructor of `TPESampler` if this independent sampling is intended behavior.
[W 2026-03-12 06:32:02,130] The parameter `feature_fraction` in Trial#97 is sampled independently using `RandomSampler` instead of `TPESampler`, potentially degrading the optimization performance. This fallback happend because dynamic search space is not supported for `multivariate=True`. You can suppress this warning by setting `warn_independent_sampling` to `False` in the constructor of `TPESampler` if this independent sampling is intended behavior.
[W 2026-03-12 06:32:02,131] The parameter `bagging_fraction` in Trial#97 is sampled independently using `RandomSampler` instead of `TPESampler`, potentially degrading the optimization performance. This fallback happend because dynamic search space is not supported for `multivariate=True`. You can suppress this warning by setting `warn_independent_sampling` to `False` in the constructor of `TPESampler` if this independent sampling is intended behavior.
[W 2026-03-12 06:32:02,131] The parameter `bagging_freq` in Trial#97 is sampled independently using `RandomSampler` instead of `TPESampler`, potentially degrading the optimization performance. This fallback happend because dynamic search space is not supported for `multivariate=True`. You can suppress this warning by setting `warn_independent_sampling` to `False` in the constructor of `TPESampler` if this independent sampling is intended behavior.
[W 2026-03-12 06:32:02,132] The parameter `lambda_l1` in Trial#97 is sampled independently using `RandomSampler` instead of `TPESampler`, potentially degrading the optimization performance. This fallback happend because dynamic search space is not supported for `multivariate=True`. You can suppress this warning by setting `warn_independent_sampling` to `False` in the constructor of `TPESampler` if this independent sampling is intended behavior.
[W 2026-03-12 06:32:02,132] The parameter `lambda_l2` in Trial#97 is sampled independently using `RandomSampler` instead of `TPESampler`, potentially degrading the optimization performance. This fallback happend because dynamic search space is not supported for `multivariate=True`. You can suppress this warning by setting `warn_independent_sampling` to `False` in the constructor of `TPESampler` if this independent sampling is intended behavior.
[I 2026-03-12 06:33:22,460] Trial 97 finished with value: 0.1886546075695377 and parameters: {'n_estimators': 2334, 'learning_rate': 0.005246478282955326, 'num_leaves': 45, 'max_depth': 5, 'min_data_in_leaf': 27, 'feature_fraction': 0.6930977273055534, 'bagging_fraction': 0.5812111086081632, 'bagging_freq': 3, 'lambda_l1': 1.8536503587181205e-08, 'lambda_l2': 1.7659569704806873e-06}. Best is trial 63 with value: 0.18545264175830806.
[W 2026-03-12 06:33:22,461] The parameter `n_estimators` in Trial#98 is sampled independently using `RandomSampler` instead of `TPESampler`, potentially degrading the optimization performance. This fallback happend because dynamic search space is not supported for `multivariate=True`. You can suppress this warning by setting `warn_independent_sampling` to `False` in the constructor of `TPESampler` if this independent sampling is intended behavior.
[W 2026-03-12 06:33:22,463] The parameter `num_leaves` in Trial#98 is sampled independently using `RandomSampler` instead of `TPESampler`, potentially degrading the optimization performance. This fallback happend because dynamic search space is not supported for `multivariate=True`. You can suppress this warning by setting `warn_independent_sampling` to `False` in the constructor of `TPESampler` if this independent sampling is intended behavior.
[W 2026-03-12 06:33:22,464] The parameter `max_depth` in Trial#98 is sampled independently using `RandomSampler` instead of `TPESampler`, potentially degrading the optimization performance. This fallback happend because dynamic search space is not supported for `multivariate=True`. You can suppress this warning by setting `warn_independent_sampling` to `False` in the constructor of `TPESampler` if this independent sampling is intended behavior.
[W 2026-03-12 06:33:22,465] The parameter `min_data_in_leaf` in Trial#98 is sampled independently using `RandomSampler` instead of `TPESampler`, potentially degrading the optimization performance. This fallback happend because dynamic search space is not supported for `multivariate=True`. You can suppress this warning by setting `warn_independent_sampling` to `False` in the constructor of `TPESampler` if this independent sampling is intended behavior.
[W 2026-03-12 06:33:22,465] The parameter `feature_fraction` in Trial#98 is sampled independently using `RandomSampler` instead of `TPESampler`, potentially degrading the optimization performance. This fallback happend because dynamic search space is not supported for `multivariate=True`. You can suppress this warning by setting `warn_independent_sampling` to `False` in the constructor of `TPESampler` if this independent sampling is intended behavior.
[W 2026-03-12 06:33:22,466] The parameter `bagging_fraction` in Trial#98 is sampled independently using `RandomSampler` instead of `TPESampler`, potentially degrading the optimization performance. This fallback happend because dynamic search space is not supported for `multivariate=True`. You can suppress this warning by setting `warn_independent_sampling` to `False` in the constructor of `TPESampler` if this independent sampling is intended behavior.
[W 2026-03-12 06:33:22,466] The parameter `bagging_freq` in Trial#98 is sampled independently using `RandomSampler` instead of `TPESampler`, potentially degrading the optimization performance. This fallback happend because dynamic search space is not supported for `multivariate=True`. You can suppress this warning by setting `warn_independent_sampling` to `False` in the constructor of `TPESampler` if this independent sampling is intended behavior.
[W 2026-03-12 06:33:22,467] The parameter `lambda_l1` in Trial#98 is sampled independently using `RandomSampler` instead of `TPESampler`, potentially degrading the optimization performance. This fallback happend because dynamic search space is not supported for `multivariate=True`. You can suppress this warning by setting `warn_independent_sampling` to `False` in the constructor of `TPESampler` if this independent sampling is intended behavior.
[W 2026-03-12 06:33:22,468] The parameter `lambda_l2` in Trial#98 is sampled independently using `RandomSampler` instead of `TPESampler`, potentially degrading the optimization performance. This fallback happend because dynamic search space is not supported for `multivariate=True`. You can suppress this warning by setting `warn_independent_sampling` to `False` in the constructor of `TPESampler` if this independent sampling is intended behavior.
[I 2026-03-12 06:34:33,581] Trial 98 finished with value: 0.18699431698454802 and parameters: {'n_estimators': 2040, 'learning_rate': 0.0014647580980422454, 'num_leaves': 116, 'max_depth': 7, 'min_data_in_leaf': 92, 'feature_fraction': 0.4043703512225647, 'bagging_fraction': 0.49766895154559043, 'bagging_freq': 2, 'lambda_l1': 1.79621204859867e-05, 'lambda_l2': 5.980856447126265e-05}. Best is trial 63 with value: 0.18545264175830806.
[W 2026-03-12 06:34:33,582] The parameter `n_estimators` in Trial#99 is sampled independently using `RandomSampler` instead of `TPESampler`, potentially degrading the optimization performance. This fallback happend because dynamic search space is not supported for `multivariate=True`. You can suppress this warning by setting `warn_independent_sampling` to `False` in the constructor of `TPESampler` if this independent sampling is intended behavior.
[W 2026-03-12 06:34:33,583] The parameter `num_leaves` in Trial#99 is sampled independently using `RandomSampler` instead of `TPESampler`, potentially degrading the optimization performance. This fallback happend because dynamic search space is not supported for `multivariate=True`. You can suppress this warning by setting `warn_independent_sampling` to `False` in the constructor of `TPESampler` if this independent sampling is intended behavior.
[W 2026-03-12 06:34:33,585] The parameter `max_depth` in Trial#99 is sampled independently using `RandomSampler` instead of `TPESampler`, potentially degrading the optimization performance. This fallback happend because dynamic search space is not supported for `multivariate=True`. You can suppress this warning by setting `warn_independent_sampling` to `False` in the constructor of `TPESampler` if this independent sampling is intended behavior.
[W 2026-03-12 06:34:33,585] The parameter `min_data_in_leaf` in Trial#99 is sampled independently using `RandomSampler` instead of `TPESampler`, potentially degrading the optimization performance. This fallback happend because dynamic search space is not supported for `multivariate=True`. You can suppress this warning by setting `warn_independent_sampling` to `False` in the constructor of `TPESampler` if this independent sampling is intended behavior.
[W 2026-03-12 06:34:33,586] The parameter `feature_fraction` in Trial#99 is sampled independently using `RandomSampler` instead of `TPESampler`, potentially degrading the optimization performance. This fallback happend because dynamic search space is not supported for `multivariate=True`. You can suppress this warning by setting `warn_independent_sampling` to `False` in the constructor of `TPESampler` if this independent sampling is intended behavior.
[W 2026-03-12 06:34:33,587] The parameter `bagging_fraction` in Trial#99 is sampled independently using `RandomSampler` instead of `TPESampler`, potentially degrading the optimization performance. This fallback happend because dynamic search space is not supported for `multivariate=True`. You can suppress this warning by setting `warn_independent_sampling` to `False` in the constructor of `TPESampler` if this independent sampling is intended behavior.
[W 2026-03-12 06:34:33,587] The parameter `bagging_freq` in Trial#99 is sampled independently using `RandomSampler` instead of `TPESampler`, potentially degrading the optimization performance. This fallback happend because dynamic search space is not supported for `multivariate=True`. You can suppress this warning by setting `warn_independent_sampling` to `False` in the constructor of `TPESampler` if this independent sampling is intended behavior.
[W 2026-03-12 06:34:33,588] The parameter `lambda_l1` in Trial#99 is sampled independently using `RandomSampler` instead of `TPESampler`, potentially degrading the optimization performance. This fallback happend because dynamic search space is not supported for `multivariate=True`. You can suppress this warning by setting `warn_independent_sampling` to `False` in the constructor of `TPESampler` if this independent sampling is intended behavior.
[W 2026-03-12 06:34:33,588] The parameter `lambda_l2` in Trial#99 is sampled independently using `RandomSampler` instead of `TPESampler`, potentially degrading the optimization performance. This fallback happend because dynamic search space is not supported for `multivariate=True`. You can suppress this warning by setting `warn_independent_sampling` to `False` in the constructor of `TPESampler` if this independent sampling is intended behavior.
[I 2026-03-12 06:35:40,558] Trial 99 finished with value: 0.18651331846114744 and parameters: {'n_estimators': 2288, 'learning_rate': 0.004638673342900354, 'num_leaves': 78, 'max_depth': 5, 'min_data_in_leaf': 60, 'feature_fraction': 0.4735432034580865, 'bagging_fraction': 0.5686271801620916, 'bagging_freq': 1, 'lambda_l1': 0.05543563685384186, 'lambda_l2': 0.003341569235767826}. Best is trial 63 with value: 0.18545264175830806.
Best Brier: 0.18545

🚀 [DEEP SEARCH] Tuning Women models (100 Trials per model)...
--- Women CatBoost ---
[I 2026-03-12 06:35:40,559] A new study created in memory with name: no-name-dcf854de-b6bf-4d5c-855e-0d5bd1b91a7f
[I 2026-03-12 06:36:41,637] Trial 0 finished with value: 0.1451966276496896 and parameters: {'iterations': 1089, 'learning_rate': 0.0018673217397139805, 'depth': 9, 'l2_leaf_reg': 0.8928243277966446, 'subsample': 0.5016956480116556, 'random_strength': 11.136025249167004, 'bagging_temperature': 4.680773870803905, 'border_count': 187}. Best is trial 0 with value: 0.1451966276496896.
[I 2026-03-12 06:37:15,727] Trial 1 finished with value: 0.22435393041591167 and parameters: {'iterations': 1640, 'learning_rate': 0.00020930640615319284, 'depth': 7, 'l2_leaf_reg': 93.36015204266911, 'subsample': 0.48405040914191444, 'random_strength': 10.366593047274735, 'bagging_temperature': 4.386865359639777, 'border_count': 197}. Best is trial 0 with value: 0.1451966276496896.
[I 2026-03-12 06:37:36,798] Trial 2 finished with value: 0.14703963450425536 and parameters: {'iterations': 1894, 'learning_rate': 0.020841118968976547, 'depth': 5, 'l2_leaf_reg': 0.7599334001601095, 'subsample': 0.8856166932871081, 'random_strength': 16.202267893583617, 'bagging_temperature': 4.335361592900519, 'border_count': 236}. Best is trial 0 with value: 0.1451966276496896.
[I 2026-03-12 06:38:32,765] Trial 3 finished with value: 0.13884742893288893 and parameters: {'iterations': 1523, 'learning_rate': 0.004523976414370468, 'depth': 9, 'l2_leaf_reg': 8.910289040644937, 'subsample': 0.821180126354622, 'random_strength': 15.91585338872202, 'bagging_temperature': 4.450026709087831, 'border_count': 107}. Best is trial 3 with value: 0.13884742893288893.
[I 2026-03-12 06:38:56,379] Trial 4 finished with value: 0.2138998013848957 and parameters: {'iterations': 1251, 'learning_rate': 0.00020428534033665416, 'depth': 7, 'l2_leaf_reg': 0.12818193443923123, 'subsample': 0.6793588108794761, 'random_strength': 10.852892694151532, 'bagging_temperature': 1.432706260641422, 'border_count': 164}. Best is trial 3 with value: 0.13884742893288893.
[I 2026-03-12 06:39:12,917] Trial 5 finished with value: 0.23838760458901204 and parameters: {'iterations': 561, 'learning_rate': 0.00013282734483015574, 'depth': 9, 'l2_leaf_reg': 1.2038487446822952, 'subsample': 0.4762363075911309, 'random_strength': 10.444865201096087, 'bagging_temperature': 3.849967765493054, 'border_count': 80}. Best is trial 3 with value: 0.13884742893288893.
[I 2026-03-12 06:39:23,434] Trial 6 finished with value: 0.21139801612778428 and parameters: {'iterations': 1746, 'learning_rate': 0.00019130862134468366, 'depth': 3, 'l2_leaf_reg': 3.927027067477072, 'subsample': 0.7243810729660639, 'random_strength': 12.748598029964132, 'bagging_temperature': 3.6304566686133075, 'border_count': 250}. Best is trial 3 with value: 0.13884742893288893.
[I 2026-03-12 06:41:13,282] Trial 7 finished with value: 0.1449704721043244 and parameters: {'iterations': 1533, 'learning_rate': 0.0011643646302812365, 'depth': 9, 'l2_leaf_reg': 0.6493767776722164, 'subsample': 0.6633828524233817, 'random_strength': 1.5691276268453191, 'bagging_temperature': 0.12675371707728755, 'border_count': 247}. Best is trial 3 with value: 0.13884742893288893.
