[I 2026-03-12 06:22:57,454] Trial 87 finished with value: 0.18746739208827462 and parameters: {'n_estimators': 2490, 'learning_rate': 0.0018183732426365045, 'num_leaves': 111, 'max_depth': 6, 'min_data_in_leaf': 31, 'feature_fraction': 0.48476042044264145, 'bagging_fraction': 0.9878193259907747, 'bagging_freq': 2, 'lambda_l1': 0.6115267262110818, 'lambda_l2': 7.385667921983817e-07}. Best is trial 63 with value: 0.18545264175830806.
[W 2026-03-12 06:22:57,455] The parameter `n_estimators` in Trial#88 is sampled independently using `RandomSampler` instead of `TPESampler`, potentially degrading the optimization performance. This fallback happend because dynamic search space is not supported for `multivariate=True`. You can suppress this warning by setting `warn_independent_sampling` to `False` in the constructor of `TPESampler` if this independent sampling is intended behavior.
[W 2026-03-12 06:22:57,456] The parameter `num_leaves` in Trial#88 is sampled independently using `RandomSampler` instead of `TPESampler`, potentially degrading the optimization performance. This fallback happend because dynamic search space is not supported for `multivariate=True`. You can suppress this warning by setting `warn_independent_sampling` to `False` in the constructor of `TPESampler` if this independent sampling is intended behavior.
[W 2026-03-12 06:22:57,457] The parameter `max_depth` in Trial#88 is sampled independently using `RandomSampler` instead of `TPESampler`, potentially degrading the optimization performance. This fallback happend because dynamic search space is not supported for `multivariate=True`. You can suppress this warning by setting `warn_independent_sampling` to `False` in the constructor of `TPESampler` if this independent sampling is intended behavior.
[W 2026-03-12 06:22:57,457] The parameter `min_data_in_leaf` in Trial#88 is sampled independently using `RandomSampler` instead of `TPESampler`, potentially degrading the optimization performance. This fallback happend because dynamic search space is not supported for `multivariate=True`. You can suppress this warning by setting `warn_independent_sampling` to `False` in the constructor of `TPESampler` if this independent sampling is intended behavior.
[W 2026-03-12 06:22:57,458] The parameter `feature_fraction` in Trial#88 is sampled independently using `RandomSampler` instead of `TPESampler`, potentially degrading the optimization performance. This fallback happend because dynamic search space is not supported for `multivariate=True`. You can suppress this warning by setting `warn_independent_sampling` to `False` in the constructor of `TPESampler` if this independent sampling is intended behavior.
[W 2026-03-12 06:22:57,459] The parameter `bagging_fraction` in Trial#88 is sampled independently using `RandomSampler` instead of `TPESampler`, potentially degrading the optimization performance. This fallback happend because dynamic search space is not supported for `multivariate=True`. You can suppress this warning by setting `warn_independent_sampling` to `False` in the constructor of `TPESampler` if this independent sampling is intended behavior.
[W 2026-03-12 06:22:57,459] The parameter `bagging_freq` in Trial#88 is sampled independently using `RandomSampler` instead of `TPESampler`, potentially degrading the optimization performance. This fallback happend because dynamic search space is not supported for `multivariate=True`. You can suppress this warning by setting `warn_independent_sampling` to `False` in the constructor of `TPESampler` if this independent sampling is intended behavior.
[W 2026-03-12 06:22:57,460] The parameter `lambda_l1` in Trial#88 is sampled independently using `RandomSampler` instead of `TPESampler`, potentially degrading the optimization performance. This fallback happend because dynamic search space is not supported for `multivariate=True`. You can suppress this warning by setting `warn_independent_sampling` to `False` in the constructor of `TPESampler` if this independent sampling is intended behavior.
[W 2026-03-12 06:22:57,461] The parameter `lambda_l2` in Trial#88 is sampled independently using `RandomSampler` instead of `TPESampler`, potentially degrading the optimization performance. This fallback happend because dynamic search space is not supported for `multivariate=True`. You can suppress this warning by setting `warn_independent_sampling` to `False` in the constructor of `TPESampler` if this independent sampling is intended behavior.
[I 2026-03-12 06:24:38,996] Trial 88 finished with value: 0.22930418687253956 and parameters: {'n_estimators': 2041, 'learning_rate': 0.00010369433422240431, 'num_leaves': 72, 'max_depth': 6, 'min_data_in_leaf': 118, 'feature_fraction': 0.6342056935354015, 'bagging_fraction': 0.9739504729125043, 'bagging_freq': 3, 'lambda_l1': 0.00039410432976040875, 'lambda_l2': 0.0003721846396659239}. Best is trial 63 with value: 0.18545264175830806.
[W 2026-03-12 06:24:38,997] The parameter `n_estimators` in Trial#89 is sampled independently using `RandomSampler` instead of `TPESampler`, potentially degrading the optimization performance. This fallback happend because dynamic search space is not supported for `multivariate=True`. You can suppress this warning by setting `warn_independent_sampling` to `False` in the constructor of `TPESampler` if this independent sampling is intended behavior.
[W 2026-03-12 06:24:38,998] The parameter `num_leaves` in Trial#89 is sampled independently using `RandomSampler` instead of `TPESampler`, potentially degrading the optimization performance. This fallback happend because dynamic search space is not supported for `multivariate=True`. You can suppress this warning by setting `warn_independent_sampling` to `False` in the constructor of `TPESampler` if this independent sampling is intended behavior.
[W 2026-03-12 06:24:38,999] The parameter `max_depth` in Trial#89 is sampled independently using `RandomSampler` instead of `TPESampler`, potentially degrading the optimization performance. This fallback happend because dynamic search space is not supported for `multivariate=True`. You can suppress this warning by setting `warn_independent_sampling` to `False` in the constructor of `TPESampler` if this independent sampling is intended behavior.
[W 2026-03-12 06:24:39,000] The parameter `min_data_in_leaf` in Trial#89 is sampled independently using `RandomSampler` instead of `TPESampler`, potentially degrading the optimization performance. This fallback happend because dynamic search space is not supported for `multivariate=True`. You can suppress this warning by setting `warn_independent_sampling` to `False` in the constructor of `TPESampler` if this independent sampling is intended behavior.
[W 2026-03-12 06:24:39,000] The parameter `feature_fraction` in Trial#89 is sampled independently using `RandomSampler` instead of `TPESampler`, potentially degrading the optimization performance. This fallback happend because dynamic search space is not supported for `multivariate=True`. You can suppress this warning by setting `warn_independent_sampling` to `False` in the constructor of `TPESampler` if this independent sampling is intended behavior.
[W 2026-03-12 06:24:39,001] The parameter `bagging_fraction` in Trial#89 is sampled independently using `RandomSampler` instead of `TPESampler`, potentially degrading the optimization performance. This fallback happend because dynamic search space is not supported for `multivariate=True`. You can suppress this warning by setting `warn_independent_sampling` to `False` in the constructor of `TPESampler` if this independent sampling is intended behavior.
[W 2026-03-12 06:24:39,001] The parameter `bagging_freq` in Trial#89 is sampled independently using `RandomSampler` instead of `TPESampler`, potentially degrading the optimization performance. This fallback happend because dynamic search space is not supported for `multivariate=True`. You can suppress this warning by setting `warn_independent_sampling` to `False` in the constructor of `TPESampler` if this independent sampling is intended behavior.
[W 2026-03-12 06:24:39,002] The parameter `lambda_l1` in Trial#89 is sampled independently using `RandomSampler` instead of `TPESampler`, potentially degrading the optimization performance. This fallback happend because dynamic search space is not supported for `multivariate=True`. You can suppress this warning by setting `warn_independent_sampling` to `False` in the constructor of `TPESampler` if this independent sampling is intended behavior.
[W 2026-03-12 06:24:39,003] The parameter `lambda_l2` in Trial#89 is sampled independently using `RandomSampler` instead of `TPESampler`, potentially degrading the optimization performance. This fallback happend because dynamic search space is not supported for `multivariate=True`. You can suppress this warning by setting `warn_independent_sampling` to `False` in the constructor of `TPESampler` if this independent sampling is intended behavior.
[I 2026-03-12 06:25:29,366] Trial 89 finished with value: 0.18655732495778124 and parameters: {'n_estimators': 2176, 'learning_rate': 0.003532984953415148, 'num_leaves': 97, 'max_depth': 4, 'min_data_in_leaf': 70, 'feature_fraction': 0.4812824258151517, 'bagging_fraction': 0.8810369126310459, 'bagging_freq': 1, 'lambda_l1': 7.818407153084837, 'lambda_l2': 1.2495660742654585e-05}. Best is trial 63 with value: 0.18545264175830806.
[W 2026-03-12 06:25:29,367] The parameter `n_estimators` in Trial#90 is sampled independently using `RandomSampler` instead of `TPESampler`, potentially degrading the optimization performance. This fallback happend because dynamic search space is not supported for `multivariate=True`. You can suppress this warning by setting `warn_independent_sampling` to `False` in the constructor of `TPESampler` if this independent sampling is intended behavior.
[W 2026-03-12 06:25:29,369] The parameter `num_leaves` in Trial#90 is sampled independently using `RandomSampler` instead of `TPESampler`, potentially degrading the optimization performance. This fallback happend because dynamic search space is not supported for `multivariate=True`. You can suppress this warning by setting `warn_independent_sampling` to `False` in the constructor of `TPESampler` if this independent sampling is intended behavior.
[W 2026-03-12 06:25:29,370] The parameter `max_depth` in Trial#90 is sampled independently using `RandomSampler` instead of `TPESampler`, potentially degrading the optimization performance. This fallback happend because dynamic search space is not supported for `multivariate=True`. You can suppress this warning by setting `warn_independent_sampling` to `False` in the constructor of `TPESampler` if this independent sampling is intended behavior.
[W 2026-03-12 06:25:29,371] The parameter `min_data_in_leaf` in Trial#90 is sampled independently using `RandomSampler` instead of `TPESampler`, potentially degrading the optimization performance. This fallback happend because dynamic search space is not supported for `multivariate=True`. You can suppress this warning by setting `warn_independent_sampling` to `False` in the constructor of `TPESampler` if this independent sampling is intended behavior.
[W 2026-03-12 06:25:29,371] The parameter `feature_fraction` in Trial#90 is sampled independently using `RandomSampler` instead of `TPESampler`, potentially degrading the optimization performance. This fallback happend because dynamic search space is not supported for `multivariate=True`. You can suppress this warning by setting `warn_independent_sampling` to `False` in the constructor of `TPESampler` if this independent sampling is intended behavior.
[W 2026-03-12 06:25:29,372] The parameter `bagging_fraction` in Trial#90 is sampled independently using `RandomSampler` instead of `TPESampler`, potentially degrading the optimization performance. This fallback happend because dynamic search space is not supported for `multivariate=True`. You can suppress this warning by setting `warn_independent_sampling` to `False` in the constructor of `TPESampler` if this independent sampling is intended behavior.
[W 2026-03-12 06:25:29,372] The parameter `bagging_freq` in Trial#90 is sampled independently using `RandomSampler` instead of `TPESampler`, potentially degrading the optimization performance. This fallback happend because dynamic search space is not supported for `multivariate=True`. You can suppress this warning by setting `warn_independent_sampling` to `False` in the constructor of `TPESampler` if this independent sampling is intended behavior.
[W 2026-03-12 06:25:29,373] The parameter `lambda_l1` in Trial#90 is sampled independently using `RandomSampler` instead of `TPESampler`, potentially degrading the optimization performance. This fallback happend because dynamic search space is not supported for `multivariate=True`. You can suppress this warning by setting `warn_independent_sampling` to `False` in the constructor of `TPESampler` if this independent sampling is intended behavior.
[W 2026-03-12 06:25:29,374] The parameter `lambda_l2` in Trial#90 is sampled independently using `RandomSampler` instead of `TPESampler`, potentially degrading the optimization performance. This fallback happend because dynamic search space is not supported for `multivariate=True`. You can suppress this warning by setting `warn_independent_sampling` to `False` in the constructor of `TPESampler` if this independent sampling is intended behavior.
[I 2026-03-12 06:26:54,036] Trial 90 finished with value: 0.19659313758204444 and parameters: {'n_estimators': 1895, 'learning_rate': 0.0005557593250774647, 'num_leaves': 64, 'max_depth': 6, 'min_data_in_leaf': 48, 'feature_fraction': 0.47391573254441327, 'bagging_fraction': 0.41284454563466794, 'bagging_freq': 5, 'lambda_l1': 0.07600429056851592, 'lambda_l2': 4.5212369937269124e-07}. Best is trial 63 with value: 0.18545264175830806.
[W 2026-03-12 06:26:54,037] The parameter `n_estimators` in Trial#91 is sampled independently using `RandomSampler` instead of `TPESampler`, potentially degrading the optimization performance. This fallback happend because dynamic search space is not supported for `multivariate=True`. You can suppress this warning by setting `warn_independent_sampling` to `False` in the constructor of `TPESampler` if this independent sampling is intended behavior.
[W 2026-03-12 06:26:54,038] The parameter `num_leaves` in Trial#91 is sampled independently using `RandomSampler` instead of `TPESampler`, potentially degrading the optimization performance. This fallback happend because dynamic search space is not supported for `multivariate=True`. You can suppress this warning by setting `warn_independent_sampling` to `False` in the constructor of `TPESampler` if this independent sampling is intended behavior.
[W 2026-03-12 06:26:54,039] The parameter `max_depth` in Trial#91 is sampled independently using `RandomSampler` instead of `TPESampler`, potentially degrading the optimization performance. This fallback happend because dynamic search space is not supported for `multivariate=True`. You can suppress this warning by setting `warn_independent_sampling` to `False` in the constructor of `TPESampler` if this independent sampling is intended behavior.
[W 2026-03-12 06:26:54,039] The parameter `min_data_in_leaf` in Trial#91 is sampled independently using `RandomSampler` instead of `TPESampler`, potentially degrading the optimization performance. This fallback happend because dynamic search space is not supported for `multivariate=True`. You can suppress this warning by setting `warn_independent_sampling` to `False` in the constructor of `TPESampler` if this independent sampling is intended behavior.
[W 2026-03-12 06:26:54,040] The parameter `feature_fraction` in Trial#91 is sampled independently using `RandomSampler` instead of `TPESampler`, potentially degrading the optimization performance. This fallback happend because dynamic search space is not supported for `multivariate=True`. You can suppress this warning by setting `warn_independent_sampling` to `False` in the constructor of `TPESampler` if this independent sampling is intended behavior.
[W 2026-03-12 06:26:54,041] The parameter `bagging_fraction` in Trial#91 is sampled independently using `RandomSampler` instead of `TPESampler`, potentially degrading the optimization performance. This fallback happend because dynamic search space is not supported for `multivariate=True`. You can suppress this warning by setting `warn_independent_sampling` to `False` in the constructor of `TPESampler` if this independent sampling is intended behavior.
[W 2026-03-12 06:26:54,041] The parameter `bagging_freq` in Trial#91 is sampled independently using `RandomSampler` instead of `TPESampler`, potentially degrading the optimization performance. This fallback happend because dynamic search space is not supported for `multivariate=True`. You can suppress this warning by setting `warn_independent_sampling` to `False` in the constructor of `TPESampler` if this independent sampling is intended behavior.
[W 2026-03-12 06:26:54,042] The parameter `lambda_l1` in Trial#91 is sampled independently using `RandomSampler` instead of `TPESampler`, potentially degrading the optimization performance. This fallback happend because dynamic search space is not supported for `multivariate=True`. You can suppress this warning by setting `warn_independent_sampling` to `False` in the constructor of `TPESampler` if this independent sampling is intended behavior.
[W 2026-03-12 06:26:54,043] The parameter `lambda_l2` in Trial#91 is sampled independently using `RandomSampler` instead of `TPESampler`, potentially degrading the optimization performance. This fallback happend because dynamic search space is not supported for `multivariate=True`. You can suppress this warning by setting `warn_independent_sampling` to `False` in the constructor of `TPESampler` if this independent sampling is intended behavior.
