[I 2026-03-12 03:47:42,074] Trial 33 finished with value: 0.18675193127559864 and parameters: {'n_estimators': 2021, 'learning_rate': 0.003089755797820524, 'max_depth': 7, 'min_child_weight': 17, 'subsample': 0.5600554737815719, 'colsample_bytree': 0.6126425749877646, 'gamma': 0.4698365786741592}. Best is trial 32 with value: 0.18573511514551205.
[W 2026-03-12 03:47:42,075] The parameter `n_estimators` in Trial#34 is sampled independently using `RandomSampler` instead of `TPESampler`, potentially degrading the optimization performance. This fallback happend because dynamic search space is not supported for `multivariate=True`. You can suppress this warning by setting `warn_independent_sampling` to `False` in the constructor of `TPESampler` if this independent sampling is intended behavior.
[W 2026-03-12 03:47:42,076] The parameter `max_depth` in Trial#34 is sampled independently using `RandomSampler` instead of `TPESampler`, potentially degrading the optimization performance. This fallback happend because dynamic search space is not supported for `multivariate=True`. You can suppress this warning by setting `warn_independent_sampling` to `False` in the constructor of `TPESampler` if this independent sampling is intended behavior.
[W 2026-03-12 03:47:42,076] The parameter `min_child_weight` in Trial#34 is sampled independently using `RandomSampler` instead of `TPESampler`, potentially degrading the optimization performance. This fallback happend because dynamic search space is not supported for `multivariate=True`. You can suppress this warning by setting `warn_independent_sampling` to `False` in the constructor of `TPESampler` if this independent sampling is intended behavior.
[W 2026-03-12 03:47:42,077] The parameter `colsample_bytree` in Trial#34 is sampled independently using `RandomSampler` instead of `TPESampler`, potentially degrading the optimization performance. This fallback happend because dynamic search space is not supported for `multivariate=True`. You can suppress this warning by setting `warn_independent_sampling` to `False` in the constructor of `TPESampler` if this independent sampling is intended behavior.
[W 2026-03-12 03:47:42,077] The parameter `gamma` in Trial#34 is sampled independently using `RandomSampler` instead of `TPESampler`, potentially degrading the optimization performance. This fallback happend because dynamic search space is not supported for `multivariate=True`. You can suppress this warning by setting `warn_independent_sampling` to `False` in the constructor of `TPESampler` if this independent sampling is intended behavior.
[I 2026-03-12 03:48:58,702] Trial 34 finished with value: 0.19144946233005172 and parameters: {'n_estimators': 2087, 'learning_rate': 0.00070749997273215, 'max_depth': 8, 'min_child_weight': 20, 'subsample': 0.5521712431896192, 'colsample_bytree': 0.5890141193645158, 'gamma': 0.0656843753237033}. Best is trial 32 with value: 0.18573511514551205.
[W 2026-03-12 03:48:58,703] The parameter `n_estimators` in Trial#35 is sampled independently using `RandomSampler` instead of `TPESampler`, potentially degrading the optimization performance. This fallback happend because dynamic search space is not supported for `multivariate=True`. You can suppress this warning by setting `warn_independent_sampling` to `False` in the constructor of `TPESampler` if this independent sampling is intended behavior.
[W 2026-03-12 03:48:58,704] The parameter `max_depth` in Trial#35 is sampled independently using `RandomSampler` instead of `TPESampler`, potentially degrading the optimization performance. This fallback happend because dynamic search space is not supported for `multivariate=True`. You can suppress this warning by setting `warn_independent_sampling` to `False` in the constructor of `TPESampler` if this independent sampling is intended behavior.
[W 2026-03-12 03:48:58,705] The parameter `min_child_weight` in Trial#35 is sampled independently using `RandomSampler` instead of `TPESampler`, potentially degrading the optimization performance. This fallback happend because dynamic search space is not supported for `multivariate=True`. You can suppress this warning by setting `warn_independent_sampling` to `False` in the constructor of `TPESampler` if this independent sampling is intended behavior.
[W 2026-03-12 03:48:58,705] The parameter `colsample_bytree` in Trial#35 is sampled independently using `RandomSampler` instead of `TPESampler`, potentially degrading the optimization performance. This fallback happend because dynamic search space is not supported for `multivariate=True`. You can suppress this warning by setting `warn_independent_sampling` to `False` in the constructor of `TPESampler` if this independent sampling is intended behavior.
[W 2026-03-12 03:48:58,706] The parameter `gamma` in Trial#35 is sampled independently using `RandomSampler` instead of `TPESampler`, potentially degrading the optimization performance. This fallback happend because dynamic search space is not supported for `multivariate=True`. You can suppress this warning by setting `warn_independent_sampling` to `False` in the constructor of `TPESampler` if this independent sampling is intended behavior.
[I 2026-03-12 03:49:44,299] Trial 35 finished with value: 0.18775551852368888 and parameters: {'n_estimators': 1734, 'learning_rate': 0.0012863530033340865, 'max_depth': 6, 'min_child_weight': 16, 'subsample': 0.5239511679838176, 'colsample_bytree': 0.609326951960892, 'gamma': 0.12857531356631965}. Best is trial 32 with value: 0.18573511514551205.
[W 2026-03-12 03:49:44,300] The parameter `n_estimators` in Trial#36 is sampled independently using `RandomSampler` instead of `TPESampler`, potentially degrading the optimization performance. This fallback happend because dynamic search space is not supported for `multivariate=True`. You can suppress this warning by setting `warn_independent_sampling` to `False` in the constructor of `TPESampler` if this independent sampling is intended behavior.
[W 2026-03-12 03:49:44,301] The parameter `max_depth` in Trial#36 is sampled independently using `RandomSampler` instead of `TPESampler`, potentially degrading the optimization performance. This fallback happend because dynamic search space is not supported for `multivariate=True`. You can suppress this warning by setting `warn_independent_sampling` to `False` in the constructor of `TPESampler` if this independent sampling is intended behavior.
[W 2026-03-12 03:49:44,302] The parameter `min_child_weight` in Trial#36 is sampled independently using `RandomSampler` instead of `TPESampler`, potentially degrading the optimization performance. This fallback happend because dynamic search space is not supported for `multivariate=True`. You can suppress this warning by setting `warn_independent_sampling` to `False` in the constructor of `TPESampler` if this independent sampling is intended behavior.
[W 2026-03-12 03:49:44,303] The parameter `colsample_bytree` in Trial#36 is sampled independently using `RandomSampler` instead of `TPESampler`, potentially degrading the optimization performance. This fallback happend because dynamic search space is not supported for `multivariate=True`. You can suppress this warning by setting `warn_independent_sampling` to `False` in the constructor of `TPESampler` if this independent sampling is intended behavior.
[W 2026-03-12 03:49:44,303] The parameter `gamma` in Trial#36 is sampled independently using `RandomSampler` instead of `TPESampler`, potentially degrading the optimization performance. This fallback happend because dynamic search space is not supported for `multivariate=True`. You can suppress this warning by setting `warn_independent_sampling` to `False` in the constructor of `TPESampler` if this independent sampling is intended behavior.
[I 2026-03-12 03:50:58,693] Trial 36 finished with value: 0.18678078498612957 and parameters: {'n_estimators': 2113, 'learning_rate': 0.0023524143559630235, 'max_depth': 8, 'min_child_weight': 16, 'subsample': 0.40274040438902003, 'colsample_bytree': 0.6617616310190075, 'gamma': 0.10459724035969187}. Best is trial 32 with value: 0.18573511514551205.
[W 2026-03-12 03:50:58,694] The parameter `n_estimators` in Trial#37 is sampled independently using `RandomSampler` instead of `TPESampler`, potentially degrading the optimization performance. This fallback happend because dynamic search space is not supported for `multivariate=True`. You can suppress this warning by setting `warn_independent_sampling` to `False` in the constructor of `TPESampler` if this independent sampling is intended behavior.
[W 2026-03-12 03:50:58,695] The parameter `max_depth` in Trial#37 is sampled independently using `RandomSampler` instead of `TPESampler`, potentially degrading the optimization performance. This fallback happend because dynamic search space is not supported for `multivariate=True`. You can suppress this warning by setting `warn_independent_sampling` to `False` in the constructor of `TPESampler` if this independent sampling is intended behavior.
[W 2026-03-12 03:50:58,695] The parameter `min_child_weight` in Trial#37 is sampled independently using `RandomSampler` instead of `TPESampler`, potentially degrading the optimization performance. This fallback happend because dynamic search space is not supported for `multivariate=True`. You can suppress this warning by setting `warn_independent_sampling` to `False` in the constructor of `TPESampler` if this independent sampling is intended behavior.
[W 2026-03-12 03:50:58,696] The parameter `colsample_bytree` in Trial#37 is sampled independently using `RandomSampler` instead of `TPESampler`, potentially degrading the optimization performance. This fallback happend because dynamic search space is not supported for `multivariate=True`. You can suppress this warning by setting `warn_independent_sampling` to `False` in the constructor of `TPESampler` if this independent sampling is intended behavior.
[W 2026-03-12 03:50:58,696] The parameter `gamma` in Trial#37 is sampled independently using `RandomSampler` instead of `TPESampler`, potentially degrading the optimization performance. This fallback happend because dynamic search space is not supported for `multivariate=True`. You can suppress this warning by setting `warn_independent_sampling` to `False` in the constructor of `TPESampler` if this independent sampling is intended behavior.
[I 2026-03-12 03:51:13,065] Trial 37 finished with value: 0.19788494993358335 and parameters: {'n_estimators': 2135, 'learning_rate': 0.002107796176770308, 'max_depth': 7, 'min_child_weight': 16, 'subsample': 0.5221931298054293, 'colsample_bytree': 0.5193579449453914, 'gamma': 14.360842893256198}. Best is trial 32 with value: 0.18573511514551205.
[W 2026-03-12 03:51:13,066] The parameter `n_estimators` in Trial#38 is sampled independently using `RandomSampler` instead of `TPESampler`, potentially degrading the optimization performance. This fallback happend because dynamic search space is not supported for `multivariate=True`. You can suppress this warning by setting `warn_independent_sampling` to `False` in the constructor of `TPESampler` if this independent sampling is intended behavior.
[W 2026-03-12 03:51:13,067] The parameter `max_depth` in Trial#38 is sampled independently using `RandomSampler` instead of `TPESampler`, potentially degrading the optimization performance. This fallback happend because dynamic search space is not supported for `multivariate=True`. You can suppress this warning by setting `warn_independent_sampling` to `False` in the constructor of `TPESampler` if this independent sampling is intended behavior.
[W 2026-03-12 03:51:13,067] The parameter `min_child_weight` in Trial#38 is sampled independently using `RandomSampler` instead of `TPESampler`, potentially degrading the optimization performance. This fallback happend because dynamic search space is not supported for `multivariate=True`. You can suppress this warning by setting `warn_independent_sampling` to `False` in the constructor of `TPESampler` if this independent sampling is intended behavior.
[W 2026-03-12 03:51:13,068] The parameter `colsample_bytree` in Trial#38 is sampled independently using `RandomSampler` instead of `TPESampler`, potentially degrading the optimization performance. This fallback happend because dynamic search space is not supported for `multivariate=True`. You can suppress this warning by setting `warn_independent_sampling` to `False` in the constructor of `TPESampler` if this independent sampling is intended behavior.
[W 2026-03-12 03:51:13,068] The parameter `gamma` in Trial#38 is sampled independently using `RandomSampler` instead of `TPESampler`, potentially degrading the optimization performance. This fallback happend because dynamic search space is not supported for `multivariate=True`. You can suppress this warning by setting `warn_independent_sampling` to `False` in the constructor of `TPESampler` if this independent sampling is intended behavior.
[I 2026-03-12 03:51:35,918] Trial 38 finished with value: 0.19339099218819186 and parameters: {'n_estimators': 1735, 'learning_rate': 0.0009568343359133197, 'max_depth': 8, 'min_child_weight': 20, 'subsample': 0.5892234715927738, 'colsample_bytree': 0.5628124734976457, 'gamma': 3.405634603255247}. Best is trial 32 with value: 0.18573511514551205.
[W 2026-03-12 03:51:35,919] The parameter `n_estimators` in Trial#39 is sampled independently using `RandomSampler` instead of `TPESampler`, potentially degrading the optimization performance. This fallback happend because dynamic search space is not supported for `multivariate=True`. You can suppress this warning by setting `warn_independent_sampling` to `False` in the constructor of `TPESampler` if this independent sampling is intended behavior.
[W 2026-03-12 03:51:35,920] The parameter `max_depth` in Trial#39 is sampled independently using `RandomSampler` instead of `TPESampler`, potentially degrading the optimization performance. This fallback happend because dynamic search space is not supported for `multivariate=True`. You can suppress this warning by setting `warn_independent_sampling` to `False` in the constructor of `TPESampler` if this independent sampling is intended behavior.
[W 2026-03-12 03:51:35,921] The parameter `min_child_weight` in Trial#39 is sampled independently using `RandomSampler` instead of `TPESampler`, potentially degrading the optimization performance. This fallback happend because dynamic search space is not supported for `multivariate=True`. You can suppress this warning by setting `warn_independent_sampling` to `False` in the constructor of `TPESampler` if this independent sampling is intended behavior.
[W 2026-03-12 03:51:35,921] The parameter `colsample_bytree` in Trial#39 is sampled independently using `RandomSampler` instead of `TPESampler`, potentially degrading the optimization performance. This fallback happend because dynamic search space is not supported for `multivariate=True`. You can suppress this warning by setting `warn_independent_sampling` to `False` in the constructor of `TPESampler` if this independent sampling is intended behavior.
[W 2026-03-12 03:51:35,922] The parameter `gamma` in Trial#39 is sampled independently using `RandomSampler` instead of `TPESampler`, potentially degrading the optimization performance. This fallback happend because dynamic search space is not supported for `multivariate=True`. You can suppress this warning by setting `warn_independent_sampling` to `False` in the constructor of `TPESampler` if this independent sampling is intended behavior.
[I 2026-03-12 03:52:32,598] Trial 39 finished with value: 0.18681978734662683 and parameters: {'n_estimators': 2164, 'learning_rate': 0.004134272028201973, 'max_depth': 6, 'min_child_weight': 15, 'subsample': 0.5177190139948005, 'colsample_bytree': 0.7033275545935992, 'gamma': 0.2044170529391368}. Best is trial 32 with value: 0.18573511514551205.
[W 2026-03-12 03:52:32,599] The parameter `n_estimators` in Trial#40 is sampled independently using `RandomSampler` instead of `TPESampler`, potentially degrading the optimization performance. This fallback happend because dynamic search space is not supported for `multivariate=True`. You can suppress this warning by setting `warn_independent_sampling` to `False` in the constructor of `TPESampler` if this independent sampling is intended behavior.
[W 2026-03-12 03:52:32,600] The parameter `max_depth` in Trial#40 is sampled independently using `RandomSampler` instead of `TPESampler`, potentially degrading the optimization performance. This fallback happend because dynamic search space is not supported for `multivariate=True`. You can suppress this warning by setting `warn_independent_sampling` to `False` in the constructor of `TPESampler` if this independent sampling is intended behavior.
[W 2026-03-12 03:52:32,600] The parameter `min_child_weight` in Trial#40 is sampled independently using `RandomSampler` instead of `TPESampler`, potentially degrading the optimization performance. This fallback happend because dynamic search space is not supported for `multivariate=True`. You can suppress this warning by setting `warn_independent_sampling` to `False` in the constructor of `TPESampler` if this independent sampling is intended behavior.
[W 2026-03-12 03:52:32,601] The parameter `colsample_bytree` in Trial#40 is sampled independently using `RandomSampler` instead of `TPESampler`, potentially degrading the optimization performance. This fallback happend because dynamic search space is not supported for `multivariate=True`. You can suppress this warning by setting `warn_independent_sampling` to `False` in the constructor of `TPESampler` if this independent sampling is intended behavior.
[W 2026-03-12 03:52:32,601] The parameter `gamma` in Trial#40 is sampled independently using `RandomSampler` instead of `TPESampler`, potentially degrading the optimization performance. This fallback happend because dynamic search space is not supported for `multivariate=True`. You can suppress this warning by setting `warn_independent_sampling` to `False` in the constructor of `TPESampler` if this independent sampling is intended behavior.
[I 2026-03-12 03:52:52,570] Trial 40 finished with value: 0.22747340643481895 and parameters: {'n_estimators': 1292, 'learning_rate': 0.00020354619258723647, 'max_depth': 8, 'min_child_weight': 17, 'subsample': 0.4804243012164288, 'colsample_bytree': 0.4981657583434563, 'gamma': 3.2461007143498963}. Best is trial 32 with value: 0.18573511514551205.
[W 2026-03-12 03:52:52,571] The parameter `n_estimators` in Trial#41 is sampled independently using `RandomSampler` instead of `TPESampler`, potentially degrading the optimization performance. This fallback happend because dynamic search space is not supported for `multivariate=True`. You can suppress this warning by setting `warn_independent_sampling` to `False` in the constructor of `TPESampler` if this independent sampling is intended behavior.
[W 2026-03-12 03:52:52,572] The parameter `max_depth` in Trial#41 is sampled independently using `RandomSampler` instead of `TPESampler`, potentially degrading the optimization performance. This fallback happend because dynamic search space is not supported for `multivariate=True`. You can suppress this warning by setting `warn_independent_sampling` to `False` in the constructor of `TPESampler` if this independent sampling is intended behavior.
[W 2026-03-12 03:52:52,573] The parameter `min_child_weight` in Trial#41 is sampled independently using `RandomSampler` instead of `TPESampler`, potentially degrading the optimization performance. This fallback happend because dynamic search space is not supported for `multivariate=True`. You can suppress this warning by setting `warn_independent_sampling` to `False` in the constructor of `TPESampler` if this independent sampling is intended behavior.
[W 2026-03-12 03:52:52,573] The parameter `colsample_bytree` in Trial#41 is sampled independently using `RandomSampler` instead of `TPESampler`, potentially degrading the optimization performance. This fallback happend because dynamic search space is not supported for `multivariate=True`. You can suppress this warning by setting `warn_independent_sampling` to `False` in the constructor of `TPESampler` if this independent sampling is intended behavior.
[W 2026-03-12 03:52:52,574] The parameter `gamma` in Trial#41 is sampled independently using `RandomSampler` instead of `TPESampler`, potentially degrading the optimization performance. This fallback happend because dynamic search space is not supported for `multivariate=True`. You can suppress this warning by setting `warn_independent_sampling` to `False` in the constructor of `TPESampler` if this independent sampling is intended behavior.
