[I 2026-03-12 03:34:44,709] Trial 17 finished with value: 0.2223398282217544 and parameters: {'n_estimators': 2484, 'learning_rate': 0.0001316677290644947, 'max_depth': 10, 'min_child_weight': 8, 'subsample': 0.6096544262400012, 'colsample_bytree': 0.4937506723218197, 'gamma': 0.001975575602123414}. Best is trial 2 with value: 0.1865594838582335.
[W 2026-03-12 03:34:44,710] The parameter `n_estimators` in Trial#18 is sampled independently using `RandomSampler` instead of `TPESampler`, potentially degrading the optimization performance. This fallback happend because dynamic search space is not supported for `multivariate=True`. You can suppress this warning by setting `warn_independent_sampling` to `False` in the constructor of `TPESampler` if this independent sampling is intended behavior.
[W 2026-03-12 03:34:44,711] The parameter `max_depth` in Trial#18 is sampled independently using `RandomSampler` instead of `TPESampler`, potentially degrading the optimization performance. This fallback happend because dynamic search space is not supported for `multivariate=True`. You can suppress this warning by setting `warn_independent_sampling` to `False` in the constructor of `TPESampler` if this independent sampling is intended behavior.
[W 2026-03-12 03:34:44,712] The parameter `min_child_weight` in Trial#18 is sampled independently using `RandomSampler` instead of `TPESampler`, potentially degrading the optimization performance. This fallback happend because dynamic search space is not supported for `multivariate=True`. You can suppress this warning by setting `warn_independent_sampling` to `False` in the constructor of `TPESampler` if this independent sampling is intended behavior.
[W 2026-03-12 03:34:44,712] The parameter `colsample_bytree` in Trial#18 is sampled independently using `RandomSampler` instead of `TPESampler`, potentially degrading the optimization performance. This fallback happend because dynamic search space is not supported for `multivariate=True`. You can suppress this warning by setting `warn_independent_sampling` to `False` in the constructor of `TPESampler` if this independent sampling is intended behavior.
[W 2026-03-12 03:34:44,713] The parameter `gamma` in Trial#18 is sampled independently using `RandomSampler` instead of `TPESampler`, potentially degrading the optimization performance. This fallback happend because dynamic search space is not supported for `multivariate=True`. You can suppress this warning by setting `warn_independent_sampling` to `False` in the constructor of `TPESampler` if this independent sampling is intended behavior.
[I 2026-03-12 03:35:31,360] Trial 18 finished with value: 0.18732756769142306 and parameters: {'n_estimators': 2470, 'learning_rate': 0.0032107568368815744, 'max_depth': 10, 'min_child_weight': 13, 'subsample': 0.794257274143505, 'colsample_bytree': 0.5069814194482528, 'gamma': 0.8109387895994554}. Best is trial 2 with value: 0.1865594838582335.
[W 2026-03-12 03:35:31,361] The parameter `n_estimators` in Trial#19 is sampled independently using `RandomSampler` instead of `TPESampler`, potentially degrading the optimization performance. This fallback happend because dynamic search space is not supported for `multivariate=True`. You can suppress this warning by setting `warn_independent_sampling` to `False` in the constructor of `TPESampler` if this independent sampling is intended behavior.
[W 2026-03-12 03:35:31,362] The parameter `max_depth` in Trial#19 is sampled independently using `RandomSampler` instead of `TPESampler`, potentially degrading the optimization performance. This fallback happend because dynamic search space is not supported for `multivariate=True`. You can suppress this warning by setting `warn_independent_sampling` to `False` in the constructor of `TPESampler` if this independent sampling is intended behavior.
[W 2026-03-12 03:35:31,362] The parameter `min_child_weight` in Trial#19 is sampled independently using `RandomSampler` instead of `TPESampler`, potentially degrading the optimization performance. This fallback happend because dynamic search space is not supported for `multivariate=True`. You can suppress this warning by setting `warn_independent_sampling` to `False` in the constructor of `TPESampler` if this independent sampling is intended behavior.
[W 2026-03-12 03:35:31,363] The parameter `colsample_bytree` in Trial#19 is sampled independently using `RandomSampler` instead of `TPESampler`, potentially degrading the optimization performance. This fallback happend because dynamic search space is not supported for `multivariate=True`. You can suppress this warning by setting `warn_independent_sampling` to `False` in the constructor of `TPESampler` if this independent sampling is intended behavior.
[W 2026-03-12 03:35:31,363] The parameter `gamma` in Trial#19 is sampled independently using `RandomSampler` instead of `TPESampler`, potentially degrading the optimization performance. This fallback happend because dynamic search space is not supported for `multivariate=True`. You can suppress this warning by setting `warn_independent_sampling` to `False` in the constructor of `TPESampler` if this independent sampling is intended behavior.
[I 2026-03-12 03:35:46,446] Trial 19 finished with value: 0.1923694667493026 and parameters: {'n_estimators': 2124, 'learning_rate': 0.0033325418099492904, 'max_depth': 10, 'min_child_weight': 14, 'subsample': 0.8569504996237163, 'colsample_bytree': 0.4373651479791612, 'gamma': 6.126835908179011}. Best is trial 2 with value: 0.1865594838582335.
[W 2026-03-12 03:35:46,447] The parameter `n_estimators` in Trial#20 is sampled independently using `RandomSampler` instead of `TPESampler`, potentially degrading the optimization performance. This fallback happend because dynamic search space is not supported for `multivariate=True`. You can suppress this warning by setting `warn_independent_sampling` to `False` in the constructor of `TPESampler` if this independent sampling is intended behavior.
[W 2026-03-12 03:35:46,448] The parameter `max_depth` in Trial#20 is sampled independently using `RandomSampler` instead of `TPESampler`, potentially degrading the optimization performance. This fallback happend because dynamic search space is not supported for `multivariate=True`. You can suppress this warning by setting `warn_independent_sampling` to `False` in the constructor of `TPESampler` if this independent sampling is intended behavior.
[W 2026-03-12 03:35:46,448] The parameter `min_child_weight` in Trial#20 is sampled independently using `RandomSampler` instead of `TPESampler`, potentially degrading the optimization performance. This fallback happend because dynamic search space is not supported for `multivariate=True`. You can suppress this warning by setting `warn_independent_sampling` to `False` in the constructor of `TPESampler` if this independent sampling is intended behavior.
[W 2026-03-12 03:35:46,449] The parameter `colsample_bytree` in Trial#20 is sampled independently using `RandomSampler` instead of `TPESampler`, potentially degrading the optimization performance. This fallback happend because dynamic search space is not supported for `multivariate=True`. You can suppress this warning by setting `warn_independent_sampling` to `False` in the constructor of `TPESampler` if this independent sampling is intended behavior.
[W 2026-03-12 03:35:46,449] The parameter `gamma` in Trial#20 is sampled independently using `RandomSampler` instead of `TPESampler`, potentially degrading the optimization performance. This fallback happend because dynamic search space is not supported for `multivariate=True`. You can suppress this warning by setting `warn_independent_sampling` to `False` in the constructor of `TPESampler` if this independent sampling is intended behavior.
[I 2026-03-12 03:36:01,457] Trial 20 finished with value: 0.19035413037944665 and parameters: {'n_estimators': 2466, 'learning_rate': 0.007095748005457454, 'max_depth': 8, 'min_child_weight': 14, 'subsample': 0.7509283587949519, 'colsample_bytree': 0.5436802334491505, 'gamma': 4.576889478564216}. Best is trial 2 with value: 0.1865594838582335.
[W 2026-03-12 03:36:01,458] The parameter `n_estimators` in Trial#21 is sampled independently using `RandomSampler` instead of `TPESampler`, potentially degrading the optimization performance. This fallback happend because dynamic search space is not supported for `multivariate=True`. You can suppress this warning by setting `warn_independent_sampling` to `False` in the constructor of `TPESampler` if this independent sampling is intended behavior.
[W 2026-03-12 03:36:01,459] The parameter `max_depth` in Trial#21 is sampled independently using `RandomSampler` instead of `TPESampler`, potentially degrading the optimization performance. This fallback happend because dynamic search space is not supported for `multivariate=True`. You can suppress this warning by setting `warn_independent_sampling` to `False` in the constructor of `TPESampler` if this independent sampling is intended behavior.
[W 2026-03-12 03:36:01,460] The parameter `min_child_weight` in Trial#21 is sampled independently using `RandomSampler` instead of `TPESampler`, potentially degrading the optimization performance. This fallback happend because dynamic search space is not supported for `multivariate=True`. You can suppress this warning by setting `warn_independent_sampling` to `False` in the constructor of `TPESampler` if this independent sampling is intended behavior.
[W 2026-03-12 03:36:01,460] The parameter `colsample_bytree` in Trial#21 is sampled independently using `RandomSampler` instead of `TPESampler`, potentially degrading the optimization performance. This fallback happend because dynamic search space is not supported for `multivariate=True`. You can suppress this warning by setting `warn_independent_sampling` to `False` in the constructor of `TPESampler` if this independent sampling is intended behavior.
[W 2026-03-12 03:36:01,460] The parameter `gamma` in Trial#21 is sampled independently using `RandomSampler` instead of `TPESampler`, potentially degrading the optimization performance. This fallback happend because dynamic search space is not supported for `multivariate=True`. You can suppress this warning by setting `warn_independent_sampling` to `False` in the constructor of `TPESampler` if this independent sampling is intended behavior.
[I 2026-03-12 03:36:37,377] Trial 21 finished with value: 0.1869603265947163 and parameters: {'n_estimators': 2489, 'learning_rate': 0.00631258360621168, 'max_depth': 10, 'min_child_weight': 11, 'subsample': 0.46939283414759514, 'colsample_bytree': 0.5216251830352135, 'gamma': 0.8418995686368742}. Best is trial 2 with value: 0.1865594838582335.
[W 2026-03-12 03:36:37,377] The parameter `n_estimators` in Trial#22 is sampled independently using `RandomSampler` instead of `TPESampler`, potentially degrading the optimization performance. This fallback happend because dynamic search space is not supported for `multivariate=True`. You can suppress this warning by setting `warn_independent_sampling` to `False` in the constructor of `TPESampler` if this independent sampling is intended behavior.
[W 2026-03-12 03:36:37,378] The parameter `max_depth` in Trial#22 is sampled independently using `RandomSampler` instead of `TPESampler`, potentially degrading the optimization performance. This fallback happend because dynamic search space is not supported for `multivariate=True`. You can suppress this warning by setting `warn_independent_sampling` to `False` in the constructor of `TPESampler` if this independent sampling is intended behavior.
[W 2026-03-12 03:36:37,379] The parameter `min_child_weight` in Trial#22 is sampled independently using `RandomSampler` instead of `TPESampler`, potentially degrading the optimization performance. This fallback happend because dynamic search space is not supported for `multivariate=True`. You can suppress this warning by setting `warn_independent_sampling` to `False` in the constructor of `TPESampler` if this independent sampling is intended behavior.
[W 2026-03-12 03:36:37,379] The parameter `colsample_bytree` in Trial#22 is sampled independently using `RandomSampler` instead of `TPESampler`, potentially degrading the optimization performance. This fallback happend because dynamic search space is not supported for `multivariate=True`. You can suppress this warning by setting `warn_independent_sampling` to `False` in the constructor of `TPESampler` if this independent sampling is intended behavior.
[W 2026-03-12 03:36:37,380] The parameter `gamma` in Trial#22 is sampled independently using `RandomSampler` instead of `TPESampler`, potentially degrading the optimization performance. This fallback happend because dynamic search space is not supported for `multivariate=True`. You can suppress this warning by setting `warn_independent_sampling` to `False` in the constructor of `TPESampler` if this independent sampling is intended behavior.
[I 2026-03-12 03:37:59,682] Trial 22 finished with value: 0.18936950715134293 and parameters: {'n_estimators': 2484, 'learning_rate': 0.005989428998535765, 'max_depth': 10, 'min_child_weight': 11, 'subsample': 0.41225327617602553, 'colsample_bytree': 0.5282908755233253, 'gamma': 0.18324675910004928}. Best is trial 2 with value: 0.1865594838582335.
[W 2026-03-12 03:37:59,683] The parameter `n_estimators` in Trial#23 is sampled independently using `RandomSampler` instead of `TPESampler`, potentially degrading the optimization performance. This fallback happend because dynamic search space is not supported for `multivariate=True`. You can suppress this warning by setting `warn_independent_sampling` to `False` in the constructor of `TPESampler` if this independent sampling is intended behavior.
[W 2026-03-12 03:37:59,684] The parameter `max_depth` in Trial#23 is sampled independently using `RandomSampler` instead of `TPESampler`, potentially degrading the optimization performance. This fallback happend because dynamic search space is not supported for `multivariate=True`. You can suppress this warning by setting `warn_independent_sampling` to `False` in the constructor of `TPESampler` if this independent sampling is intended behavior.
[W 2026-03-12 03:37:59,684] The parameter `min_child_weight` in Trial#23 is sampled independently using `RandomSampler` instead of `TPESampler`, potentially degrading the optimization performance. This fallback happend because dynamic search space is not supported for `multivariate=True`. You can suppress this warning by setting `warn_independent_sampling` to `False` in the constructor of `TPESampler` if this independent sampling is intended behavior.
[W 2026-03-12 03:37:59,685] The parameter `colsample_bytree` in Trial#23 is sampled independently using `RandomSampler` instead of `TPESampler`, potentially degrading the optimization performance. This fallback happend because dynamic search space is not supported for `multivariate=True`. You can suppress this warning by setting `warn_independent_sampling` to `False` in the constructor of `TPESampler` if this independent sampling is intended behavior.
[W 2026-03-12 03:37:59,685] The parameter `gamma` in Trial#23 is sampled independently using `RandomSampler` instead of `TPESampler`, potentially degrading the optimization performance. This fallback happend because dynamic search space is not supported for `multivariate=True`. You can suppress this warning by setting `warn_independent_sampling` to `False` in the constructor of `TPESampler` if this independent sampling is intended behavior.
[I 2026-03-12 03:38:13,397] Trial 23 finished with value: 0.18884441847788402 and parameters: {'n_estimators': 2113, 'learning_rate': 0.008350092567743264, 'max_depth': 9, 'min_child_weight': 11, 'subsample': 0.5238014915991446, 'colsample_bytree': 0.4213474950409234, 'gamma': 2.6519234443271165}. Best is trial 2 with value: 0.1865594838582335.
[W 2026-03-12 03:38:13,398] The parameter `n_estimators` in Trial#24 is sampled independently using `RandomSampler` instead of `TPESampler`, potentially degrading the optimization performance. This fallback happend because dynamic search space is not supported for `multivariate=True`. You can suppress this warning by setting `warn_independent_sampling` to `False` in the constructor of `TPESampler` if this independent sampling is intended behavior.
[W 2026-03-12 03:38:13,399] The parameter `max_depth` in Trial#24 is sampled independently using `RandomSampler` instead of `TPESampler`, potentially degrading the optimization performance. This fallback happend because dynamic search space is not supported for `multivariate=True`. You can suppress this warning by setting `warn_independent_sampling` to `False` in the constructor of `TPESampler` if this independent sampling is intended behavior.
[W 2026-03-12 03:38:13,400] The parameter `min_child_weight` in Trial#24 is sampled independently using `RandomSampler` instead of `TPESampler`, potentially degrading the optimization performance. This fallback happend because dynamic search space is not supported for `multivariate=True`. You can suppress this warning by setting `warn_independent_sampling` to `False` in the constructor of `TPESampler` if this independent sampling is intended behavior.
[W 2026-03-12 03:38:13,400] The parameter `colsample_bytree` in Trial#24 is sampled independently using `RandomSampler` instead of `TPESampler`, potentially degrading the optimization performance. This fallback happend because dynamic search space is not supported for `multivariate=True`. You can suppress this warning by setting `warn_independent_sampling` to `False` in the constructor of `TPESampler` if this independent sampling is intended behavior.
[W 2026-03-12 03:38:13,401] The parameter `gamma` in Trial#24 is sampled independently using `RandomSampler` instead of `TPESampler`, potentially degrading the optimization performance. This fallback happend because dynamic search space is not supported for `multivariate=True`. You can suppress this warning by setting `warn_independent_sampling` to `False` in the constructor of `TPESampler` if this independent sampling is intended behavior.
[I 2026-03-12 03:40:02,781] Trial 24 finished with value: 0.1878259269343045 and parameters: {'n_estimators': 2156, 'learning_rate': 0.002814099131048805, 'max_depth': 10, 'min_child_weight': 15, 'subsample': 0.8904970065589979, 'colsample_bytree': 0.5588468982823825, 'gamma': 0.037072490213995835}. Best is trial 2 with value: 0.1865594838582335.
[W 2026-03-12 03:40:02,782] The parameter `n_estimators` in Trial#25 is sampled independently using `RandomSampler` instead of `TPESampler`, potentially degrading the optimization performance. This fallback happend because dynamic search space is not supported for `multivariate=True`. You can suppress this warning by setting `warn_independent_sampling` to `False` in the constructor of `TPESampler` if this independent sampling is intended behavior.
[W 2026-03-12 03:40:02,783] The parameter `max_depth` in Trial#25 is sampled independently using `RandomSampler` instead of `TPESampler`, potentially degrading the optimization performance. This fallback happend because dynamic search space is not supported for `multivariate=True`. You can suppress this warning by setting `warn_independent_sampling` to `False` in the constructor of `TPESampler` if this independent sampling is intended behavior.
[W 2026-03-12 03:40:02,784] The parameter `min_child_weight` in Trial#25 is sampled independently using `RandomSampler` instead of `TPESampler`, potentially degrading the optimization performance. This fallback happend because dynamic search space is not supported for `multivariate=True`. You can suppress this warning by setting `warn_independent_sampling` to `False` in the constructor of `TPESampler` if this independent sampling is intended behavior.
[W 2026-03-12 03:40:02,784] The parameter `colsample_bytree` in Trial#25 is sampled independently using `RandomSampler` instead of `TPESampler`, potentially degrading the optimization performance. This fallback happend because dynamic search space is not supported for `multivariate=True`. You can suppress this warning by setting `warn_independent_sampling` to `False` in the constructor of `TPESampler` if this independent sampling is intended behavior.
[W 2026-03-12 03:40:02,785] The parameter `gamma` in Trial#25 is sampled independently using `RandomSampler` instead of `TPESampler`, potentially degrading the optimization performance. This fallback happend because dynamic search space is not supported for `multivariate=True`. You can suppress this warning by setting `warn_independent_sampling` to `False` in the constructor of `TPESampler` if this independent sampling is intended behavior.
