🔥 V46: Rigorous Optuna Hyperparameter Tuning for V43 Baseline

🚀 Tuning Men models...
--- Men CatBoost ---
[I 2026-03-12 00:05:54,486] A new study created in memory with name: no-name-4980d0c0-bee8-4bfb-9f4a-ee0e7b28bec0
[I 2026-03-12 00:05:58,307] Trial 0 finished with value: 0.19710172581420243 and parameters: {'iterations': 617, 'learning_rate': 0.002572997429478009, 'depth': 5, 'l2_leaf_reg': 9.143243644513568, 'subsample': 0.5832979085062343, 'random_strength': 9.866141685727353, 'bagging_temperature': 0.8092452041560289, 'border_count': 38}. Best is trial 0 with value: 0.19710172581420243.
[I 2026-03-12 00:06:06,740] Trial 1 finished with value: 0.18906921517749392 and parameters: {'iterations': 968, 'learning_rate': 0.00423038505590986, 'depth': 5, 'l2_leaf_reg': 33.64958531446513, 'subsample': 0.945601587976171, 'random_strength': 5.3237874194474895, 'bagging_temperature': 0.13553444619273225, 'border_count': 102}. Best is trial 1 with value: 0.18906921517749392.
[I 2026-03-12 00:06:22,895] Trial 2 finished with value: 0.18712842359343812 and parameters: {'iterations': 828, 'learning_rate': 0.022586251072919825, 'depth': 8, 'l2_leaf_reg': 48.99278494183634, 'subsample': 0.8229748782970399, 'random_strength': 0.4799857600079016, 'bagging_temperature': 0.6625081866805353, 'border_count': 78}. Best is trial 2 with value: 0.18712842359343812.
[I 2026-03-12 00:06:31,691] Trial 3 finished with value: 0.18831564817984509 and parameters: {'iterations': 881, 'learning_rate': 0.043670064324331063, 'depth': 5, 'l2_leaf_reg': 15.985686453369683, 'subsample': 0.9611290414528242, 'random_strength': 5.8796103438829945, 'bagging_temperature': 0.6492325383369386, 'border_count': 166}. Best is trial 2 with value: 0.18712842359343812.
[I 2026-03-12 00:06:42,707] Trial 4 finished with value: 0.18713503218512656 and parameters: {'iterations': 1041, 'learning_rate': 0.008354047221925152, 'depth': 6, 'l2_leaf_reg': 13.339379270852106, 'subsample': 0.7736164579120455, 'random_strength': 6.753595107986877, 'bagging_temperature': 0.10281326668146018, 'border_count': 112}. Best is trial 2 with value: 0.18712842359343812.
[I 2026-03-12 00:07:13,665] Trial 5 finished with value: 0.18863813936488455 and parameters: {'iterations': 1954, 'learning_rate': 0.024596531556591663, 'depth': 7, 'l2_leaf_reg': 28.398400252850248, 'subsample': 0.8930936181857381, 'random_strength': 3.3625713822601555, 'bagging_temperature': 0.7185631618793914, 'border_count': 126}. Best is trial 2 with value: 0.18712842359343812.
[I 2026-03-12 00:07:37,002] Trial 6 finished with value: 0.19575415680374705 and parameters: {'iterations': 1393, 'learning_rate': 0.00149987951013903, 'depth': 7, 'l2_leaf_reg': 49.97705812259909, 'subsample': 0.5544337546590343, 'random_strength': 2.1693018506481074, 'bagging_temperature': 0.8676680360249777, 'border_count': 162}. Best is trial 2 with value: 0.18712842359343812.
[I 2026-03-12 00:07:46,374] Trial 7 finished with value: 0.1871899059368776 and parameters: {'iterations': 955, 'learning_rate': 0.019991741287614585, 'depth': 6, 'l2_leaf_reg': 47.36556191673257, 'subsample': 0.5297546074571353, 'random_strength': 5.259220110906449, 'bagging_temperature': 0.9543951512035188, 'border_count': 112}. Best is trial 2 with value: 0.18712842359343812.
[I 2026-03-12 00:07:54,076] Trial 8 finished with value: 0.18736156203023374 and parameters: {'iterations': 1134, 'learning_rate': 0.005855796580307684, 'depth': 5, 'l2_leaf_reg': 2.7762396830131224, 'subsample': 0.7692641167998059, 'random_strength': 7.085485455241869, 'bagging_temperature': 0.6480360907251946, 'border_count': 47}. Best is trial 2 with value: 0.18712842359343812.
[I 2026-03-12 00:08:03,991] Trial 9 finished with value: 0.1949064279909779 and parameters: {'iterations': 1070, 'learning_rate': 0.0913090891253256, 'depth': 5, 'l2_leaf_reg': 11.77646824415235, 'subsample': 0.7206916570808698, 'random_strength': 3.2485445898985144, 'bagging_temperature': 0.3135206381414951, 'border_count': 171}. Best is trial 2 with value: 0.18712842359343812.
[I 2026-03-12 00:09:00,908] Trial 10 finished with value: 0.18631995451969274 and parameters: {'iterations': 1457, 'learning_rate': 0.015760109167903626, 'depth': 8, 'l2_leaf_reg': 37.63955763717957, 'subsample': 0.8490430818296477, 'random_strength': 0.15250431426930522, 'bagging_temperature': 0.43933996152588994, 'border_count': 254}. Best is trial 10 with value: 0.18631995451969274.
[I 2026-03-12 00:09:58,831] Trial 11 finished with value: 0.1864560616241005 and parameters: {'iterations': 1503, 'learning_rate': 0.016310048938061265, 'depth': 8, 'l2_leaf_reg': 39.47314054258186, 'subsample': 0.8255471773345566, 'random_strength': 0.3175105522527143, 'bagging_temperature': 0.4318579645789396, 'border_count': 250}. Best is trial 10 with value: 0.18631995451969274.
[I 2026-03-12 00:10:58,705] Trial 12 finished with value: 0.18688698839909892 and parameters: {'iterations': 1522, 'learning_rate': 0.013071803965088797, 'depth': 8, 'l2_leaf_reg': 37.893151555951896, 'subsample': 0.8599356243453903, 'random_strength': 0.610258377829612, 'bagging_temperature': 0.443831504070182, 'border_count': 255}. Best is trial 10 with value: 0.18631995451969274.
[I 2026-03-12 00:11:37,386] Trial 13 finished with value: 0.18970492235732164 and parameters: {'iterations': 1679, 'learning_rate': 0.04681737698179254, 'depth': 7, 'l2_leaf_reg': 38.26595056176057, 'subsample': 0.6708412029830062, 'random_strength': 1.2331596496822157, 'bagging_temperature': 0.41597250107629063, 'border_count': 252}. Best is trial 10 with value: 0.18631995451969274.
[I 2026-03-12 00:12:39,889] Trial 14 finished with value: 0.18732948401730948 and parameters: {'iterations': 1803, 'learning_rate': 0.009889212842779568, 'depth': 8, 'l2_leaf_reg': 25.29345911425321, 'subsample': 0.9997341947703973, 'random_strength': 2.072730322493798, 'bagging_temperature': 0.2965064815277335, 'border_count': 217}. Best is trial 10 with value: 0.18631995451969274.
[I 2026-03-12 00:13:07,480] Trial 15 finished with value: 0.18778926671137844 and parameters: {'iterations': 1344, 'learning_rate': 0.04864061493033356, 'depth': 7, 'l2_leaf_reg': 41.41748766851971, 'subsample': 0.6673225746722379, 'random_strength': 0.08011116516107988, 'bagging_temperature': 0.5510538008775656, 'border_count': 210}. Best is trial 10 with value: 0.18631995451969274.
[I 2026-03-12 00:13:19,981] Trial 16 finished with value: 0.1888053223003919 and parameters: {'iterations': 1586, 'learning_rate': 0.015992822357646156, 'depth': 4, 'l2_leaf_reg': 25.164318583100727, 'subsample': 0.8536669855581404, 'random_strength': 3.543375496642855, 'bagging_temperature': 0.30062735421157427, 'border_count': 217}. Best is trial 10 with value: 0.18631995451969274.
[I 2026-03-12 00:14:01,157] Trial 17 finished with value: 0.18755892075234598 and parameters: {'iterations': 1271, 'learning_rate': 0.00470885779838769, 'depth': 8, 'l2_leaf_reg': 32.03559299921972, 'subsample': 0.7915490652890034, 'random_strength': 1.6719491250252299, 'bagging_temperature': 0.5167242340729811, 'border_count': 199}. Best is trial 10 with value: 0.18631995451969274.
[I 2026-03-12 00:14:54,633] Trial 18 finished with value: 0.18573106294281225 and parameters: {'iterations': 1484, 'learning_rate': 0.031361713307050496, 'depth': 8, 'l2_leaf_reg': 43.38676405539857, 'subsample': 0.7116740514132399, 'random_strength': 9.103620003095397, 'bagging_temperature': 0.3822300462381848, 'border_count': 232}. Best is trial 18 with value: 0.18573106294281225.
[I 2026-03-12 00:15:18,473] Trial 19 finished with value: 0.19620047494870496 and parameters: {'iterations': 1802, 'learning_rate': 0.09304086039260481, 'depth': 6, 'l2_leaf_reg': 44.39521624750305, 'subsample': 0.7027436223743341, 'random_strength': 9.830331273321683, 'bagging_temperature': 0.1963688829950878, 'border_count': 186}. Best is trial 18 with value: 0.18573106294281225.
[I 2026-03-12 00:15:44,395] Trial 20 finished with value: 0.1882723239006016 and parameters: {'iterations': 1180, 'learning_rate': 0.03270696988895343, 'depth': 7, 'l2_leaf_reg': 19.287819672329753, 'subsample': 0.6454299283646446, 'random_strength': 7.400019180323602, 'bagging_temperature': 0.19539767890040177, 'border_count': 232}. Best is trial 18 with value: 0.18573106294281225.
[I 2026-03-12 00:16:38,869] Trial 21 finished with value: 0.18672054974766333 and parameters: {'iterations': 1465, 'learning_rate': 0.012196168763543598, 'depth': 8, 'l2_leaf_reg': 40.483961011117735, 'subsample': 0.8969357523192839, 'random_strength': 8.251864008557558, 'bagging_temperature': 0.3961769865588354, 'border_count': 237}. Best is trial 18 with value: 0.18573106294281225.
[I 2026-03-12 00:17:39,990] Trial 22 finished with value: 0.1866061060882221 and parameters: {'iterations': 1660, 'learning_rate': 0.030230109862526763, 'depth': 8, 'l2_leaf_reg': 34.87328140215097, 'subsample': 0.8049309885276382, 'random_strength': 4.13287427127162, 'bagging_temperature': 0.008012885384413693, 'border_count': 236}. Best is trial 18 with value: 0.18573106294281225.
[I 2026-03-12 00:18:25,118] Trial 23 finished with value: 0.18678777130028432 and parameters: {'iterations': 1445, 'learning_rate': 0.0067559761356895676, 'depth': 8, 'l2_leaf_reg': 43.068426922547296, 'subsample': 0.7301279581614231, 'random_strength': 8.552725487801915, 'bagging_temperature': 0.5003856550495323, 'border_count': 194}. Best is trial 18 with value: 0.18573106294281225.
[I 2026-03-12 00:18:54,706] Trial 24 finished with value: 0.186097454183426 and parameters: {'iterations': 1285, 'learning_rate': 0.016810376441213408, 'depth': 7, 'l2_leaf_reg': 44.809126514724035, 'subsample': 0.607911810268221, 'random_strength': 2.4887780128348593, 'bagging_temperature': 0.3621261819946603, 'border_count': 254}. Best is trial 18 with value: 0.18573106294281225.
[I 2026-03-12 00:19:22,028] Trial 25 finished with value: 0.18729421645051206 and parameters: {'iterations': 1276, 'learning_rate': 0.059691208347486785, 'depth': 7, 'l2_leaf_reg': 45.481537473741724, 'subsample': 0.6074700849617453, 'random_strength': 2.7545357258315954, 'bagging_temperature': 0.34016552885288265, 'border_count': 227}. Best is trial 18 with value: 0.18573106294281225.
[I 2026-03-12 00:19:42,216] Trial 26 finished with value: 0.18799053372775038 and parameters: {'iterations': 1215, 'learning_rate': 0.032162312374669266, 'depth': 7, 'l2_leaf_reg': 30.806129954819113, 'subsample': 0.6147844382040247, 'random_strength': 4.343301610731205, 'bagging_temperature': 0.5804904006430018, 'border_count': 150}. Best is trial 18 with value: 0.18573106294281225.
[I 2026-03-12 00:20:01,679] Trial 27 finished with value: 0.18606318811408112 and parameters: {'iterations': 1360, 'learning_rate': 0.01726985329731485, 'depth': 6, 'l2_leaf_reg': 35.771464924049326, 'subsample': 0.5104590282880412, 'random_strength': 1.2849648968001814, 'bagging_temperature': 0.23255755914306697, 'border_count': 240}. Best is trial 18 with value: 0.18573106294281225.
[I 2026-03-12 00:20:17,986] Trial 28 finished with value: 0.19994003762657345 and parameters: {'iterations': 1339, 'learning_rate': 0.0010302079259734789, 'depth': 6, 'l2_leaf_reg': 45.287024355111555, 'subsample': 0.5157035926531521, 'random_strength': 1.4689910881906785, 'bagging_temperature': 0.237353331806152, 'border_count': 184}. Best is trial 18 with value: 0.18573106294281225.
[I 2026-03-12 00:20:25,399] Trial 29 finished with value: 0.19611093000781266 and parameters: {'iterations': 557, 'learning_rate': 0.003269827637979378, 'depth': 6, 'l2_leaf_reg': 21.573032687329317, 'subsample': 0.5697160620633471, 'random_strength': 9.440377223494002, 'bagging_temperature': 0.05587959543347659, 'border_count': 205}. Best is trial 18 with value: 0.18573106294281225.
Best Brier: 0.18573
--- Men XGBoost ---
[I 2026-03-12 00:20:25,400] A new study created in memory with name: no-name-c80c6aa1-fd0e-495f-adc5-28b8330030cf
[I 2026-03-12 00:20:31,652] Trial 0 finished with value: 0.18958541238785304 and parameters: {'n_estimators': 948, 'learning_rate': 0.07149571417880024, 'max_depth': 3, 'min_child_weight': 9, 'subsample': 0.7237963102173754, 'colsample_bytree': 0.9826010829014076, 'gamma': 0.8164042466729549}. Best is trial 0 with value: 0.18958541238785304.
[I 2026-03-12 00:20:43,052] Trial 1 finished with value: 0.19805335495729015 and parameters: {'n_estimators': 939, 'learning_rate': 0.0010833339183255045, 'max_depth': 3, 'min_child_weight': 1, 'subsample': 0.6117001194037481, 'colsample_bytree': 0.9923971079839704, 'gamma': 0.4113032496847946}. Best is trial 0 with value: 0.18958541238785304.
[I 2026-03-12 00:20:50,002] Trial 2 finished with value: 0.1884645463715717 and parameters: {'n_estimators': 918, 'learning_rate': 0.010645033127117252, 'max_depth': 7, 'min_child_weight': 4, 'subsample': 0.9416458527995697, 'colsample_bytree': 0.6935676855785443, 'gamma': 2.3581242487242293}. Best is trial 2 with value: 0.1884645463715717.
[I 2026-03-12 00:20:59,400] Trial 3 finished with value: 0.1862608534310159 and parameters: {'n_estimators': 1749, 'learning_rate': 0.0403435837528966, 'max_depth': 8, 'min_child_weight': 5, 'subsample': 0.522047655281421, 'colsample_bytree': 0.5719207905659716, 'gamma': 1.712563266518043}. Best is trial 3 with value: 0.1862608534310159.
[I 2026-03-12 00:21:07,189] Trial 4 finished with value: 0.18837125632474 and parameters: {'n_estimators': 1426, 'learning_rate': 0.01352569316464969, 'max_depth': 7, 'min_child_weight': 10, 'subsample': 0.5983785410247289, 'colsample_bytree': 0.6456592604973594, 'gamma': 3.423572196099717}. Best is trial 3 with value: 0.1862608534310159.
[I 2026-03-12 00:21:30,758] Trial 5 finished with value: 0.18782677070958348 and parameters: {'n_estimators': 1723, 'learning_rate': 0.007741201223441897, 'max_depth': 8, 'min_child_weight': 9, 'subsample': 0.7529737600377147, 'colsample_bytree': 0.8379707969517495, 'gamma': 0.5826321327209733}. Best is trial 3 with value: 0.1862608534310159.
[I 2026-03-12 00:21:46,107] Trial 6 finished with value: 0.1868314716006438 and parameters: {'n_estimators': 1865, 'learning_rate': 0.005264273354622089, 'max_depth': 3, 'min_child_weight': 8, 'subsample': 0.5928277048587265, 'colsample_bytree': 0.5992542319654042, 'gamma': 1.3300748921915124}. Best is trial 3 with value: 0.1862608534310159.
[I 2026-03-12 00:21:53,217] Trial 7 finished with value: 0.19084664577598281 and parameters: {'n_estimators': 1366, 'learning_rate': 0.0727398649668869, 'max_depth': 6, 'min_child_weight': 9, 'subsample': 0.6619224486196766, 'colsample_bytree': 0.7996727074094232, 'gamma': 1.6985076709711495}. Best is trial 3 with value: 0.1862608534310159.
[I 2026-03-12 00:22:02,185] Trial 8 finished with value: 0.19527658212399646 and parameters: {'n_estimators': 788, 'learning_rate': 0.002055327365855529, 'max_depth': 8, 'min_child_weight': 4, 'subsample': 0.997465833954926, 'colsample_bytree': 0.680743916490446, 'gamma': 4.842804255484626}. Best is trial 3 with value: 0.1862608534310159.
[I 2026-03-12 00:22:09,432] Trial 9 finished with value: 0.18892021521356572 and parameters: {'n_estimators': 1450, 'learning_rate': 0.03432510267055984, 'max_depth': 9, 'min_child_weight': 9, 'subsample': 0.8646599444420258, 'colsample_bytree': 0.7446053489736482, 'gamma': 3.137342157031966}. Best is trial 3 with value: 0.1862608534310159.
[I 2026-03-12 00:22:12,519] Trial 10 finished with value: 0.1894098522748742 and parameters: {'n_estimators': 516, 'learning_rate': 0.026581063226503426, 'max_depth': 5, 'min_child_weight': 6, 'subsample': 0.5286740005762717, 'colsample_bytree': 0.537357634869911, 'gamma': 4.092868855156873}. Best is trial 3 with value: 0.1862608534310159.
[I 2026-03-12 00:22:31,020] Trial 11 finished with value: 0.18697734210111283 and parameters: {'n_estimators': 1998, 'learning_rate': 0.004254373718183559, 'max_depth': 5, 'min_child_weight': 6, 'subsample': 0.5017328911719927, 'colsample_bytree': 0.5462911276101974, 'gamma': 1.5478985728786692}. Best is trial 3 with value: 0.1862608534310159.
[I 2026-03-12 00:22:46,300] Trial 12 finished with value: 0.18855854091340638 and parameters: {'n_estimators': 1992, 'learning_rate': 0.0041097133180898315, 'max_depth': 4, 'min_child_weight': 7, 'subsample': 0.5808879594253584, 'colsample_bytree': 0.6069930859956026, 'gamma': 2.072364527086296}. Best is trial 3 with value: 0.1862608534310159.
[I 2026-03-12 00:22:56,658] Trial 13 finished with value: 0.18832581860682246 and parameters: {'n_estimators': 1667, 'learning_rate': 0.02770171526463771, 'max_depth': 9, 'min_child_weight': 4, 'subsample': 0.6975625609779489, 'colsample_bytree': 0.5956492454258862, 'gamma': 1.2866374350522547}. Best is trial 3 with value: 0.1862608534310159.
[I 2026-03-12 00:23:08,484] Trial 14 finished with value: 0.18862923505714307 and parameters: {'n_estimators': 1723, 'learning_rate': 0.005213551697143411, 'max_depth': 6, 'min_child_weight': 7, 'subsample': 0.8143992333710212, 'colsample_bytree': 0.5128237894830083, 'gamma': 2.825528485173418}. Best is trial 3 with value: 0.1862608534310159.
[I 2026-03-12 00:23:21,478] Trial 15 finished with value: 0.18731831936117363 and parameters: {'n_estimators': 1807, 'learning_rate': 0.016907537834646817, 'max_depth': 4, 'min_child_weight': 2, 'subsample': 0.558401226106327, 'colsample_bytree': 0.5874873861787775, 'gamma': 1.0987299185445218}. Best is trial 3 with value: 0.1862608534310159.
[I 2026-03-12 00:23:47,044] Trial 16 finished with value: 0.19413386787962225 and parameters: {'n_estimators': 1207, 'learning_rate': 0.04635640560562092, 'max_depth': 7, 'min_child_weight': 7, 'subsample': 0.6523634878156181, 'colsample_bytree': 0.868545756487887, 'gamma': 0.006058057276802531}. Best is trial 3 with value: 0.1862608534310159.
[I 2026-03-12 00:24:08,230] Trial 17 finished with value: 0.1877698952581825 and parameters: {'n_estimators': 1567, 'learning_rate': 0.0021056895707821928, 'max_depth': 8, 'min_child_weight': 5, 'subsample': 0.5094276043918979, 'colsample_bytree': 0.7186768487816343, 'gamma': 1.9853251276920125}. Best is trial 3 with value: 0.1862608534310159.
[I 2026-03-12 00:24:17,725] Trial 18 finished with value: 0.18822447400620104 and parameters: {'n_estimators': 1863, 'learning_rate': 0.019226215948964374, 'max_depth': 5, 'min_child_weight': 3, 'subsample': 0.6347599709134932, 'colsample_bytree': 0.6483591804770409, 'gamma': 2.6473538918303205}. Best is trial 3 with value: 0.1862608534310159.
[I 2026-03-12 00:24:24,963] Trial 19 finished with value: 0.1898372330786175 and parameters: {'n_estimators': 1189, 'learning_rate': 0.00809069257597145, 'max_depth': 4, 'min_child_weight': 8, 'subsample': 0.7763588741228906, 'colsample_bytree': 0.5054134614599176, 'gamma': 3.7475108513709308}. Best is trial 3 with value: 0.1862608534310159.
[I 2026-03-12 00:24:56,456] Trial 20 finished with value: 0.18716568831211802 and parameters: {'n_estimators': 1579, 'learning_rate': 0.0027261782587027295, 'max_depth': 9, 'min_child_weight': 5, 'subsample': 0.556995731325143, 'colsample_bytree': 0.5705730010035069, 'gamma': 1.1094283323963468}. Best is trial 3 with value: 0.1862608534310159.
[I 2026-03-12 00:25:13,087] Trial 21 finished with value: 0.18694500671369285 and parameters: {'n_estimators': 1969, 'learning_rate': 0.00522318199061448, 'max_depth': 5, 'min_child_weight': 6, 'subsample': 0.5016853566996713, 'colsample_bytree': 0.5559785210931323, 'gamma': 1.5365479931352195}. Best is trial 3 with value: 0.1862608534310159.
[I 2026-03-12 00:25:26,076] Trial 22 finished with value: 0.18724257309347453 and parameters: {'n_estimators': 1876, 'learning_rate': 0.006177197527936972, 'max_depth': 3, 'min_child_weight': 6, 'subsample': 0.5495233944369873, 'colsample_bytree': 0.6313998006778117, 'gamma': 1.7006424566886216}. Best is trial 3 with value: 0.1862608534310159.
[I 2026-03-12 00:25:40,251] Trial 23 finished with value: 0.18816175227694917 and parameters: {'n_estimators': 1883, 'learning_rate': 0.003496597506809485, 'max_depth': 4, 'min_child_weight': 8, 'subsample': 0.5883444516902435, 'colsample_bytree': 0.5548114472250965, 'gamma': 2.4154570222561698}. Best is trial 3 with value: 0.1862608534310159.
[I 2026-03-12 00:26:01,997] Trial 24 finished with value: 0.18957521593743662 and parameters: {'n_estimators': 1610, 'learning_rate': 0.0014905510874359677, 'max_depth': 5, 'min_child_weight': 5, 'subsample': 0.5053389193036215, 'colsample_bytree': 0.6208472122041182, 'gamma': 2.0390903813585286}. Best is trial 3 with value: 0.1862608534310159.
[I 2026-03-12 00:26:14,676] Trial 25 finished with value: 0.18850137705512016 and parameters: {'n_estimators': 1768, 'learning_rate': 0.01179693929748377, 'max_depth': 6, 'min_child_weight': 8, 'subsample': 0.6865884448608318, 'colsample_bytree': 0.6726968721352243, 'gamma': 1.387758482096884}. Best is trial 3 with value: 0.1862608534310159.
[I 2026-03-12 00:26:40,117] Trial 26 finished with value: 0.18895949079718294 and parameters: {'n_estimators': 1996, 'learning_rate': 0.0070533258370208, 'max_depth': 6, 'min_child_weight': 3, 'subsample': 0.5423684501124955, 'colsample_bytree': 0.5078609385439036, 'gamma': 0.7003959607110867}. Best is trial 3 with value: 0.1862608534310159.
[I 2026-03-12 00:26:53,359] Trial 27 finished with value: 0.20166896537821705 and parameters: {'n_estimators': 1523, 'learning_rate': 0.0926354725277786, 'max_depth': 7, 'min_child_weight': 7, 'subsample': 0.6145956323751461, 'colsample_bytree': 0.7881146434610526, 'gamma': 0.08117829203410909}. Best is trial 3 with value: 0.1862608534310159.
[I 2026-03-12 00:27:13,416] Trial 28 finished with value: 0.1862250885835946 and parameters: {'n_estimators': 1897, 'learning_rate': 0.002992776542895383, 'max_depth': 3, 'min_child_weight': 6, 'subsample': 0.5736369905619555, 'colsample_bytree': 0.5732117671876369, 'gamma': 1.0644208718510317}. Best is trial 28 with value: 0.1862250885835946.
