[I 2026-03-12 07:26:41,040] Trial 0 finished with value: 0.15374175331472797 and parameters: {'n_estimators': 706, 'learning_rate': 0.09535735970281609, 'num_leaves': 133, 'max_depth': 11, 'min_data_in_leaf': 67, 'feature_fraction': 0.9373139370977203, 'bagging_fraction': 0.6335210072404979, 'bagging_freq': 1, 'lambda_l1': 1.4074655959581588, 'lambda_l2': 6.631016232865143e-08}. Best is trial 0 with value: 0.15374175331472797.
[I 2026-03-12 07:27:05,175] Trial 1 finished with value: 0.1652060189385779 and parameters: {'n_estimators': 1138, 'learning_rate': 0.13683054317349913, 'num_leaves': 244, 'max_depth': 8, 'min_data_in_leaf': 128, 'feature_fraction': 0.6690673131869919, 'bagging_fraction': 0.5759264630188388, 'bagging_freq': 4, 'lambda_l1': 0.011289276361349378, 'lambda_l2': 0.05907051604930073}. Best is trial 0 with value: 0.15374175331472797.
[I 2026-03-12 07:28:50,307] Trial 2 finished with value: 0.15621044677638124 and parameters: {'n_estimators': 2083, 'learning_rate': 0.040415985632278224, 'num_leaves': 30, 'max_depth': 7, 'min_data_in_leaf': 16, 'feature_fraction': 0.7297173293942413, 'bagging_fraction': 0.6649183008240263, 'bagging_freq': 9, 'lambda_l1': 1.4395777080921819e-05, 'lambda_l2': 1.131366064444819e-07}. Best is trial 0 with value: 0.15374175331472797.
[I 2026-03-12 07:29:07,302] Trial 3 finished with value: 0.15520166606148875 and parameters: {'n_estimators': 786, 'learning_rate': 0.03264144959087002, 'num_leaves': 161, 'max_depth': 4, 'min_data_in_leaf': 21, 'feature_fraction': 0.820581478875472, 'bagging_fraction': 0.44365780381851616, 'bagging_freq': 9, 'lambda_l1': 0.022708060593255513, 'lambda_l2': 5.3968335759085875e-08}. Best is trial 0 with value: 0.15374175331472797.
[I 2026-03-12 07:29:22,604] Trial 4 finished with value: 0.16364320800921578 and parameters: {'n_estimators': 669, 'learning_rate': 0.18068697350278543, 'num_leaves': 101, 'max_depth': 6, 'min_data_in_leaf': 164, 'feature_fraction': 0.9683491464303152, 'bagging_fraction': 0.9916006382937226, 'bagging_freq': 8, 'lambda_l1': 2.434087969048871e-05, 'lambda_l2': 5.642953223871804e-08}. Best is trial 0 with value: 0.15374175331472797.
[I 2026-03-12 07:31:36,954] Trial 5 finished with value: 0.14739489606407272 and parameters: {'n_estimators': 2055, 'learning_rate': 0.0069712262526164664, 'num_leaves': 113, 'max_depth': 12, 'min_data_in_leaf': 26, 'feature_fraction': 0.6955750625745155, 'bagging_fraction': 0.40681218686045145, 'bagging_freq': 5, 'lambda_l1': 3.2116593962560474e-08, 'lambda_l2': 1.1731708039908721e-07}. Best is trial 5 with value: 0.14739489606407272.
[I 2026-03-12 07:31:47,539] Trial 6 finished with value: 0.14036287459677413 and parameters: {'n_estimators': 735, 'learning_rate': 0.013901532545347851, 'num_leaves': 193, 'max_depth': 8, 'min_data_in_leaf': 193, 'feature_fraction': 0.6249223477142225, 'bagging_fraction': 0.5714272517691165, 'bagging_freq': 9, 'lambda_l1': 1.0288748388522558e-06, 'lambda_l2': 4.666624480502759}. Best is trial 6 with value: 0.14036287459677413.
[I 2026-03-12 07:31:57,134] Trial 7 finished with value: 0.1541736351025409 and parameters: {'n_estimators': 524, 'learning_rate': 0.15907396239962898, 'num_leaves': 18, 'max_depth': 11, 'min_data_in_leaf': 108, 'feature_fraction': 0.9957788776715802, 'bagging_fraction': 0.44427793884123934, 'bagging_freq': 6, 'lambda_l1': 5.293255050580887, 'lambda_l2': 0.0005103646639104087}. Best is trial 6 with value: 0.14036287459677413.
[I 2026-03-12 07:32:26,841] Trial 8 finished with value: 0.14392646705533638 and parameters: {'n_estimators': 1759, 'learning_rate': 0.01980100766015007, 'num_leaves': 121, 'max_depth': 9, 'min_data_in_leaf': 119, 'feature_fraction': 0.9406948062945933, 'bagging_fraction': 0.42726782820487474, 'bagging_freq': 3, 'lambda_l1': 3.5785192411323847, 'lambda_l2': 1.028902103305537}. Best is trial 6 with value: 0.14036287459677413.
[I 2026-03-12 07:32:54,677] Trial 9 finished with value: 0.14279280464273364 and parameters: {'n_estimators': 1411, 'learning_rate': 0.011144903351425354, 'num_leaves': 77, 'max_depth': 4, 'min_data_in_leaf': 95, 'feature_fraction': 0.6120113368156317, 'bagging_fraction': 0.7501936671105233, 'bagging_freq': 1, 'lambda_l1': 5.88238260902774, 'lambda_l2': 7.514441370290716}. Best is trial 6 with value: 0.14036287459677413.
[W 2026-03-12 07:32:54,678] The parameter `n_estimators` in Trial#10 is sampled independently using `RandomSampler` instead of `TPESampler`, potentially degrading the optimization performance. This fallback happend because dynamic search space is not supported for `multivariate=True`. You can suppress this warning by setting `warn_independent_sampling` to `False` in the constructor of `TPESampler` if this independent sampling is intended behavior.
[W 2026-03-12 07:32:54,679] The parameter `num_leaves` in Trial#10 is sampled independently using `RandomSampler` instead of `TPESampler`, potentially degrading the optimization performance. This fallback happend because dynamic search space is not supported for `multivariate=True`. You can suppress this warning by setting `warn_independent_sampling` to `False` in the constructor of `TPESampler` if this independent sampling is intended behavior.
[W 2026-03-12 07:32:54,679] The parameter `max_depth` in Trial#10 is sampled independently using `RandomSampler` instead of `TPESampler`, potentially degrading the optimization performance. This fallback happend because dynamic search space is not supported for `multivariate=True`. You can suppress this warning by setting `warn_independent_sampling` to `False` in the constructor of `TPESampler` if this independent sampling is intended behavior.
[W 2026-03-12 07:32:54,680] The parameter `min_data_in_leaf` in Trial#10 is sampled independently using `RandomSampler` instead of `TPESampler`, potentially degrading the optimization performance. This fallback happend because dynamic search space is not supported for `multivariate=True`. You can suppress this warning by setting `warn_independent_sampling` to `False` in the constructor of `TPESampler` if this independent sampling is intended behavior.
[W 2026-03-12 07:32:54,681] The parameter `feature_fraction` in Trial#10 is sampled independently using `RandomSampler` instead of `TPESampler`, potentially degrading the optimization performance. This fallback happend because dynamic search space is not supported for `multivariate=True`. You can suppress this warning by setting `warn_independent_sampling` to `False` in the constructor of `TPESampler` if this independent sampling is intended behavior.
[W 2026-03-12 07:32:54,681] The parameter `bagging_fraction` in Trial#10 is sampled independently using `RandomSampler` instead of `TPESampler`, potentially degrading the optimization performance. This fallback happend because dynamic search space is not supported for `multivariate=True`. You can suppress this warning by setting `warn_independent_sampling` to `False` in the constructor of `TPESampler` if this independent sampling is intended behavior.
[W 2026-03-12 07:32:54,681] The parameter `bagging_freq` in Trial#10 is sampled independently using `RandomSampler` instead of `TPESampler`, potentially degrading the optimization performance. This fallback happend because dynamic search space is not supported for `multivariate=True`. You can suppress this warning by setting `warn_independent_sampling` to `False` in the constructor of `TPESampler` if this independent sampling is intended behavior.
[W 2026-03-12 07:32:54,682] The parameter `lambda_l1` in Trial#10 is sampled independently using `RandomSampler` instead of `TPESampler`, potentially degrading the optimization performance. This fallback happend because dynamic search space is not supported for `multivariate=True`. You can suppress this warning by setting `warn_independent_sampling` to `False` in the constructor of `TPESampler` if this independent sampling is intended behavior.
[W 2026-03-12 07:32:54,682] The parameter `lambda_l2` in Trial#10 is sampled independently using `RandomSampler` instead of `TPESampler`, potentially degrading the optimization performance. This fallback happend because dynamic search space is not supported for `multivariate=True`. You can suppress this warning by setting `warn_independent_sampling` to `False` in the constructor of `TPESampler` if this independent sampling is intended behavior.
[I 2026-03-12 07:33:18,835] Trial 10 finished with value: 0.16903107165322503 and parameters: {'n_estimators': 1278, 'learning_rate': 0.0005631813433218972, 'num_leaves': 204, 'max_depth': 8, 'min_data_in_leaf': 200, 'feature_fraction': 0.4201638900297773, 'bagging_fraction': 0.8600826924927829, 'bagging_freq': 10, 'lambda_l1': 5.520088935644522e-07, 'lambda_l2': 0.004064565504859589}. Best is trial 6 with value: 0.14036287459677413.
[W 2026-03-12 07:33:18,836] The parameter `n_estimators` in Trial#11 is sampled independently using `RandomSampler` instead of `TPESampler`, potentially degrading the optimization performance. This fallback happend because dynamic search space is not supported for `multivariate=True`. You can suppress this warning by setting `warn_independent_sampling` to `False` in the constructor of `TPESampler` if this independent sampling is intended behavior.
[W 2026-03-12 07:33:18,836] The parameter `num_leaves` in Trial#11 is sampled independently using `RandomSampler` instead of `TPESampler`, potentially degrading the optimization performance. This fallback happend because dynamic search space is not supported for `multivariate=True`. You can suppress this warning by setting `warn_independent_sampling` to `False` in the constructor of `TPESampler` if this independent sampling is intended behavior.
[W 2026-03-12 07:33:18,837] The parameter `max_depth` in Trial#11 is sampled independently using `RandomSampler` instead of `TPESampler`, potentially degrading the optimization performance. This fallback happend because dynamic search space is not supported for `multivariate=True`. You can suppress this warning by setting `warn_independent_sampling` to `False` in the constructor of `TPESampler` if this independent sampling is intended behavior.
[W 2026-03-12 07:33:18,837] The parameter `min_data_in_leaf` in Trial#11 is sampled independently using `RandomSampler` instead of `TPESampler`, potentially degrading the optimization performance. This fallback happend because dynamic search space is not supported for `multivariate=True`. You can suppress this warning by setting `warn_independent_sampling` to `False` in the constructor of `TPESampler` if this independent sampling is intended behavior.
[W 2026-03-12 07:33:18,838] The parameter `feature_fraction` in Trial#11 is sampled independently using `RandomSampler` instead of `TPESampler`, potentially degrading the optimization performance. This fallback happend because dynamic search space is not supported for `multivariate=True`. You can suppress this warning by setting `warn_independent_sampling` to `False` in the constructor of `TPESampler` if this independent sampling is intended behavior.
[W 2026-03-12 07:33:18,838] The parameter `bagging_fraction` in Trial#11 is sampled independently using `RandomSampler` instead of `TPESampler`, potentially degrading the optimization performance. This fallback happend because dynamic search space is not supported for `multivariate=True`. You can suppress this warning by setting `warn_independent_sampling` to `False` in the constructor of `TPESampler` if this independent sampling is intended behavior.
[W 2026-03-12 07:33:18,839] The parameter `bagging_freq` in Trial#11 is sampled independently using `RandomSampler` instead of `TPESampler`, potentially degrading the optimization performance. This fallback happend because dynamic search space is not supported for `multivariate=True`. You can suppress this warning by setting `warn_independent_sampling` to `False` in the constructor of `TPESampler` if this independent sampling is intended behavior.
[W 2026-03-12 07:33:18,839] The parameter `lambda_l1` in Trial#11 is sampled independently using `RandomSampler` instead of `TPESampler`, potentially degrading the optimization performance. This fallback happend because dynamic search space is not supported for `multivariate=True`. You can suppress this warning by setting `warn_independent_sampling` to `False` in the constructor of `TPESampler` if this independent sampling is intended behavior.
[W 2026-03-12 07:33:18,840] The parameter `lambda_l2` in Trial#11 is sampled independently using `RandomSampler` instead of `TPESampler`, potentially degrading the optimization performance. This fallback happend because dynamic search space is not supported for `multivariate=True`. You can suppress this warning by setting `warn_independent_sampling` to `False` in the constructor of `TPESampler` if this independent sampling is intended behavior.
[I 2026-03-12 07:33:38,257] Trial 11 finished with value: 0.137532663520006 and parameters: {'n_estimators': 1389, 'learning_rate': 0.002384992488253861, 'num_leaves': 184, 'max_depth': 3, 'min_data_in_leaf': 170, 'feature_fraction': 0.5537940744969152, 'bagging_fraction': 0.7601616108715108, 'bagging_freq': 1, 'lambda_l1': 0.0014091698188194992, 'lambda_l2': 5.903903144739575}. Best is trial 11 with value: 0.137532663520006.
[W 2026-03-12 07:33:38,258] The parameter `n_estimators` in Trial#12 is sampled independently using `RandomSampler` instead of `TPESampler`, potentially degrading the optimization performance. This fallback happend because dynamic search space is not supported for `multivariate=True`. You can suppress this warning by setting `warn_independent_sampling` to `False` in the constructor of `TPESampler` if this independent sampling is intended behavior.
[W 2026-03-12 07:33:38,258] The parameter `num_leaves` in Trial#12 is sampled independently using `RandomSampler` instead of `TPESampler`, potentially degrading the optimization performance. This fallback happend because dynamic search space is not supported for `multivariate=True`. You can suppress this warning by setting `warn_independent_sampling` to `False` in the constructor of `TPESampler` if this independent sampling is intended behavior.
[W 2026-03-12 07:33:38,259] The parameter `max_depth` in Trial#12 is sampled independently using `RandomSampler` instead of `TPESampler`, potentially degrading the optimization performance. This fallback happend because dynamic search space is not supported for `multivariate=True`. You can suppress this warning by setting `warn_independent_sampling` to `False` in the constructor of `TPESampler` if this independent sampling is intended behavior.
[W 2026-03-12 07:33:38,259] The parameter `min_data_in_leaf` in Trial#12 is sampled independently using `RandomSampler` instead of `TPESampler`, potentially degrading the optimization performance. This fallback happend because dynamic search space is not supported for `multivariate=True`. You can suppress this warning by setting `warn_independent_sampling` to `False` in the constructor of `TPESampler` if this independent sampling is intended behavior.
[W 2026-03-12 07:33:38,260] The parameter `feature_fraction` in Trial#12 is sampled independently using `RandomSampler` instead of `TPESampler`, potentially degrading the optimization performance. This fallback happend because dynamic search space is not supported for `multivariate=True`. You can suppress this warning by setting `warn_independent_sampling` to `False` in the constructor of `TPESampler` if this independent sampling is intended behavior.
[W 2026-03-12 07:33:38,260] The parameter `bagging_fraction` in Trial#12 is sampled independently using `RandomSampler` instead of `TPESampler`, potentially degrading the optimization performance. This fallback happend because dynamic search space is not supported for `multivariate=True`. You can suppress this warning by setting `warn_independent_sampling` to `False` in the constructor of `TPESampler` if this independent sampling is intended behavior.
[W 2026-03-12 07:33:38,261] The parameter `bagging_freq` in Trial#12 is sampled independently using `RandomSampler` instead of `TPESampler`, potentially degrading the optimization performance. This fallback happend because dynamic search space is not supported for `multivariate=True`. You can suppress this warning by setting `warn_independent_sampling` to `False` in the constructor of `TPESampler` if this independent sampling is intended behavior.
[W 2026-03-12 07:33:38,261] The parameter `lambda_l1` in Trial#12 is sampled independently using `RandomSampler` instead of `TPESampler`, potentially degrading the optimization performance. This fallback happend because dynamic search space is not supported for `multivariate=True`. You can suppress this warning by setting `warn_independent_sampling` to `False` in the constructor of `TPESampler` if this independent sampling is intended behavior.
[W 2026-03-12 07:33:38,262] The parameter `lambda_l2` in Trial#12 is sampled independently using `RandomSampler` instead of `TPESampler`, potentially degrading the optimization performance. This fallback happend because dynamic search space is not supported for `multivariate=True`. You can suppress this warning by setting `warn_independent_sampling` to `False` in the constructor of `TPESampler` if this independent sampling is intended behavior.
[I 2026-03-12 07:33:56,876] Trial 12 finished with value: 0.22730362319379854 and parameters: {'n_estimators': 1240, 'learning_rate': 0.00010295310352147374, 'num_leaves': 189, 'max_depth': 3, 'min_data_in_leaf': 177, 'feature_fraction': 0.536784154803114, 'bagging_fraction': 0.7549329586474078, 'bagging_freq': 1, 'lambda_l1': 0.0003837220011016118, 'lambda_l2': 9.09292979780959}. Best is trial 11 with value: 0.137532663520006.
[W 2026-03-12 07:33:56,876] The parameter `n_estimators` in Trial#13 is sampled independently using `RandomSampler` instead of `TPESampler`, potentially degrading the optimization performance. This fallback happend because dynamic search space is not supported for `multivariate=True`. You can suppress this warning by setting `warn_independent_sampling` to `False` in the constructor of `TPESampler` if this independent sampling is intended behavior.
[W 2026-03-12 07:33:56,877] The parameter `num_leaves` in Trial#13 is sampled independently using `RandomSampler` instead of `TPESampler`, potentially degrading the optimization performance. This fallback happend because dynamic search space is not supported for `multivariate=True`. You can suppress this warning by setting `warn_independent_sampling` to `False` in the constructor of `TPESampler` if this independent sampling is intended behavior.
[W 2026-03-12 07:33:56,878] The parameter `max_depth` in Trial#13 is sampled independently using `RandomSampler` instead of `TPESampler`, potentially degrading the optimization performance. This fallback happend because dynamic search space is not supported for `multivariate=True`. You can suppress this warning by setting `warn_independent_sampling` to `False` in the constructor of `TPESampler` if this independent sampling is intended behavior.
[W 2026-03-12 07:33:56,879] The parameter `min_data_in_leaf` in Trial#13 is sampled independently using `RandomSampler` instead of `TPESampler`, potentially degrading the optimization performance. This fallback happend because dynamic search space is not supported for `multivariate=True`. You can suppress this warning by setting `warn_independent_sampling` to `False` in the constructor of `TPESampler` if this independent sampling is intended behavior.
[W 2026-03-12 07:33:56,879] The parameter `feature_fraction` in Trial#13 is sampled independently using `RandomSampler` instead of `TPESampler`, potentially degrading the optimization performance. This fallback happend because dynamic search space is not supported for `multivariate=True`. You can suppress this warning by setting `warn_independent_sampling` to `False` in the constructor of `TPESampler` if this independent sampling is intended behavior.
[W 2026-03-12 07:33:56,880] The parameter `bagging_fraction` in Trial#13 is sampled independently using `RandomSampler` instead of `TPESampler`, potentially degrading the optimization performance. This fallback happend because dynamic search space is not supported for `multivariate=True`. You can suppress this warning by setting `warn_independent_sampling` to `False` in the constructor of `TPESampler` if this independent sampling is intended behavior.
[W 2026-03-12 07:33:56,880] The parameter `bagging_freq` in Trial#13 is sampled independently using `RandomSampler` instead of `TPESampler`, potentially degrading the optimization performance. This fallback happend because dynamic search space is not supported for `multivariate=True`. You can suppress this warning by setting `warn_independent_sampling` to `False` in the constructor of `TPESampler` if this independent sampling is intended behavior.
[W 2026-03-12 07:33:56,881] The parameter `lambda_l1` in Trial#13 is sampled independently using `RandomSampler` instead of `TPESampler`, potentially degrading the optimization performance. This fallback happend because dynamic search space is not supported for `multivariate=True`. You can suppress this warning by setting `warn_independent_sampling` to `False` in the constructor of `TPESampler` if this independent sampling is intended behavior.
[W 2026-03-12 07:33:56,881] The parameter `lambda_l2` in Trial#13 is sampled independently using `RandomSampler` instead of `TPESampler`, potentially degrading the optimization performance. This fallback happend because dynamic search space is not supported for `multivariate=True`. You can suppress this warning by setting `warn_independent_sampling` to `False` in the constructor of `TPESampler` if this independent sampling is intended behavior.
