[I 2026-03-12 04:23:49,355] Trial 81 finished with value: 0.18718619177014645 and parameters: {'n_estimators': 1906, 'learning_rate': 0.0011904980240697307, 'max_depth': 8, 'min_child_weight': 17, 'subsample': 0.46426126656681327, 'colsample_bytree': 0.6451231452465571, 'gamma': 0.1187201016497983}. Best is trial 32 with value: 0.18573511514551205.
[W 2026-03-12 04:23:49,356] The parameter `n_estimators` in Trial#82 is sampled independently using `RandomSampler` instead of `TPESampler`, potentially degrading the optimization performance. This fallback happend because dynamic search space is not supported for `multivariate=True`. You can suppress this warning by setting `warn_independent_sampling` to `False` in the constructor of `TPESampler` if this independent sampling is intended behavior.
[W 2026-03-12 04:23:49,358] The parameter `max_depth` in Trial#82 is sampled independently using `RandomSampler` instead of `TPESampler`, potentially degrading the optimization performance. This fallback happend because dynamic search space is not supported for `multivariate=True`. You can suppress this warning by setting `warn_independent_sampling` to `False` in the constructor of `TPESampler` if this independent sampling is intended behavior.
[W 2026-03-12 04:23:49,358] The parameter `min_child_weight` in Trial#82 is sampled independently using `RandomSampler` instead of `TPESampler`, potentially degrading the optimization performance. This fallback happend because dynamic search space is not supported for `multivariate=True`. You can suppress this warning by setting `warn_independent_sampling` to `False` in the constructor of `TPESampler` if this independent sampling is intended behavior.
[W 2026-03-12 04:23:49,359] The parameter `colsample_bytree` in Trial#82 is sampled independently using `RandomSampler` instead of `TPESampler`, potentially degrading the optimization performance. This fallback happend because dynamic search space is not supported for `multivariate=True`. You can suppress this warning by setting `warn_independent_sampling` to `False` in the constructor of `TPESampler` if this independent sampling is intended behavior.
[W 2026-03-12 04:23:49,359] The parameter `gamma` in Trial#82 is sampled independently using `RandomSampler` instead of `TPESampler`, potentially degrading the optimization performance. This fallback happend because dynamic search space is not supported for `multivariate=True`. You can suppress this warning by setting `warn_independent_sampling` to `False` in the constructor of `TPESampler` if this independent sampling is intended behavior.
[I 2026-03-12 04:24:14,376] Trial 82 finished with value: 0.18939227251036456 and parameters: {'n_estimators': 2069, 'learning_rate': 0.0014863118271286485, 'max_depth': 8, 'min_child_weight': 17, 'subsample': 0.4577608689863306, 'colsample_bytree': 0.6640142952309925, 'gamma': 2.5671039074306954}. Best is trial 32 with value: 0.18573511514551205.
[W 2026-03-12 04:24:14,377] The parameter `n_estimators` in Trial#83 is sampled independently using `RandomSampler` instead of `TPESampler`, potentially degrading the optimization performance. This fallback happend because dynamic search space is not supported for `multivariate=True`. You can suppress this warning by setting `warn_independent_sampling` to `False` in the constructor of `TPESampler` if this independent sampling is intended behavior.
[W 2026-03-12 04:24:14,378] The parameter `max_depth` in Trial#83 is sampled independently using `RandomSampler` instead of `TPESampler`, potentially degrading the optimization performance. This fallback happend because dynamic search space is not supported for `multivariate=True`. You can suppress this warning by setting `warn_independent_sampling` to `False` in the constructor of `TPESampler` if this independent sampling is intended behavior.
[W 2026-03-12 04:24:14,379] The parameter `min_child_weight` in Trial#83 is sampled independently using `RandomSampler` instead of `TPESampler`, potentially degrading the optimization performance. This fallback happend because dynamic search space is not supported for `multivariate=True`. You can suppress this warning by setting `warn_independent_sampling` to `False` in the constructor of `TPESampler` if this independent sampling is intended behavior.
[W 2026-03-12 04:24:14,379] The parameter `colsample_bytree` in Trial#83 is sampled independently using `RandomSampler` instead of `TPESampler`, potentially degrading the optimization performance. This fallback happend because dynamic search space is not supported for `multivariate=True`. You can suppress this warning by setting `warn_independent_sampling` to `False` in the constructor of `TPESampler` if this independent sampling is intended behavior.
[W 2026-03-12 04:24:14,380] The parameter `gamma` in Trial#83 is sampled independently using `RandomSampler` instead of `TPESampler`, potentially degrading the optimization performance. This fallback happend because dynamic search space is not supported for `multivariate=True`. You can suppress this warning by setting `warn_independent_sampling` to `False` in the constructor of `TPESampler` if this independent sampling is intended behavior.
[I 2026-03-12 04:25:09,987] Trial 83 finished with value: 0.19510721802780762 and parameters: {'n_estimators': 1728, 'learning_rate': 0.0006684857744533903, 'max_depth': 7, 'min_child_weight': 17, 'subsample': 0.5233151949508962, 'colsample_bytree': 0.6351853338820094, 'gamma': 0.04943516161006824}. Best is trial 32 with value: 0.18573511514551205.
[W 2026-03-12 04:25:09,988] The parameter `n_estimators` in Trial#84 is sampled independently using `RandomSampler` instead of `TPESampler`, potentially degrading the optimization performance. This fallback happend because dynamic search space is not supported for `multivariate=True`. You can suppress this warning by setting `warn_independent_sampling` to `False` in the constructor of `TPESampler` if this independent sampling is intended behavior.
[W 2026-03-12 04:25:09,990] The parameter `max_depth` in Trial#84 is sampled independently using `RandomSampler` instead of `TPESampler`, potentially degrading the optimization performance. This fallback happend because dynamic search space is not supported for `multivariate=True`. You can suppress this warning by setting `warn_independent_sampling` to `False` in the constructor of `TPESampler` if this independent sampling is intended behavior.
[W 2026-03-12 04:25:09,990] The parameter `min_child_weight` in Trial#84 is sampled independently using `RandomSampler` instead of `TPESampler`, potentially degrading the optimization performance. This fallback happend because dynamic search space is not supported for `multivariate=True`. You can suppress this warning by setting `warn_independent_sampling` to `False` in the constructor of `TPESampler` if this independent sampling is intended behavior.
[W 2026-03-12 04:25:09,991] The parameter `colsample_bytree` in Trial#84 is sampled independently using `RandomSampler` instead of `TPESampler`, potentially degrading the optimization performance. This fallback happend because dynamic search space is not supported for `multivariate=True`. You can suppress this warning by setting `warn_independent_sampling` to `False` in the constructor of `TPESampler` if this independent sampling is intended behavior.
[W 2026-03-12 04:25:09,991] The parameter `gamma` in Trial#84 is sampled independently using `RandomSampler` instead of `TPESampler`, potentially degrading the optimization performance. This fallback happend because dynamic search space is not supported for `multivariate=True`. You can suppress this warning by setting `warn_independent_sampling` to `False` in the constructor of `TPESampler` if this independent sampling is intended behavior.
[I 2026-03-12 04:25:28,351] Trial 84 finished with value: 0.188343969768439 and parameters: {'n_estimators': 2118, 'learning_rate': 0.003271511362286862, 'max_depth': 9, 'min_child_weight': 15, 'subsample': 0.5021086907243937, 'colsample_bytree': 0.7183987455577039, 'gamma': 2.660841378561232}. Best is trial 32 with value: 0.18573511514551205.
[W 2026-03-12 04:25:28,352] The parameter `n_estimators` in Trial#85 is sampled independently using `RandomSampler` instead of `TPESampler`, potentially degrading the optimization performance. This fallback happend because dynamic search space is not supported for `multivariate=True`. You can suppress this warning by setting `warn_independent_sampling` to `False` in the constructor of `TPESampler` if this independent sampling is intended behavior.
[W 2026-03-12 04:25:28,354] The parameter `max_depth` in Trial#85 is sampled independently using `RandomSampler` instead of `TPESampler`, potentially degrading the optimization performance. This fallback happend because dynamic search space is not supported for `multivariate=True`. You can suppress this warning by setting `warn_independent_sampling` to `False` in the constructor of `TPESampler` if this independent sampling is intended behavior.
[W 2026-03-12 04:25:28,354] The parameter `min_child_weight` in Trial#85 is sampled independently using `RandomSampler` instead of `TPESampler`, potentially degrading the optimization performance. This fallback happend because dynamic search space is not supported for `multivariate=True`. You can suppress this warning by setting `warn_independent_sampling` to `False` in the constructor of `TPESampler` if this independent sampling is intended behavior.
[W 2026-03-12 04:25:28,355] The parameter `colsample_bytree` in Trial#85 is sampled independently using `RandomSampler` instead of `TPESampler`, potentially degrading the optimization performance. This fallback happend because dynamic search space is not supported for `multivariate=True`. You can suppress this warning by setting `warn_independent_sampling` to `False` in the constructor of `TPESampler` if this independent sampling is intended behavior.
[W 2026-03-12 04:25:28,355] The parameter `gamma` in Trial#85 is sampled independently using `RandomSampler` instead of `TPESampler`, potentially degrading the optimization performance. This fallback happend because dynamic search space is not supported for `multivariate=True`. You can suppress this warning by setting `warn_independent_sampling` to `False` in the constructor of `TPESampler` if this independent sampling is intended behavior.
[I 2026-03-12 04:26:40,775] Trial 85 finished with value: 0.1904453974416399 and parameters: {'n_estimators': 2095, 'learning_rate': 0.0007523879223558582, 'max_depth': 8, 'min_child_weight': 18, 'subsample': 0.4132555713368169, 'colsample_bytree': 0.5795210826178379, 'gamma': 0.2901453143258709}. Best is trial 32 with value: 0.18573511514551205.
[W 2026-03-12 04:26:40,776] The parameter `n_estimators` in Trial#86 is sampled independently using `RandomSampler` instead of `TPESampler`, potentially degrading the optimization performance. This fallback happend because dynamic search space is not supported for `multivariate=True`. You can suppress this warning by setting `warn_independent_sampling` to `False` in the constructor of `TPESampler` if this independent sampling is intended behavior.
[W 2026-03-12 04:26:40,777] The parameter `max_depth` in Trial#86 is sampled independently using `RandomSampler` instead of `TPESampler`, potentially degrading the optimization performance. This fallback happend because dynamic search space is not supported for `multivariate=True`. You can suppress this warning by setting `warn_independent_sampling` to `False` in the constructor of `TPESampler` if this independent sampling is intended behavior.
[W 2026-03-12 04:26:40,778] The parameter `min_child_weight` in Trial#86 is sampled independently using `RandomSampler` instead of `TPESampler`, potentially degrading the optimization performance. This fallback happend because dynamic search space is not supported for `multivariate=True`. You can suppress this warning by setting `warn_independent_sampling` to `False` in the constructor of `TPESampler` if this independent sampling is intended behavior.
[W 2026-03-12 04:26:40,778] The parameter `colsample_bytree` in Trial#86 is sampled independently using `RandomSampler` instead of `TPESampler`, potentially degrading the optimization performance. This fallback happend because dynamic search space is not supported for `multivariate=True`. You can suppress this warning by setting `warn_independent_sampling` to `False` in the constructor of `TPESampler` if this independent sampling is intended behavior.
[W 2026-03-12 04:26:40,779] The parameter `gamma` in Trial#86 is sampled independently using `RandomSampler` instead of `TPESampler`, potentially degrading the optimization performance. This fallback happend because dynamic search space is not supported for `multivariate=True`. You can suppress this warning by setting `warn_independent_sampling` to `False` in the constructor of `TPESampler` if this independent sampling is intended behavior.
[I 2026-03-12 04:27:38,083] Trial 86 finished with value: 0.18965474973471946 and parameters: {'n_estimators': 1796, 'learning_rate': 0.005911261833439962, 'max_depth': 7, 'min_child_weight': 9, 'subsample': 0.4172221480124533, 'colsample_bytree': 0.6811768665493899, 'gamma': 0.12899580548051132}. Best is trial 32 with value: 0.18573511514551205.
[W 2026-03-12 04:27:38,084] The parameter `n_estimators` in Trial#87 is sampled independently using `RandomSampler` instead of `TPESampler`, potentially degrading the optimization performance. This fallback happend because dynamic search space is not supported for `multivariate=True`. You can suppress this warning by setting `warn_independent_sampling` to `False` in the constructor of `TPESampler` if this independent sampling is intended behavior.
[W 2026-03-12 04:27:38,085] The parameter `max_depth` in Trial#87 is sampled independently using `RandomSampler` instead of `TPESampler`, potentially degrading the optimization performance. This fallback happend because dynamic search space is not supported for `multivariate=True`. You can suppress this warning by setting `warn_independent_sampling` to `False` in the constructor of `TPESampler` if this independent sampling is intended behavior.
[W 2026-03-12 04:27:38,086] The parameter `min_child_weight` in Trial#87 is sampled independently using `RandomSampler` instead of `TPESampler`, potentially degrading the optimization performance. This fallback happend because dynamic search space is not supported for `multivariate=True`. You can suppress this warning by setting `warn_independent_sampling` to `False` in the constructor of `TPESampler` if this independent sampling is intended behavior.
[W 2026-03-12 04:27:38,086] The parameter `colsample_bytree` in Trial#87 is sampled independently using `RandomSampler` instead of `TPESampler`, potentially degrading the optimization performance. This fallback happend because dynamic search space is not supported for `multivariate=True`. You can suppress this warning by setting `warn_independent_sampling` to `False` in the constructor of `TPESampler` if this independent sampling is intended behavior.
[W 2026-03-12 04:27:38,087] The parameter `gamma` in Trial#87 is sampled independently using `RandomSampler` instead of `TPESampler`, potentially degrading the optimization performance. This fallback happend because dynamic search space is not supported for `multivariate=True`. You can suppress this warning by setting `warn_independent_sampling` to `False` in the constructor of `TPESampler` if this independent sampling is intended behavior.
[I 2026-03-12 04:28:07,114] Trial 87 finished with value: 0.18951881443286092 and parameters: {'n_estimators': 2251, 'learning_rate': 0.0011719434163851923, 'max_depth': 9, 'min_child_weight': 15, 'subsample': 0.5517717827421781, 'colsample_bytree': 0.7747407815324323, 'gamma': 2.844553714848689}. Best is trial 32 with value: 0.18573511514551205.
[W 2026-03-12 04:28:07,115] The parameter `n_estimators` in Trial#88 is sampled independently using `RandomSampler` instead of `TPESampler`, potentially degrading the optimization performance. This fallback happend because dynamic search space is not supported for `multivariate=True`. You can suppress this warning by setting `warn_independent_sampling` to `False` in the constructor of `TPESampler` if this independent sampling is intended behavior.
[W 2026-03-12 04:28:07,117] The parameter `max_depth` in Trial#88 is sampled independently using `RandomSampler` instead of `TPESampler`, potentially degrading the optimization performance. This fallback happend because dynamic search space is not supported for `multivariate=True`. You can suppress this warning by setting `warn_independent_sampling` to `False` in the constructor of `TPESampler` if this independent sampling is intended behavior.
[W 2026-03-12 04:28:07,117] The parameter `min_child_weight` in Trial#88 is sampled independently using `RandomSampler` instead of `TPESampler`, potentially degrading the optimization performance. This fallback happend because dynamic search space is not supported for `multivariate=True`. You can suppress this warning by setting `warn_independent_sampling` to `False` in the constructor of `TPESampler` if this independent sampling is intended behavior.
[W 2026-03-12 04:28:07,118] The parameter `colsample_bytree` in Trial#88 is sampled independently using `RandomSampler` instead of `TPESampler`, potentially degrading the optimization performance. This fallback happend because dynamic search space is not supported for `multivariate=True`. You can suppress this warning by setting `warn_independent_sampling` to `False` in the constructor of `TPESampler` if this independent sampling is intended behavior.
[W 2026-03-12 04:28:07,118] The parameter `gamma` in Trial#88 is sampled independently using `RandomSampler` instead of `TPESampler`, potentially degrading the optimization performance. This fallback happend because dynamic search space is not supported for `multivariate=True`. You can suppress this warning by setting `warn_independent_sampling` to `False` in the constructor of `TPESampler` if this independent sampling is intended behavior.
[I 2026-03-12 04:29:18,456] Trial 88 finished with value: 0.21247919322044012 and parameters: {'n_estimators': 1907, 'learning_rate': 0.00026364107797792913, 'max_depth': 8, 'min_child_weight': 18, 'subsample': 0.5232926134535809, 'colsample_bytree': 0.5629094120315654, 'gamma': 0.000340157498043947}. Best is trial 32 with value: 0.18573511514551205.
[W 2026-03-12 04:29:18,457] The parameter `n_estimators` in Trial#89 is sampled independently using `RandomSampler` instead of `TPESampler`, potentially degrading the optimization performance. This fallback happend because dynamic search space is not supported for `multivariate=True`. You can suppress this warning by setting `warn_independent_sampling` to `False` in the constructor of `TPESampler` if this independent sampling is intended behavior.
[W 2026-03-12 04:29:18,459] The parameter `max_depth` in Trial#89 is sampled independently using `RandomSampler` instead of `TPESampler`, potentially degrading the optimization performance. This fallback happend because dynamic search space is not supported for `multivariate=True`. You can suppress this warning by setting `warn_independent_sampling` to `False` in the constructor of `TPESampler` if this independent sampling is intended behavior.
[W 2026-03-12 04:29:18,459] The parameter `min_child_weight` in Trial#89 is sampled independently using `RandomSampler` instead of `TPESampler`, potentially degrading the optimization performance. This fallback happend because dynamic search space is not supported for `multivariate=True`. You can suppress this warning by setting `warn_independent_sampling` to `False` in the constructor of `TPESampler` if this independent sampling is intended behavior.
[W 2026-03-12 04:29:18,460] The parameter `colsample_bytree` in Trial#89 is sampled independently using `RandomSampler` instead of `TPESampler`, potentially degrading the optimization performance. This fallback happend because dynamic search space is not supported for `multivariate=True`. You can suppress this warning by setting `warn_independent_sampling` to `False` in the constructor of `TPESampler` if this independent sampling is intended behavior.
[W 2026-03-12 04:29:18,460] The parameter `gamma` in Trial#89 is sampled independently using `RandomSampler` instead of `TPESampler`, potentially degrading the optimization performance. This fallback happend because dynamic search space is not supported for `multivariate=True`. You can suppress this warning by setting `warn_independent_sampling` to `False` in the constructor of `TPESampler` if this independent sampling is intended behavior.
