[I 2026-03-12 04:34:11,360] Trial 97 finished with value: 0.18840147679513525 and parameters: {'n_estimators': 1781, 'learning_rate': 0.005227677371753209, 'max_depth': 4, 'min_child_weight': 17, 'subsample': 0.5170837134539602, 'colsample_bytree': 0.6847985488189181, 'gamma': 2.6148226498822185}. Best is trial 32 with value: 0.18573511514551205.
[W 2026-03-12 04:34:11,361] The parameter `n_estimators` in Trial#98 is sampled independently using `RandomSampler` instead of `TPESampler`, potentially degrading the optimization performance. This fallback happend because dynamic search space is not supported for `multivariate=True`. You can suppress this warning by setting `warn_independent_sampling` to `False` in the constructor of `TPESampler` if this independent sampling is intended behavior.
[W 2026-03-12 04:34:11,363] The parameter `max_depth` in Trial#98 is sampled independently using `RandomSampler` instead of `TPESampler`, potentially degrading the optimization performance. This fallback happend because dynamic search space is not supported for `multivariate=True`. You can suppress this warning by setting `warn_independent_sampling` to `False` in the constructor of `TPESampler` if this independent sampling is intended behavior.
[W 2026-03-12 04:34:11,363] The parameter `min_child_weight` in Trial#98 is sampled independently using `RandomSampler` instead of `TPESampler`, potentially degrading the optimization performance. This fallback happend because dynamic search space is not supported for `multivariate=True`. You can suppress this warning by setting `warn_independent_sampling` to `False` in the constructor of `TPESampler` if this independent sampling is intended behavior.
[W 2026-03-12 04:34:11,364] The parameter `colsample_bytree` in Trial#98 is sampled independently using `RandomSampler` instead of `TPESampler`, potentially degrading the optimization performance. This fallback happend because dynamic search space is not supported for `multivariate=True`. You can suppress this warning by setting `warn_independent_sampling` to `False` in the constructor of `TPESampler` if this independent sampling is intended behavior.
[W 2026-03-12 04:34:11,364] The parameter `gamma` in Trial#98 is sampled independently using `RandomSampler` instead of `TPESampler`, potentially degrading the optimization performance. This fallback happend because dynamic search space is not supported for `multivariate=True`. You can suppress this warning by setting `warn_independent_sampling` to `False` in the constructor of `TPESampler` if this independent sampling is intended behavior.
[I 2026-03-12 04:35:47,262] Trial 98 finished with value: 0.18750814518641937 and parameters: {'n_estimators': 2286, 'learning_rate': 0.0016452533650541331, 'max_depth': 9, 'min_child_weight': 15, 'subsample': 0.4916083270216469, 'colsample_bytree': 0.6148378754971747, 'gamma': 0.04734292351819662}. Best is trial 32 with value: 0.18573511514551205.
[W 2026-03-12 04:35:47,263] The parameter `n_estimators` in Trial#99 is sampled independently using `RandomSampler` instead of `TPESampler`, potentially degrading the optimization performance. This fallback happend because dynamic search space is not supported for `multivariate=True`. You can suppress this warning by setting `warn_independent_sampling` to `False` in the constructor of `TPESampler` if this independent sampling is intended behavior.
[W 2026-03-12 04:35:47,265] The parameter `max_depth` in Trial#99 is sampled independently using `RandomSampler` instead of `TPESampler`, potentially degrading the optimization performance. This fallback happend because dynamic search space is not supported for `multivariate=True`. You can suppress this warning by setting `warn_independent_sampling` to `False` in the constructor of `TPESampler` if this independent sampling is intended behavior.
[W 2026-03-12 04:35:47,266] The parameter `min_child_weight` in Trial#99 is sampled independently using `RandomSampler` instead of `TPESampler`, potentially degrading the optimization performance. This fallback happend because dynamic search space is not supported for `multivariate=True`. You can suppress this warning by setting `warn_independent_sampling` to `False` in the constructor of `TPESampler` if this independent sampling is intended behavior.
[W 2026-03-12 04:35:47,266] The parameter `colsample_bytree` in Trial#99 is sampled independently using `RandomSampler` instead of `TPESampler`, potentially degrading the optimization performance. This fallback happend because dynamic search space is not supported for `multivariate=True`. You can suppress this warning by setting `warn_independent_sampling` to `False` in the constructor of `TPESampler` if this independent sampling is intended behavior.
[W 2026-03-12 04:35:47,267] The parameter `gamma` in Trial#99 is sampled independently using `RandomSampler` instead of `TPESampler`, potentially degrading the optimization performance. This fallback happend because dynamic search space is not supported for `multivariate=True`. You can suppress this warning by setting `warn_independent_sampling` to `False` in the constructor of `TPESampler` if this independent sampling is intended behavior.
[I 2026-03-12 04:36:11,423] Trial 99 finished with value: 0.19035472893909797 and parameters: {'n_estimators': 2001, 'learning_rate': 0.0011963634112125416, 'max_depth': 3, 'min_child_weight': 18, 'subsample': 0.593456546695124, 'colsample_bytree': 0.7675375137746271, 'gamma': 2.6567398378313216}. Best is trial 32 with value: 0.18573511514551205.
Best Brier: 0.18574
--- Men LightGBM ---
[I 2026-03-12 04:36:11,423] A new study created in memory with name: no-name-5b134244-08f4-456e-bf63-d1f8927cc915
[I 2026-03-12 04:37:15,899] Trial 0 finished with value: 0.19278171979580647 and parameters: {'n_estimators': 2317, 'learning_rate': 0.0006177332623538318, 'num_leaves': 44, 'max_depth': 7, 'min_data_in_leaf': 198, 'feature_fraction': 0.5452331629069003, 'bagging_fraction': 0.8032813284435272, 'bagging_freq': 8, 'lambda_l1': 1.3763785504379889e-06, 'lambda_l2': 0.03580528521176685}. Best is trial 0 with value: 0.19278171979580647.
[I 2026-03-12 04:39:08,248] Trial 1 finished with value: 0.19294984950109798 and parameters: {'n_estimators': 1235, 'learning_rate': 0.012225327812715717, 'num_leaves': 165, 'max_depth': 8, 'min_data_in_leaf': 22, 'feature_fraction': 0.9011814973535428, 'bagging_fraction': 0.5924680389830416, 'bagging_freq': 2, 'lambda_l1': 2.3279640748356466e-08, 'lambda_l2': 0.0020798714270728394}. Best is trial 0 with value: 0.19278171979580647.
[I 2026-03-12 04:40:01,677] Trial 2 finished with value: 0.23068829761189974 and parameters: {'n_estimators': 1855, 'learning_rate': 0.00011343757160462307, 'num_leaves': 135, 'max_depth': 5, 'min_data_in_leaf': 131, 'feature_fraction': 0.5046198574029949, 'bagging_fraction': 0.8145626428614796, 'bagging_freq': 4, 'lambda_l1': 2.6950690621944644, 'lambda_l2': 1.7285760734977495e-07}. Best is trial 0 with value: 0.19278171979580647.
[I 2026-03-12 04:42:08,013] Trial 3 finished with value: 0.2239931511079038 and parameters: {'n_estimators': 1182, 'learning_rate': 0.00023690787504551878, 'num_leaves': 238, 'max_depth': 11, 'min_data_in_leaf': 55, 'feature_fraction': 0.7959904276205074, 'bagging_fraction': 0.8903333201207295, 'bagging_freq': 6, 'lambda_l1': 0.0005845951462609696, 'lambda_l2': 1.5020023705702004e-06}. Best is trial 0 with value: 0.19278171979580647.
[I 2026-03-12 04:42:52,918] Trial 4 finished with value: 0.20081361891903554 and parameters: {'n_estimators': 686, 'learning_rate': 0.09156639782185148, 'num_leaves': 232, 'max_depth': 9, 'min_data_in_leaf': 71, 'feature_fraction': 0.6095257447675966, 'bagging_fraction': 0.8355734073221436, 'bagging_freq': 9, 'lambda_l1': 0.9633360624447911, 'lambda_l2': 0.10444313823312158}. Best is trial 0 with value: 0.19278171979580647.
[I 2026-03-12 04:43:37,574] Trial 5 finished with value: 0.22151256829742494 and parameters: {'n_estimators': 1784, 'learning_rate': 0.0001895608067245974, 'num_leaves': 48, 'max_depth': 11, 'min_data_in_leaf': 123, 'feature_fraction': 0.4055182309699778, 'bagging_fraction': 0.4608829257196193, 'bagging_freq': 7, 'lambda_l1': 1.1105912682481444e-08, 'lambda_l2': 2.80073786380359e-07}. Best is trial 0 with value: 0.19278171979580647.
[I 2026-03-12 04:44:11,301] Trial 6 finished with value: 0.19347726193661613 and parameters: {'n_estimators': 1598, 'learning_rate': 0.01922944728568794, 'num_leaves': 170, 'max_depth': 5, 'min_data_in_leaf': 144, 'feature_fraction': 0.5423494524980801, 'bagging_fraction': 0.5952398188955607, 'bagging_freq': 8, 'lambda_l1': 0.007025804993039185, 'lambda_l2': 0.4395524392287036}. Best is trial 0 with value: 0.19278171979580647.
[I 2026-03-12 04:45:28,673] Trial 7 finished with value: 0.18916347665054273 and parameters: {'n_estimators': 1815, 'learning_rate': 0.007516293778569404, 'num_leaves': 31, 'max_depth': 6, 'min_data_in_leaf': 56, 'feature_fraction': 0.5463937860274501, 'bagging_fraction': 0.9838063328514673, 'bagging_freq': 4, 'lambda_l1': 1.0676256433841842, 'lambda_l2': 0.004789030842100622}. Best is trial 7 with value: 0.18916347665054273.
[I 2026-03-12 04:47:22,909] Trial 8 finished with value: 0.18752763807307596 and parameters: {'n_estimators': 2090, 'learning_rate': 0.0045626811591996455, 'num_leaves': 151, 'max_depth': 7, 'min_data_in_leaf': 43, 'feature_fraction': 0.8334712691569032, 'bagging_fraction': 0.5684634174645135, 'bagging_freq': 1, 'lambda_l1': 0.006445411701103587, 'lambda_l2': 3.926414226888425e-07}. Best is trial 8 with value: 0.18752763807307596.
[I 2026-03-12 04:47:59,974] Trial 9 finished with value: 0.2017710889407129 and parameters: {'n_estimators': 2381, 'learning_rate': 0.14091163251738426, 'num_leaves': 235, 'max_depth': 6, 'min_data_in_leaf': 8, 'feature_fraction': 0.9569911375526352, 'bagging_fraction': 0.6569104889903886, 'bagging_freq': 10, 'lambda_l1': 4.705218477150983, 'lambda_l2': 0.47542837613348465}. Best is trial 8 with value: 0.18752763807307596.
[W 2026-03-12 04:47:59,975] The parameter `n_estimators` in Trial#10 is sampled independently using `RandomSampler` instead of `TPESampler`, potentially degrading the optimization performance. This fallback happend because dynamic search space is not supported for `multivariate=True`. You can suppress this warning by setting `warn_independent_sampling` to `False` in the constructor of `TPESampler` if this independent sampling is intended behavior.
[W 2026-03-12 04:47:59,976] The parameter `num_leaves` in Trial#10 is sampled independently using `RandomSampler` instead of `TPESampler`, potentially degrading the optimization performance. This fallback happend because dynamic search space is not supported for `multivariate=True`. You can suppress this warning by setting `warn_independent_sampling` to `False` in the constructor of `TPESampler` if this independent sampling is intended behavior.
[W 2026-03-12 04:47:59,977] The parameter `max_depth` in Trial#10 is sampled independently using `RandomSampler` instead of `TPESampler`, potentially degrading the optimization performance. This fallback happend because dynamic search space is not supported for `multivariate=True`. You can suppress this warning by setting `warn_independent_sampling` to `False` in the constructor of `TPESampler` if this independent sampling is intended behavior.
[W 2026-03-12 04:47:59,977] The parameter `min_data_in_leaf` in Trial#10 is sampled independently using `RandomSampler` instead of `TPESampler`, potentially degrading the optimization performance. This fallback happend because dynamic search space is not supported for `multivariate=True`. You can suppress this warning by setting `warn_independent_sampling` to `False` in the constructor of `TPESampler` if this independent sampling is intended behavior.
[W 2026-03-12 04:47:59,978] The parameter `feature_fraction` in Trial#10 is sampled independently using `RandomSampler` instead of `TPESampler`, potentially degrading the optimization performance. This fallback happend because dynamic search space is not supported for `multivariate=True`. You can suppress this warning by setting `warn_independent_sampling` to `False` in the constructor of `TPESampler` if this independent sampling is intended behavior.
[W 2026-03-12 04:47:59,978] The parameter `bagging_fraction` in Trial#10 is sampled independently using `RandomSampler` instead of `TPESampler`, potentially degrading the optimization performance. This fallback happend because dynamic search space is not supported for `multivariate=True`. You can suppress this warning by setting `warn_independent_sampling` to `False` in the constructor of `TPESampler` if this independent sampling is intended behavior.
[W 2026-03-12 04:47:59,979] The parameter `bagging_freq` in Trial#10 is sampled independently using `RandomSampler` instead of `TPESampler`, potentially degrading the optimization performance. This fallback happend because dynamic search space is not supported for `multivariate=True`. You can suppress this warning by setting `warn_independent_sampling` to `False` in the constructor of `TPESampler` if this independent sampling is intended behavior.
[W 2026-03-12 04:47:59,979] The parameter `lambda_l1` in Trial#10 is sampled independently using `RandomSampler` instead of `TPESampler`, potentially degrading the optimization performance. This fallback happend because dynamic search space is not supported for `multivariate=True`. You can suppress this warning by setting `warn_independent_sampling` to `False` in the constructor of `TPESampler` if this independent sampling is intended behavior.
[W 2026-03-12 04:47:59,980] The parameter `lambda_l2` in Trial#10 is sampled independently using `RandomSampler` instead of `TPESampler`, potentially degrading the optimization performance. This fallback happend because dynamic search space is not supported for `multivariate=True`. You can suppress this warning by setting `warn_independent_sampling` to `False` in the constructor of `TPESampler` if this independent sampling is intended behavior.
[I 2026-03-12 04:48:51,247] Trial 10 finished with value: 0.18628910643217894 and parameters: {'n_estimators': 2443, 'learning_rate': 0.0016879075158000175, 'num_leaves': 105, 'max_depth': 4, 'min_data_in_leaf': 91, 'feature_fraction': 0.7747670632892053, 'bagging_fraction': 0.41526704923385743, 'bagging_freq': 1, 'lambda_l1': 4.153807184649316e-05, 'lambda_l2': 3.465788300954862e-05}. Best is trial 10 with value: 0.18628910643217894.
[W 2026-03-12 04:48:51,248] The parameter `n_estimators` in Trial#11 is sampled independently using `RandomSampler` instead of `TPESampler`, potentially degrading the optimization performance. This fallback happend because dynamic search space is not supported for `multivariate=True`. You can suppress this warning by setting `warn_independent_sampling` to `False` in the constructor of `TPESampler` if this independent sampling is intended behavior.
[W 2026-03-12 04:48:51,249] The parameter `num_leaves` in Trial#11 is sampled independently using `RandomSampler` instead of `TPESampler`, potentially degrading the optimization performance. This fallback happend because dynamic search space is not supported for `multivariate=True`. You can suppress this warning by setting `warn_independent_sampling` to `False` in the constructor of `TPESampler` if this independent sampling is intended behavior.
[W 2026-03-12 04:48:51,249] The parameter `max_depth` in Trial#11 is sampled independently using `RandomSampler` instead of `TPESampler`, potentially degrading the optimization performance. This fallback happend because dynamic search space is not supported for `multivariate=True`. You can suppress this warning by setting `warn_independent_sampling` to `False` in the constructor of `TPESampler` if this independent sampling is intended behavior.
[W 2026-03-12 04:48:51,250] The parameter `min_data_in_leaf` in Trial#11 is sampled independently using `RandomSampler` instead of `TPESampler`, potentially degrading the optimization performance. This fallback happend because dynamic search space is not supported for `multivariate=True`. You can suppress this warning by setting `warn_independent_sampling` to `False` in the constructor of `TPESampler` if this independent sampling is intended behavior.
[W 2026-03-12 04:48:51,250] The parameter `feature_fraction` in Trial#11 is sampled independently using `RandomSampler` instead of `TPESampler`, potentially degrading the optimization performance. This fallback happend because dynamic search space is not supported for `multivariate=True`. You can suppress this warning by setting `warn_independent_sampling` to `False` in the constructor of `TPESampler` if this independent sampling is intended behavior.
[W 2026-03-12 04:48:51,251] The parameter `bagging_fraction` in Trial#11 is sampled independently using `RandomSampler` instead of `TPESampler`, potentially degrading the optimization performance. This fallback happend because dynamic search space is not supported for `multivariate=True`. You can suppress this warning by setting `warn_independent_sampling` to `False` in the constructor of `TPESampler` if this independent sampling is intended behavior.
[W 2026-03-12 04:48:51,251] The parameter `bagging_freq` in Trial#11 is sampled independently using `RandomSampler` instead of `TPESampler`, potentially degrading the optimization performance. This fallback happend because dynamic search space is not supported for `multivariate=True`. You can suppress this warning by setting `warn_independent_sampling` to `False` in the constructor of `TPESampler` if this independent sampling is intended behavior.
[W 2026-03-12 04:48:51,252] The parameter `lambda_l1` in Trial#11 is sampled independently using `RandomSampler` instead of `TPESampler`, potentially degrading the optimization performance. This fallback happend because dynamic search space is not supported for `multivariate=True`. You can suppress this warning by setting `warn_independent_sampling` to `False` in the constructor of `TPESampler` if this independent sampling is intended behavior.
[W 2026-03-12 04:48:51,252] The parameter `lambda_l2` in Trial#11 is sampled independently using `RandomSampler` instead of `TPESampler`, potentially degrading the optimization performance. This fallback happend because dynamic search space is not supported for `multivariate=True`. You can suppress this warning by setting `warn_independent_sampling` to `False` in the constructor of `TPESampler` if this independent sampling is intended behavior.
