[I 2026-03-12 07:12:49,782] Trial 29 finished with value: 0.14103719917836688 and parameters: {'n_estimators': 2087, 'learning_rate': 0.04496903471137333, 'max_depth': 4, 'min_child_weight': 17, 'subsample': 0.697610809290496, 'colsample_bytree': 0.9954322028114262, 'gamma': 6.789891176889971}. Best is trial 14 with value: 0.13885128968606117.
[W 2026-03-12 07:12:49,783] The parameter `n_estimators` in Trial#30 is sampled independently using `RandomSampler` instead of `TPESampler`, potentially degrading the optimization performance. This fallback happend because dynamic search space is not supported for `multivariate=True`. You can suppress this warning by setting `warn_independent_sampling` to `False` in the constructor of `TPESampler` if this independent sampling is intended behavior.
[W 2026-03-12 07:12:49,784] The parameter `max_depth` in Trial#30 is sampled independently using `RandomSampler` instead of `TPESampler`, potentially degrading the optimization performance. This fallback happend because dynamic search space is not supported for `multivariate=True`. You can suppress this warning by setting `warn_independent_sampling` to `False` in the constructor of `TPESampler` if this independent sampling is intended behavior.
[W 2026-03-12 07:12:49,785] The parameter `min_child_weight` in Trial#30 is sampled independently using `RandomSampler` instead of `TPESampler`, potentially degrading the optimization performance. This fallback happend because dynamic search space is not supported for `multivariate=True`. You can suppress this warning by setting `warn_independent_sampling` to `False` in the constructor of `TPESampler` if this independent sampling is intended behavior.
[W 2026-03-12 07:12:49,785] The parameter `subsample` in Trial#30 is sampled independently using `RandomSampler` instead of `TPESampler`, potentially degrading the optimization performance. This fallback happend because dynamic search space is not supported for `multivariate=True`. You can suppress this warning by setting `warn_independent_sampling` to `False` in the constructor of `TPESampler` if this independent sampling is intended behavior.
[W 2026-03-12 07:12:49,786] The parameter `colsample_bytree` in Trial#30 is sampled independently using `RandomSampler` instead of `TPESampler`, potentially degrading the optimization performance. This fallback happend because dynamic search space is not supported for `multivariate=True`. You can suppress this warning by setting `warn_independent_sampling` to `False` in the constructor of `TPESampler` if this independent sampling is intended behavior.
[W 2026-03-12 07:12:49,786] The parameter `gamma` in Trial#30 is sampled independently using `RandomSampler` instead of `TPESampler`, potentially degrading the optimization performance. This fallback happend because dynamic search space is not supported for `multivariate=True`. You can suppress this warning by setting `warn_independent_sampling` to `False` in the constructor of `TPESampler` if this independent sampling is intended behavior.
[I 2026-03-12 07:13:01,091] Trial 30 finished with value: 0.13890834131832117 and parameters: {'n_estimators': 1910, 'learning_rate': 0.008284743723922771, 'max_depth': 8, 'min_child_weight': 6, 'subsample': 0.8369963606224322, 'colsample_bytree': 0.6047651032098477, 'gamma': 3.7382042574013146}. Best is trial 14 with value: 0.13885128968606117.
[W 2026-03-12 07:13:01,092] The parameter `n_estimators` in Trial#31 is sampled independently using `RandomSampler` instead of `TPESampler`, potentially degrading the optimization performance. This fallback happend because dynamic search space is not supported for `multivariate=True`. You can suppress this warning by setting `warn_independent_sampling` to `False` in the constructor of `TPESampler` if this independent sampling is intended behavior.
[W 2026-03-12 07:13:01,093] The parameter `max_depth` in Trial#31 is sampled independently using `RandomSampler` instead of `TPESampler`, potentially degrading the optimization performance. This fallback happend because dynamic search space is not supported for `multivariate=True`. You can suppress this warning by setting `warn_independent_sampling` to `False` in the constructor of `TPESampler` if this independent sampling is intended behavior.
[W 2026-03-12 07:13:01,094] The parameter `min_child_weight` in Trial#31 is sampled independently using `RandomSampler` instead of `TPESampler`, potentially degrading the optimization performance. This fallback happend because dynamic search space is not supported for `multivariate=True`. You can suppress this warning by setting `warn_independent_sampling` to `False` in the constructor of `TPESampler` if this independent sampling is intended behavior.
[W 2026-03-12 07:13:01,094] The parameter `subsample` in Trial#31 is sampled independently using `RandomSampler` instead of `TPESampler`, potentially degrading the optimization performance. This fallback happend because dynamic search space is not supported for `multivariate=True`. You can suppress this warning by setting `warn_independent_sampling` to `False` in the constructor of `TPESampler` if this independent sampling is intended behavior.
[W 2026-03-12 07:13:01,095] The parameter `colsample_bytree` in Trial#31 is sampled independently using `RandomSampler` instead of `TPESampler`, potentially degrading the optimization performance. This fallback happend because dynamic search space is not supported for `multivariate=True`. You can suppress this warning by setting `warn_independent_sampling` to `False` in the constructor of `TPESampler` if this independent sampling is intended behavior.
[W 2026-03-12 07:13:01,095] The parameter `gamma` in Trial#31 is sampled independently using `RandomSampler` instead of `TPESampler`, potentially degrading the optimization performance. This fallback happend because dynamic search space is not supported for `multivariate=True`. You can suppress this warning by setting `warn_independent_sampling` to `False` in the constructor of `TPESampler` if this independent sampling is intended behavior.
[I 2026-03-12 07:13:11,982] Trial 31 finished with value: 0.13958903792844324 and parameters: {'n_estimators': 1928, 'learning_rate': 0.011110706653918587, 'max_depth': 8, 'min_child_weight': 6, 'subsample': 0.8394574208251075, 'colsample_bytree': 0.6080941131341066, 'gamma': 3.8579340257609087}. Best is trial 14 with value: 0.13885128968606117.
[W 2026-03-12 07:13:11,983] The parameter `n_estimators` in Trial#32 is sampled independently using `RandomSampler` instead of `TPESampler`, potentially degrading the optimization performance. This fallback happend because dynamic search space is not supported for `multivariate=True`. You can suppress this warning by setting `warn_independent_sampling` to `False` in the constructor of `TPESampler` if this independent sampling is intended behavior.
[W 2026-03-12 07:13:11,984] The parameter `max_depth` in Trial#32 is sampled independently using `RandomSampler` instead of `TPESampler`, potentially degrading the optimization performance. This fallback happend because dynamic search space is not supported for `multivariate=True`. You can suppress this warning by setting `warn_independent_sampling` to `False` in the constructor of `TPESampler` if this independent sampling is intended behavior.
[W 2026-03-12 07:13:11,985] The parameter `min_child_weight` in Trial#32 is sampled independently using `RandomSampler` instead of `TPESampler`, potentially degrading the optimization performance. This fallback happend because dynamic search space is not supported for `multivariate=True`. You can suppress this warning by setting `warn_independent_sampling` to `False` in the constructor of `TPESampler` if this independent sampling is intended behavior.
[W 2026-03-12 07:13:11,985] The parameter `subsample` in Trial#32 is sampled independently using `RandomSampler` instead of `TPESampler`, potentially degrading the optimization performance. This fallback happend because dynamic search space is not supported for `multivariate=True`. You can suppress this warning by setting `warn_independent_sampling` to `False` in the constructor of `TPESampler` if this independent sampling is intended behavior.
[W 2026-03-12 07:13:11,986] The parameter `colsample_bytree` in Trial#32 is sampled independently using `RandomSampler` instead of `TPESampler`, potentially degrading the optimization performance. This fallback happend because dynamic search space is not supported for `multivariate=True`. You can suppress this warning by setting `warn_independent_sampling` to `False` in the constructor of `TPESampler` if this independent sampling is intended behavior.
[W 2026-03-12 07:13:11,986] The parameter `gamma` in Trial#32 is sampled independently using `RandomSampler` instead of `TPESampler`, potentially degrading the optimization performance. This fallback happend because dynamic search space is not supported for `multivariate=True`. You can suppress this warning by setting `warn_independent_sampling` to `False` in the constructor of `TPESampler` if this independent sampling is intended behavior.
[I 2026-03-12 07:13:21,641] Trial 32 finished with value: 0.13882674792142008 and parameters: {'n_estimators': 1794, 'learning_rate': 0.020394286682594142, 'max_depth': 9, 'min_child_weight': 6, 'subsample': 0.8604042464147317, 'colsample_bytree': 0.5883075731887278, 'gamma': 3.350139519844649}. Best is trial 32 with value: 0.13882674792142008.
[W 2026-03-12 07:13:21,641] The parameter `n_estimators` in Trial#33 is sampled independently using `RandomSampler` instead of `TPESampler`, potentially degrading the optimization performance. This fallback happend because dynamic search space is not supported for `multivariate=True`. You can suppress this warning by setting `warn_independent_sampling` to `False` in the constructor of `TPESampler` if this independent sampling is intended behavior.
[W 2026-03-12 07:13:21,643] The parameter `max_depth` in Trial#33 is sampled independently using `RandomSampler` instead of `TPESampler`, potentially degrading the optimization performance. This fallback happend because dynamic search space is not supported for `multivariate=True`. You can suppress this warning by setting `warn_independent_sampling` to `False` in the constructor of `TPESampler` if this independent sampling is intended behavior.
[W 2026-03-12 07:13:21,643] The parameter `min_child_weight` in Trial#33 is sampled independently using `RandomSampler` instead of `TPESampler`, potentially degrading the optimization performance. This fallback happend because dynamic search space is not supported for `multivariate=True`. You can suppress this warning by setting `warn_independent_sampling` to `False` in the constructor of `TPESampler` if this independent sampling is intended behavior.
[W 2026-03-12 07:13:21,644] The parameter `subsample` in Trial#33 is sampled independently using `RandomSampler` instead of `TPESampler`, potentially degrading the optimization performance. This fallback happend because dynamic search space is not supported for `multivariate=True`. You can suppress this warning by setting `warn_independent_sampling` to `False` in the constructor of `TPESampler` if this independent sampling is intended behavior.
[W 2026-03-12 07:13:21,644] The parameter `colsample_bytree` in Trial#33 is sampled independently using `RandomSampler` instead of `TPESampler`, potentially degrading the optimization performance. This fallback happend because dynamic search space is not supported for `multivariate=True`. You can suppress this warning by setting `warn_independent_sampling` to `False` in the constructor of `TPESampler` if this independent sampling is intended behavior.
[W 2026-03-12 07:13:21,645] The parameter `gamma` in Trial#33 is sampled independently using `RandomSampler` instead of `TPESampler`, potentially degrading the optimization performance. This fallback happend because dynamic search space is not supported for `multivariate=True`. You can suppress this warning by setting `warn_independent_sampling` to `False` in the constructor of `TPESampler` if this independent sampling is intended behavior.
[I 2026-03-12 07:13:31,541] Trial 33 finished with value: 0.13722506833244763 and parameters: {'n_estimators': 1827, 'learning_rate': 0.025601749224297008, 'max_depth': 9, 'min_child_weight': 5, 'subsample': 0.8842686322768861, 'colsample_bytree': 0.5857741395046895, 'gamma': 2.230096472896885}. Best is trial 33 with value: 0.13722506833244763.
[W 2026-03-12 07:13:31,542] The parameter `n_estimators` in Trial#34 is sampled independently using `RandomSampler` instead of `TPESampler`, potentially degrading the optimization performance. This fallback happend because dynamic search space is not supported for `multivariate=True`. You can suppress this warning by setting `warn_independent_sampling` to `False` in the constructor of `TPESampler` if this independent sampling is intended behavior.
[W 2026-03-12 07:13:31,543] The parameter `max_depth` in Trial#34 is sampled independently using `RandomSampler` instead of `TPESampler`, potentially degrading the optimization performance. This fallback happend because dynamic search space is not supported for `multivariate=True`. You can suppress this warning by setting `warn_independent_sampling` to `False` in the constructor of `TPESampler` if this independent sampling is intended behavior.
[W 2026-03-12 07:13:31,544] The parameter `min_child_weight` in Trial#34 is sampled independently using `RandomSampler` instead of `TPESampler`, potentially degrading the optimization performance. This fallback happend because dynamic search space is not supported for `multivariate=True`. You can suppress this warning by setting `warn_independent_sampling` to `False` in the constructor of `TPESampler` if this independent sampling is intended behavior.
[W 2026-03-12 07:13:31,544] The parameter `subsample` in Trial#34 is sampled independently using `RandomSampler` instead of `TPESampler`, potentially degrading the optimization performance. This fallback happend because dynamic search space is not supported for `multivariate=True`. You can suppress this warning by setting `warn_independent_sampling` to `False` in the constructor of `TPESampler` if this independent sampling is intended behavior.
[W 2026-03-12 07:13:31,545] The parameter `colsample_bytree` in Trial#34 is sampled independently using `RandomSampler` instead of `TPESampler`, potentially degrading the optimization performance. This fallback happend because dynamic search space is not supported for `multivariate=True`. You can suppress this warning by setting `warn_independent_sampling` to `False` in the constructor of `TPESampler` if this independent sampling is intended behavior.
[W 2026-03-12 07:13:31,545] The parameter `gamma` in Trial#34 is sampled independently using `RandomSampler` instead of `TPESampler`, potentially degrading the optimization performance. This fallback happend because dynamic search space is not supported for `multivariate=True`. You can suppress this warning by setting `warn_independent_sampling` to `False` in the constructor of `TPESampler` if this independent sampling is intended behavior.
[I 2026-03-12 07:13:45,815] Trial 34 finished with value: 0.14206812613487105 and parameters: {'n_estimators': 1711, 'learning_rate': 0.03886058682301604, 'max_depth': 9, 'min_child_weight': 4, 'subsample': 0.9027107367552809, 'colsample_bytree': 0.5657599960619433, 'gamma': 0.058598490070634224}. Best is trial 33 with value: 0.13722506833244763.
[W 2026-03-12 07:13:45,816] The parameter `n_estimators` in Trial#35 is sampled independently using `RandomSampler` instead of `TPESampler`, potentially degrading the optimization performance. This fallback happend because dynamic search space is not supported for `multivariate=True`. You can suppress this warning by setting `warn_independent_sampling` to `False` in the constructor of `TPESampler` if this independent sampling is intended behavior.
[W 2026-03-12 07:13:45,817] The parameter `max_depth` in Trial#35 is sampled independently using `RandomSampler` instead of `TPESampler`, potentially degrading the optimization performance. This fallback happend because dynamic search space is not supported for `multivariate=True`. You can suppress this warning by setting `warn_independent_sampling` to `False` in the constructor of `TPESampler` if this independent sampling is intended behavior.
[W 2026-03-12 07:13:45,818] The parameter `min_child_weight` in Trial#35 is sampled independently using `RandomSampler` instead of `TPESampler`, potentially degrading the optimization performance. This fallback happend because dynamic search space is not supported for `multivariate=True`. You can suppress this warning by setting `warn_independent_sampling` to `False` in the constructor of `TPESampler` if this independent sampling is intended behavior.
[W 2026-03-12 07:13:45,818] The parameter `subsample` in Trial#35 is sampled independently using `RandomSampler` instead of `TPESampler`, potentially degrading the optimization performance. This fallback happend because dynamic search space is not supported for `multivariate=True`. You can suppress this warning by setting `warn_independent_sampling` to `False` in the constructor of `TPESampler` if this independent sampling is intended behavior.
[W 2026-03-12 07:13:45,819] The parameter `colsample_bytree` in Trial#35 is sampled independently using `RandomSampler` instead of `TPESampler`, potentially degrading the optimization performance. This fallback happend because dynamic search space is not supported for `multivariate=True`. You can suppress this warning by setting `warn_independent_sampling` to `False` in the constructor of `TPESampler` if this independent sampling is intended behavior.
[W 2026-03-12 07:13:45,819] The parameter `gamma` in Trial#35 is sampled independently using `RandomSampler` instead of `TPESampler`, potentially degrading the optimization performance. This fallback happend because dynamic search space is not supported for `multivariate=True`. You can suppress this warning by setting `warn_independent_sampling` to `False` in the constructor of `TPESampler` if this independent sampling is intended behavior.
[I 2026-03-12 07:13:55,137] Trial 35 finished with value: 0.13772659919951036 and parameters: {'n_estimators': 1756, 'learning_rate': 0.03411657835197622, 'max_depth': 9, 'min_child_weight': 4, 'subsample': 0.893795131490209, 'colsample_bytree': 0.5737090421733576, 'gamma': 2.2960826263092056}. Best is trial 33 with value: 0.13722506833244763.
[W 2026-03-12 07:13:55,137] The parameter `n_estimators` in Trial#36 is sampled independently using `RandomSampler` instead of `TPESampler`, potentially degrading the optimization performance. This fallback happend because dynamic search space is not supported for `multivariate=True`. You can suppress this warning by setting `warn_independent_sampling` to `False` in the constructor of `TPESampler` if this independent sampling is intended behavior.
[W 2026-03-12 07:13:55,138] The parameter `max_depth` in Trial#36 is sampled independently using `RandomSampler` instead of `TPESampler`, potentially degrading the optimization performance. This fallback happend because dynamic search space is not supported for `multivariate=True`. You can suppress this warning by setting `warn_independent_sampling` to `False` in the constructor of `TPESampler` if this independent sampling is intended behavior.
[W 2026-03-12 07:13:55,139] The parameter `min_child_weight` in Trial#36 is sampled independently using `RandomSampler` instead of `TPESampler`, potentially degrading the optimization performance. This fallback happend because dynamic search space is not supported for `multivariate=True`. You can suppress this warning by setting `warn_independent_sampling` to `False` in the constructor of `TPESampler` if this independent sampling is intended behavior.
[W 2026-03-12 07:13:55,140] The parameter `subsample` in Trial#36 is sampled independently using `RandomSampler` instead of `TPESampler`, potentially degrading the optimization performance. This fallback happend because dynamic search space is not supported for `multivariate=True`. You can suppress this warning by setting `warn_independent_sampling` to `False` in the constructor of `TPESampler` if this independent sampling is intended behavior.
[W 2026-03-12 07:13:55,140] The parameter `colsample_bytree` in Trial#36 is sampled independently using `RandomSampler` instead of `TPESampler`, potentially degrading the optimization performance. This fallback happend because dynamic search space is not supported for `multivariate=True`. You can suppress this warning by setting `warn_independent_sampling` to `False` in the constructor of `TPESampler` if this independent sampling is intended behavior.
[W 2026-03-12 07:13:55,140] The parameter `gamma` in Trial#36 is sampled independently using `RandomSampler` instead of `TPESampler`, potentially degrading the optimization performance. This fallback happend because dynamic search space is not supported for `multivariate=True`. You can suppress this warning by setting `warn_independent_sampling` to `False` in the constructor of `TPESampler` if this independent sampling is intended behavior.
