[I 2026-03-12 07:04:47,054] Trial 0 finished with value: 0.1537360467622342 and parameters: {'n_estimators': 1212, 'learning_rate': 0.031744810780255546, 'max_depth': 3, 'min_child_weight': 3, 'subsample': 0.4276015852130517, 'colsample_bytree': 0.4244372813913821, 'gamma': 17.109211680220145}. Best is trial 0 with value: 0.1537360467622342.
[I 2026-03-12 07:04:59,002] Trial 1 finished with value: 0.14356906426045796 and parameters: {'n_estimators': 1908, 'learning_rate': 0.003675039683237233, 'max_depth': 3, 'min_child_weight': 10, 'subsample': 0.6840830624683394, 'colsample_bytree': 0.5039211219460091, 'gamma': 8.67703298475946}. Best is trial 1 with value: 0.14356906426045796.
[I 2026-03-12 07:05:06,316] Trial 2 finished with value: 0.14496696700824377 and parameters: {'n_estimators': 1297, 'learning_rate': 0.010787967924333206, 'max_depth': 8, 'min_child_weight': 1, 'subsample': 0.6247675687758828, 'colsample_bytree': 0.7755159494285419, 'gamma': 10.062725171601754}. Best is trial 1 with value: 0.14356906426045796.
[I 2026-03-12 07:05:17,550] Trial 3 finished with value: 0.14453333193995688 and parameters: {'n_estimators': 2213, 'learning_rate': 0.014940579264288458, 'max_depth': 4, 'min_child_weight': 2, 'subsample': 0.7854515669237894, 'colsample_bytree': 0.41590678632497313, 'gamma': 11.715511625469265}. Best is trial 1 with value: 0.14356906426045796.
[I 2026-03-12 07:05:29,965] Trial 4 finished with value: 0.15052348473548552 and parameters: {'n_estimators': 2381, 'learning_rate': 0.007937020881615239, 'max_depth': 6, 'min_child_weight': 13, 'subsample': 0.67495173429491, 'colsample_bytree': 0.727370073589561, 'gamma': 18.8292961755305}. Best is trial 1 with value: 0.14356906426045796.
[I 2026-03-12 07:05:38,563] Trial 5 finished with value: 0.15996451590876412 and parameters: {'n_estimators': 1272, 'learning_rate': 0.14890829217018692, 'max_depth': 10, 'min_child_weight': 4, 'subsample': 0.4416167805250993, 'colsample_bytree': 0.460466800826456, 'gamma': 0.36443651303099456}. Best is trial 1 with value: 0.14356906426045796.
[I 2026-03-12 07:05:42,480] Trial 6 finished with value: 0.14791634004482823 and parameters: {'n_estimators': 688, 'learning_rate': 0.017973218178812606, 'max_depth': 3, 'min_child_weight': 7, 'subsample': 0.9069251865816728, 'colsample_bytree': 0.41396316144149553, 'gamma': 16.289369651778717}. Best is trial 1 with value: 0.14356906426045796.
[I 2026-03-12 07:05:55,126] Trial 7 finished with value: 0.2090602350135397 and parameters: {'n_estimators': 1063, 'learning_rate': 0.0002455079954893347, 'max_depth': 8, 'min_child_weight': 13, 'subsample': 0.9264832081162317, 'colsample_bytree': 0.8410426262823315, 'gamma': 16.06961860769697}. Best is trial 1 with value: 0.14356906426045796.
[I 2026-03-12 07:06:08,425] Trial 8 finished with value: 0.19371870172629893 and parameters: {'n_estimators': 1064, 'learning_rate': 0.0003852416696456238, 'max_depth': 9, 'min_child_weight': 17, 'subsample': 0.994303085200404, 'colsample_bytree': 0.6475706061468559, 'gamma': 7.440361715855664}. Best is trial 1 with value: 0.14356906426045796.
[I 2026-03-12 07:06:24,010] Trial 9 finished with value: 0.14876657450561212 and parameters: {'n_estimators': 2053, 'learning_rate': 0.0013335297503112556, 'max_depth': 10, 'min_child_weight': 18, 'subsample': 0.657396416425011, 'colsample_bytree': 0.8505226406748985, 'gamma': 15.090857481693646}. Best is trial 1 with value: 0.14356906426045796.
[W 2026-03-12 07:06:24,011] The parameter `n_estimators` in Trial#10 is sampled independently using `RandomSampler` instead of `TPESampler`, potentially degrading the optimization performance. This fallback happend because dynamic search space is not supported for `multivariate=True`. You can suppress this warning by setting `warn_independent_sampling` to `False` in the constructor of `TPESampler` if this independent sampling is intended behavior.
[W 2026-03-12 07:06:24,012] The parameter `max_depth` in Trial#10 is sampled independently using `RandomSampler` instead of `TPESampler`, potentially degrading the optimization performance. This fallback happend because dynamic search space is not supported for `multivariate=True`. You can suppress this warning by setting `warn_independent_sampling` to `False` in the constructor of `TPESampler` if this independent sampling is intended behavior.
[W 2026-03-12 07:06:24,012] The parameter `min_child_weight` in Trial#10 is sampled independently using `RandomSampler` instead of `TPESampler`, potentially degrading the optimization performance. This fallback happend because dynamic search space is not supported for `multivariate=True`. You can suppress this warning by setting `warn_independent_sampling` to `False` in the constructor of `TPESampler` if this independent sampling is intended behavior.
[W 2026-03-12 07:06:24,013] The parameter `subsample` in Trial#10 is sampled independently using `RandomSampler` instead of `TPESampler`, potentially degrading the optimization performance. This fallback happend because dynamic search space is not supported for `multivariate=True`. You can suppress this warning by setting `warn_independent_sampling` to `False` in the constructor of `TPESampler` if this independent sampling is intended behavior.
[W 2026-03-12 07:06:24,013] The parameter `colsample_bytree` in Trial#10 is sampled independently using `RandomSampler` instead of `TPESampler`, potentially degrading the optimization performance. This fallback happend because dynamic search space is not supported for `multivariate=True`. You can suppress this warning by setting `warn_independent_sampling` to `False` in the constructor of `TPESampler` if this independent sampling is intended behavior.
[W 2026-03-12 07:06:24,013] The parameter `gamma` in Trial#10 is sampled independently using `RandomSampler` instead of `TPESampler`, potentially degrading the optimization performance. This fallback happend because dynamic search space is not supported for `multivariate=True`. You can suppress this warning by setting `warn_independent_sampling` to `False` in the constructor of `TPESampler` if this independent sampling is intended behavior.
[I 2026-03-12 07:06:40,020] Trial 10 finished with value: 0.13975402568615813 and parameters: {'n_estimators': 1909, 'learning_rate': 0.002035143819898871, 'max_depth': 5, 'min_child_weight': 10, 'subsample': 0.7873304890262438, 'colsample_bytree': 0.9902657467493305, 'gamma': 5.082786067144191}. Best is trial 10 with value: 0.13975402568615813.
[W 2026-03-12 07:06:40,021] The parameter `n_estimators` in Trial#11 is sampled independently using `RandomSampler` instead of `TPESampler`, potentially degrading the optimization performance. This fallback happend because dynamic search space is not supported for `multivariate=True`. You can suppress this warning by setting `warn_independent_sampling` to `False` in the constructor of `TPESampler` if this independent sampling is intended behavior.
[W 2026-03-12 07:06:40,022] The parameter `max_depth` in Trial#11 is sampled independently using `RandomSampler` instead of `TPESampler`, potentially degrading the optimization performance. This fallback happend because dynamic search space is not supported for `multivariate=True`. You can suppress this warning by setting `warn_independent_sampling` to `False` in the constructor of `TPESampler` if this independent sampling is intended behavior.
[W 2026-03-12 07:06:40,022] The parameter `min_child_weight` in Trial#11 is sampled independently using `RandomSampler` instead of `TPESampler`, potentially degrading the optimization performance. This fallback happend because dynamic search space is not supported for `multivariate=True`. You can suppress this warning by setting `warn_independent_sampling` to `False` in the constructor of `TPESampler` if this independent sampling is intended behavior.
[W 2026-03-12 07:06:40,023] The parameter `subsample` in Trial#11 is sampled independently using `RandomSampler` instead of `TPESampler`, potentially degrading the optimization performance. This fallback happend because dynamic search space is not supported for `multivariate=True`. You can suppress this warning by setting `warn_independent_sampling` to `False` in the constructor of `TPESampler` if this independent sampling is intended behavior.
[W 2026-03-12 07:06:40,023] The parameter `colsample_bytree` in Trial#11 is sampled independently using `RandomSampler` instead of `TPESampler`, potentially degrading the optimization performance. This fallback happend because dynamic search space is not supported for `multivariate=True`. You can suppress this warning by setting `warn_independent_sampling` to `False` in the constructor of `TPESampler` if this independent sampling is intended behavior.
[W 2026-03-12 07:06:40,024] The parameter `gamma` in Trial#11 is sampled independently using `RandomSampler` instead of `TPESampler`, potentially degrading the optimization performance. This fallback happend because dynamic search space is not supported for `multivariate=True`. You can suppress this warning by setting `warn_independent_sampling` to `False` in the constructor of `TPESampler` if this independent sampling is intended behavior.
[I 2026-03-12 07:06:56,277] Trial 11 finished with value: 0.14114486192374148 and parameters: {'n_estimators': 1801, 'learning_rate': 0.0018556836553073087, 'max_depth': 5, 'min_child_weight': 10, 'subsample': 0.7619801571056961, 'colsample_bytree': 0.9959586252712429, 'gamma': 4.886007949819828}. Best is trial 10 with value: 0.13975402568615813.
[W 2026-03-12 07:06:56,277] The parameter `n_estimators` in Trial#12 is sampled independently using `RandomSampler` instead of `TPESampler`, potentially degrading the optimization performance. This fallback happend because dynamic search space is not supported for `multivariate=True`. You can suppress this warning by setting `warn_independent_sampling` to `False` in the constructor of `TPESampler` if this independent sampling is intended behavior.
[W 2026-03-12 07:06:56,278] The parameter `max_depth` in Trial#12 is sampled independently using `RandomSampler` instead of `TPESampler`, potentially degrading the optimization performance. This fallback happend because dynamic search space is not supported for `multivariate=True`. You can suppress this warning by setting `warn_independent_sampling` to `False` in the constructor of `TPESampler` if this independent sampling is intended behavior.
[W 2026-03-12 07:06:56,279] The parameter `min_child_weight` in Trial#12 is sampled independently using `RandomSampler` instead of `TPESampler`, potentially degrading the optimization performance. This fallback happend because dynamic search space is not supported for `multivariate=True`. You can suppress this warning by setting `warn_independent_sampling` to `False` in the constructor of `TPESampler` if this independent sampling is intended behavior.
[W 2026-03-12 07:06:56,279] The parameter `subsample` in Trial#12 is sampled independently using `RandomSampler` instead of `TPESampler`, potentially degrading the optimization performance. This fallback happend because dynamic search space is not supported for `multivariate=True`. You can suppress this warning by setting `warn_independent_sampling` to `False` in the constructor of `TPESampler` if this independent sampling is intended behavior.
[W 2026-03-12 07:06:56,280] The parameter `colsample_bytree` in Trial#12 is sampled independently using `RandomSampler` instead of `TPESampler`, potentially degrading the optimization performance. This fallback happend because dynamic search space is not supported for `multivariate=True`. You can suppress this warning by setting `warn_independent_sampling` to `False` in the constructor of `TPESampler` if this independent sampling is intended behavior.
[W 2026-03-12 07:06:56,280] The parameter `gamma` in Trial#12 is sampled independently using `RandomSampler` instead of `TPESampler`, potentially degrading the optimization performance. This fallback happend because dynamic search space is not supported for `multivariate=True`. You can suppress this warning by setting `warn_independent_sampling` to `False` in the constructor of `TPESampler` if this independent sampling is intended behavior.
[I 2026-03-12 07:07:14,133] Trial 12 finished with value: 0.14235466088840604 and parameters: {'n_estimators': 1690, 'learning_rate': 0.001307837945928338, 'max_depth': 6, 'min_child_weight': 9, 'subsample': 0.8059914445285026, 'colsample_bytree': 0.9898357221709309, 'gamma': 5.0202194700652285}. Best is trial 10 with value: 0.13975402568615813.
[W 2026-03-12 07:07:14,134] The parameter `n_estimators` in Trial#13 is sampled independently using `RandomSampler` instead of `TPESampler`, potentially degrading the optimization performance. This fallback happend because dynamic search space is not supported for `multivariate=True`. You can suppress this warning by setting `warn_independent_sampling` to `False` in the constructor of `TPESampler` if this independent sampling is intended behavior.
[W 2026-03-12 07:07:14,135] The parameter `max_depth` in Trial#13 is sampled independently using `RandomSampler` instead of `TPESampler`, potentially degrading the optimization performance. This fallback happend because dynamic search space is not supported for `multivariate=True`. You can suppress this warning by setting `warn_independent_sampling` to `False` in the constructor of `TPESampler` if this independent sampling is intended behavior.
[W 2026-03-12 07:07:14,135] The parameter `min_child_weight` in Trial#13 is sampled independently using `RandomSampler` instead of `TPESampler`, potentially degrading the optimization performance. This fallback happend because dynamic search space is not supported for `multivariate=True`. You can suppress this warning by setting `warn_independent_sampling` to `False` in the constructor of `TPESampler` if this independent sampling is intended behavior.
[W 2026-03-12 07:07:14,136] The parameter `subsample` in Trial#13 is sampled independently using `RandomSampler` instead of `TPESampler`, potentially degrading the optimization performance. This fallback happend because dynamic search space is not supported for `multivariate=True`. You can suppress this warning by setting `warn_independent_sampling` to `False` in the constructor of `TPESampler` if this independent sampling is intended behavior.
[W 2026-03-12 07:07:14,136] The parameter `colsample_bytree` in Trial#13 is sampled independently using `RandomSampler` instead of `TPESampler`, potentially degrading the optimization performance. This fallback happend because dynamic search space is not supported for `multivariate=True`. You can suppress this warning by setting `warn_independent_sampling` to `False` in the constructor of `TPESampler` if this independent sampling is intended behavior.
[W 2026-03-12 07:07:14,136] The parameter `gamma` in Trial#13 is sampled independently using `RandomSampler` instead of `TPESampler`, potentially degrading the optimization performance. This fallback happend because dynamic search space is not supported for `multivariate=True`. You can suppress this warning by setting `warn_independent_sampling` to `False` in the constructor of `TPESampler` if this independent sampling is intended behavior.
[I 2026-03-12 07:07:39,259] Trial 13 finished with value: 0.21829040078718157 and parameters: {'n_estimators': 1735, 'learning_rate': 0.00010645974272180544, 'max_depth': 5, 'min_child_weight': 10, 'subsample': 0.7973399084796363, 'colsample_bytree': 0.9963082603651834, 'gamma': 3.7153927033265726}. Best is trial 10 with value: 0.13975402568615813.
[W 2026-03-12 07:07:39,259] The parameter `n_estimators` in Trial#14 is sampled independently using `RandomSampler` instead of `TPESampler`, potentially degrading the optimization performance. This fallback happend because dynamic search space is not supported for `multivariate=True`. You can suppress this warning by setting `warn_independent_sampling` to `False` in the constructor of `TPESampler` if this independent sampling is intended behavior.
[W 2026-03-12 07:07:39,260] The parameter `max_depth` in Trial#14 is sampled independently using `RandomSampler` instead of `TPESampler`, potentially degrading the optimization performance. This fallback happend because dynamic search space is not supported for `multivariate=True`. You can suppress this warning by setting `warn_independent_sampling` to `False` in the constructor of `TPESampler` if this independent sampling is intended behavior.
[W 2026-03-12 07:07:39,261] The parameter `min_child_weight` in Trial#14 is sampled independently using `RandomSampler` instead of `TPESampler`, potentially degrading the optimization performance. This fallback happend because dynamic search space is not supported for `multivariate=True`. You can suppress this warning by setting `warn_independent_sampling` to `False` in the constructor of `TPESampler` if this independent sampling is intended behavior.
[W 2026-03-12 07:07:39,261] The parameter `subsample` in Trial#14 is sampled independently using `RandomSampler` instead of `TPESampler`, potentially degrading the optimization performance. This fallback happend because dynamic search space is not supported for `multivariate=True`. You can suppress this warning by setting `warn_independent_sampling` to `False` in the constructor of `TPESampler` if this independent sampling is intended behavior.
[W 2026-03-12 07:07:39,262] The parameter `colsample_bytree` in Trial#14 is sampled independently using `RandomSampler` instead of `TPESampler`, potentially degrading the optimization performance. This fallback happend because dynamic search space is not supported for `multivariate=True`. You can suppress this warning by setting `warn_independent_sampling` to `False` in the constructor of `TPESampler` if this independent sampling is intended behavior.
[W 2026-03-12 07:07:39,262] The parameter `gamma` in Trial#14 is sampled independently using `RandomSampler` instead of `TPESampler`, potentially degrading the optimization performance. This fallback happend because dynamic search space is not supported for `multivariate=True`. You can suppress this warning by setting `warn_independent_sampling` to `False` in the constructor of `TPESampler` if this independent sampling is intended behavior.
[I 2026-03-12 07:07:56,894] Trial 14 finished with value: 0.13885128968606117 and parameters: {'n_estimators': 1737, 'learning_rate': 0.0017027539654460324, 'max_depth': 6, 'min_child_weight': 13, 'subsample': 0.7970524057723217, 'colsample_bytree': 0.9339684052679444, 'gamma': 3.826702325246903}. Best is trial 14 with value: 0.13885128968606117.
[W 2026-03-12 07:07:56,895] The parameter `n_estimators` in Trial#15 is sampled independently using `RandomSampler` instead of `TPESampler`, potentially degrading the optimization performance. This fallback happend because dynamic search space is not supported for `multivariate=True`. You can suppress this warning by setting `warn_independent_sampling` to `False` in the constructor of `TPESampler` if this independent sampling is intended behavior.
[W 2026-03-12 07:07:56,896] The parameter `max_depth` in Trial#15 is sampled independently using `RandomSampler` instead of `TPESampler`, potentially degrading the optimization performance. This fallback happend because dynamic search space is not supported for `multivariate=True`. You can suppress this warning by setting `warn_independent_sampling` to `False` in the constructor of `TPESampler` if this independent sampling is intended behavior.
[W 2026-03-12 07:07:56,896] The parameter `min_child_weight` in Trial#15 is sampled independently using `RandomSampler` instead of `TPESampler`, potentially degrading the optimization performance. This fallback happend because dynamic search space is not supported for `multivariate=True`. You can suppress this warning by setting `warn_independent_sampling` to `False` in the constructor of `TPESampler` if this independent sampling is intended behavior.
[W 2026-03-12 07:07:56,897] The parameter `subsample` in Trial#15 is sampled independently using `RandomSampler` instead of `TPESampler`, potentially degrading the optimization performance. This fallback happend because dynamic search space is not supported for `multivariate=True`. You can suppress this warning by setting `warn_independent_sampling` to `False` in the constructor of `TPESampler` if this independent sampling is intended behavior.
[W 2026-03-12 07:07:56,897] The parameter `colsample_bytree` in Trial#15 is sampled independently using `RandomSampler` instead of `TPESampler`, potentially degrading the optimization performance. This fallback happend because dynamic search space is not supported for `multivariate=True`. You can suppress this warning by setting `warn_independent_sampling` to `False` in the constructor of `TPESampler` if this independent sampling is intended behavior.
[W 2026-03-12 07:07:56,897] The parameter `gamma` in Trial#15 is sampled independently using `RandomSampler` instead of `TPESampler`, potentially degrading the optimization performance. This fallback happend because dynamic search space is not supported for `multivariate=True`. You can suppress this warning by setting `warn_independent_sampling` to `False` in the constructor of `TPESampler` if this independent sampling is intended behavior.
