[I 2026-03-12 03:54:08,125] Trial 41 finished with value: 0.18591900671284747 and parameters: {'n_estimators': 2070, 'learning_rate': 0.001318416259424918, 'max_depth': 8, 'min_child_weight': 17, 'subsample': 0.4721333343054199, 'colsample_bytree': 0.6584663394399247, 'gamma': 0.011830584220315188}. Best is trial 32 with value: 0.18573511514551205.
[W 2026-03-12 03:54:08,126] The parameter `n_estimators` in Trial#42 is sampled independently using `RandomSampler` instead of `TPESampler`, potentially degrading the optimization performance. This fallback happend because dynamic search space is not supported for `multivariate=True`. You can suppress this warning by setting `warn_independent_sampling` to `False` in the constructor of `TPESampler` if this independent sampling is intended behavior.
[W 2026-03-12 03:54:08,127] The parameter `max_depth` in Trial#42 is sampled independently using `RandomSampler` instead of `TPESampler`, potentially degrading the optimization performance. This fallback happend because dynamic search space is not supported for `multivariate=True`. You can suppress this warning by setting `warn_independent_sampling` to `False` in the constructor of `TPESampler` if this independent sampling is intended behavior.
[W 2026-03-12 03:54:08,128] The parameter `min_child_weight` in Trial#42 is sampled independently using `RandomSampler` instead of `TPESampler`, potentially degrading the optimization performance. This fallback happend because dynamic search space is not supported for `multivariate=True`. You can suppress this warning by setting `warn_independent_sampling` to `False` in the constructor of `TPESampler` if this independent sampling is intended behavior.
[W 2026-03-12 03:54:08,128] The parameter `colsample_bytree` in Trial#42 is sampled independently using `RandomSampler` instead of `TPESampler`, potentially degrading the optimization performance. This fallback happend because dynamic search space is not supported for `multivariate=True`. You can suppress this warning by setting `warn_independent_sampling` to `False` in the constructor of `TPESampler` if this independent sampling is intended behavior.
[W 2026-03-12 03:54:08,129] The parameter `gamma` in Trial#42 is sampled independently using `RandomSampler` instead of `TPESampler`, potentially degrading the optimization performance. This fallback happend because dynamic search space is not supported for `multivariate=True`. You can suppress this warning by setting `warn_independent_sampling` to `False` in the constructor of `TPESampler` if this independent sampling is intended behavior.
[I 2026-03-12 03:55:26,225] Trial 42 finished with value: 0.18761884935067188 and parameters: {'n_estimators': 2127, 'learning_rate': 0.001096031446314422, 'max_depth': 8, 'min_child_weight': 17, 'subsample': 0.5197504695651598, 'colsample_bytree': 0.6586235781053984, 'gamma': 0.1781858792062224}. Best is trial 32 with value: 0.18573511514551205.
[W 2026-03-12 03:55:26,226] The parameter `n_estimators` in Trial#43 is sampled independently using `RandomSampler` instead of `TPESampler`, potentially degrading the optimization performance. This fallback happend because dynamic search space is not supported for `multivariate=True`. You can suppress this warning by setting `warn_independent_sampling` to `False` in the constructor of `TPESampler` if this independent sampling is intended behavior.
[W 2026-03-12 03:55:26,227] The parameter `max_depth` in Trial#43 is sampled independently using `RandomSampler` instead of `TPESampler`, potentially degrading the optimization performance. This fallback happend because dynamic search space is not supported for `multivariate=True`. You can suppress this warning by setting `warn_independent_sampling` to `False` in the constructor of `TPESampler` if this independent sampling is intended behavior.
[W 2026-03-12 03:55:26,228] The parameter `min_child_weight` in Trial#43 is sampled independently using `RandomSampler` instead of `TPESampler`, potentially degrading the optimization performance. This fallback happend because dynamic search space is not supported for `multivariate=True`. You can suppress this warning by setting `warn_independent_sampling` to `False` in the constructor of `TPESampler` if this independent sampling is intended behavior.
[W 2026-03-12 03:55:26,228] The parameter `colsample_bytree` in Trial#43 is sampled independently using `RandomSampler` instead of `TPESampler`, potentially degrading the optimization performance. This fallback happend because dynamic search space is not supported for `multivariate=True`. You can suppress this warning by setting `warn_independent_sampling` to `False` in the constructor of `TPESampler` if this independent sampling is intended behavior.
[W 2026-03-12 03:55:26,229] The parameter `gamma` in Trial#43 is sampled independently using `RandomSampler` instead of `TPESampler`, potentially degrading the optimization performance. This fallback happend because dynamic search space is not supported for `multivariate=True`. You can suppress this warning by setting `warn_independent_sampling` to `False` in the constructor of `TPESampler` if this independent sampling is intended behavior.
[I 2026-03-12 03:56:41,689] Trial 43 finished with value: 0.18705018298539505 and parameters: {'n_estimators': 2155, 'learning_rate': 0.001471184219045546, 'max_depth': 8, 'min_child_weight': 17, 'subsample': 0.4027318225961542, 'colsample_bytree': 0.632960102459516, 'gamma': 0.12026332299162268}. Best is trial 32 with value: 0.18573511514551205.
[W 2026-03-12 03:56:41,690] The parameter `n_estimators` in Trial#44 is sampled independently using `RandomSampler` instead of `TPESampler`, potentially degrading the optimization performance. This fallback happend because dynamic search space is not supported for `multivariate=True`. You can suppress this warning by setting `warn_independent_sampling` to `False` in the constructor of `TPESampler` if this independent sampling is intended behavior.
[W 2026-03-12 03:56:41,691] The parameter `max_depth` in Trial#44 is sampled independently using `RandomSampler` instead of `TPESampler`, potentially degrading the optimization performance. This fallback happend because dynamic search space is not supported for `multivariate=True`. You can suppress this warning by setting `warn_independent_sampling` to `False` in the constructor of `TPESampler` if this independent sampling is intended behavior.
[W 2026-03-12 03:56:41,692] The parameter `min_child_weight` in Trial#44 is sampled independently using `RandomSampler` instead of `TPESampler`, potentially degrading the optimization performance. This fallback happend because dynamic search space is not supported for `multivariate=True`. You can suppress this warning by setting `warn_independent_sampling` to `False` in the constructor of `TPESampler` if this independent sampling is intended behavior.
[W 2026-03-12 03:56:41,692] The parameter `colsample_bytree` in Trial#44 is sampled independently using `RandomSampler` instead of `TPESampler`, potentially degrading the optimization performance. This fallback happend because dynamic search space is not supported for `multivariate=True`. You can suppress this warning by setting `warn_independent_sampling` to `False` in the constructor of `TPESampler` if this independent sampling is intended behavior.
[W 2026-03-12 03:56:41,693] The parameter `gamma` in Trial#44 is sampled independently using `RandomSampler` instead of `TPESampler`, potentially degrading the optimization performance. This fallback happend because dynamic search space is not supported for `multivariate=True`. You can suppress this warning by setting `warn_independent_sampling` to `False` in the constructor of `TPESampler` if this independent sampling is intended behavior.
[I 2026-03-12 03:57:40,649] Trial 44 finished with value: 0.18639417128647898 and parameters: {'n_estimators': 1852, 'learning_rate': 0.0017188397703305424, 'max_depth': 7, 'min_child_weight': 15, 'subsample': 0.5104190526517892, 'colsample_bytree': 0.7734790005131266, 'gamma': 0.34373128355194993}. Best is trial 32 with value: 0.18573511514551205.
[W 2026-03-12 03:57:40,650] The parameter `n_estimators` in Trial#45 is sampled independently using `RandomSampler` instead of `TPESampler`, potentially degrading the optimization performance. This fallback happend because dynamic search space is not supported for `multivariate=True`. You can suppress this warning by setting `warn_independent_sampling` to `False` in the constructor of `TPESampler` if this independent sampling is intended behavior.
[W 2026-03-12 03:57:40,651] The parameter `max_depth` in Trial#45 is sampled independently using `RandomSampler` instead of `TPESampler`, potentially degrading the optimization performance. This fallback happend because dynamic search space is not supported for `multivariate=True`. You can suppress this warning by setting `warn_independent_sampling` to `False` in the constructor of `TPESampler` if this independent sampling is intended behavior.
[W 2026-03-12 03:57:40,652] The parameter `min_child_weight` in Trial#45 is sampled independently using `RandomSampler` instead of `TPESampler`, potentially degrading the optimization performance. This fallback happend because dynamic search space is not supported for `multivariate=True`. You can suppress this warning by setting `warn_independent_sampling` to `False` in the constructor of `TPESampler` if this independent sampling is intended behavior.
[W 2026-03-12 03:57:40,653] The parameter `colsample_bytree` in Trial#45 is sampled independently using `RandomSampler` instead of `TPESampler`, potentially degrading the optimization performance. This fallback happend because dynamic search space is not supported for `multivariate=True`. You can suppress this warning by setting `warn_independent_sampling` to `False` in the constructor of `TPESampler` if this independent sampling is intended behavior.
[W 2026-03-12 03:57:40,653] The parameter `gamma` in Trial#45 is sampled independently using `RandomSampler` instead of `TPESampler`, potentially degrading the optimization performance. This fallback happend because dynamic search space is not supported for `multivariate=True`. You can suppress this warning by setting `warn_independent_sampling` to `False` in the constructor of `TPESampler` if this independent sampling is intended behavior.
[I 2026-03-12 03:58:38,782] Trial 45 finished with value: 0.1886663959629756 and parameters: {'n_estimators': 1733, 'learning_rate': 0.0011387260971395148, 'max_depth': 7, 'min_child_weight': 15, 'subsample': 0.5447856635681211, 'colsample_bytree': 0.8426649017537368, 'gamma': 0.2723404780568631}. Best is trial 32 with value: 0.18573511514551205.
[W 2026-03-12 03:58:38,783] The parameter `n_estimators` in Trial#46 is sampled independently using `RandomSampler` instead of `TPESampler`, potentially degrading the optimization performance. This fallback happend because dynamic search space is not supported for `multivariate=True`. You can suppress this warning by setting `warn_independent_sampling` to `False` in the constructor of `TPESampler` if this independent sampling is intended behavior.
[W 2026-03-12 03:58:38,784] The parameter `max_depth` in Trial#46 is sampled independently using `RandomSampler` instead of `TPESampler`, potentially degrading the optimization performance. This fallback happend because dynamic search space is not supported for `multivariate=True`. You can suppress this warning by setting `warn_independent_sampling` to `False` in the constructor of `TPESampler` if this independent sampling is intended behavior.
[W 2026-03-12 03:58:38,785] The parameter `min_child_weight` in Trial#46 is sampled independently using `RandomSampler` instead of `TPESampler`, potentially degrading the optimization performance. This fallback happend because dynamic search space is not supported for `multivariate=True`. You can suppress this warning by setting `warn_independent_sampling` to `False` in the constructor of `TPESampler` if this independent sampling is intended behavior.
[W 2026-03-12 03:58:38,785] The parameter `colsample_bytree` in Trial#46 is sampled independently using `RandomSampler` instead of `TPESampler`, potentially degrading the optimization performance. This fallback happend because dynamic search space is not supported for `multivariate=True`. You can suppress this warning by setting `warn_independent_sampling` to `False` in the constructor of `TPESampler` if this independent sampling is intended behavior.
[W 2026-03-12 03:58:38,786] The parameter `gamma` in Trial#46 is sampled independently using `RandomSampler` instead of `TPESampler`, potentially degrading the optimization performance. This fallback happend because dynamic search space is not supported for `multivariate=True`. You can suppress this warning by setting `warn_independent_sampling` to `False` in the constructor of `TPESampler` if this independent sampling is intended behavior.
[I 2026-03-12 03:58:49,608] Trial 46 finished with value: 0.2067286543998449 and parameters: {'n_estimators': 1728, 'learning_rate': 0.17572405272424027, 'max_depth': 9, 'min_child_weight': 15, 'subsample': 0.8729963130701621, 'colsample_bytree': 0.7927522880918684, 'gamma': 0.21198763209738788}. Best is trial 32 with value: 0.18573511514551205.
[W 2026-03-12 03:58:49,609] The parameter `n_estimators` in Trial#47 is sampled independently using `RandomSampler` instead of `TPESampler`, potentially degrading the optimization performance. This fallback happend because dynamic search space is not supported for `multivariate=True`. You can suppress this warning by setting `warn_independent_sampling` to `False` in the constructor of `TPESampler` if this independent sampling is intended behavior.
[W 2026-03-12 03:58:49,610] The parameter `max_depth` in Trial#47 is sampled independently using `RandomSampler` instead of `TPESampler`, potentially degrading the optimization performance. This fallback happend because dynamic search space is not supported for `multivariate=True`. You can suppress this warning by setting `warn_independent_sampling` to `False` in the constructor of `TPESampler` if this independent sampling is intended behavior.
[W 2026-03-12 03:58:49,610] The parameter `min_child_weight` in Trial#47 is sampled independently using `RandomSampler` instead of `TPESampler`, potentially degrading the optimization performance. This fallback happend because dynamic search space is not supported for `multivariate=True`. You can suppress this warning by setting `warn_independent_sampling` to `False` in the constructor of `TPESampler` if this independent sampling is intended behavior.
[W 2026-03-12 03:58:49,611] The parameter `colsample_bytree` in Trial#47 is sampled independently using `RandomSampler` instead of `TPESampler`, potentially degrading the optimization performance. This fallback happend because dynamic search space is not supported for `multivariate=True`. You can suppress this warning by setting `warn_independent_sampling` to `False` in the constructor of `TPESampler` if this independent sampling is intended behavior.
[W 2026-03-12 03:58:49,611] The parameter `gamma` in Trial#47 is sampled independently using `RandomSampler` instead of `TPESampler`, potentially degrading the optimization performance. This fallback happend because dynamic search space is not supported for `multivariate=True`. You can suppress this warning by setting `warn_independent_sampling` to `False` in the constructor of `TPESampler` if this independent sampling is intended behavior.
[I 2026-03-12 03:59:02,305] Trial 47 finished with value: 0.1961216937291193 and parameters: {'n_estimators': 1828, 'learning_rate': 0.002830253229290532, 'max_depth': 8, 'min_child_weight': 18, 'subsample': 0.5433381729000597, 'colsample_bytree': 0.7915996321512235, 'gamma': 10.55864383761117}. Best is trial 32 with value: 0.18573511514551205.
[W 2026-03-12 03:59:02,306] The parameter `n_estimators` in Trial#48 is sampled independently using `RandomSampler` instead of `TPESampler`, potentially degrading the optimization performance. This fallback happend because dynamic search space is not supported for `multivariate=True`. You can suppress this warning by setting `warn_independent_sampling` to `False` in the constructor of `TPESampler` if this independent sampling is intended behavior.
[W 2026-03-12 03:59:02,308] The parameter `max_depth` in Trial#48 is sampled independently using `RandomSampler` instead of `TPESampler`, potentially degrading the optimization performance. This fallback happend because dynamic search space is not supported for `multivariate=True`. You can suppress this warning by setting `warn_independent_sampling` to `False` in the constructor of `TPESampler` if this independent sampling is intended behavior.
[W 2026-03-12 03:59:02,308] The parameter `min_child_weight` in Trial#48 is sampled independently using `RandomSampler` instead of `TPESampler`, potentially degrading the optimization performance. This fallback happend because dynamic search space is not supported for `multivariate=True`. You can suppress this warning by setting `warn_independent_sampling` to `False` in the constructor of `TPESampler` if this independent sampling is intended behavior.
[W 2026-03-12 03:59:02,309] The parameter `colsample_bytree` in Trial#48 is sampled independently using `RandomSampler` instead of `TPESampler`, potentially degrading the optimization performance. This fallback happend because dynamic search space is not supported for `multivariate=True`. You can suppress this warning by setting `warn_independent_sampling` to `False` in the constructor of `TPESampler` if this independent sampling is intended behavior.
[W 2026-03-12 03:59:02,309] The parameter `gamma` in Trial#48 is sampled independently using `RandomSampler` instead of `TPESampler`, potentially degrading the optimization performance. This fallback happend because dynamic search space is not supported for `multivariate=True`. You can suppress this warning by setting `warn_independent_sampling` to `False` in the constructor of `TPESampler` if this independent sampling is intended behavior.
[I 2026-03-12 03:59:34,109] Trial 48 finished with value: 0.19760951336414595 and parameters: {'n_estimators': 2181, 'learning_rate': 0.0005379973022357897, 'max_depth': 7, 'min_child_weight': 15, 'subsample': 0.48071233092173593, 'colsample_bytree': 0.7543099112516793, 'gamma': 3.085340079310174}. Best is trial 32 with value: 0.18573511514551205.
[W 2026-03-12 03:59:34,109] The parameter `n_estimators` in Trial#49 is sampled independently using `RandomSampler` instead of `TPESampler`, potentially degrading the optimization performance. This fallback happend because dynamic search space is not supported for `multivariate=True`. You can suppress this warning by setting `warn_independent_sampling` to `False` in the constructor of `TPESampler` if this independent sampling is intended behavior.
[W 2026-03-12 03:59:34,111] The parameter `max_depth` in Trial#49 is sampled independently using `RandomSampler` instead of `TPESampler`, potentially degrading the optimization performance. This fallback happend because dynamic search space is not supported for `multivariate=True`. You can suppress this warning by setting `warn_independent_sampling` to `False` in the constructor of `TPESampler` if this independent sampling is intended behavior.
[W 2026-03-12 03:59:34,112] The parameter `min_child_weight` in Trial#49 is sampled independently using `RandomSampler` instead of `TPESampler`, potentially degrading the optimization performance. This fallback happend because dynamic search space is not supported for `multivariate=True`. You can suppress this warning by setting `warn_independent_sampling` to `False` in the constructor of `TPESampler` if this independent sampling is intended behavior.
[W 2026-03-12 03:59:34,112] The parameter `colsample_bytree` in Trial#49 is sampled independently using `RandomSampler` instead of `TPESampler`, potentially degrading the optimization performance. This fallback happend because dynamic search space is not supported for `multivariate=True`. You can suppress this warning by setting `warn_independent_sampling` to `False` in the constructor of `TPESampler` if this independent sampling is intended behavior.
[W 2026-03-12 03:59:34,113] The parameter `gamma` in Trial#49 is sampled independently using `RandomSampler` instead of `TPESampler`, potentially degrading the optimization performance. This fallback happend because dynamic search space is not supported for `multivariate=True`. You can suppress this warning by setting `warn_independent_sampling` to `False` in the constructor of `TPESampler` if this independent sampling is intended behavior.
