[I 2026-03-12 04:18:52,708] Trial 73 finished with value: 0.18674829111847208 and parameters: {'n_estimators': 1784, 'learning_rate': 0.002316549073763179, 'max_depth': 8, 'min_child_weight': 16, 'subsample': 0.5606324003634204, 'colsample_bytree': 0.6861030199342053, 'gamma': 0.07030662988577109}. Best is trial 32 with value: 0.18573511514551205.
[W 2026-03-12 04:18:52,708] The parameter `n_estimators` in Trial#74 is sampled independently using `RandomSampler` instead of `TPESampler`, potentially degrading the optimization performance. This fallback happend because dynamic search space is not supported for `multivariate=True`. You can suppress this warning by setting `warn_independent_sampling` to `False` in the constructor of `TPESampler` if this independent sampling is intended behavior.
[W 2026-03-12 04:18:52,710] The parameter `max_depth` in Trial#74 is sampled independently using `RandomSampler` instead of `TPESampler`, potentially degrading the optimization performance. This fallback happend because dynamic search space is not supported for `multivariate=True`. You can suppress this warning by setting `warn_independent_sampling` to `False` in the constructor of `TPESampler` if this independent sampling is intended behavior.
[W 2026-03-12 04:18:52,710] The parameter `min_child_weight` in Trial#74 is sampled independently using `RandomSampler` instead of `TPESampler`, potentially degrading the optimization performance. This fallback happend because dynamic search space is not supported for `multivariate=True`. You can suppress this warning by setting `warn_independent_sampling` to `False` in the constructor of `TPESampler` if this independent sampling is intended behavior.
[W 2026-03-12 04:18:52,711] The parameter `colsample_bytree` in Trial#74 is sampled independently using `RandomSampler` instead of `TPESampler`, potentially degrading the optimization performance. This fallback happend because dynamic search space is not supported for `multivariate=True`. You can suppress this warning by setting `warn_independent_sampling` to `False` in the constructor of `TPESampler` if this independent sampling is intended behavior.
[W 2026-03-12 04:18:52,711] The parameter `gamma` in Trial#74 is sampled independently using `RandomSampler` instead of `TPESampler`, potentially degrading the optimization performance. This fallback happend because dynamic search space is not supported for `multivariate=True`. You can suppress this warning by setting `warn_independent_sampling` to `False` in the constructor of `TPESampler` if this independent sampling is intended behavior.
[I 2026-03-12 04:19:28,614] Trial 74 finished with value: 0.18917263404890344 and parameters: {'n_estimators': 2006, 'learning_rate': 0.011967895151249687, 'max_depth': 8, 'min_child_weight': 18, 'subsample': 0.5272801862770319, 'colsample_bytree': 0.672973855812979, 'gamma': 0.3609847588481139}. Best is trial 32 with value: 0.18573511514551205.
[W 2026-03-12 04:19:28,615] The parameter `n_estimators` in Trial#75 is sampled independently using `RandomSampler` instead of `TPESampler`, potentially degrading the optimization performance. This fallback happend because dynamic search space is not supported for `multivariate=True`. You can suppress this warning by setting `warn_independent_sampling` to `False` in the constructor of `TPESampler` if this independent sampling is intended behavior.
[W 2026-03-12 04:19:28,616] The parameter `max_depth` in Trial#75 is sampled independently using `RandomSampler` instead of `TPESampler`, potentially degrading the optimization performance. This fallback happend because dynamic search space is not supported for `multivariate=True`. You can suppress this warning by setting `warn_independent_sampling` to `False` in the constructor of `TPESampler` if this independent sampling is intended behavior.
[W 2026-03-12 04:19:28,617] The parameter `min_child_weight` in Trial#75 is sampled independently using `RandomSampler` instead of `TPESampler`, potentially degrading the optimization performance. This fallback happend because dynamic search space is not supported for `multivariate=True`. You can suppress this warning by setting `warn_independent_sampling` to `False` in the constructor of `TPESampler` if this independent sampling is intended behavior.
[W 2026-03-12 04:19:28,617] The parameter `colsample_bytree` in Trial#75 is sampled independently using `RandomSampler` instead of `TPESampler`, potentially degrading the optimization performance. This fallback happend because dynamic search space is not supported for `multivariate=True`. You can suppress this warning by setting `warn_independent_sampling` to `False` in the constructor of `TPESampler` if this independent sampling is intended behavior.
[W 2026-03-12 04:19:28,618] The parameter `gamma` in Trial#75 is sampled independently using `RandomSampler` instead of `TPESampler`, potentially degrading the optimization performance. This fallback happend because dynamic search space is not supported for `multivariate=True`. You can suppress this warning by setting `warn_independent_sampling` to `False` in the constructor of `TPESampler` if this independent sampling is intended behavior.
[I 2026-03-12 04:20:29,917] Trial 75 finished with value: 0.18779630437808723 and parameters: {'n_estimators': 2025, 'learning_rate': 0.002629067229211416, 'max_depth': 7, 'min_child_weight': 14, 'subsample': 0.4286829267843663, 'colsample_bytree': 0.5800443848422948, 'gamma': 0.1932652290938215}. Best is trial 32 with value: 0.18573511514551205.
[W 2026-03-12 04:20:29,918] The parameter `n_estimators` in Trial#76 is sampled independently using `RandomSampler` instead of `TPESampler`, potentially degrading the optimization performance. This fallback happend because dynamic search space is not supported for `multivariate=True`. You can suppress this warning by setting `warn_independent_sampling` to `False` in the constructor of `TPESampler` if this independent sampling is intended behavior.
[W 2026-03-12 04:20:29,919] The parameter `max_depth` in Trial#76 is sampled independently using `RandomSampler` instead of `TPESampler`, potentially degrading the optimization performance. This fallback happend because dynamic search space is not supported for `multivariate=True`. You can suppress this warning by setting `warn_independent_sampling` to `False` in the constructor of `TPESampler` if this independent sampling is intended behavior.
[W 2026-03-12 04:20:29,920] The parameter `min_child_weight` in Trial#76 is sampled independently using `RandomSampler` instead of `TPESampler`, potentially degrading the optimization performance. This fallback happend because dynamic search space is not supported for `multivariate=True`. You can suppress this warning by setting `warn_independent_sampling` to `False` in the constructor of `TPESampler` if this independent sampling is intended behavior.
[W 2026-03-12 04:20:29,920] The parameter `colsample_bytree` in Trial#76 is sampled independently using `RandomSampler` instead of `TPESampler`, potentially degrading the optimization performance. This fallback happend because dynamic search space is not supported for `multivariate=True`. You can suppress this warning by setting `warn_independent_sampling` to `False` in the constructor of `TPESampler` if this independent sampling is intended behavior.
[W 2026-03-12 04:20:29,921] The parameter `gamma` in Trial#76 is sampled independently using `RandomSampler` instead of `TPESampler`, potentially degrading the optimization performance. This fallback happend because dynamic search space is not supported for `multivariate=True`. You can suppress this warning by setting `warn_independent_sampling` to `False` in the constructor of `TPESampler` if this independent sampling is intended behavior.
[I 2026-03-12 04:20:44,209] Trial 76 finished with value: 0.2005478630758389 and parameters: {'n_estimators': 1617, 'learning_rate': 0.0011129958409004871, 'max_depth': 10, 'min_child_weight': 18, 'subsample': 0.5248473212031115, 'colsample_bytree': 0.7094474440199208, 'gamma': 15.622751726881944}. Best is trial 32 with value: 0.18573511514551205.
[W 2026-03-12 04:20:44,210] The parameter `n_estimators` in Trial#77 is sampled independently using `RandomSampler` instead of `TPESampler`, potentially degrading the optimization performance. This fallback happend because dynamic search space is not supported for `multivariate=True`. You can suppress this warning by setting `warn_independent_sampling` to `False` in the constructor of `TPESampler` if this independent sampling is intended behavior.
[W 2026-03-12 04:20:44,212] The parameter `max_depth` in Trial#77 is sampled independently using `RandomSampler` instead of `TPESampler`, potentially degrading the optimization performance. This fallback happend because dynamic search space is not supported for `multivariate=True`. You can suppress this warning by setting `warn_independent_sampling` to `False` in the constructor of `TPESampler` if this independent sampling is intended behavior.
[W 2026-03-12 04:20:44,212] The parameter `min_child_weight` in Trial#77 is sampled independently using `RandomSampler` instead of `TPESampler`, potentially degrading the optimization performance. This fallback happend because dynamic search space is not supported for `multivariate=True`. You can suppress this warning by setting `warn_independent_sampling` to `False` in the constructor of `TPESampler` if this independent sampling is intended behavior.
[W 2026-03-12 04:20:44,213] The parameter `colsample_bytree` in Trial#77 is sampled independently using `RandomSampler` instead of `TPESampler`, potentially degrading the optimization performance. This fallback happend because dynamic search space is not supported for `multivariate=True`. You can suppress this warning by setting `warn_independent_sampling` to `False` in the constructor of `TPESampler` if this independent sampling is intended behavior.
[W 2026-03-12 04:20:44,213] The parameter `gamma` in Trial#77 is sampled independently using `RandomSampler` instead of `TPESampler`, potentially degrading the optimization performance. This fallback happend because dynamic search space is not supported for `multivariate=True`. You can suppress this warning by setting `warn_independent_sampling` to `False` in the constructor of `TPESampler` if this independent sampling is intended behavior.
[I 2026-03-12 04:21:14,245] Trial 77 finished with value: 0.19161170924505716 and parameters: {'n_estimators': 2291, 'learning_rate': 0.0009037101855094976, 'max_depth': 8, 'min_child_weight': 12, 'subsample': 0.4854349464195986, 'colsample_bytree': 0.6045363371308264, 'gamma': 2.8478765630110376}. Best is trial 32 with value: 0.18573511514551205.
[W 2026-03-12 04:21:14,246] The parameter `n_estimators` in Trial#78 is sampled independently using `RandomSampler` instead of `TPESampler`, potentially degrading the optimization performance. This fallback happend because dynamic search space is not supported for `multivariate=True`. You can suppress this warning by setting `warn_independent_sampling` to `False` in the constructor of `TPESampler` if this independent sampling is intended behavior.
[W 2026-03-12 04:21:14,247] The parameter `max_depth` in Trial#78 is sampled independently using `RandomSampler` instead of `TPESampler`, potentially degrading the optimization performance. This fallback happend because dynamic search space is not supported for `multivariate=True`. You can suppress this warning by setting `warn_independent_sampling` to `False` in the constructor of `TPESampler` if this independent sampling is intended behavior.
[W 2026-03-12 04:21:14,248] The parameter `min_child_weight` in Trial#78 is sampled independently using `RandomSampler` instead of `TPESampler`, potentially degrading the optimization performance. This fallback happend because dynamic search space is not supported for `multivariate=True`. You can suppress this warning by setting `warn_independent_sampling` to `False` in the constructor of `TPESampler` if this independent sampling is intended behavior.
[W 2026-03-12 04:21:14,248] The parameter `colsample_bytree` in Trial#78 is sampled independently using `RandomSampler` instead of `TPESampler`, potentially degrading the optimization performance. This fallback happend because dynamic search space is not supported for `multivariate=True`. You can suppress this warning by setting `warn_independent_sampling` to `False` in the constructor of `TPESampler` if this independent sampling is intended behavior.
[W 2026-03-12 04:21:14,249] The parameter `gamma` in Trial#78 is sampled independently using `RandomSampler` instead of `TPESampler`, potentially degrading the optimization performance. This fallback happend because dynamic search space is not supported for `multivariate=True`. You can suppress this warning by setting `warn_independent_sampling` to `False` in the constructor of `TPESampler` if this independent sampling is intended behavior.
[I 2026-03-12 04:21:29,950] Trial 78 finished with value: 0.20044737377467217 and parameters: {'n_estimators': 1989, 'learning_rate': 0.09398959524630236, 'max_depth': 6, 'min_child_weight': 16, 'subsample': 0.7207533681047471, 'colsample_bytree': 0.9897020288118186, 'gamma': 0.20328274257916146}. Best is trial 32 with value: 0.18573511514551205.
[W 2026-03-12 04:21:29,951] The parameter `n_estimators` in Trial#79 is sampled independently using `RandomSampler` instead of `TPESampler`, potentially degrading the optimization performance. This fallback happend because dynamic search space is not supported for `multivariate=True`. You can suppress this warning by setting `warn_independent_sampling` to `False` in the constructor of `TPESampler` if this independent sampling is intended behavior.
[W 2026-03-12 04:21:29,953] The parameter `max_depth` in Trial#79 is sampled independently using `RandomSampler` instead of `TPESampler`, potentially degrading the optimization performance. This fallback happend because dynamic search space is not supported for `multivariate=True`. You can suppress this warning by setting `warn_independent_sampling` to `False` in the constructor of `TPESampler` if this independent sampling is intended behavior.
[W 2026-03-12 04:21:29,953] The parameter `min_child_weight` in Trial#79 is sampled independently using `RandomSampler` instead of `TPESampler`, potentially degrading the optimization performance. This fallback happend because dynamic search space is not supported for `multivariate=True`. You can suppress this warning by setting `warn_independent_sampling` to `False` in the constructor of `TPESampler` if this independent sampling is intended behavior.
[W 2026-03-12 04:21:29,954] The parameter `colsample_bytree` in Trial#79 is sampled independently using `RandomSampler` instead of `TPESampler`, potentially degrading the optimization performance. This fallback happend because dynamic search space is not supported for `multivariate=True`. You can suppress this warning by setting `warn_independent_sampling` to `False` in the constructor of `TPESampler` if this independent sampling is intended behavior.
[W 2026-03-12 04:21:29,954] The parameter `gamma` in Trial#79 is sampled independently using `RandomSampler` instead of `TPESampler`, potentially degrading the optimization performance. This fallback happend because dynamic search space is not supported for `multivariate=True`. You can suppress this warning by setting `warn_independent_sampling` to `False` in the constructor of `TPESampler` if this independent sampling is intended behavior.
[I 2026-03-12 04:21:52,177] Trial 79 finished with value: 0.1893773760126743 and parameters: {'n_estimators': 2487, 'learning_rate': 0.002491623754634866, 'max_depth': 9, 'min_child_weight': 20, 'subsample': 0.6100600221110263, 'colsample_bytree': 0.5121232882742907, 'gamma': 2.7140313042296667}. Best is trial 32 with value: 0.18573511514551205.
[W 2026-03-12 04:21:52,178] The parameter `n_estimators` in Trial#80 is sampled independently using `RandomSampler` instead of `TPESampler`, potentially degrading the optimization performance. This fallback happend because dynamic search space is not supported for `multivariate=True`. You can suppress this warning by setting `warn_independent_sampling` to `False` in the constructor of `TPESampler` if this independent sampling is intended behavior.
[W 2026-03-12 04:21:52,179] The parameter `max_depth` in Trial#80 is sampled independently using `RandomSampler` instead of `TPESampler`, potentially degrading the optimization performance. This fallback happend because dynamic search space is not supported for `multivariate=True`. You can suppress this warning by setting `warn_independent_sampling` to `False` in the constructor of `TPESampler` if this independent sampling is intended behavior.
[W 2026-03-12 04:21:52,180] The parameter `min_child_weight` in Trial#80 is sampled independently using `RandomSampler` instead of `TPESampler`, potentially degrading the optimization performance. This fallback happend because dynamic search space is not supported for `multivariate=True`. You can suppress this warning by setting `warn_independent_sampling` to `False` in the constructor of `TPESampler` if this independent sampling is intended behavior.
[W 2026-03-12 04:21:52,180] The parameter `colsample_bytree` in Trial#80 is sampled independently using `RandomSampler` instead of `TPESampler`, potentially degrading the optimization performance. This fallback happend because dynamic search space is not supported for `multivariate=True`. You can suppress this warning by setting `warn_independent_sampling` to `False` in the constructor of `TPESampler` if this independent sampling is intended behavior.
[W 2026-03-12 04:21:52,181] The parameter `gamma` in Trial#80 is sampled independently using `RandomSampler` instead of `TPESampler`, potentially degrading the optimization performance. This fallback happend because dynamic search space is not supported for `multivariate=True`. You can suppress this warning by setting `warn_independent_sampling` to `False` in the constructor of `TPESampler` if this independent sampling is intended behavior.
[I 2026-03-12 04:22:40,173] Trial 80 finished with value: 0.19133671661214519 and parameters: {'n_estimators': 2053, 'learning_rate': 0.00811829735183532, 'max_depth': 8, 'min_child_weight': 15, 'subsample': 0.9864673732979752, 'colsample_bytree': 0.8170637060405463, 'gamma': 0.06349713405334112}. Best is trial 32 with value: 0.18573511514551205.
[W 2026-03-12 04:22:40,174] The parameter `n_estimators` in Trial#81 is sampled independently using `RandomSampler` instead of `TPESampler`, potentially degrading the optimization performance. This fallback happend because dynamic search space is not supported for `multivariate=True`. You can suppress this warning by setting `warn_independent_sampling` to `False` in the constructor of `TPESampler` if this independent sampling is intended behavior.
[W 2026-03-12 04:22:40,175] The parameter `max_depth` in Trial#81 is sampled independently using `RandomSampler` instead of `TPESampler`, potentially degrading the optimization performance. This fallback happend because dynamic search space is not supported for `multivariate=True`. You can suppress this warning by setting `warn_independent_sampling` to `False` in the constructor of `TPESampler` if this independent sampling is intended behavior.
[W 2026-03-12 04:22:40,176] The parameter `min_child_weight` in Trial#81 is sampled independently using `RandomSampler` instead of `TPESampler`, potentially degrading the optimization performance. This fallback happend because dynamic search space is not supported for `multivariate=True`. You can suppress this warning by setting `warn_independent_sampling` to `False` in the constructor of `TPESampler` if this independent sampling is intended behavior.
[W 2026-03-12 04:22:40,176] The parameter `colsample_bytree` in Trial#81 is sampled independently using `RandomSampler` instead of `TPESampler`, potentially degrading the optimization performance. This fallback happend because dynamic search space is not supported for `multivariate=True`. You can suppress this warning by setting `warn_independent_sampling` to `False` in the constructor of `TPESampler` if this independent sampling is intended behavior.
[W 2026-03-12 04:22:40,177] The parameter `gamma` in Trial#81 is sampled independently using `RandomSampler` instead of `TPESampler`, potentially degrading the optimization performance. This fallback happend because dynamic search space is not supported for `multivariate=True`. You can suppress this warning by setting `warn_independent_sampling` to `False` in the constructor of `TPESampler` if this independent sampling is intended behavior.
