[I 2026-03-12 04:07:51,027] Trial 57 finished with value: 0.19087852950081904 and parameters: {'n_estimators': 2296, 'learning_rate': 0.0006567132857662602, 'max_depth': 8, 'min_child_weight': 14, 'subsample': 0.4530654196043087, 'colsample_bytree': 0.8769282811860845, 'gamma': 0.10318161295938674}. Best is trial 32 with value: 0.18573511514551205.
[W 2026-03-12 04:07:51,028] The parameter `n_estimators` in Trial#58 is sampled independently using `RandomSampler` instead of `TPESampler`, potentially degrading the optimization performance. This fallback happend because dynamic search space is not supported for `multivariate=True`. You can suppress this warning by setting `warn_independent_sampling` to `False` in the constructor of `TPESampler` if this independent sampling is intended behavior.
[W 2026-03-12 04:07:51,029] The parameter `max_depth` in Trial#58 is sampled independently using `RandomSampler` instead of `TPESampler`, potentially degrading the optimization performance. This fallback happend because dynamic search space is not supported for `multivariate=True`. You can suppress this warning by setting `warn_independent_sampling` to `False` in the constructor of `TPESampler` if this independent sampling is intended behavior.
[W 2026-03-12 04:07:51,030] The parameter `min_child_weight` in Trial#58 is sampled independently using `RandomSampler` instead of `TPESampler`, potentially degrading the optimization performance. This fallback happend because dynamic search space is not supported for `multivariate=True`. You can suppress this warning by setting `warn_independent_sampling` to `False` in the constructor of `TPESampler` if this independent sampling is intended behavior.
[W 2026-03-12 04:07:51,030] The parameter `colsample_bytree` in Trial#58 is sampled independently using `RandomSampler` instead of `TPESampler`, potentially degrading the optimization performance. This fallback happend because dynamic search space is not supported for `multivariate=True`. You can suppress this warning by setting `warn_independent_sampling` to `False` in the constructor of `TPESampler` if this independent sampling is intended behavior.
[W 2026-03-12 04:07:51,031] The parameter `gamma` in Trial#58 is sampled independently using `RandomSampler` instead of `TPESampler`, potentially degrading the optimization performance. This fallback happend because dynamic search space is not supported for `multivariate=True`. You can suppress this warning by setting `warn_independent_sampling` to `False` in the constructor of `TPESampler` if this independent sampling is intended behavior.
[I 2026-03-12 04:08:09,790] Trial 58 finished with value: 0.18948583662207358 and parameters: {'n_estimators': 2245, 'learning_rate': 0.00296005501655096, 'max_depth': 10, 'min_child_weight': 18, 'subsample': 0.48805158235482915, 'colsample_bytree': 0.7006036970196686, 'gamma': 2.9431934743142696}. Best is trial 32 with value: 0.18573511514551205.
[W 2026-03-12 04:08:09,791] The parameter `n_estimators` in Trial#59 is sampled independently using `RandomSampler` instead of `TPESampler`, potentially degrading the optimization performance. This fallback happend because dynamic search space is not supported for `multivariate=True`. You can suppress this warning by setting `warn_independent_sampling` to `False` in the constructor of `TPESampler` if this independent sampling is intended behavior.
[W 2026-03-12 04:08:09,792] The parameter `max_depth` in Trial#59 is sampled independently using `RandomSampler` instead of `TPESampler`, potentially degrading the optimization performance. This fallback happend because dynamic search space is not supported for `multivariate=True`. You can suppress this warning by setting `warn_independent_sampling` to `False` in the constructor of `TPESampler` if this independent sampling is intended behavior.
[W 2026-03-12 04:08:09,793] The parameter `min_child_weight` in Trial#59 is sampled independently using `RandomSampler` instead of `TPESampler`, potentially degrading the optimization performance. This fallback happend because dynamic search space is not supported for `multivariate=True`. You can suppress this warning by setting `warn_independent_sampling` to `False` in the constructor of `TPESampler` if this independent sampling is intended behavior.
[W 2026-03-12 04:08:09,793] The parameter `colsample_bytree` in Trial#59 is sampled independently using `RandomSampler` instead of `TPESampler`, potentially degrading the optimization performance. This fallback happend because dynamic search space is not supported for `multivariate=True`. You can suppress this warning by setting `warn_independent_sampling` to `False` in the constructor of `TPESampler` if this independent sampling is intended behavior.
[W 2026-03-12 04:08:09,794] The parameter `gamma` in Trial#59 is sampled independently using `RandomSampler` instead of `TPESampler`, potentially degrading the optimization performance. This fallback happend because dynamic search space is not supported for `multivariate=True`. You can suppress this warning by setting `warn_independent_sampling` to `False` in the constructor of `TPESampler` if this independent sampling is intended behavior.
[I 2026-03-12 04:09:11,050] Trial 59 finished with value: 0.2040874078727485 and parameters: {'n_estimators': 1856, 'learning_rate': 0.00039117005186525757, 'max_depth': 7, 'min_child_weight': 14, 'subsample': 0.603385066090265, 'colsample_bytree': 0.6128192196800081, 'gamma': 0.19165619226124433}. Best is trial 32 with value: 0.18573511514551205.
[W 2026-03-12 04:09:11,051] The parameter `n_estimators` in Trial#60 is sampled independently using `RandomSampler` instead of `TPESampler`, potentially degrading the optimization performance. This fallback happend because dynamic search space is not supported for `multivariate=True`. You can suppress this warning by setting `warn_independent_sampling` to `False` in the constructor of `TPESampler` if this independent sampling is intended behavior.
[W 2026-03-12 04:09:11,052] The parameter `max_depth` in Trial#60 is sampled independently using `RandomSampler` instead of `TPESampler`, potentially degrading the optimization performance. This fallback happend because dynamic search space is not supported for `multivariate=True`. You can suppress this warning by setting `warn_independent_sampling` to `False` in the constructor of `TPESampler` if this independent sampling is intended behavior.
[W 2026-03-12 04:09:11,053] The parameter `min_child_weight` in Trial#60 is sampled independently using `RandomSampler` instead of `TPESampler`, potentially degrading the optimization performance. This fallback happend because dynamic search space is not supported for `multivariate=True`. You can suppress this warning by setting `warn_independent_sampling` to `False` in the constructor of `TPESampler` if this independent sampling is intended behavior.
[W 2026-03-12 04:09:11,053] The parameter `colsample_bytree` in Trial#60 is sampled independently using `RandomSampler` instead of `TPESampler`, potentially degrading the optimization performance. This fallback happend because dynamic search space is not supported for `multivariate=True`. You can suppress this warning by setting `warn_independent_sampling` to `False` in the constructor of `TPESampler` if this independent sampling is intended behavior.
[W 2026-03-12 04:09:11,054] The parameter `gamma` in Trial#60 is sampled independently using `RandomSampler` instead of `TPESampler`, potentially degrading the optimization performance. This fallback happend because dynamic search space is not supported for `multivariate=True`. You can suppress this warning by setting `warn_independent_sampling` to `False` in the constructor of `TPESampler` if this independent sampling is intended behavior.
[I 2026-03-12 04:09:28,497] Trial 60 finished with value: 0.1886845597382889 and parameters: {'n_estimators': 2285, 'learning_rate': 0.004021027297342997, 'max_depth': 9, 'min_child_weight': 20, 'subsample': 0.5748212369222014, 'colsample_bytree': 0.7692182301953923, 'gamma': 2.9455589746025024}. Best is trial 32 with value: 0.18573511514551205.
[W 2026-03-12 04:09:28,498] The parameter `n_estimators` in Trial#61 is sampled independently using `RandomSampler` instead of `TPESampler`, potentially degrading the optimization performance. This fallback happend because dynamic search space is not supported for `multivariate=True`. You can suppress this warning by setting `warn_independent_sampling` to `False` in the constructor of `TPESampler` if this independent sampling is intended behavior.
[W 2026-03-12 04:09:28,500] The parameter `max_depth` in Trial#61 is sampled independently using `RandomSampler` instead of `TPESampler`, potentially degrading the optimization performance. This fallback happend because dynamic search space is not supported for `multivariate=True`. You can suppress this warning by setting `warn_independent_sampling` to `False` in the constructor of `TPESampler` if this independent sampling is intended behavior.
[W 2026-03-12 04:09:28,500] The parameter `min_child_weight` in Trial#61 is sampled independently using `RandomSampler` instead of `TPESampler`, potentially degrading the optimization performance. This fallback happend because dynamic search space is not supported for `multivariate=True`. You can suppress this warning by setting `warn_independent_sampling` to `False` in the constructor of `TPESampler` if this independent sampling is intended behavior.
[W 2026-03-12 04:09:28,501] The parameter `colsample_bytree` in Trial#61 is sampled independently using `RandomSampler` instead of `TPESampler`, potentially degrading the optimization performance. This fallback happend because dynamic search space is not supported for `multivariate=True`. You can suppress this warning by setting `warn_independent_sampling` to `False` in the constructor of `TPESampler` if this independent sampling is intended behavior.
[W 2026-03-12 04:09:28,501] The parameter `gamma` in Trial#61 is sampled independently using `RandomSampler` instead of `TPESampler`, potentially degrading the optimization performance. This fallback happend because dynamic search space is not supported for `multivariate=True`. You can suppress this warning by setting `warn_independent_sampling` to `False` in the constructor of `TPESampler` if this independent sampling is intended behavior.
[I 2026-03-12 04:10:09,453] Trial 61 finished with value: 0.19100014131130164 and parameters: {'n_estimators': 1982, 'learning_rate': 0.00940982532424249, 'max_depth': 5, 'min_child_weight': 6, 'subsample': 0.41913279565671346, 'colsample_bytree': 0.4642295661982074, 'gamma': 0.011253912624935233}. Best is trial 32 with value: 0.18573511514551205.
[W 2026-03-12 04:10:09,454] The parameter `n_estimators` in Trial#62 is sampled independently using `RandomSampler` instead of `TPESampler`, potentially degrading the optimization performance. This fallback happend because dynamic search space is not supported for `multivariate=True`. You can suppress this warning by setting `warn_independent_sampling` to `False` in the constructor of `TPESampler` if this independent sampling is intended behavior.
[W 2026-03-12 04:10:09,456] The parameter `max_depth` in Trial#62 is sampled independently using `RandomSampler` instead of `TPESampler`, potentially degrading the optimization performance. This fallback happend because dynamic search space is not supported for `multivariate=True`. You can suppress this warning by setting `warn_independent_sampling` to `False` in the constructor of `TPESampler` if this independent sampling is intended behavior.
[W 2026-03-12 04:10:09,456] The parameter `min_child_weight` in Trial#62 is sampled independently using `RandomSampler` instead of `TPESampler`, potentially degrading the optimization performance. This fallback happend because dynamic search space is not supported for `multivariate=True`. You can suppress this warning by setting `warn_independent_sampling` to `False` in the constructor of `TPESampler` if this independent sampling is intended behavior.
[W 2026-03-12 04:10:09,457] The parameter `colsample_bytree` in Trial#62 is sampled independently using `RandomSampler` instead of `TPESampler`, potentially degrading the optimization performance. This fallback happend because dynamic search space is not supported for `multivariate=True`. You can suppress this warning by setting `warn_independent_sampling` to `False` in the constructor of `TPESampler` if this independent sampling is intended behavior.
[W 2026-03-12 04:10:09,457] The parameter `gamma` in Trial#62 is sampled independently using `RandomSampler` instead of `TPESampler`, potentially degrading the optimization performance. This fallback happend because dynamic search space is not supported for `multivariate=True`. You can suppress this warning by setting `warn_independent_sampling` to `False` in the constructor of `TPESampler` if this independent sampling is intended behavior.
[I 2026-03-12 04:11:11,554] Trial 62 finished with value: 0.18826164063263798 and parameters: {'n_estimators': 1990, 'learning_rate': 0.004754674451564241, 'max_depth': 7, 'min_child_weight': 8, 'subsample': 0.4215471849342353, 'colsample_bytree': 0.5096323123065519, 'gamma': 0.024783303783524446}. Best is trial 32 with value: 0.18573511514551205.
[W 2026-03-12 04:11:11,555] The parameter `n_estimators` in Trial#63 is sampled independently using `RandomSampler` instead of `TPESampler`, potentially degrading the optimization performance. This fallback happend because dynamic search space is not supported for `multivariate=True`. You can suppress this warning by setting `warn_independent_sampling` to `False` in the constructor of `TPESampler` if this independent sampling is intended behavior.
[W 2026-03-12 04:11:11,556] The parameter `max_depth` in Trial#63 is sampled independently using `RandomSampler` instead of `TPESampler`, potentially degrading the optimization performance. This fallback happend because dynamic search space is not supported for `multivariate=True`. You can suppress this warning by setting `warn_independent_sampling` to `False` in the constructor of `TPESampler` if this independent sampling is intended behavior.
[W 2026-03-12 04:11:11,557] The parameter `min_child_weight` in Trial#63 is sampled independently using `RandomSampler` instead of `TPESampler`, potentially degrading the optimization performance. This fallback happend because dynamic search space is not supported for `multivariate=True`. You can suppress this warning by setting `warn_independent_sampling` to `False` in the constructor of `TPESampler` if this independent sampling is intended behavior.
[W 2026-03-12 04:11:11,557] The parameter `colsample_bytree` in Trial#63 is sampled independently using `RandomSampler` instead of `TPESampler`, potentially degrading the optimization performance. This fallback happend because dynamic search space is not supported for `multivariate=True`. You can suppress this warning by setting `warn_independent_sampling` to `False` in the constructor of `TPESampler` if this independent sampling is intended behavior.
[W 2026-03-12 04:11:11,558] The parameter `gamma` in Trial#63 is sampled independently using `RandomSampler` instead of `TPESampler`, potentially degrading the optimization performance. This fallback happend because dynamic search space is not supported for `multivariate=True`. You can suppress this warning by setting `warn_independent_sampling` to `False` in the constructor of `TPESampler` if this independent sampling is intended behavior.
[I 2026-03-12 04:11:33,682] Trial 63 finished with value: 0.19021884413269896 and parameters: {'n_estimators': 2249, 'learning_rate': 0.001554495727926629, 'max_depth': 7, 'min_child_weight': 14, 'subsample': 0.40059729326027543, 'colsample_bytree': 0.5607374279434648, 'gamma': 3.140698259995604}. Best is trial 32 with value: 0.18573511514551205.
[W 2026-03-12 04:11:33,683] The parameter `n_estimators` in Trial#64 is sampled independently using `RandomSampler` instead of `TPESampler`, potentially degrading the optimization performance. This fallback happend because dynamic search space is not supported for `multivariate=True`. You can suppress this warning by setting `warn_independent_sampling` to `False` in the constructor of `TPESampler` if this independent sampling is intended behavior.
[W 2026-03-12 04:11:33,685] The parameter `max_depth` in Trial#64 is sampled independently using `RandomSampler` instead of `TPESampler`, potentially degrading the optimization performance. This fallback happend because dynamic search space is not supported for `multivariate=True`. You can suppress this warning by setting `warn_independent_sampling` to `False` in the constructor of `TPESampler` if this independent sampling is intended behavior.
[W 2026-03-12 04:11:33,685] The parameter `min_child_weight` in Trial#64 is sampled independently using `RandomSampler` instead of `TPESampler`, potentially degrading the optimization performance. This fallback happend because dynamic search space is not supported for `multivariate=True`. You can suppress this warning by setting `warn_independent_sampling` to `False` in the constructor of `TPESampler` if this independent sampling is intended behavior.
[W 2026-03-12 04:11:33,686] The parameter `colsample_bytree` in Trial#64 is sampled independently using `RandomSampler` instead of `TPESampler`, potentially degrading the optimization performance. This fallback happend because dynamic search space is not supported for `multivariate=True`. You can suppress this warning by setting `warn_independent_sampling` to `False` in the constructor of `TPESampler` if this independent sampling is intended behavior.
[W 2026-03-12 04:11:33,686] The parameter `gamma` in Trial#64 is sampled independently using `RandomSampler` instead of `TPESampler`, potentially degrading the optimization performance. This fallback happend because dynamic search space is not supported for `multivariate=True`. You can suppress this warning by setting `warn_independent_sampling` to `False` in the constructor of `TPESampler` if this independent sampling is intended behavior.
[I 2026-03-12 04:11:46,191] Trial 64 finished with value: 0.18872510931490483 and parameters: {'n_estimators': 1544, 'learning_rate': 0.004721029077307025, 'max_depth': 7, 'min_child_weight': 11, 'subsample': 0.4558220178582624, 'colsample_bytree': 0.44713572714478056, 'gamma': 2.7146673910885126}. Best is trial 32 with value: 0.18573511514551205.
[W 2026-03-12 04:11:46,192] The parameter `n_estimators` in Trial#65 is sampled independently using `RandomSampler` instead of `TPESampler`, potentially degrading the optimization performance. This fallback happend because dynamic search space is not supported for `multivariate=True`. You can suppress this warning by setting `warn_independent_sampling` to `False` in the constructor of `TPESampler` if this independent sampling is intended behavior.
[W 2026-03-12 04:11:46,193] The parameter `max_depth` in Trial#65 is sampled independently using `RandomSampler` instead of `TPESampler`, potentially degrading the optimization performance. This fallback happend because dynamic search space is not supported for `multivariate=True`. You can suppress this warning by setting `warn_independent_sampling` to `False` in the constructor of `TPESampler` if this independent sampling is intended behavior.
[W 2026-03-12 04:11:46,194] The parameter `min_child_weight` in Trial#65 is sampled independently using `RandomSampler` instead of `TPESampler`, potentially degrading the optimization performance. This fallback happend because dynamic search space is not supported for `multivariate=True`. You can suppress this warning by setting `warn_independent_sampling` to `False` in the constructor of `TPESampler` if this independent sampling is intended behavior.
[W 2026-03-12 04:11:46,194] The parameter `colsample_bytree` in Trial#65 is sampled independently using `RandomSampler` instead of `TPESampler`, potentially degrading the optimization performance. This fallback happend because dynamic search space is not supported for `multivariate=True`. You can suppress this warning by setting `warn_independent_sampling` to `False` in the constructor of `TPESampler` if this independent sampling is intended behavior.
[W 2026-03-12 04:11:46,195] The parameter `gamma` in Trial#65 is sampled independently using `RandomSampler` instead of `TPESampler`, potentially degrading the optimization performance. This fallback happend because dynamic search space is not supported for `multivariate=True`. You can suppress this warning by setting `warn_independent_sampling` to `False` in the constructor of `TPESampler` if this independent sampling is intended behavior.
