[I 2026-03-12 01:19:22,031] Trial 28 finished with value: 0.13758471330664457 and parameters: {'n_estimators': 1476, 'learning_rate': 0.0035218950853827227, 'num_leaves': 60, 'max_depth': 3, 'min_data_in_leaf': 85, 'feature_fraction': 0.8721864379259462, 'bagging_fraction': 0.8498088803833486, 'bagging_freq': 1}. Best is trial 23 with value: 0.1368833977493145.
[I 2026-03-12 01:19:45,871] Trial 29 finished with value: 0.14111897031458212 and parameters: {'n_estimators': 1484, 'learning_rate': 0.00745162332289161, 'num_leaves': 26, 'max_depth': 4, 'min_data_in_leaf': 95, 'feature_fraction': 0.8698628411995316, 'bagging_fraction': 0.7132534389508111, 'bagging_freq': 1}. Best is trial 23 with value: 0.1368833977493145.
Best Brier: 0.13688

✅ V46 Tuning Complete. Best parameters saved to v46_optuna_results.json
⏱️ Total Time: 74.1 minutes
