🔥 V47: DEEP Optuna Hyperparameter Tuning for V43 Baseline (Wider Space, 100 Trials)

🚀 [DEEP SEARCH] Tuning Men models (100 Trials per model)...
--- Men CatBoost ---
[I 2026-03-12 01:49:26,039] A new study created in memory with name: no-name-01887c3d-6c3c-481d-b29f-16d93c4f88d5
[I 2026-03-12 01:50:10,718] Trial 0 finished with value: 0.19554796686439319 and parameters: {'iterations': 1249, 'learning_rate': 0.13751068413926437, 'depth': 8, 'l2_leaf_reg': 6.251373574521747, 'subsample': 0.4936111842654619, 'random_strength': 3.119890406724053, 'bagging_temperature': 0.2904180608409973, 'border_count': 226}. Best is trial 0 with value: 0.19554796686439319.
[I 2026-03-12 01:50:19,785] Trial 1 finished with value: 0.18945203712468836 and parameters: {'iterations': 1702, 'learning_rate': 0.021745470981373614, 'depth': 3, 'l2_leaf_reg': 81.23245085588681, 'subsample': 0.899465584480253, 'random_strength': 4.246782213565523, 'bagging_temperature': 0.9091248360355031, 'border_count': 73}. Best is trial 1 with value: 0.18945203712468836.
[I 2026-03-12 01:50:32,180] Trial 2 finished with value: 0.18668832887873352 and parameters: {'iterations': 1108, 'learning_rate': 0.005398047741548973, 'depth': 6, 'l2_leaf_reg': 0.74763120622523, 'subsample': 0.7671117368334277, 'random_strength': 2.7898772130408367, 'bagging_temperature': 1.4607232426760908, 'border_count': 114}. Best is trial 2 with value: 0.18668832887873352.
[I 2026-03-12 01:50:41,029] Trial 3 finished with value: 0.19276539634910456 and parameters: {'iterations': 1412, 'learning_rate': 0.039074137500162594, 'depth': 4, 'l2_leaf_reg': 3.4890188454913864, 'subsample': 0.7554487413172255, 'random_strength': 0.9290082543999545, 'bagging_temperature': 3.0377242595071916, 'border_count': 70}. Best is trial 2 with value: 0.18668832887873352.
[I 2026-03-12 01:51:22,790] Trial 4 finished with value: 0.18856033489378385 and parameters: {'iterations': 630, 'learning_rate': 0.1356124683738337, 'depth': 10, 'l2_leaf_reg': 26.619018884890558, 'subsample': 0.5827682615040224, 'random_strength': 1.9534422801276774, 'bagging_temperature': 3.4211651325607844, 'border_count': 130}. Best is trial 2 with value: 0.18668832887873352.
[I 2026-03-12 01:51:26,630] Trial 5 finished with value: 0.19259774402115018 and parameters: {'iterations': 744, 'learning_rate': 0.004311156945735046, 'depth': 3, 'l2_leaf_reg': 53.45166110646815, 'subsample': 0.5552679889600102, 'random_strength': 13.25044568707964, 'bagging_temperature': 1.5585553804470549, 'border_count': 148}. Best is trial 2 with value: 0.18668832887873352.
[I 2026-03-12 01:54:29,695] Trial 6 finished with value: 0.22359189222125775 and parameters: {'iterations': 1593, 'learning_rate': 0.00040757740748076566, 'depth': 10, 'l2_leaf_reg': 21.15429079726122, 'subsample': 0.9636993649385135, 'random_strength': 17.896547008552975, 'bagging_temperature': 2.9894998940554256, 'border_count': 238}. Best is trial 2 with value: 0.18668832887873352.
[I 2026-03-12 01:54:33,101] Trial 7 finished with value: 0.22976117481670538 and parameters: {'iterations': 677, 'learning_rate': 0.0004435527819593251, 'depth': 3, 'l2_leaf_reg': 0.9462175356461487, 'subsample': 0.6332063738136893, 'random_strength': 5.426980635477918, 'bagging_temperature': 4.143687545759647, 'border_count': 111}. Best is trial 2 with value: 0.18668832887873352.
[I 2026-03-12 01:54:38,844] Trial 8 finished with value: 0.1880931060637516 and parameters: {'iterations': 1062, 'learning_rate': 0.00618665714896614, 'depth': 4, 'l2_leaf_reg': 25.502980701628907, 'subsample': 0.44473038620786254, 'random_strength': 19.737738732010346, 'bagging_temperature': 3.861223846483287, 'border_count': 76}. Best is trial 2 with value: 0.18668832887873352.
[I 2026-03-12 01:54:47,601] Trial 9 finished with value: 0.18888909520692485 and parameters: {'iterations': 511, 'learning_rate': 0.0491883931563267, 'depth': 8, 'l2_leaf_reg': 15.382308040278993, 'subsample': 0.8627622080115674, 'random_strength': 1.4808930346818072, 'bagging_temperature': 1.7923286427213632, 'border_count': 57}. Best is trial 2 with value: 0.18668832887873352.
[I 2026-03-12 01:54:56,166] Trial 10 finished with value: 0.1876508563733439 and parameters: {'iterations': 973, 'learning_rate': 0.015791782865270998, 'depth': 5, 'l2_leaf_reg': 0.2398244691469202, 'subsample': 0.7614005872572985, 'random_strength': 6.937017828132438, 'bagging_temperature': 1.5567266740727406, 'border_count': 120}. Best is trial 2 with value: 0.18668832887873352.
[I 2026-03-12 01:55:07,200] Trial 11 finished with value: 0.1906453673099888 and parameters: {'iterations': 1016, 'learning_rate': 0.025738124221551292, 'depth': 6, 'l2_leaf_reg': 0.15776716218935594, 'subsample': 0.7364213624477205, 'random_strength': 4.686907927920052, 'bagging_temperature': 1.8454845014701475, 'border_count': 102}. Best is trial 2 with value: 0.18668832887873352.
[I 2026-03-12 01:55:14,351] Trial 12 finished with value: 0.1998188079621942 and parameters: {'iterations': 584, 'learning_rate': 0.0019758445299804237, 'depth': 6, 'l2_leaf_reg': 0.5619004734729222, 'subsample': 0.794291097502508, 'random_strength': 3.3550043221158528, 'bagging_temperature': 0.06657590000695324, 'border_count': 141}. Best is trial 2 with value: 0.18668832887873352.
[I 2026-03-12 01:55:49,993] Trial 13 finished with value: 0.18410240576601922 and parameters: {'iterations': 1739, 'learning_rate': 0.0071948838996071735, 'depth': 9, 'l2_leaf_reg': 1.5986475111133163, 'subsample': 0.6507759948202987, 'random_strength': 0.100634406117452, 'bagging_temperature': 2.00899523885886, 'border_count': 44}. Best is trial 13 with value: 0.18410240576601922.
[I 2026-03-12 01:57:00,521] Trial 14 finished with value: 0.18505704484846733 and parameters: {'iterations': 1824, 'learning_rate': 0.0064186540799972, 'depth': 10, 'l2_leaf_reg': 1.7338005511684413, 'subsample': 0.6228699010248808, 'random_strength': 0.7696186001445217, 'bagging_temperature': 1.2879025679855003, 'border_count': 66}. Best is trial 13 with value: 0.18410240576601922.
[I 2026-03-12 01:58:20,264] Trial 15 finished with value: 0.1860647826081569 and parameters: {'iterations': 2013, 'learning_rate': 0.005408074688989953, 'depth': 10, 'l2_leaf_reg': 7.30002782007818, 'subsample': 0.6408630325568879, 'random_strength': 6.806318429496371, 'bagging_temperature': 2.8528608354836704, 'border_count': 69}. Best is trial 13 with value: 0.18410240576601922.
[I 2026-03-12 01:59:48,361] Trial 16 finished with value: 0.18551337541511867 and parameters: {'iterations': 1485, 'learning_rate': 0.0037501153558115994, 'depth': 10, 'l2_leaf_reg': 0.8469358220395826, 'subsample': 0.6731258800498215, 'random_strength': 2.3096561091356547, 'bagging_temperature': 0.8721172279313558, 'border_count': 114}. Best is trial 13 with value: 0.18410240576601922.
[I 2026-03-12 02:00:16,533] Trial 17 finished with value: 0.18990314211513537 and parameters: {'iterations': 2073, 'learning_rate': 0.0011208080964365138, 'depth': 7, 'l2_leaf_reg': 0.25144009949446067, 'subsample': 0.6379611969904724, 'random_strength': 2.2157585964360105, 'bagging_temperature': 2.6544717559984523, 'border_count': 96}. Best is trial 13 with value: 0.18410240576601922.
[I 2026-03-12 02:01:33,898] Trial 18 finished with value: 0.1853814256937003 and parameters: {'iterations': 1806, 'learning_rate': 0.03486401852027498, 'depth': 10, 'l2_leaf_reg': 3.4878278381779606, 'subsample': 0.40332172198818694, 'random_strength': 1.3264439131105554, 'bagging_temperature': 0.8255874845583124, 'border_count': 79}. Best is trial 13 with value: 0.18410240576601922.
[I 2026-03-12 02:01:51,306] Trial 19 finished with value: 0.18953343913537807 and parameters: {'iterations': 1791, 'learning_rate': 0.06388029791743519, 'depth': 7, 'l2_leaf_reg': 2.4895324548160493, 'subsample': 0.46406091200637967, 'random_strength': 3.3979233143828456, 'bagging_temperature': 3.602814975502374, 'border_count': 40}. Best is trial 13 with value: 0.18410240576601922.
[I 2026-03-12 02:02:25,408] Trial 20 finished with value: 0.18668211624080847 and parameters: {'iterations': 2271, 'learning_rate': 0.006315355430099695, 'depth': 7, 'l2_leaf_reg': 38.55938276985456, 'subsample': 0.6465742128635928, 'random_strength': 0.8081525272723836, 'bagging_temperature': 0.879414599245883, 'border_count': 113}. Best is trial 13 with value: 0.18410240576601922.
[I 2026-03-12 02:03:38,001] Trial 21 finished with value: 0.18489530970828458 and parameters: {'iterations': 1749, 'learning_rate': 0.012973721088019167, 'depth': 10, 'l2_leaf_reg': 13.884478573529057, 'subsample': 0.4189396347329341, 'random_strength': 3.4156081749068523, 'bagging_temperature': 1.055162945398594, 'border_count': 76}. Best is trial 13 with value: 0.18410240576601922.
[I 2026-03-12 02:05:00,585] Trial 22 finished with value: 0.18542172876867416 and parameters: {'iterations': 1911, 'learning_rate': 0.019089843494801254, 'depth': 10, 'l2_leaf_reg': 51.84154680371537, 'subsample': 0.5028402376519515, 'random_strength': 4.416228331293473, 'bagging_temperature': 0.9748958973932527, 'border_count': 79}. Best is trial 13 with value: 0.18410240576601922.
[I 2026-03-12 02:06:49,514] Trial 23 finished with value: 0.1936384979099768 and parameters: {'iterations': 1960, 'learning_rate': 0.10501305769262849, 'depth': 10, 'l2_leaf_reg': 0.20468083116269728, 'subsample': 0.5633439798810836, 'random_strength': 3.037343784098894, 'bagging_temperature': 2.9905560424341826, 'border_count': 106}. Best is trial 13 with value: 0.18410240576601922.
[I 2026-03-12 02:07:41,817] Trial 24 finished with value: 0.195108803169289 and parameters: {'iterations': 1898, 'learning_rate': 0.0007785362381137987, 'depth': 10, 'l2_leaf_reg': 2.6006984056174582, 'subsample': 0.4971201701951141, 'random_strength': 0.5253271281408017, 'bagging_temperature': 2.430992821168937, 'border_count': 42}. Best is trial 13 with value: 0.18410240576601922.
[I 2026-03-12 02:07:59,321] Trial 25 finished with value: 0.19050635897865084 and parameters: {'iterations': 2062, 'learning_rate': 0.03535485392613565, 'depth': 6, 'l2_leaf_reg': 0.7931161635676686, 'subsample': 0.6106873386627776, 'random_strength': 0.23629925743106006, 'bagging_temperature': 0.29795881168982674, 'border_count': 52}. Best is trial 13 with value: 0.18410240576601922.
[I 2026-03-12 02:08:58,990] Trial 26 finished with value: 0.18692397148938072 and parameters: {'iterations': 1740, 'learning_rate': 0.015742782168366186, 'depth': 9, 'l2_leaf_reg': 11.755537205829237, 'subsample': 0.8366916157492927, 'random_strength': 2.48559394045849, 'bagging_temperature': 1.3998760951002964, 'border_count': 97}. Best is trial 13 with value: 0.18410240576601922.
[I 2026-03-12 02:09:24,132] Trial 27 finished with value: 0.18564686922659826 and parameters: {'iterations': 1568, 'learning_rate': 0.003962289192570793, 'depth': 8, 'l2_leaf_reg': 1.8496956336997579, 'subsample': 0.7013323237325672, 'random_strength': 0.8284600926915151, 'bagging_temperature': 2.312548155264591, 'border_count': 57}. Best is trial 13 with value: 0.18410240576601922.
[I 2026-03-12 02:09:47,108] Trial 28 finished with value: 0.18740019237254174 and parameters: {'iterations': 1192, 'learning_rate': 0.022006696418176597, 'depth': 9, 'l2_leaf_reg': 19.183242650736414, 'subsample': 0.42224721653062725, 'random_strength': 6.948990464804707, 'bagging_temperature': 1.6349770261021277, 'border_count': 43}. Best is trial 13 with value: 0.18410240576601922.
[I 2026-03-12 02:10:26,062] Trial 29 finished with value: 0.18581320793440612 and parameters: {'iterations': 1861, 'learning_rate': 0.005096989948631706, 'depth': 9, 'l2_leaf_reg': 3.403800667924968, 'subsample': 0.5843037121293185, 'random_strength': 6.146676798145848, 'bagging_temperature': 0.8058178864173979, 'border_count': 48}. Best is trial 13 with value: 0.18410240576601922.
[I 2026-03-12 02:10:54,765] Trial 30 finished with value: 0.1936864511155133 and parameters: {'iterations': 1294, 'learning_rate': 0.0015523707717710685, 'depth': 7, 'l2_leaf_reg': 14.802655705667775, 'subsample': 0.7444531538272082, 'random_strength': 2.806029301293057, 'bagging_temperature': 4.77379774845283, 'border_count': 218}. Best is trial 13 with value: 0.18410240576601922.
[I 2026-03-12 02:11:46,372] Trial 31 finished with value: 0.1852779799722425 and parameters: {'iterations': 1228, 'learning_rate': 0.007328732768373331, 'depth': 9, 'l2_leaf_reg': 2.616141793978885, 'subsample': 0.42624686496064756, 'random_strength': 1.2069757885054058, 'bagging_temperature': 2.668523342311451, 'border_count': 135}. Best is trial 13 with value: 0.18410240576601922.
[I 2026-03-12 02:12:34,361] Trial 32 finished with value: 0.1855399799955132 and parameters: {'iterations': 1096, 'learning_rate': 0.006864085921842263, 'depth': 9, 'l2_leaf_reg': 4.9225158685897945, 'subsample': 0.5679507228162517, 'random_strength': 1.4754955460592614, 'bagging_temperature': 1.8778630118524733, 'border_count': 140}. Best is trial 13 with value: 0.18410240576601922.
[I 2026-03-12 02:13:19,782] Trial 33 finished with value: 0.18631160350374568 and parameters: {'iterations': 1223, 'learning_rate': 0.008475898221084955, 'depth': 9, 'l2_leaf_reg': 3.268260394664113, 'subsample': 0.4730336286938693, 'random_strength': 1.7750233765860473, 'bagging_temperature': 3.337544826972214, 'border_count': 115}. Best is trial 13 with value: 0.18410240576601922.
[I 2026-03-12 02:14:09,667] Trial 34 finished with value: 0.18731100227101233 and parameters: {'iterations': 1783, 'learning_rate': 0.0641888171850231, 'depth': 9, 'l2_leaf_reg': 0.8765992883796818, 'subsample': 0.7434145785602349, 'random_strength': 4.726797784777181, 'bagging_temperature': 1.1634768949906034, 'border_count': 72}. Best is trial 13 with value: 0.18410240576601922.
[I 2026-03-12 02:15:27,291] Trial 35 finished with value: 0.18648582734657312 and parameters: {'iterations': 1241, 'learning_rate': 0.026540434107086612, 'depth': 9, 'l2_leaf_reg': 3.019835015051632, 'subsample': 0.4202952548270624, 'random_strength': 6.877379258459388, 'bagging_temperature': 2.8805404156397834, 'border_count': 213}. Best is trial 13 with value: 0.18410240576601922.
[I 2026-03-12 02:16:09,049] Trial 36 finished with value: 0.18535757525826327 and parameters: {'iterations': 1391, 'learning_rate': 0.010984421585370992, 'depth': 10, 'l2_leaf_reg': 0.371441576108731, 'subsample': 0.5536118723464983, 'random_strength': 1.395387021006608, 'bagging_temperature': 2.425260601790969, 'border_count': 46}. Best is trial 13 with value: 0.18410240576601922.
[I 2026-03-12 02:18:21,664] Trial 37 finished with value: 0.20365433504047298 and parameters: {'iterations': 1455, 'learning_rate': 0.0007374983663723203, 'depth': 10, 'l2_leaf_reg': 7.723390307082493, 'subsample': 0.45766969209248726, 'random_strength': 0.4284556064195266, 'bagging_temperature': 2.4923091492600387, 'border_count': 190}. Best is trial 13 with value: 0.18410240576601922.
[I 2026-03-12 02:18:29,913] Trial 38 finished with value: 0.18834313715080386 and parameters: {'iterations': 570, 'learning_rate': 0.01343569089065743, 'depth': 8, 'l2_leaf_reg': 0.9454033317235466, 'subsample': 0.509066084918147, 'random_strength': 19.695177660861496, 'bagging_temperature': 1.3290536349195798, 'border_count': 51}. Best is trial 13 with value: 0.18410240576601922.
[I 2026-03-12 02:19:43,824] Trial 39 finished with value: 0.18370229313367764 and parameters: {'iterations': 2254, 'learning_rate': 0.005665010280696196, 'depth': 10, 'l2_leaf_reg': 1.03039316006632, 'subsample': 0.7020432010197195, 'random_strength': 2.955603270500493, 'bagging_temperature': 1.2520966291621098, 'border_count': 51}. Best is trial 39 with value: 0.18370229313367764.
[I 2026-03-12 02:20:13,312] Trial 40 finished with value: 0.18756486766304328 and parameters: {'iterations': 1964, 'learning_rate': 0.0023518599185465778, 'depth': 8, 'l2_leaf_reg': 0.25600436335838794, 'subsample': 0.7318603996557709, 'random_strength': 4.94331836051782, 'bagging_temperature': 0.2807717970762367, 'border_count': 50}. Best is trial 39 with value: 0.18370229313367764.
[I 2026-03-12 02:20:57,863] Trial 41 finished with value: 0.1936481283364096 and parameters: {'iterations': 1618, 'learning_rate': 0.001042668133598468, 'depth': 10, 'l2_leaf_reg': 3.4091908009407152, 'subsample': 0.7587314434339492, 'random_strength': 0.9309715540971386, 'bagging_temperature': 1.217597993278586, 'border_count': 39}. Best is trial 39 with value: 0.18370229313367764.
[I 2026-03-12 02:21:58,844] Trial 42 finished with value: 0.1863838777075955 and parameters: {'iterations': 2396, 'learning_rate': 0.0021527144038357457, 'depth': 10, 'l2_leaf_reg': 1.7627921987861175, 'subsample': 0.7741263772725868, 'random_strength': 5.647719031962525, 'bagging_temperature': 1.7109680363261475, 'border_count': 34}. Best is trial 39 with value: 0.18370229313367764.
[I 2026-03-12 02:23:10,812] Trial 43 finished with value: 0.18525412748433306 and parameters: {'iterations': 2425, 'learning_rate': 0.0211981955564725, 'depth': 10, 'l2_leaf_reg': 0.22492522643434476, 'subsample': 0.6375310446459015, 'random_strength': 2.8632849595012306, 'bagging_temperature': 0.792165855941208, 'border_count': 44}. Best is trial 39 with value: 0.18370229313367764.
[I 2026-03-12 02:24:02,432] Trial 44 finished with value: 0.19196952763743222 and parameters: {'iterations': 2195, 'learning_rate': 0.03392361591644508, 'depth': 9, 'l2_leaf_reg': 0.32890611357821814, 'subsample': 0.5704514414956383, 'random_strength': 5.6197700490076645, 'bagging_temperature': 0.2172260170416116, 'border_count': 57}. Best is trial 39 with value: 0.18370229313367764.
[I 2026-03-12 02:25:04,695] Trial 45 finished with value: 0.1858926558323388 and parameters: {'iterations': 2408, 'learning_rate': 0.006752784717666734, 'depth': 9, 'l2_leaf_reg': 0.8328248623701259, 'subsample': 0.5702111519496214, 'random_strength': 3.574441351969753, 'bagging_temperature': 1.6938516880500738, 'border_count': 68}. Best is trial 39 with value: 0.18370229313367764.
[I 2026-03-12 02:26:23,242] Trial 46 finished with value: 0.18518575748612506 and parameters: {'iterations': 2074, 'learning_rate': 0.007500616436382326, 'depth': 10, 'l2_leaf_reg': 0.1806025820864586, 'subsample': 0.7833134965131296, 'random_strength': 2.527603425623366, 'bagging_temperature': 2.650116076979532, 'border_count': 62}. Best is trial 39 with value: 0.18370229313367764.
[I 2026-03-12 02:27:31,965] Trial 47 finished with value: 0.1872346564102594 and parameters: {'iterations': 1935, 'learning_rate': 0.00831440728513308, 'depth': 9, 'l2_leaf_reg': 0.13282099400989075, 'subsample': 0.8007591248999018, 'random_strength': 4.598936937111876, 'bagging_temperature': 2.320214679901318, 'border_count': 102}. Best is trial 39 with value: 0.18370229313367764.
[I 2026-03-12 02:28:43,370] Trial 48 finished with value: 0.1867478049319456 and parameters: {'iterations': 1855, 'learning_rate': 0.006360012405507843, 'depth': 10, 'l2_leaf_reg': 0.6390020726395305, 'subsample': 0.9689592184854111, 'random_strength': 2.439085620486977, 'bagging_temperature': 2.4533402591124567, 'border_count': 62}. Best is trial 39 with value: 0.18370229313367764.
[I 2026-03-12 02:29:33,302] Trial 49 finished with value: 0.18818348563305046 and parameters: {'iterations': 2352, 'learning_rate': 0.02177427679073842, 'depth': 9, 'l2_leaf_reg': 5.6788289229585605, 'subsample': 0.7302423610722472, 'random_strength': 1.9395493422845016, 'bagging_temperature': 0.7410451164817924, 'border_count': 45}. Best is trial 39 with value: 0.18370229313367764.
[I 2026-03-12 02:30:38,476] Trial 50 finished with value: 0.18574681190394896 and parameters: {'iterations': 1937, 'learning_rate': 0.009256716067632542, 'depth': 10, 'l2_leaf_reg': 0.10466766834777902, 'subsample': 0.8402929161165302, 'random_strength': 0.3410604195125071, 'bagging_temperature': 2.7660111949911927, 'border_count': 51}. Best is trial 39 with value: 0.18370229313367764.
[I 2026-03-12 02:32:35,364] Trial 51 finished with value: 0.18872674863675287 and parameters: {'iterations': 2425, 'learning_rate': 0.02525794351659787, 'depth': 10, 'l2_leaf_reg': 0.37240274238305804, 'subsample': 0.8084559848218384, 'random_strength': 5.3977136001030095, 'bagging_temperature': 1.3788356165640394, 'border_count': 86}. Best is trial 39 with value: 0.18370229313367764.
[I 2026-03-12 02:33:46,687] Trial 52 finished with value: 0.18629071285722845 and parameters: {'iterations': 2406, 'learning_rate': 0.0038466466899400383, 'depth': 10, 'l2_leaf_reg': 0.2615982171685257, 'subsample': 0.7024453170337286, 'random_strength': 3.7987159176061875, 'bagging_temperature': 2.7501748167337334, 'border_count': 44}. Best is trial 39 with value: 0.18370229313367764.
[I 2026-03-12 02:34:46,212] Trial 53 finished with value: 0.1853548727388792 and parameters: {'iterations': 1772, 'learning_rate': 0.005400519107031321, 'depth': 9, 'l2_leaf_reg': 4.665856005843506, 'subsample': 0.5991093604507546, 'random_strength': 1.0882418076940685, 'bagging_temperature': 0.5991266538772404, 'border_count': 99}. Best is trial 39 with value: 0.18370229313367764.
[I 2026-03-12 02:35:46,926] Trial 54 finished with value: 0.1856592328435269 and parameters: {'iterations': 2366, 'learning_rate': 0.006622977430613203, 'depth': 10, 'l2_leaf_reg': 0.49794170656577813, 'subsample': 0.5435063238340511, 'random_strength': 0.22694173309895715, 'bagging_temperature': 1.5636947512072437, 'border_count': 36}. Best is trial 39 with value: 0.18370229313367764.
[I 2026-03-12 02:37:08,366] Trial 55 finished with value: 0.19043199668102664 and parameters: {'iterations': 2331, 'learning_rate': 0.000731179117045382, 'depth': 10, 'l2_leaf_reg': 0.19254626852736448, 'subsample': 0.7102581771768067, 'random_strength': 0.22569626919660557, 'bagging_temperature': 0.7954768310164305, 'border_count': 57}. Best is trial 39 with value: 0.18370229313367764.
