[I 2026-03-12 03:40:18,055] Trial 25 finished with value: 0.18903266254897316 and parameters: {'n_estimators': 2470, 'learning_rate': 0.007316825085904101, 'max_depth': 9, 'min_child_weight': 11, 'subsample': 0.6139915424883285, 'colsample_bytree': 0.40374135302537095, 'gamma': 3.3871644445208315}. Best is trial 2 with value: 0.1865594838582335.
[W 2026-03-12 03:40:18,056] The parameter `n_estimators` in Trial#26 is sampled independently using `RandomSampler` instead of `TPESampler`, potentially degrading the optimization performance. This fallback happend because dynamic search space is not supported for `multivariate=True`. You can suppress this warning by setting `warn_independent_sampling` to `False` in the constructor of `TPESampler` if this independent sampling is intended behavior.
[W 2026-03-12 03:40:18,057] The parameter `max_depth` in Trial#26 is sampled independently using `RandomSampler` instead of `TPESampler`, potentially degrading the optimization performance. This fallback happend because dynamic search space is not supported for `multivariate=True`. You can suppress this warning by setting `warn_independent_sampling` to `False` in the constructor of `TPESampler` if this independent sampling is intended behavior.
[W 2026-03-12 03:40:18,058] The parameter `min_child_weight` in Trial#26 is sampled independently using `RandomSampler` instead of `TPESampler`, potentially degrading the optimization performance. This fallback happend because dynamic search space is not supported for `multivariate=True`. You can suppress this warning by setting `warn_independent_sampling` to `False` in the constructor of `TPESampler` if this independent sampling is intended behavior.
[W 2026-03-12 03:40:18,058] The parameter `colsample_bytree` in Trial#26 is sampled independently using `RandomSampler` instead of `TPESampler`, potentially degrading the optimization performance. This fallback happend because dynamic search space is not supported for `multivariate=True`. You can suppress this warning by setting `warn_independent_sampling` to `False` in the constructor of `TPESampler` if this independent sampling is intended behavior.
[W 2026-03-12 03:40:18,059] The parameter `gamma` in Trial#26 is sampled independently using `RandomSampler` instead of `TPESampler`, potentially degrading the optimization performance. This fallback happend because dynamic search space is not supported for `multivariate=True`. You can suppress this warning by setting `warn_independent_sampling` to `False` in the constructor of `TPESampler` if this independent sampling is intended behavior.
[I 2026-03-12 03:40:38,408] Trial 26 finished with value: 0.19018508269087553 and parameters: {'n_estimators': 2094, 'learning_rate': 0.0021231119977744317, 'max_depth': 7, 'min_child_weight': 11, 'subsample': 0.712342295281254, 'colsample_bytree': 0.5563031643001461, 'gamma': 3.251974122467951}. Best is trial 2 with value: 0.1865594838582335.
[W 2026-03-12 03:40:38,409] The parameter `n_estimators` in Trial#27 is sampled independently using `RandomSampler` instead of `TPESampler`, potentially degrading the optimization performance. This fallback happend because dynamic search space is not supported for `multivariate=True`. You can suppress this warning by setting `warn_independent_sampling` to `False` in the constructor of `TPESampler` if this independent sampling is intended behavior.
[W 2026-03-12 03:40:38,410] The parameter `max_depth` in Trial#27 is sampled independently using `RandomSampler` instead of `TPESampler`, potentially degrading the optimization performance. This fallback happend because dynamic search space is not supported for `multivariate=True`. You can suppress this warning by setting `warn_independent_sampling` to `False` in the constructor of `TPESampler` if this independent sampling is intended behavior.
[W 2026-03-12 03:40:38,411] The parameter `min_child_weight` in Trial#27 is sampled independently using `RandomSampler` instead of `TPESampler`, potentially degrading the optimization performance. This fallback happend because dynamic search space is not supported for `multivariate=True`. You can suppress this warning by setting `warn_independent_sampling` to `False` in the constructor of `TPESampler` if this independent sampling is intended behavior.
[W 2026-03-12 03:40:38,411] The parameter `colsample_bytree` in Trial#27 is sampled independently using `RandomSampler` instead of `TPESampler`, potentially degrading the optimization performance. This fallback happend because dynamic search space is not supported for `multivariate=True`. You can suppress this warning by setting `warn_independent_sampling` to `False` in the constructor of `TPESampler` if this independent sampling is intended behavior.
[W 2026-03-12 03:40:38,412] The parameter `gamma` in Trial#27 is sampled independently using `RandomSampler` instead of `TPESampler`, potentially degrading the optimization performance. This fallback happend because dynamic search space is not supported for `multivariate=True`. You can suppress this warning by setting `warn_independent_sampling` to `False` in the constructor of `TPESampler` if this independent sampling is intended behavior.
[I 2026-03-12 03:42:23,467] Trial 27 finished with value: 0.18627930555216385 and parameters: {'n_estimators': 2455, 'learning_rate': 0.0016970791893798002, 'max_depth': 10, 'min_child_weight': 15, 'subsample': 0.45979327339069337, 'colsample_bytree': 0.5186498308687806, 'gamma': 0.3250294602126651}. Best is trial 27 with value: 0.18627930555216385.
[W 2026-03-12 03:42:23,468] The parameter `n_estimators` in Trial#28 is sampled independently using `RandomSampler` instead of `TPESampler`, potentially degrading the optimization performance. This fallback happend because dynamic search space is not supported for `multivariate=True`. You can suppress this warning by setting `warn_independent_sampling` to `False` in the constructor of `TPESampler` if this independent sampling is intended behavior.
[W 2026-03-12 03:42:23,469] The parameter `max_depth` in Trial#28 is sampled independently using `RandomSampler` instead of `TPESampler`, potentially degrading the optimization performance. This fallback happend because dynamic search space is not supported for `multivariate=True`. You can suppress this warning by setting `warn_independent_sampling` to `False` in the constructor of `TPESampler` if this independent sampling is intended behavior.
[W 2026-03-12 03:42:23,469] The parameter `min_child_weight` in Trial#28 is sampled independently using `RandomSampler` instead of `TPESampler`, potentially degrading the optimization performance. This fallback happend because dynamic search space is not supported for `multivariate=True`. You can suppress this warning by setting `warn_independent_sampling` to `False` in the constructor of `TPESampler` if this independent sampling is intended behavior.
[W 2026-03-12 03:42:23,470] The parameter `colsample_bytree` in Trial#28 is sampled independently using `RandomSampler` instead of `TPESampler`, potentially degrading the optimization performance. This fallback happend because dynamic search space is not supported for `multivariate=True`. You can suppress this warning by setting `warn_independent_sampling` to `False` in the constructor of `TPESampler` if this independent sampling is intended behavior.
[W 2026-03-12 03:42:23,470] The parameter `gamma` in Trial#28 is sampled independently using `RandomSampler` instead of `TPESampler`, potentially degrading the optimization performance. This fallback happend because dynamic search space is not supported for `multivariate=True`. You can suppress this warning by setting `warn_independent_sampling` to `False` in the constructor of `TPESampler` if this independent sampling is intended behavior.
[I 2026-03-12 03:43:35,059] Trial 28 finished with value: 0.1866643147578667 and parameters: {'n_estimators': 2030, 'learning_rate': 0.0012670887543743924, 'max_depth': 8, 'min_child_weight': 17, 'subsample': 0.46376893255803037, 'colsample_bytree': 0.6426907848567462, 'gamma': 0.368265108866092}. Best is trial 27 with value: 0.18627930555216385.
[W 2026-03-12 03:43:35,060] The parameter `n_estimators` in Trial#29 is sampled independently using `RandomSampler` instead of `TPESampler`, potentially degrading the optimization performance. This fallback happend because dynamic search space is not supported for `multivariate=True`. You can suppress this warning by setting `warn_independent_sampling` to `False` in the constructor of `TPESampler` if this independent sampling is intended behavior.
[W 2026-03-12 03:43:35,061] The parameter `max_depth` in Trial#29 is sampled independently using `RandomSampler` instead of `TPESampler`, potentially degrading the optimization performance. This fallback happend because dynamic search space is not supported for `multivariate=True`. You can suppress this warning by setting `warn_independent_sampling` to `False` in the constructor of `TPESampler` if this independent sampling is intended behavior.
[W 2026-03-12 03:43:35,061] The parameter `min_child_weight` in Trial#29 is sampled independently using `RandomSampler` instead of `TPESampler`, potentially degrading the optimization performance. This fallback happend because dynamic search space is not supported for `multivariate=True`. You can suppress this warning by setting `warn_independent_sampling` to `False` in the constructor of `TPESampler` if this independent sampling is intended behavior.
[W 2026-03-12 03:43:35,062] The parameter `colsample_bytree` in Trial#29 is sampled independently using `RandomSampler` instead of `TPESampler`, potentially degrading the optimization performance. This fallback happend because dynamic search space is not supported for `multivariate=True`. You can suppress this warning by setting `warn_independent_sampling` to `False` in the constructor of `TPESampler` if this independent sampling is intended behavior.
[W 2026-03-12 03:43:35,062] The parameter `gamma` in Trial#29 is sampled independently using `RandomSampler` instead of `TPESampler`, potentially degrading the optimization performance. This fallback happend because dynamic search space is not supported for `multivariate=True`. You can suppress this warning by setting `warn_independent_sampling` to `False` in the constructor of `TPESampler` if this independent sampling is intended behavior.
[I 2026-03-12 03:43:51,895] Trial 29 finished with value: 0.20635924329451688 and parameters: {'n_estimators': 1873, 'learning_rate': 0.000591040234590583, 'max_depth': 6, 'min_child_weight': 17, 'subsample': 0.4861986696408404, 'colsample_bytree': 0.6487474104987778, 'gamma': 19.519127930743366}. Best is trial 27 with value: 0.18627930555216385.
[W 2026-03-12 03:43:51,895] The parameter `n_estimators` in Trial#30 is sampled independently using `RandomSampler` instead of `TPESampler`, potentially degrading the optimization performance. This fallback happend because dynamic search space is not supported for `multivariate=True`. You can suppress this warning by setting `warn_independent_sampling` to `False` in the constructor of `TPESampler` if this independent sampling is intended behavior.
[W 2026-03-12 03:43:51,896] The parameter `max_depth` in Trial#30 is sampled independently using `RandomSampler` instead of `TPESampler`, potentially degrading the optimization performance. This fallback happend because dynamic search space is not supported for `multivariate=True`. You can suppress this warning by setting `warn_independent_sampling` to `False` in the constructor of `TPESampler` if this independent sampling is intended behavior.
[W 2026-03-12 03:43:51,897] The parameter `min_child_weight` in Trial#30 is sampled independently using `RandomSampler` instead of `TPESampler`, potentially degrading the optimization performance. This fallback happend because dynamic search space is not supported for `multivariate=True`. You can suppress this warning by setting `warn_independent_sampling` to `False` in the constructor of `TPESampler` if this independent sampling is intended behavior.
[W 2026-03-12 03:43:51,897] The parameter `colsample_bytree` in Trial#30 is sampled independently using `RandomSampler` instead of `TPESampler`, potentially degrading the optimization performance. This fallback happend because dynamic search space is not supported for `multivariate=True`. You can suppress this warning by setting `warn_independent_sampling` to `False` in the constructor of `TPESampler` if this independent sampling is intended behavior.
[W 2026-03-12 03:43:51,898] The parameter `gamma` in Trial#30 is sampled independently using `RandomSampler` instead of `TPESampler`, potentially degrading the optimization performance. This fallback happend because dynamic search space is not supported for `multivariate=True`. You can suppress this warning by setting `warn_independent_sampling` to `False` in the constructor of `TPESampler` if this independent sampling is intended behavior.
[I 2026-03-12 03:44:12,417] Trial 30 finished with value: 0.1917507803169536 and parameters: {'n_estimators': 1924, 'learning_rate': 0.001202642626996136, 'max_depth': 7, 'min_child_weight': 17, 'subsample': 0.4279069471317412, 'colsample_bytree': 0.6597431243173946, 'gamma': 3.996885219087619}. Best is trial 27 with value: 0.18627930555216385.
[W 2026-03-12 03:44:12,418] The parameter `n_estimators` in Trial#31 is sampled independently using `RandomSampler` instead of `TPESampler`, potentially degrading the optimization performance. This fallback happend because dynamic search space is not supported for `multivariate=True`. You can suppress this warning by setting `warn_independent_sampling` to `False` in the constructor of `TPESampler` if this independent sampling is intended behavior.
[W 2026-03-12 03:44:12,419] The parameter `max_depth` in Trial#31 is sampled independently using `RandomSampler` instead of `TPESampler`, potentially degrading the optimization performance. This fallback happend because dynamic search space is not supported for `multivariate=True`. You can suppress this warning by setting `warn_independent_sampling` to `False` in the constructor of `TPESampler` if this independent sampling is intended behavior.
[W 2026-03-12 03:44:12,420] The parameter `min_child_weight` in Trial#31 is sampled independently using `RandomSampler` instead of `TPESampler`, potentially degrading the optimization performance. This fallback happend because dynamic search space is not supported for `multivariate=True`. You can suppress this warning by setting `warn_independent_sampling` to `False` in the constructor of `TPESampler` if this independent sampling is intended behavior.
[W 2026-03-12 03:44:12,420] The parameter `colsample_bytree` in Trial#31 is sampled independently using `RandomSampler` instead of `TPESampler`, potentially degrading the optimization performance. This fallback happend because dynamic search space is not supported for `multivariate=True`. You can suppress this warning by setting `warn_independent_sampling` to `False` in the constructor of `TPESampler` if this independent sampling is intended behavior.
[W 2026-03-12 03:44:12,421] The parameter `gamma` in Trial#31 is sampled independently using `RandomSampler` instead of `TPESampler`, potentially degrading the optimization performance. This fallback happend because dynamic search space is not supported for `multivariate=True`. You can suppress this warning by setting `warn_independent_sampling` to `False` in the constructor of `TPESampler` if this independent sampling is intended behavior.
[I 2026-03-12 03:45:31,223] Trial 31 finished with value: 0.18573803353146806 and parameters: {'n_estimators': 2172, 'learning_rate': 0.001754403955008247, 'max_depth': 8, 'min_child_weight': 16, 'subsample': 0.5246762180355496, 'colsample_bytree': 0.5859313856010943, 'gamma': 0.1060483778061308}. Best is trial 31 with value: 0.18573803353146806.
[W 2026-03-12 03:45:31,223] The parameter `n_estimators` in Trial#32 is sampled independently using `RandomSampler` instead of `TPESampler`, potentially degrading the optimization performance. This fallback happend because dynamic search space is not supported for `multivariate=True`. You can suppress this warning by setting `warn_independent_sampling` to `False` in the constructor of `TPESampler` if this independent sampling is intended behavior.
[W 2026-03-12 03:45:31,224] The parameter `max_depth` in Trial#32 is sampled independently using `RandomSampler` instead of `TPESampler`, potentially degrading the optimization performance. This fallback happend because dynamic search space is not supported for `multivariate=True`. You can suppress this warning by setting `warn_independent_sampling` to `False` in the constructor of `TPESampler` if this independent sampling is intended behavior.
[W 2026-03-12 03:45:31,225] The parameter `min_child_weight` in Trial#32 is sampled independently using `RandomSampler` instead of `TPESampler`, potentially degrading the optimization performance. This fallback happend because dynamic search space is not supported for `multivariate=True`. You can suppress this warning by setting `warn_independent_sampling` to `False` in the constructor of `TPESampler` if this independent sampling is intended behavior.
[W 2026-03-12 03:45:31,225] The parameter `colsample_bytree` in Trial#32 is sampled independently using `RandomSampler` instead of `TPESampler`, potentially degrading the optimization performance. This fallback happend because dynamic search space is not supported for `multivariate=True`. You can suppress this warning by setting `warn_independent_sampling` to `False` in the constructor of `TPESampler` if this independent sampling is intended behavior.
[W 2026-03-12 03:45:31,226] The parameter `gamma` in Trial#32 is sampled independently using `RandomSampler` instead of `TPESampler`, potentially degrading the optimization performance. This fallback happend because dynamic search space is not supported for `multivariate=True`. You can suppress this warning by setting `warn_independent_sampling` to `False` in the constructor of `TPESampler` if this independent sampling is intended behavior.
[I 2026-03-12 03:46:45,698] Trial 32 finished with value: 0.18573511514551205 and parameters: {'n_estimators': 2050, 'learning_rate': 0.0016787146774915821, 'max_depth': 8, 'min_child_weight': 17, 'subsample': 0.4971232140194616, 'colsample_bytree': 0.6400884890042355, 'gamma': 0.0415219778449758}. Best is trial 32 with value: 0.18573511514551205.
[W 2026-03-12 03:46:45,699] The parameter `n_estimators` in Trial#33 is sampled independently using `RandomSampler` instead of `TPESampler`, potentially degrading the optimization performance. This fallback happend because dynamic search space is not supported for `multivariate=True`. You can suppress this warning by setting `warn_independent_sampling` to `False` in the constructor of `TPESampler` if this independent sampling is intended behavior.
[W 2026-03-12 03:46:45,700] The parameter `max_depth` in Trial#33 is sampled independently using `RandomSampler` instead of `TPESampler`, potentially degrading the optimization performance. This fallback happend because dynamic search space is not supported for `multivariate=True`. You can suppress this warning by setting `warn_independent_sampling` to `False` in the constructor of `TPESampler` if this independent sampling is intended behavior.
[W 2026-03-12 03:46:45,701] The parameter `min_child_weight` in Trial#33 is sampled independently using `RandomSampler` instead of `TPESampler`, potentially degrading the optimization performance. This fallback happend because dynamic search space is not supported for `multivariate=True`. You can suppress this warning by setting `warn_independent_sampling` to `False` in the constructor of `TPESampler` if this independent sampling is intended behavior.
[W 2026-03-12 03:46:45,701] The parameter `colsample_bytree` in Trial#33 is sampled independently using `RandomSampler` instead of `TPESampler`, potentially degrading the optimization performance. This fallback happend because dynamic search space is not supported for `multivariate=True`. You can suppress this warning by setting `warn_independent_sampling` to `False` in the constructor of `TPESampler` if this independent sampling is intended behavior.
[W 2026-03-12 03:46:45,702] The parameter `gamma` in Trial#33 is sampled independently using `RandomSampler` instead of `TPESampler`, potentially degrading the optimization performance. This fallback happend because dynamic search space is not supported for `multivariate=True`. You can suppress this warning by setting `warn_independent_sampling` to `False` in the constructor of `TPESampler` if this independent sampling is intended behavior.
