[I 2026-03-12 04:29:39,669] Trial 89 finished with value: 0.18861483264406836 and parameters: {'n_estimators': 2198, 'learning_rate': 0.0023853795946713234, 'max_depth': 10, 'min_child_weight': 20, 'subsample': 0.5255688588453462, 'colsample_bytree': 0.64833116556042, 'gamma': 2.651658145057109}. Best is trial 32 with value: 0.18573511514551205.
[W 2026-03-12 04:29:39,669] The parameter `n_estimators` in Trial#90 is sampled independently using `RandomSampler` instead of `TPESampler`, potentially degrading the optimization performance. This fallback happend because dynamic search space is not supported for `multivariate=True`. You can suppress this warning by setting `warn_independent_sampling` to `False` in the constructor of `TPESampler` if this independent sampling is intended behavior.
[W 2026-03-12 04:29:39,671] The parameter `max_depth` in Trial#90 is sampled independently using `RandomSampler` instead of `TPESampler`, potentially degrading the optimization performance. This fallback happend because dynamic search space is not supported for `multivariate=True`. You can suppress this warning by setting `warn_independent_sampling` to `False` in the constructor of `TPESampler` if this independent sampling is intended behavior.
[W 2026-03-12 04:29:39,671] The parameter `min_child_weight` in Trial#90 is sampled independently using `RandomSampler` instead of `TPESampler`, potentially degrading the optimization performance. This fallback happend because dynamic search space is not supported for `multivariate=True`. You can suppress this warning by setting `warn_independent_sampling` to `False` in the constructor of `TPESampler` if this independent sampling is intended behavior.
[W 2026-03-12 04:29:39,672] The parameter `colsample_bytree` in Trial#90 is sampled independently using `RandomSampler` instead of `TPESampler`, potentially degrading the optimization performance. This fallback happend because dynamic search space is not supported for `multivariate=True`. You can suppress this warning by setting `warn_independent_sampling` to `False` in the constructor of `TPESampler` if this independent sampling is intended behavior.
[W 2026-03-12 04:29:39,673] The parameter `gamma` in Trial#90 is sampled independently using `RandomSampler` instead of `TPESampler`, potentially degrading the optimization performance. This fallback happend because dynamic search space is not supported for `multivariate=True`. You can suppress this warning by setting `warn_independent_sampling` to `False` in the constructor of `TPESampler` if this independent sampling is intended behavior.
[I 2026-03-12 04:30:01,614] Trial 90 finished with value: 0.213624411648251 and parameters: {'n_estimators': 1067, 'learning_rate': 0.00046732145659090314, 'max_depth': 7, 'min_child_weight': 14, 'subsample': 0.8510977433120738, 'colsample_bytree': 0.5170040430480789, 'gamma': 2.5371355945183356}. Best is trial 32 with value: 0.18573511514551205.
[W 2026-03-12 04:30:01,615] The parameter `n_estimators` in Trial#91 is sampled independently using `RandomSampler` instead of `TPESampler`, potentially degrading the optimization performance. This fallback happend because dynamic search space is not supported for `multivariate=True`. You can suppress this warning by setting `warn_independent_sampling` to `False` in the constructor of `TPESampler` if this independent sampling is intended behavior.
[W 2026-03-12 04:30:01,617] The parameter `max_depth` in Trial#91 is sampled independently using `RandomSampler` instead of `TPESampler`, potentially degrading the optimization performance. This fallback happend because dynamic search space is not supported for `multivariate=True`. You can suppress this warning by setting `warn_independent_sampling` to `False` in the constructor of `TPESampler` if this independent sampling is intended behavior.
[W 2026-03-12 04:30:01,617] The parameter `min_child_weight` in Trial#91 is sampled independently using `RandomSampler` instead of `TPESampler`, potentially degrading the optimization performance. This fallback happend because dynamic search space is not supported for `multivariate=True`. You can suppress this warning by setting `warn_independent_sampling` to `False` in the constructor of `TPESampler` if this independent sampling is intended behavior.
[W 2026-03-12 04:30:01,618] The parameter `colsample_bytree` in Trial#91 is sampled independently using `RandomSampler` instead of `TPESampler`, potentially degrading the optimization performance. This fallback happend because dynamic search space is not supported for `multivariate=True`. You can suppress this warning by setting `warn_independent_sampling` to `False` in the constructor of `TPESampler` if this independent sampling is intended behavior.
[W 2026-03-12 04:30:01,619] The parameter `gamma` in Trial#91 is sampled independently using `RandomSampler` instead of `TPESampler`, potentially degrading the optimization performance. This fallback happend because dynamic search space is not supported for `multivariate=True`. You can suppress this warning by setting `warn_independent_sampling` to `False` in the constructor of `TPESampler` if this independent sampling is intended behavior.
[I 2026-03-12 04:30:31,368] Trial 91 finished with value: 0.1858210449469544 and parameters: {'n_estimators': 2249, 'learning_rate': 0.0020397922700948184, 'max_depth': 3, 'min_child_weight': 14, 'subsample': 0.47635547276178564, 'colsample_bytree': 0.7695245411186091, 'gamma': 0.18559227867712944}. Best is trial 32 with value: 0.18573511514551205.
[W 2026-03-12 04:30:31,369] The parameter `n_estimators` in Trial#92 is sampled independently using `RandomSampler` instead of `TPESampler`, potentially degrading the optimization performance. This fallback happend because dynamic search space is not supported for `multivariate=True`. You can suppress this warning by setting `warn_independent_sampling` to `False` in the constructor of `TPESampler` if this independent sampling is intended behavior.
[W 2026-03-12 04:30:31,370] The parameter `max_depth` in Trial#92 is sampled independently using `RandomSampler` instead of `TPESampler`, potentially degrading the optimization performance. This fallback happend because dynamic search space is not supported for `multivariate=True`. You can suppress this warning by setting `warn_independent_sampling` to `False` in the constructor of `TPESampler` if this independent sampling is intended behavior.
[W 2026-03-12 04:30:31,371] The parameter `min_child_weight` in Trial#92 is sampled independently using `RandomSampler` instead of `TPESampler`, potentially degrading the optimization performance. This fallback happend because dynamic search space is not supported for `multivariate=True`. You can suppress this warning by setting `warn_independent_sampling` to `False` in the constructor of `TPESampler` if this independent sampling is intended behavior.
[W 2026-03-12 04:30:31,371] The parameter `colsample_bytree` in Trial#92 is sampled independently using `RandomSampler` instead of `TPESampler`, potentially degrading the optimization performance. This fallback happend because dynamic search space is not supported for `multivariate=True`. You can suppress this warning by setting `warn_independent_sampling` to `False` in the constructor of `TPESampler` if this independent sampling is intended behavior.
[W 2026-03-12 04:30:31,372] The parameter `gamma` in Trial#92 is sampled independently using `RandomSampler` instead of `TPESampler`, potentially degrading the optimization performance. This fallback happend because dynamic search space is not supported for `multivariate=True`. You can suppress this warning by setting `warn_independent_sampling` to `False` in the constructor of `TPESampler` if this independent sampling is intended behavior.
[I 2026-03-12 04:31:14,621] Trial 92 finished with value: 0.18673324256210766 and parameters: {'n_estimators': 2488, 'learning_rate': 0.0022756874896785943, 'max_depth': 4, 'min_child_weight': 12, 'subsample': 0.45517473153423976, 'colsample_bytree': 0.8144878797716963, 'gamma': 0.2888492049930578}. Best is trial 32 with value: 0.18573511514551205.
[W 2026-03-12 04:31:14,622] The parameter `n_estimators` in Trial#93 is sampled independently using `RandomSampler` instead of `TPESampler`, potentially degrading the optimization performance. This fallback happend because dynamic search space is not supported for `multivariate=True`. You can suppress this warning by setting `warn_independent_sampling` to `False` in the constructor of `TPESampler` if this independent sampling is intended behavior.
[W 2026-03-12 04:31:14,623] The parameter `max_depth` in Trial#93 is sampled independently using `RandomSampler` instead of `TPESampler`, potentially degrading the optimization performance. This fallback happend because dynamic search space is not supported for `multivariate=True`. You can suppress this warning by setting `warn_independent_sampling` to `False` in the constructor of `TPESampler` if this independent sampling is intended behavior.
[W 2026-03-12 04:31:14,624] The parameter `min_child_weight` in Trial#93 is sampled independently using `RandomSampler` instead of `TPESampler`, potentially degrading the optimization performance. This fallback happend because dynamic search space is not supported for `multivariate=True`. You can suppress this warning by setting `warn_independent_sampling` to `False` in the constructor of `TPESampler` if this independent sampling is intended behavior.
[W 2026-03-12 04:31:14,624] The parameter `colsample_bytree` in Trial#93 is sampled independently using `RandomSampler` instead of `TPESampler`, potentially degrading the optimization performance. This fallback happend because dynamic search space is not supported for `multivariate=True`. You can suppress this warning by setting `warn_independent_sampling` to `False` in the constructor of `TPESampler` if this independent sampling is intended behavior.
[W 2026-03-12 04:31:14,625] The parameter `gamma` in Trial#93 is sampled independently using `RandomSampler` instead of `TPESampler`, potentially degrading the optimization performance. This fallback happend because dynamic search space is not supported for `multivariate=True`. You can suppress this warning by setting `warn_independent_sampling` to `False` in the constructor of `TPESampler` if this independent sampling is intended behavior.
[I 2026-03-12 04:31:44,353] Trial 93 finished with value: 0.1868478547961516 and parameters: {'n_estimators': 2254, 'learning_rate': 0.0023559114774519795, 'max_depth': 3, 'min_child_weight': 14, 'subsample': 0.4113501607964844, 'colsample_bytree': 0.7619177530906108, 'gamma': 0.07545143137734327}. Best is trial 32 with value: 0.18573511514551205.
[W 2026-03-12 04:31:44,354] The parameter `n_estimators` in Trial#94 is sampled independently using `RandomSampler` instead of `TPESampler`, potentially degrading the optimization performance. This fallback happend because dynamic search space is not supported for `multivariate=True`. You can suppress this warning by setting `warn_independent_sampling` to `False` in the constructor of `TPESampler` if this independent sampling is intended behavior.
[W 2026-03-12 04:31:44,356] The parameter `max_depth` in Trial#94 is sampled independently using `RandomSampler` instead of `TPESampler`, potentially degrading the optimization performance. This fallback happend because dynamic search space is not supported for `multivariate=True`. You can suppress this warning by setting `warn_independent_sampling` to `False` in the constructor of `TPESampler` if this independent sampling is intended behavior.
[W 2026-03-12 04:31:44,356] The parameter `min_child_weight` in Trial#94 is sampled independently using `RandomSampler` instead of `TPESampler`, potentially degrading the optimization performance. This fallback happend because dynamic search space is not supported for `multivariate=True`. You can suppress this warning by setting `warn_independent_sampling` to `False` in the constructor of `TPESampler` if this independent sampling is intended behavior.
[W 2026-03-12 04:31:44,357] The parameter `colsample_bytree` in Trial#94 is sampled independently using `RandomSampler` instead of `TPESampler`, potentially degrading the optimization performance. This fallback happend because dynamic search space is not supported for `multivariate=True`. You can suppress this warning by setting `warn_independent_sampling` to `False` in the constructor of `TPESampler` if this independent sampling is intended behavior.
[W 2026-03-12 04:31:44,358] The parameter `gamma` in Trial#94 is sampled independently using `RandomSampler` instead of `TPESampler`, potentially degrading the optimization performance. This fallback happend because dynamic search space is not supported for `multivariate=True`. You can suppress this warning by setting `warn_independent_sampling` to `False` in the constructor of `TPESampler` if this independent sampling is intended behavior.
[I 2026-03-12 04:32:12,601] Trial 94 finished with value: 0.18745141302149915 and parameters: {'n_estimators': 2125, 'learning_rate': 0.0015402968949064545, 'max_depth': 3, 'min_child_weight': 15, 'subsample': 0.49780104790547264, 'colsample_bytree': 0.7548251899878315, 'gamma': 0.12172159625921253}. Best is trial 32 with value: 0.18573511514551205.
[W 2026-03-12 04:32:12,602] The parameter `n_estimators` in Trial#95 is sampled independently using `RandomSampler` instead of `TPESampler`, potentially degrading the optimization performance. This fallback happend because dynamic search space is not supported for `multivariate=True`. You can suppress this warning by setting `warn_independent_sampling` to `False` in the constructor of `TPESampler` if this independent sampling is intended behavior.
[W 2026-03-12 04:32:12,604] The parameter `max_depth` in Trial#95 is sampled independently using `RandomSampler` instead of `TPESampler`, potentially degrading the optimization performance. This fallback happend because dynamic search space is not supported for `multivariate=True`. You can suppress this warning by setting `warn_independent_sampling` to `False` in the constructor of `TPESampler` if this independent sampling is intended behavior.
[W 2026-03-12 04:32:12,604] The parameter `min_child_weight` in Trial#95 is sampled independently using `RandomSampler` instead of `TPESampler`, potentially degrading the optimization performance. This fallback happend because dynamic search space is not supported for `multivariate=True`. You can suppress this warning by setting `warn_independent_sampling` to `False` in the constructor of `TPESampler` if this independent sampling is intended behavior.
[W 2026-03-12 04:32:12,605] The parameter `colsample_bytree` in Trial#95 is sampled independently using `RandomSampler` instead of `TPESampler`, potentially degrading the optimization performance. This fallback happend because dynamic search space is not supported for `multivariate=True`. You can suppress this warning by setting `warn_independent_sampling` to `False` in the constructor of `TPESampler` if this independent sampling is intended behavior.
[W 2026-03-12 04:32:12,605] The parameter `gamma` in Trial#95 is sampled independently using `RandomSampler` instead of `TPESampler`, potentially degrading the optimization performance. This fallback happend because dynamic search space is not supported for `multivariate=True`. You can suppress this warning by setting `warn_independent_sampling` to `False` in the constructor of `TPESampler` if this independent sampling is intended behavior.
[I 2026-03-12 04:32:27,606] Trial 95 finished with value: 0.18851671290795158 and parameters: {'n_estimators': 2025, 'learning_rate': 0.005134345070538095, 'max_depth': 3, 'min_child_weight': 16, 'subsample': 0.5435682178658655, 'colsample_bytree': 0.7365060153191935, 'gamma': 2.4534804107376385}. Best is trial 32 with value: 0.18573511514551205.
[W 2026-03-12 04:32:27,607] The parameter `n_estimators` in Trial#96 is sampled independently using `RandomSampler` instead of `TPESampler`, potentially degrading the optimization performance. This fallback happend because dynamic search space is not supported for `multivariate=True`. You can suppress this warning by setting `warn_independent_sampling` to `False` in the constructor of `TPESampler` if this independent sampling is intended behavior.
[W 2026-03-12 04:32:27,608] The parameter `max_depth` in Trial#96 is sampled independently using `RandomSampler` instead of `TPESampler`, potentially degrading the optimization performance. This fallback happend because dynamic search space is not supported for `multivariate=True`. You can suppress this warning by setting `warn_independent_sampling` to `False` in the constructor of `TPESampler` if this independent sampling is intended behavior.
[W 2026-03-12 04:32:27,609] The parameter `min_child_weight` in Trial#96 is sampled independently using `RandomSampler` instead of `TPESampler`, potentially degrading the optimization performance. This fallback happend because dynamic search space is not supported for `multivariate=True`. You can suppress this warning by setting `warn_independent_sampling` to `False` in the constructor of `TPESampler` if this independent sampling is intended behavior.
[W 2026-03-12 04:32:27,609] The parameter `colsample_bytree` in Trial#96 is sampled independently using `RandomSampler` instead of `TPESampler`, potentially degrading the optimization performance. This fallback happend because dynamic search space is not supported for `multivariate=True`. You can suppress this warning by setting `warn_independent_sampling` to `False` in the constructor of `TPESampler` if this independent sampling is intended behavior.
[W 2026-03-12 04:32:27,610] The parameter `gamma` in Trial#96 is sampled independently using `RandomSampler` instead of `TPESampler`, potentially degrading the optimization performance. This fallback happend because dynamic search space is not supported for `multivariate=True`. You can suppress this warning by setting `warn_independent_sampling` to `False` in the constructor of `TPESampler` if this independent sampling is intended behavior.
[I 2026-03-12 04:33:57,545] Trial 96 finished with value: 0.1875594280139062 and parameters: {'n_estimators': 2215, 'learning_rate': 0.0010947059261042667, 'max_depth': 8, 'min_child_weight': 12, 'subsample': 0.5032309350268112, 'colsample_bytree': 0.858364784014402, 'gamma': 0.08989092939761051}. Best is trial 32 with value: 0.18573511514551205.
[W 2026-03-12 04:33:57,546] The parameter `n_estimators` in Trial#97 is sampled independently using `RandomSampler` instead of `TPESampler`, potentially degrading the optimization performance. This fallback happend because dynamic search space is not supported for `multivariate=True`. You can suppress this warning by setting `warn_independent_sampling` to `False` in the constructor of `TPESampler` if this independent sampling is intended behavior.
[W 2026-03-12 04:33:57,547] The parameter `max_depth` in Trial#97 is sampled independently using `RandomSampler` instead of `TPESampler`, potentially degrading the optimization performance. This fallback happend because dynamic search space is not supported for `multivariate=True`. You can suppress this warning by setting `warn_independent_sampling` to `False` in the constructor of `TPESampler` if this independent sampling is intended behavior.
[W 2026-03-12 04:33:57,548] The parameter `min_child_weight` in Trial#97 is sampled independently using `RandomSampler` instead of `TPESampler`, potentially degrading the optimization performance. This fallback happend because dynamic search space is not supported for `multivariate=True`. You can suppress this warning by setting `warn_independent_sampling` to `False` in the constructor of `TPESampler` if this independent sampling is intended behavior.
[W 2026-03-12 04:33:57,548] The parameter `colsample_bytree` in Trial#97 is sampled independently using `RandomSampler` instead of `TPESampler`, potentially degrading the optimization performance. This fallback happend because dynamic search space is not supported for `multivariate=True`. You can suppress this warning by setting `warn_independent_sampling` to `False` in the constructor of `TPESampler` if this independent sampling is intended behavior.
[W 2026-03-12 04:33:57,549] The parameter `gamma` in Trial#97 is sampled independently using `RandomSampler` instead of `TPESampler`, potentially degrading the optimization performance. This fallback happend because dynamic search space is not supported for `multivariate=True`. You can suppress this warning by setting `warn_independent_sampling` to `False` in the constructor of `TPESampler` if this independent sampling is intended behavior.
