[I 2026-03-12 00:27:29,395] Trial 29 finished with value: 0.18714882537203154 and parameters: {'n_estimators': 1349, 'learning_rate': 0.0024168146292454693, 'max_depth': 3, 'min_child_weight': 8, 'subsample': 0.6984688620310127, 'colsample_bytree': 0.9521620165093039, 'gamma': 0.921757327242299}. Best is trial 28 with value: 0.1862250885835946.
Best Brier: 0.18623
--- Men LightGBM ---
[I 2026-03-12 00:27:29,396] A new study created in memory with name: no-name-fa2ec44f-15b2-4a5e-8f5c-53923360c8ee
[I 2026-03-12 00:30:16,719] Trial 0 finished with value: 0.19434762905775382 and parameters: {'n_estimators': 1501, 'learning_rate': 0.033560486906658075, 'num_leaves': 123, 'max_depth': 8, 'min_data_in_leaf': 9, 'feature_fraction': 0.6982623276558935, 'bagging_fraction': 0.9839478985283145, 'bagging_freq': 7}. Best is trial 0 with value: 0.19434762905775382.
[I 2026-03-12 00:31:01,158] Trial 1 finished with value: 0.19364552098340287 and parameters: {'n_estimators': 1033, 'learning_rate': 0.03402096285606993, 'num_leaves': 70, 'max_depth': 8, 'min_data_in_leaf': 73, 'feature_fraction': 0.9008589745391219, 'bagging_fraction': 0.926341024305735, 'bagging_freq': 4}. Best is trial 1 with value: 0.19364552098340287.
[I 2026-03-12 00:31:45,722] Trial 2 finished with value: 0.18941616088510366 and parameters: {'n_estimators': 1197, 'learning_rate': 0.0014461158148957392, 'num_leaves': 33, 'max_depth': 9, 'min_data_in_leaf': 87, 'feature_fraction': 0.799887639109528, 'bagging_fraction': 0.5544521095605306, 'bagging_freq': 6}. Best is trial 2 with value: 0.18941616088510366.
[I 2026-03-12 00:31:59,401] Trial 3 finished with value: 0.18783829945883315 and parameters: {'n_estimators': 711, 'learning_rate': 0.003870480272937978, 'num_leaves': 92, 'max_depth': 4, 'min_data_in_leaf': 79, 'feature_fraction': 0.7858537545854374, 'bagging_fraction': 0.5335579850858401, 'bagging_freq': 6}. Best is trial 3 with value: 0.18783829945883315.
[I 2026-03-12 00:32:29,758] Trial 4 finished with value: 0.18768990909148497 and parameters: {'n_estimators': 1589, 'learning_rate': 0.0034152102462836785, 'num_leaves': 71, 'max_depth': 4, 'min_data_in_leaf': 54, 'feature_fraction': 0.7985833960837139, 'bagging_fraction': 0.7025428998906205, 'bagging_freq': 7}. Best is trial 4 with value: 0.18768990909148497.
[I 2026-03-12 00:32:40,181] Trial 5 finished with value: 0.18882387423542452 and parameters: {'n_estimators': 848, 'learning_rate': 0.02313367734254451, 'num_leaves': 55, 'max_depth': 3, 'min_data_in_leaf': 63, 'feature_fraction': 0.6910287153549205, 'bagging_fraction': 0.6443952841167552, 'bagging_freq': 1}. Best is trial 4 with value: 0.18768990909148497.
[I 2026-03-12 00:33:30,581] Trial 6 finished with value: 0.19791628308908352 and parameters: {'n_estimators': 1231, 'learning_rate': 0.062449697857221834, 'num_leaves': 87, 'max_depth': 12, 'min_data_in_leaf': 87, 'feature_fraction': 0.6875708752263263, 'bagging_fraction': 0.6308985297294034, 'bagging_freq': 1}. Best is trial 4 with value: 0.18768990909148497.
[I 2026-03-12 00:34:39,522] Trial 7 finished with value: 0.1978189857858483 and parameters: {'n_estimators': 1845, 'learning_rate': 0.0482188818965826, 'num_leaves': 101, 'max_depth': 8, 'min_data_in_leaf': 91, 'feature_fraction': 0.9952246278818488, 'bagging_fraction': 0.8110059095961035, 'bagging_freq': 7}. Best is trial 4 with value: 0.18768990909148497.
[I 2026-03-12 00:35:22,379] Trial 8 finished with value: 0.19205936113885866 and parameters: {'n_estimators': 546, 'learning_rate': 0.02556640012616264, 'num_leaves': 56, 'max_depth': 9, 'min_data_in_leaf': 21, 'feature_fraction': 0.9744581834929957, 'bagging_fraction': 0.8301643201924995, 'bagging_freq': 1}. Best is trial 4 with value: 0.18768990909148497.
[I 2026-03-12 00:36:05,708] Trial 9 finished with value: 0.2016509349859684 and parameters: {'n_estimators': 1134, 'learning_rate': 0.03657039998070325, 'num_leaves': 120, 'max_depth': 7, 'min_data_in_leaf': 63, 'feature_fraction': 0.9093437818222176, 'bagging_fraction': 0.7017014486212196, 'bagging_freq': 7}. Best is trial 4 with value: 0.18768990909148497.
[I 2026-03-12 00:36:56,759] Trial 10 finished with value: 0.1885198346676794 and parameters: {'n_estimators': 1960, 'learning_rate': 0.006765908488101924, 'num_leaves': 22, 'max_depth': 5, 'min_data_in_leaf': 41, 'feature_fraction': 0.5527027486679537, 'bagging_fraction': 0.7665048207859081, 'bagging_freq': 4}. Best is trial 4 with value: 0.18768990909148497.
[I 2026-03-12 00:37:14,789] Trial 11 finished with value: 0.18670887521040014 and parameters: {'n_estimators': 1565, 'learning_rate': 0.003313210696737941, 'num_leaves': 88, 'max_depth': 3, 'min_data_in_leaf': 41, 'feature_fraction': 0.8146314904841057, 'bagging_fraction': 0.5006241431382891, 'bagging_freq': 5}. Best is trial 11 with value: 0.18670887521040014.
[I 2026-03-12 00:38:00,500] Trial 12 finished with value: 0.18566295319381654 and parameters: {'n_estimators': 1588, 'learning_rate': 0.0021709976559117408, 'num_leaves': 61, 'max_depth': 5, 'min_data_in_leaf': 40, 'feature_fraction': 0.8389703476273993, 'bagging_fraction': 0.5051916447242967, 'bagging_freq': 5}. Best is trial 12 with value: 0.18566295319381654.
[I 2026-03-12 00:39:10,694] Trial 13 finished with value: 0.18847934246343442 and parameters: {'n_estimators': 1536, 'learning_rate': 0.001201551710950613, 'num_leaves': 49, 'max_depth': 6, 'min_data_in_leaf': 37, 'feature_fraction': 0.8899105712498839, 'bagging_fraction': 0.5386799705601719, 'bagging_freq': 5}. Best is trial 12 with value: 0.18566295319381654.
[I 2026-03-12 00:39:30,793] Trial 14 finished with value: 0.18688268639787717 and parameters: {'n_estimators': 1706, 'learning_rate': 0.002310619006144151, 'num_leaves': 103, 'max_depth': 3, 'min_data_in_leaf': 33, 'feature_fraction': 0.5956379066996469, 'bagging_fraction': 0.508514960887196, 'bagging_freq': 3}. Best is trial 12 with value: 0.18566295319381654.
[I 2026-03-12 00:40:11,956] Trial 15 finished with value: 0.18787562676246633 and parameters: {'n_estimators': 1410, 'learning_rate': 0.010271197301989752, 'num_leaves': 79, 'max_depth': 5, 'min_data_in_leaf': 26, 'feature_fraction': 0.8415880526104835, 'bagging_fraction': 0.6170569364845931, 'bagging_freq': 3}. Best is trial 12 with value: 0.18566295319381654.
[I 2026-03-12 00:40:59,445] Trial 16 finished with value: 0.1888391145730795 and parameters: {'n_estimators': 1372, 'learning_rate': 0.007457109850289634, 'num_leaves': 44, 'max_depth': 6, 'min_data_in_leaf': 48, 'feature_fraction': 0.7345031944775234, 'bagging_fraction': 0.5886354378422065, 'bagging_freq': 5}. Best is trial 12 with value: 0.18566295319381654.
[I 2026-03-12 00:41:20,777] Trial 17 finished with value: 0.18742233461194083 and parameters: {'n_estimators': 1742, 'learning_rate': 0.00218331531955118, 'num_leaves': 65, 'max_depth': 3, 'min_data_in_leaf': 10, 'feature_fraction': 0.8692745538445372, 'bagging_fraction': 0.6794790300938106, 'bagging_freq': 5}. Best is trial 12 with value: 0.18566295319381654.
[I 2026-03-12 00:42:02,896] Trial 18 finished with value: 0.19449680238856784 and parameters: {'n_estimators': 1682, 'learning_rate': 0.013230994352624446, 'num_leaves': 107, 'max_depth': 5, 'min_data_in_leaf': 52, 'feature_fraction': 0.9389675722815423, 'bagging_fraction': 0.59840908314494, 'bagging_freq': 4}. Best is trial 12 with value: 0.18566295319381654.
[I 2026-03-12 00:44:22,606] Trial 19 finished with value: 0.20659455872007768 and parameters: {'n_estimators': 1960, 'learning_rate': 0.097348971254423, 'num_leaves': 83, 'max_depth': 12, 'min_data_in_leaf': 30, 'feature_fraction': 0.6218831436432295, 'bagging_fraction': 0.5069505455060207, 'bagging_freq': 3}. Best is trial 12 with value: 0.18566295319381654.
[I 2026-03-12 00:44:50,527] Trial 20 finished with value: 0.186468779346159 and parameters: {'n_estimators': 1370, 'learning_rate': 0.0046197076593909895, 'num_leaves': 37, 'max_depth': 4, 'min_data_in_leaf': 17, 'feature_fraction': 0.8381853425418819, 'bagging_fraction': 0.5761881806961384, 'bagging_freq': 6}. Best is trial 12 with value: 0.18566295319381654.
[I 2026-03-12 00:45:17,212] Trial 21 finished with value: 0.18679104229844024 and parameters: {'n_estimators': 1349, 'learning_rate': 0.004290907506129983, 'num_leaves': 16, 'max_depth': 4, 'min_data_in_leaf': 22, 'feature_fraction': 0.830663319207055, 'bagging_fraction': 0.5730261698294852, 'bagging_freq': 6}. Best is trial 12 with value: 0.18566295319381654.
[I 2026-03-12 00:45:38,477] Trial 22 finished with value: 0.18888770456281792 and parameters: {'n_estimators': 1038, 'learning_rate': 0.002176791653406652, 'num_leaves': 34, 'max_depth': 4, 'min_data_in_leaf': 17, 'feature_fraction': 0.7462544497031071, 'bagging_fraction': 0.5062782565499625, 'bagging_freq': 5}. Best is trial 12 with value: 0.18566295319381654.
[I 2026-03-12 00:46:29,012] Trial 23 finished with value: 0.1879067838948703 and parameters: {'n_estimators': 1428, 'learning_rate': 0.005994899429818962, 'num_leaves': 40, 'max_depth': 6, 'min_data_in_leaf': 43, 'feature_fraction': 0.8457130937432524, 'bagging_fraction': 0.5518126075746802, 'bagging_freq': 6}. Best is trial 12 with value: 0.18566295319381654.
[I 2026-03-12 00:46:48,818] Trial 24 finished with value: 0.18691319429421904 and parameters: {'n_estimators': 1626, 'learning_rate': 0.002722934975839663, 'num_leaves': 60, 'max_depth': 3, 'min_data_in_leaf': 5, 'feature_fraction': 0.777185105421334, 'bagging_fraction': 0.6623891934805594, 'bagging_freq': 5}. Best is trial 12 with value: 0.18566295319381654.
[I 2026-03-12 00:47:41,878] Trial 25 finished with value: 0.18521847231425556 and parameters: {'n_estimators': 1853, 'learning_rate': 0.0015136134765774227, 'num_leaves': 28, 'max_depth': 5, 'min_data_in_leaf': 60, 'feature_fraction': 0.9221520232156901, 'bagging_fraction': 0.5908364321874173, 'bagging_freq': 6}. Best is trial 25 with value: 0.18521847231425556.
[I 2026-03-12 00:48:52,451] Trial 26 finished with value: 0.1883116030062153 and parameters: {'n_estimators': 1786, 'learning_rate': 0.001678223842165104, 'num_leaves': 26, 'max_depth': 7, 'min_data_in_leaf': 63, 'feature_fraction': 0.9445548732031628, 'bagging_fraction': 0.7512392118825632, 'bagging_freq': 6}. Best is trial 25 with value: 0.18521847231425556.
[I 2026-03-12 00:49:48,071] Trial 27 finished with value: 0.18806518171840578 and parameters: {'n_estimators': 1895, 'learning_rate': 0.00111029450014103, 'num_leaves': 34, 'max_depth': 5, 'min_data_in_leaf': 71, 'feature_fraction': 0.9495620514057399, 'bagging_fraction': 0.5833275169947647, 'bagging_freq': 6}. Best is trial 25 with value: 0.18521847231425556.
[I 2026-03-12 00:50:33,208] Trial 28 finished with value: 0.18624744192735584 and parameters: {'n_estimators': 1300, 'learning_rate': 0.004928750932245308, 'num_leaves': 46, 'max_depth': 6, 'min_data_in_leaf': 56, 'feature_fraction': 0.9153163574708625, 'bagging_fraction': 0.6181981424528025, 'bagging_freq': 6}. Best is trial 25 with value: 0.18521847231425556.
[I 2026-03-12 00:52:18,238] Trial 29 finished with value: 0.1872179695489897 and parameters: {'n_estimators': 1825, 'learning_rate': 0.0016706145745725282, 'num_leaves': 50, 'max_depth': 7, 'min_data_in_leaf': 57, 'feature_fraction': 0.8716901385860703, 'bagging_fraction': 0.890885326485321, 'bagging_freq': 7}. Best is trial 25 with value: 0.18521847231425556.
Best Brier: 0.18522

🚀 Tuning Women models...
--- Women CatBoost ---
[I 2026-03-12 00:52:18,238] A new study created in memory with name: no-name-8d3467c6-6fdd-43f3-a307-c2127cba5f5d
[I 2026-03-12 00:52:55,037] Trial 0 finished with value: 0.13964258655782058 and parameters: {'iterations': 1041, 'learning_rate': 0.02265169500422708, 'depth': 8, 'l2_leaf_reg': 9.527578252100152, 'subsample': 0.6204842526750869, 'random_strength': 4.136067894895405, 'bagging_temperature': 0.823374983207314, 'border_count': 248}. Best is trial 0 with value: 0.13964258655782058.
[I 2026-03-12 00:53:01,407] Trial 1 finished with value: 0.13764484698057888 and parameters: {'iterations': 548, 'learning_rate': 0.019598736301309184, 'depth': 6, 'l2_leaf_reg': 42.908454804015165, 'subsample': 0.5140930307180986, 'random_strength': 5.6212599508138075, 'bagging_temperature': 0.12396175226347084, 'border_count': 189}. Best is trial 1 with value: 0.13764484698057888.
[I 2026-03-12 00:53:13,249] Trial 2 finished with value: 0.13788876389617524 and parameters: {'iterations': 864, 'learning_rate': 0.015456143351868857, 'depth': 6, 'l2_leaf_reg': 9.216233798603252, 'subsample': 0.8310192988872178, 'random_strength': 8.985642833633554, 'bagging_temperature': 0.8627745122680717, 'border_count': 247}. Best is trial 1 with value: 0.13764484698057888.
[I 2026-03-12 00:53:21,896] Trial 3 finished with value: 0.13646119875441826 and parameters: {'iterations': 1958, 'learning_rate': 0.006444585916638686, 'depth': 4, 'l2_leaf_reg': 48.798487695224246, 'subsample': 0.5701679216103563, 'random_strength': 8.225250077413827, 'bagging_temperature': 0.26885370029791245, 'border_count': 62}. Best is trial 3 with value: 0.13646119875441826.
[I 2026-03-12 00:54:07,732] Trial 4 finished with value: 0.1390800518581773 and parameters: {'iterations': 1324, 'learning_rate': 0.0053025520495094325, 'depth': 8, 'l2_leaf_reg': 49.67445121928426, 'subsample': 0.9885151852150306, 'random_strength': 4.46457933862055, 'bagging_temperature': 0.34884881791050615, 'border_count': 238}. Best is trial 3 with value: 0.13646119875441826.
[I 2026-03-12 00:54:26,050] Trial 5 finished with value: 0.16245687855355312 and parameters: {'iterations': 1050, 'learning_rate': 0.0012772252205087774, 'depth': 7, 'l2_leaf_reg': 24.648670363947435, 'subsample': 0.9823206939967641, 'random_strength': 5.161976066587423, 'bagging_temperature': 0.6828191657892013, 'border_count': 181}. Best is trial 3 with value: 0.13646119875441826.
[I 2026-03-12 00:54:32,601] Trial 6 finished with value: 0.13711989321462367 and parameters: {'iterations': 1123, 'learning_rate': 0.004774178247971136, 'depth': 4, 'l2_leaf_reg': 4.9664440347010075, 'subsample': 0.7200865821023622, 'random_strength': 5.908345624439021, 'bagging_temperature': 0.7155927199996919, 'border_count': 164}. Best is trial 3 with value: 0.13646119875441826.
[I 2026-03-12 00:54:47,268] Trial 7 finished with value: 0.14834629527243548 and parameters: {'iterations': 1391, 'learning_rate': 0.08863660743841958, 'depth': 6, 'l2_leaf_reg': 24.325276163202673, 'subsample': 0.5456323794196568, 'random_strength': 8.911699868834136, 'bagging_temperature': 0.26573919805168345, 'border_count': 159}. Best is trial 3 with value: 0.13646119875441826.
[I 2026-03-12 00:55:11,738] Trial 8 finished with value: 0.14166377712614972 and parameters: {'iterations': 1515, 'learning_rate': 0.011902324341202978, 'depth': 8, 'l2_leaf_reg': 9.73227216062251, 'subsample': 0.8976187964813169, 'random_strength': 3.049549357804038, 'bagging_temperature': 0.754724492384293, 'border_count': 79}. Best is trial 3 with value: 0.13646119875441826.
[I 2026-03-12 00:55:26,087] Trial 9 finished with value: 0.13794612656953076 and parameters: {'iterations': 1154, 'learning_rate': 0.0031554812750648124, 'depth': 7, 'l2_leaf_reg': 8.238498594608426, 'subsample': 0.7196448087713438, 'random_strength': 0.39672417028354223, 'bagging_temperature': 0.8504267802670866, 'border_count': 104}. Best is trial 3 with value: 0.13646119875441826.
[I 2026-03-12 00:55:34,643] Trial 10 finished with value: 0.14718864051084324 and parameters: {'iterations': 1963, 'learning_rate': 0.06266556877895844, 'depth': 4, 'l2_leaf_reg': 33.55496540449119, 'subsample': 0.6313240184289174, 'random_strength': 7.714145951630782, 'bagging_temperature': 0.02025365257859099, 'border_count': 38}. Best is trial 3 with value: 0.13646119875441826.
[I 2026-03-12 00:55:44,103] Trial 11 finished with value: 0.13729335610669005 and parameters: {'iterations': 1776, 'learning_rate': 0.004229804947111734, 'depth': 4, 'l2_leaf_reg': 34.10659727249505, 'subsample': 0.723284327586131, 'random_strength': 7.189874921633301, 'bagging_temperature': 0.5919830201283419, 'border_count': 122}. Best is trial 3 with value: 0.13646119875441826.
[I 2026-03-12 00:55:52,916] Trial 12 finished with value: 0.14144366832290947 and parameters: {'iterations': 1691, 'learning_rate': 0.0018415900608245188, 'depth': 5, 'l2_leaf_reg': 17.911038539346443, 'subsample': 0.652489677707144, 'random_strength': 7.176335594033745, 'bagging_temperature': 0.4433273015572067, 'border_count': 39}. Best is trial 3 with value: 0.13646119875441826.
[I 2026-03-12 00:55:57,825] Trial 13 finished with value: 0.13805454623210253 and parameters: {'iterations': 764, 'learning_rate': 0.007146481271467413, 'depth': 5, 'l2_leaf_reg': 36.441141054204564, 'subsample': 0.8171174667314332, 'random_strength': 6.361254197982158, 'bagging_temperature': 0.9721696747813408, 'border_count': 82}. Best is trial 3 with value: 0.13646119875441826.
[I 2026-03-12 00:56:08,533] Trial 14 finished with value: 0.1359896580285576 and parameters: {'iterations': 1983, 'learning_rate': 0.0029185534439247966, 'depth': 4, 'l2_leaf_reg': 1.0398660389180852, 'subsample': 0.5769685630992102, 'random_strength': 2.032713923205632, 'bagging_temperature': 0.4966286672703424, 'border_count': 147}. Best is trial 14 with value: 0.1359896580285576.
[I 2026-03-12 00:56:21,905] Trial 15 finished with value: 0.13699450170679323 and parameters: {'iterations': 1990, 'learning_rate': 0.0023005776677725354, 'depth': 5, 'l2_leaf_reg': 17.52271173824527, 'subsample': 0.5719048272343328, 'random_strength': 1.5852157503543536, 'bagging_temperature': 0.5105101040370147, 'border_count': 124}. Best is trial 14 with value: 0.1359896580285576.
[I 2026-03-12 00:56:32,639] Trial 16 finished with value: 0.14440871259032334 and parameters: {'iterations': 1736, 'learning_rate': 0.0010998944966732801, 'depth': 4, 'l2_leaf_reg': 1.788766849293327, 'subsample': 0.5839898244434873, 'random_strength': 2.6080564646010966, 'bagging_temperature': 0.25673199444192896, 'border_count': 212}. Best is trial 14 with value: 0.1359896580285576.
[I 2026-03-12 00:56:41,935] Trial 17 finished with value: 0.13680704896647344 and parameters: {'iterations': 1561, 'learning_rate': 0.008586386654675909, 'depth': 5, 'l2_leaf_reg': 48.758989846618235, 'subsample': 0.6674943164681264, 'random_strength': 0.1556487326826399, 'bagging_temperature': 0.4182120965028385, 'border_count': 73}. Best is trial 14 with value: 0.1359896580285576.
[I 2026-03-12 00:56:52,068] Trial 18 finished with value: 0.14231458422443616 and parameters: {'iterations': 1884, 'learning_rate': 0.034562396912632555, 'depth': 4, 'l2_leaf_reg': 16.257324800283815, 'subsample': 0.5095658667840248, 'random_strength': 3.107926057494787, 'bagging_temperature': 0.21835694940255823, 'border_count': 143}. Best is trial 14 with value: 0.1359896580285576.
[I 2026-03-12 00:57:02,524] Trial 19 finished with value: 0.1410519723088421 and parameters: {'iterations': 1571, 'learning_rate': 0.0023907515897759247, 'depth': 5, 'l2_leaf_reg': 40.30805770898902, 'subsample': 0.7798978374713885, 'random_strength': 9.857325940834613, 'bagging_temperature': 0.5558221983381897, 'border_count': 105}. Best is trial 14 with value: 0.1359896580285576.
[I 2026-03-12 00:57:10,404] Trial 20 finished with value: 0.13653665685060604 and parameters: {'iterations': 1820, 'learning_rate': 0.003384143952783051, 'depth': 4, 'l2_leaf_reg': 26.20963832323052, 'subsample': 0.593842800373981, 'random_strength': 1.952284988843617, 'bagging_temperature': 0.37782808885707875, 'border_count': 55}. Best is trial 14 with value: 0.1359896580285576.
[I 2026-03-12 00:57:18,713] Trial 21 finished with value: 0.13640265370721727 and parameters: {'iterations': 1848, 'learning_rate': 0.003430805856161723, 'depth': 4, 'l2_leaf_reg': 31.95327902867862, 'subsample': 0.6002608196840882, 'random_strength': 1.7378013432646449, 'bagging_temperature': 0.35984599239359805, 'border_count': 67}. Best is trial 14 with value: 0.1359896580285576.
[I 2026-03-12 00:57:27,840] Trial 22 finished with value: 0.13714069184047267 and parameters: {'iterations': 1993, 'learning_rate': 0.007060027561049134, 'depth': 4, 'l2_leaf_reg': 29.09154688512251, 'subsample': 0.6827951759884013, 'random_strength': 1.3008483900882188, 'bagging_temperature': 0.11858829681748848, 'border_count': 63}. Best is trial 14 with value: 0.1359896580285576.
[I 2026-03-12 00:57:38,278] Trial 23 finished with value: 0.13716462582649402 and parameters: {'iterations': 1672, 'learning_rate': 0.005794457767434976, 'depth': 5, 'l2_leaf_reg': 44.17900116681918, 'subsample': 0.5577953800843329, 'random_strength': 3.9040243095082587, 'bagging_temperature': 0.29722214389739116, 'border_count': 99}. Best is trial 14 with value: 0.1359896580285576.
[I 2026-03-12 00:57:47,906] Trial 24 finished with value: 0.1405410169597525 and parameters: {'iterations': 1842, 'learning_rate': 0.0015526236902048472, 'depth': 4, 'l2_leaf_reg': 38.972490317195856, 'subsample': 0.6000004392470253, 'random_strength': 2.27664197685879, 'bagging_temperature': 0.6287603140014337, 'border_count': 133}. Best is trial 14 with value: 0.1359896580285576.
[I 2026-03-12 00:57:59,270] Trial 25 finished with value: 0.1365184148722557 and parameters: {'iterations': 1887, 'learning_rate': 0.0028967899003036054, 'depth': 5, 'l2_leaf_reg': 30.748625415920454, 'subsample': 0.5422848906570295, 'random_strength': 0.8408267082307443, 'bagging_temperature': 0.4533131842853573, 'border_count': 91}. Best is trial 14 with value: 0.1359896580285576.
[I 2026-03-12 00:58:05,449] Trial 26 finished with value: 0.14188533732403175 and parameters: {'iterations': 1438, 'learning_rate': 0.0019642265552731364, 'depth': 4, 'l2_leaf_reg': 46.14442291049501, 'subsample': 0.5048223061581457, 'random_strength': 3.65422079200707, 'bagging_temperature': 0.161469617154803, 'border_count': 58}. Best is trial 14 with value: 0.1359896580285576.
